Pseudo-terminal will not be allocated because stdin is not a terminal.
Local QPS = 9683.9 (96839 / 10.0s) - 96839.0, 0.0
#type       avg     std     min      p5     p10     p50     p67     p75     p80     p85     p90     p95     p99    p999   p9999 QPS
read      439.8   759.4    86.8   140.5   155.3   257.7   324.7   367.1   400.7   450.7   604.8  1234.8  5208.9  6813.8  9618.5   9683.9
Local QPS = 9631.9 (96319 / 10.0s) - 96319.0, 0.0
#type       avg     std     min      p5     p10     p50     p67     p75     p80     p85     p90     p95     p99    p999   p9999 QPS
read      593.1   917.0    93.8   171.9   193.7   333.3   423.1   481.8   544.4   807.8  1134.7  1480.2  5405.7  7038.1 11372.9   9631.9
Local QPS = 9698.5 (96985 / 10.0s) - 96985.0, 0.0
#type       avg     std     min      p5     p10     p50     p67     p75     p80     p85     p90     p95     p99    p999   p9999 QPS
read      590.4   904.9    93.8   169.3   191.9   336.7   428.3   488.3   547.7   788.5  1111.6  1466.2  5399.5  6675.3 10489.0   9698.5
Local QPS = 9678.9 (96789 / 10.0s) - 96789.0, 0.0
#type       avg     std     min      p5     p10     p50     p67     p75     p80     p85     p90     p95     p99    p999   p9999 QPS
read      591.2   917.0    93.8   168.4   189.3   325.6   405.7   462.4   534.5   898.4  1131.1  1464.9  5400.1  6835.5  8994.3   9678.9
Local QPS = 9672.6 (96726 / 10.0s) - 96726.0, 0.0
#type       avg     std     min      p5     p10     p50     p67     p75     p80     p85     p90     p95     p99    p999   p9999 QPS
read      597.7   915.5    86.8   172.3   194.5   335.9   427.5   487.2   550.4   842.7  1128.1  1477.3  5391.5  6949.3 10342.5   9672.6
Local QPS = 9642.6 (96426 / 10.0s) - 96426.0, 0.0
#type       avg     std     min      p5     p10     p50     p67     p75     p80     p85     p90     p95     p99    p999   p9999 QPS
read      599.6   931.2    93.8   170.1   192.4   334.0   419.6   472.0   532.6   782.8  1130.7  1516.1  5389.4  6686.6  9837.2   9642.6
Local QPS = 9695.4 (96954 / 10.0s) - 96954.0, 0.0
#type       avg     std     min      p5     p10     p50     p67     p75     p80     p85     p90     p95     p99    p999   p9999 QPS
read      594.0   903.4    86.8   172.8   194.9   342.1   434.9   491.5   546.5   763.5  1118.8  1461.0  5382.8  6987.0  8711.4   9695.4
Local QPS = 9656.3 (96563 / 10.0s) - 96563.0, 0.0
#type       avg     std     min      p5     p10     p50     p67     p75     p80     p85     p90     p95     p99    p999   p9999 QPS
read      585.5   914.4    86.8   162.7   183.1   321.0   403.5   459.1   525.3   856.7  1133.6  1458.3  5368.5  6412.6  8520.7   9656.3
Local QPS = 9735.3 (97353 / 10.0s) - 97353.0, 0.0
#type       avg     std     min      p5     p10     p50     p67     p75     p80     p85     p90     p95     p99    p999   p9999 QPS
read      599.3   938.1    86.8   169.1   191.6   341.6   434.8   493.7   548.7   746.6  1101.4  1478.1  5416.4  7275.7 12261.6   9735.3
Local QPS = 9735.9 (97359 / 10.0s) - 97359.0, 0.0
#type       avg     std     min      p5     p10     p50     p67     p75     p80     p85     p90     p95     p99    p999   p9999 QPS
read      591.5   908.6    93.8   173.5   195.4   335.1   426.3   486.6   550.4   853.9  1102.4  1443.3  5395.9  7170.0 10895.3   9735.9
Local QPS = 9669.2 (96692 / 10.0s) - 96692.0, 0.0
#type       avg     std     min      p5     p10     p50     p67     p75     p80     p85     p90     p95     p99    p999   p9999 QPS
read      438.4   781.8    86.8   142.0   157.3   253.3   312.8   348.7   376.7   417.0   540.0  1245.9  5251.8  6239.4  7909.3   9669.2
Local QPS = 9698.9 (96989 / 10.0s) - 96989.0, 0.0
#type       avg     std     min      p5     p10     p50     p67     p75     p80     p85     p90     p95     p99    p999   p9999 QPS
read      213.9   172.0    80.4   125.8   137.3   196.9   228.8   248.0   262.2   278.0   298.8   332.0   404.9  1483.4  8513.7   9698.9
Local QPS = 9628.1 (96281 / 10.0s) - 96281.0, 0.0
#type       avg     std     min      p5     p10     p50     p67     p75     p80     p85     p90     p95     p99    p999   p9999 QPS
read      235.6   163.5    86.8   135.6   149.8   220.8   256.1   277.0   292.6   311.0   334.4   369.1   437.9   653.7  7611.0   9628.1
Local QPS = 9677.7 (96777 / 10.0s) - 96777.0, 0.0
#type       avg     std     min      p5     p10     p50     p67     p75     p80     p85     p90     p95     p99    p999   p9999 QPS
read      231.1   127.9    86.8   134.5   148.3   215.0   250.0   271.5   287.3   305.4   327.9   362.3   434.2  1369.6  5261.3   9677.7
Local QPS = 9639.9 (96399 / 10.0s) - 96399.0, 0.0
#type       avg     std     min      p5     p10     p50     p67     p75     p80     p85     p90     p95     p99    p999   p9999 QPS
read      224.0   138.4    86.8   129.0   141.2   208.2   242.6   263.8   278.7   296.3   318.1   351.8   427.4  1310.9  6498.4   9639.9
Local QPS = 9718.5 (97186 / 10.0s) - 97186.0, 0.0
#type       avg     std     min      p5     p10     p50     p67     p75     p80     p85     p90     p95     p99    p999   p9999 QPS
read      241.5   137.2    93.8   141.9   154.4   224.1   260.9   283.0   299.1   318.3   343.8   383.5   468.2  1097.4  6645.5   9718.5
Local QPS = 9682.6 (96826 / 10.0s) - 96826.0, 0.0
#type       avg     std     min      p5     p10     p50     p67     p75     p80     p85     p90     p95     p99    p999   p9999 QPS
read      249.6   169.8    86.8   140.7   155.0   230.9   271.3   294.5   311.9   332.7   359.5   398.4   481.1  1200.9  7869.6   9682.6
Local QPS = 9661.1 (96611 / 10.0s) - 96611.0, 0.0
#type       avg     std     min      p5     p10     p50     p67     p75     p80     p85     p90     p95     p99    p999   p9999 QPS
read      249.4   149.0    86.8   137.1   151.6   231.0   272.5   296.3   314.4   336.6   364.9   404.1   487.6  1161.6  6892.6   9661.1
Local QPS = 9677.1 (96771 / 10.0s) - 96771.0, 0.0
#type       avg     std     min      p5     p10     p50     p67     p75     p80     p85     p90     p95     p99    p999   p9999 QPS
read      243.7   163.8    86.8   139.1   151.5   223.5   262.4   285.4   302.7   322.7   350.3   394.6   497.4  1346.6  8290.4   9677.1
Local QPS = 9717.2 (97172 / 10.0s) - 97172.0, 0.0
#type       avg     std     min      p5     p10     p50     p67     p75     p80     p85     p90     p95     p99    p999   p9999 QPS
read      241.8   135.6    86.8   134.9   148.4   224.0   263.4   286.6   303.9   323.7   350.6   393.7   490.4  1141.9  7137.3   9717.2
Local QPS = 9672.8 (96728 / 10.0s) - 96728.0, 0.0
#type       avg     std     min      p5     p10     p50     p67     p75     p80     p85     p90     p95     p99    p999   p9999 QPS
read      248.9   144.0    86.8   140.8   154.9   230.2   270.1   293.9   311.7   332.9   360.3   400.0   497.9  1049.8  7219.6   9672.8
