Pseudo-terminal will not be allocated because stdin is not a terminal.
Local QPS = 19252.0 (192520 / 10.0s) - 192520.0, 0.0
#type       avg     std     min      p5     p10     p50     p67     p75     p80     p85     p90     p95     p99    p999   p9999 QPS
read      435.1   741.4    86.8   140.3   155.0   249.8   316.6   362.0   395.6   438.8   535.8  1169.8  3925.2  7117.5  7510.7  19252.0
Local QPS = 19317.5 (193175 / 10.0s) - 193175.0, 0.0
#type       avg     std     min      p5     p10     p50     p67     p75     p80     p85     p90     p95     p99    p999   p9999 QPS
read      560.7   869.5    93.8   159.8   179.5   302.2   389.3   444.8   494.7   629.6  1054.6  3112.2  4685.6  7180.8  8721.4  19317.5
Local QPS = 19298.4 (192984 / 10.0s) - 192984.0, 0.0
#type       avg     std     min      p5     p10     p50     p67     p75     p80     p85     p90     p95     p99    p999   p9999 QPS
read      550.7   847.4    93.8   156.8   177.3   302.8   393.1   450.6   500.6   610.3  1019.9  3004.2  4648.0  7070.2  8852.0  19298.4
Local QPS = 19395.8 (193958 / 10.0s) - 193958.0, 0.0
#type       avg     std     min      p5     p10     p50     p67     p75     p80     p85     p90     p95     p99    p999   p9999 QPS
read      548.8   860.6    93.8   154.5   173.5   290.3   370.1   423.1   471.5   649.5  1050.8  3046.4  4786.8  7071.6  8411.7  19395.8
Local QPS = 19405.3 (194053 / 10.0s) - 194053.0, 0.0
#type       avg     std     min      p5     p10     p50     p67     p75     p80     p85     p90     p95     p99    p999   p9999 QPS
read      544.7   840.5    86.8   155.3   175.6   295.1   382.3   437.4   486.6   602.4  1026.0  3004.2  4469.6  7076.2  7776.6  19405.3
Local QPS = 19294.2 (192942 / 10.0s) - 192942.0, 0.0
#type       avg     std     min      p5     p10     p50     p67     p75     p80     p85     p90     p95     p99    p999   p9999 QPS
read      556.0   864.4    93.8   156.0   175.9   297.8   383.5   434.3   479.4   588.1  1038.4  3197.3  4580.5  6818.8 11151.4  19294.2
Local QPS = 19368.4 (193685 / 10.0s) - 193685.0, 0.0
#type       avg     std     min      p5     p10     p50     p67     p75     p80     p85     p90     p95     p99    p999   p9999 QPS
read      551.3   841.6    86.8   157.8   178.1   300.4   390.9   447.9   494.9   589.9  1020.9  3093.1  4438.4  7048.3  7496.7  19368.4
Local QPS = 19367.1 (193672 / 10.0s) - 193672.0, 0.0
#type       avg     std     min      p5     p10     p50     p67     p75     p80     p85     p90     p95     p99    p999   p9999 QPS
read      549.2   859.4    86.8   153.4   172.4   289.1   370.0   420.3   465.2   624.9  1045.8  3172.2  4629.2  6598.3  7612.6  19367.1
Local QPS = 19355.1 (193551 / 10.0s) - 193551.0, 0.0
#type       avg     std     min      p5     p10     p50     p67     p75     p80     p85     p90     p95     p99    p999   p9999 QPS
read      554.6   868.9    86.8   157.4   177.9   302.6   391.3   446.4   491.9   579.7   988.4  3088.9  4683.2  7301.2  9743.4  19355.1
Local QPS = 19348.4 (193484 / 10.0s) - 193484.0, 0.0
#type       avg     std     min      p5     p10     p50     p67     p75     p80     p85     p90     p95     p99    p999   p9999 QPS
read      538.0   831.5    86.8   155.8   175.5   294.5   382.8   440.7   490.7   601.1   997.7  1740.7  4485.8  7177.7  7935.9  19348.4
Local QPS = 19339.3 (193394 / 10.0s) - 193394.0, 0.0
#type       avg     std     min      p5     p10     p50     p67     p75     p80     p85     p90     p95     p99    p999   p9999 QPS
read      433.8   753.7    86.8   138.6   153.1   244.2   307.5   345.3   372.8   409.1   494.5  1191.4  4400.1  6320.4  7522.1  19339.3
Local QPS = 19307.0 (193070 / 10.0s) - 193070.0, 0.0
#type       avg     std     min      p5     p10     p50     p67     p75     p80     p85     p90     p95     p99    p999   p9999 QPS
read      231.1   144.0    80.4   130.1   142.7   207.7   243.3   269.1   290.3   317.4   352.6   398.6   476.3  1115.6  4359.8  19307.0
Local QPS = 19356.1 (193561 / 10.0s) - 193561.0, 0.0
#type       avg     std     min      p5     p10     p50     p67     p75     p80     p85     p90     p95     p99    p999   p9999 QPS
read      241.8   115.0    86.8   138.4   151.3   219.5   258.1   284.6   306.0   333.2   367.8   413.4   490.5   691.0  3638.4  19356.1
Local QPS = 19316.2 (193163 / 10.0s) - 193163.0, 0.0
#type       avg     std     min      p5     p10     p50     p67     p75     p80     p85     p90     p95     p99    p999   p9999 QPS
read      239.5   128.0    86.8   136.4   149.4   217.7   255.1   280.7   301.6   328.0   362.5   407.7   483.4   733.4  4594.8  19316.2
Local QPS = 19370.5 (193705 / 10.0s) - 193705.0, 0.0
#type       avg     std     min      p5     p10     p50     p67     p75     p80     p85     p90     p95     p99    p999   p9999 QPS
read      231.1   159.0    80.4   128.5   140.8   207.1   244.8   271.7   294.4   322.6   359.2   405.2   480.8   640.1  6760.2  19370.5
Local QPS = 19456.8 (194568 / 10.0s) - 194568.0, 0.0
#type       avg     std     min      p5     p10     p50     p67     p75     p80     p85     p90     p95     p99    p999   p9999 QPS
read      238.0   126.2    80.4   133.7   146.1   213.7   253.3   281.3   303.8   332.5   369.3   417.7   496.9   661.8  5710.3  19456.8
Local QPS = 19369.5 (193695 / 10.0s) - 193695.0, 0.0
#type       avg     std     min      p5     p10     p50     p67     p75     p80     p85     p90     p95     p99    p999   p9999 QPS
read      247.7   133.2    74.4   137.3   150.5   222.4   265.3   294.6   318.2   347.1   383.4   431.2   515.1   741.5  5172.2  19369.5
Local QPS = 19364.5 (193645 / 10.0s) - 193645.0, 0.0
#type       avg     std     min      p5     p10     p50     p67     p75     p80     p85     p90     p95     p99    p999   p9999 QPS
read      244.6   110.7    86.8   135.7   148.9   219.8   262.4   291.5   315.0   344.3   380.4   428.2   507.2   681.8  2733.7  19364.5
Local QPS = 19392.0 (193920 / 10.0s) - 193920.0, 0.0
#type       avg     std     min      p5     p10     p50     p67     p75     p80     p85     p90     p95     p99    p999   p9999 QPS
read      261.4   140.6    93.8   149.2   162.5   235.4   280.3   310.4   333.8   361.8   395.9   443.7   535.9   791.6  6727.5  19392.0
Local QPS = 19372.2 (193722 / 10.0s) - 193722.0, 0.0
#type       avg     std     min      p5     p10     p50     p67     p75     p80     p85     p90     p95     p99    p999   p9999 QPS
read      258.2   138.7    86.8   141.0   155.0   232.0   278.6   310.6   335.4   365.1   399.8   448.0   535.7   777.0  5351.7  19372.2
Local QPS = 19384.2 (193842 / 10.0s) - 193842.0, 0.0
#type       avg     std     min      p5     p10     p50     p67     p75     p80     p85     p90     p95     p99    p999   p9999 QPS
read      250.6   137.6    86.8   139.4   152.5   225.1   268.2   297.1   321.0   350.8   388.0   435.8   527.8   729.9  5859.8  19384.2
