Pseudo-terminal will not be allocated because stdin is not a terminal.
Local QPS = 9650.8 (96509 / 10.0s) - 96509.0, 0.0
#type       avg     std     min      p5     p10     p50     p67     p75     p80     p85     p90     p95     p99    p999   p9999 QPS
read      256.2   185.5    80.4   136.8   153.1   238.8   280.8   304.4   320.4   340.3   365.7   405.3   505.0  1519.4  8574.2   9650.8
Local QPS = 9647.8 (96479 / 10.0s) - 96479.0, 0.0
#type       avg     std     min      p5     p10     p50     p67     p75     p80     p85     p90     p95     p99    p999   p9999 QPS
read      271.7   148.9    80.4   141.8   159.4   254.0   297.9   323.0   341.6   364.7   395.5   446.2   566.1  1811.9  7229.6   9647.8
Local QPS = 9640.3 (96403 / 10.0s) - 96403.0, 0.0
#type       avg     std     min      p5     p10     p50     p67     p75     p80     p85     p90     p95     p99    p999   p9999 QPS
read      254.3   682.0    86.8   137.2   152.3   234.1   275.4   299.1   316.3   336.8   363.3   406.0   516.9  1698.8  6695.4   9640.3
Local QPS = 9659.4 (96594 / 10.0s) - 96594.0, 0.0
#type       avg     std     min      p5     p10     p50     p67     p75     p80     p85     p90     p95     p99    p999   p9999 QPS
read      255.5   676.4    74.4   139.9   155.4   235.2   276.6   300.7   317.5   337.7   363.7   406.2   504.8  1234.2  7824.0   9659.4
Local QPS = 9713.2 (97132 / 10.0s) - 97132.0, 0.0
#type       avg     std     min      p5     p10     p50     p67     p75     p80     p85     p90     p95     p99    p999   p9999 QPS
read      265.8   955.0    80.4   141.2   156.5   240.6   283.8   308.4   326.0   347.2   376.8   430.1   578.0  1650.2  8031.7   9713.2
Local QPS = 9674.9 (96749 / 10.0s) - 96749.0, 0.0
#type       avg     std     min      p5     p10     p50     p67     p75     p80     p85     p90     p95     p99    p999   p9999 QPS
read      247.1   158.1    80.4   139.0   153.5   229.1   267.6   289.6   306.0   325.1   350.7   394.6   504.5  1593.6  7410.7   9674.9
Local QPS = 9681.8 (96818 / 10.0s) - 96818.0, 0.0
#type       avg     std     min      p5     p10     p50     p67     p75     p80     p85     p90     p95     p99    p999   p9999 QPS
read      255.9   145.6    80.4   144.8   159.6   236.5   277.2   301.3   318.1   338.5   365.6   411.8   527.1  1425.4  7632.2   9681.8
Local QPS = 9653.4 (96534 / 10.0s) - 96534.0, 0.0
#type       avg     std     min      p5     p10     p50     p67     p75     p80     p85     p90     p95     p99    p999   p9999 QPS
read      267.2   183.6    80.4   148.7   163.2   246.4   288.9   313.2   331.2   352.7   382.4   433.7   566.6  1695.4  9939.1   9653.4
Local QPS = 9612.0 (96120 / 10.0s) - 96120.0, 0.0
#type       avg     std     min      p5     p10     p50     p67     p75     p80     p85     p90     p95     p99    p999   p9999 QPS
read      262.1   179.6    80.4   139.7   154.4   239.8   283.8   308.6   326.7   349.3   379.4   433.4   583.3  1899.2  8391.8   9612.0
Local QPS = 9635.3 (96353 / 10.0s) - 96353.0, 0.0
#type       avg     std     min      p5     p10     p50     p67     p75     p80     p85     p90     p95     p99    p999   p9999 QPS
read      271.7  1643.8    86.8   142.7   157.1   236.6   280.0   305.3   323.4   346.2   378.6   434.0   564.4  1484.1 12046.3   9635.3
Local QPS = 9706.9 (97069 / 10.0s) - 97069.0, 0.0
#type       avg     std     min      p5     p10     p50     p67     p75     p80     p85     p90     p95     p99    p999   p9999 QPS
read      263.4   189.6    86.8   141.9   158.6   244.3   285.6   309.1   326.0   346.2   373.8   421.1   535.6  1966.4  8570.0   9706.9
Local QPS = 9625.2 (96252 / 10.0s) - 96252.0, 0.0
#type       avg     std     min      p5     p10     p50     p67     p75     p80     p85     p90     p95     p99    p999   p9999 QPS
read      257.6   190.5    80.4   144.4   159.3   236.7   275.9   298.4   315.0   335.2   361.9   406.0   536.4  2058.7  8505.4   9625.2
Local QPS = 9651.6 (96516 / 10.0s) - 96516.0, 0.0
#type       avg     std     min      p5     p10     p50     p67     p75     p80     p85     p90     p95     p99    p999   p9999 QPS
read      286.6   172.1    86.8   148.8   167.4   265.2   310.8   337.0   357.1   382.1   419.7   480.6   630.2  1882.8  7166.2   9651.6
Local QPS = 9675.9 (96760 / 10.0s) - 96760.0, 0.0
#type       avg     std     min      p5     p10     p50     p67     p75     p80     p85     p90     p95     p99    p999   p9999 QPS
read      257.3   688.8    80.4   140.0   154.9   236.5   277.4   300.8   317.2   337.3   363.5   404.9   521.0  1847.4  8003.3   9675.9
Local QPS = 9719.5 (97195 / 10.0s) - 97195.0, 0.0
#type       avg     std     min      p5     p10     p50     p67     p75     p80     p85     p90     p95     p99    p999   p9999 QPS
read      263.1   239.4    80.4   139.8   155.9   241.6   282.3   305.5   322.3   343.1   371.7   422.5   553.1  1991.7 12251.6   9719.5
Local QPS = 9712.5 (97125 / 10.0s) - 97125.0, 0.0
#type       avg     std     min      p5     p10     p50     p67     p75     p80     p85     p90     p95     p99    p999   p9999 QPS
read      251.0   166.1    80.4   133.6   149.2   231.4   272.3   295.8   313.6   335.1   363.8   412.5   528.7  1836.2  8325.3   9712.5
Local QPS = 9706.9 (97070 / 10.0s) - 97070.0, 0.0
#type       avg     std     min      p5     p10     p50     p67     p75     p80     p85     p90     p95     p99    p999   p9999 QPS
read      271.5   177.6    86.8   143.0   159.5   250.5   293.8   318.6   337.5   360.4   392.5   449.9   600.3  2126.7  8232.7   9706.9
Local QPS = 9677.6 (96777 / 10.0s) - 96777.0, 0.0
#type       avg     std     min      p5     p10     p50     p67     p75     p80     p85     p90     p95     p99    p999   p9999 QPS
read      266.0   229.8    86.8   143.7   161.1   246.7   286.9   309.8   326.1   345.8   372.4   421.0   541.2  1956.7 11358.7   9677.6
Local QPS = 9728.5 (97285 / 10.0s) - 97285.0, 0.0
#type       avg     std     min      p5     p10     p50     p67     p75     p80     p85     p90     p95     p99    p999   p9999 QPS
read      260.2   156.0    80.4   143.2   159.7   241.6   280.8   303.2   319.5   340.4   368.7   420.0   548.7  1839.7  7332.9   9728.5
Local QPS = 9754.7 (97547 / 10.0s) - 97547.0, 0.0
#type       avg     std     min      p5     p10     p50     p67     p75     p80     p85     p90     p95     p99    p999   p9999 QPS
read      251.3   128.8    80.4   142.9   157.9   235.8   274.3   296.6   312.7   331.3   355.0   393.1   494.7  1149.4  4483.6   9754.7
Local QPS = 9673.5 (96735 / 10.0s) - 96735.0, 0.0
#type       avg     std     min      p5     p10     p50     p67     p75     p80     p85     p90     p95     p99    p999   p9999 QPS
read      251.6   158.7    80.4   142.0   157.0   233.5   273.0   295.5   312.0   331.1   355.5   395.8   506.2  1607.1  8210.0   9673.5
Local QPS = 9685.2 (96852 / 10.0s) - 96852.0, 0.0
#type       avg     std     min      p5     p10     p50     p67     p75     p80     p85     p90     p95     p99    p999   p9999 QPS
read      260.3   223.6    86.8   141.1   156.2   238.3   280.0   303.8   320.6   341.2   368.1   415.8   545.5  2068.0 10490.3   9685.2
Local QPS = 9670.8 (96708 / 10.0s) - 96708.0, 0.0
#type       avg     std     min      p5     p10     p50     p67     p75     p80     p85     p90     p95     p99    p999   p9999 QPS
read      268.1   204.7    74.4   139.6   156.3   247.6   290.5   314.7   332.8   354.5   384.8   438.4   585.5  1913.8 10643.1   9670.8
Local QPS = 9730.8 (97308 / 10.0s) - 97308.0, 0.0
