Pseudo-terminal will not be allocated because stdin is not a terminal.
Local QPS = 19328.5 (193285 / 10.0s) - 193285.0, 0.0
#type       avg     std     min      p5     p10     p50     p67     p75     p80     p85     p90     p95     p99    p999   p9999 QPS
read      255.5   125.2    86.8   140.0   153.9   232.7   273.6   300.2   322.3   353.2   395.2   452.5   543.0   689.8  2655.4  19328.5
Local QPS = 19325.2 (193252 / 10.0s) - 193252.0, 0.0
#type       avg     std     min      p5     p10     p50     p67     p75     p80     p85     p90     p95     p99    p999   p9999 QPS
read      272.7   143.3    86.8   141.8   156.5   246.5   295.8   327.6   352.7   383.8   424.2   482.4   594.3  1073.9  5645.4  19325.2
Local QPS = 19326.2 (193262 / 10.0s) - 193262.0, 0.0
#type       avg     std     min      p5     p10     p50     p67     p75     p80     p85     p90     p95     p99    p999   p9999 QPS
read      255.5   107.0    86.8   138.8   152.2   232.9   275.6   303.3   325.8   355.8   396.3   451.7   545.6   722.8  2439.4  19326.2
Local QPS = 19326.2 (193262 / 10.0s) - 193262.0, 0.0
#type       avg     std     min      p5     p10     p50     p67     p75     p80     p85     p90     p95     p99    p999   p9999 QPS
read      248.9    98.9    86.8   137.8   151.5   228.0   267.9   293.5   314.6   343.5   382.4   434.0   522.0   688.2  2223.5  19326.2
Local QPS = 19393.6 (193936 / 10.0s) - 193936.0, 0.0
#type       avg     std     min      p5     p10     p50     p67     p75     p80     p85     p90     p95     p99    p999   p9999 QPS
read      272.1   122.4    86.8   140.5   155.4   250.3   300.7   330.9   354.0   382.2   419.5   474.3   585.8   799.0  2436.8  19393.6
Local QPS = 19275.6 (192756 / 10.0s) - 192756.0, 0.0
#type       avg     std     min      p5     p10     p50     p67     p75     p80     p85     p90     p95     p99    p999   p9999 QPS
read      253.4   127.5    86.8   139.8   153.6   233.0   273.4   298.6   319.5   347.0   384.3   435.2   528.4   721.7  2811.2  19275.6
Local QPS = 19330.7 (193308 / 10.0s) - 193308.0, 0.0
#type       avg     std     min      p5     p10     p50     p67     p75     p80     p85     p90     p95     p99    p999   p9999 QPS
read      255.9   109.2    80.4   137.3   151.7   232.9   275.6   303.6   326.1   356.8   397.9   455.2   552.0   730.3  2498.3  19330.7
Local QPS = 19361.7 (193617 / 10.0s) - 193617.0, 0.0
#type       avg     std     min      p5     p10     p50     p67     p75     p80     p85     p90     p95     p99    p999   p9999 QPS
read      272.6   129.6    86.8   143.7   159.2   250.3   298.4   328.0   350.9   380.0   418.3   475.1   586.5   796.4  2659.2  19361.7
Local QPS = 19367.3 (193673 / 10.0s) - 193673.0, 0.0
#type       avg     std     min      p5     p10     p50     p67     p75     p80     p85     p90     p95     p99    p999   p9999 QPS
read      278.3   160.3    86.8   143.5   159.6   257.8   306.7   336.6   359.7   387.4   423.2   475.8   582.9   877.8  5042.5  19367.3
Local QPS = 19380.2 (193802 / 10.0s) - 193802.0, 0.0
#type       avg     std     min      p5     p10     p50     p67     p75     p80     p85     p90     p95     p99    p999   p9999 QPS
read      273.7   146.7    86.8   145.0   160.6   249.8   296.4   326.3   350.1   379.9   419.8   477.1   589.5  1008.8  3956.9  19380.2
Local QPS = 19375.4 (193754 / 10.0s) - 193754.0, 0.0
#type       avg     std     min      p5     p10     p50     p67     p75     p80     p85     p90     p95     p99    p999   p9999 QPS
read      261.1   118.3    86.8   137.6   153.0   237.5   282.0   311.1   335.5   366.8   406.8   462.0   552.3   731.2  3557.4  19375.4
Local QPS = 19382.2 (193822 / 10.0s) - 193822.0, 0.0
#type       avg     std     min      p5     p10     p50     p67     p75     p80     p85     p90     p95     p99    p999   p9999 QPS
read      262.1   118.2    86.8   139.7   154.4   240.5   285.5   313.3   335.7   364.3   401.5   458.4   554.7   758.7  3175.1  19382.2
Local QPS = 19339.2 (193392 / 10.0s) - 193392.0, 0.0
#type       avg     std     min      p5     p10     p50     p67     p75     p80     p85     p90     p95     p99    p999   p9999 QPS
read      293.6   132.0    93.8   151.8   168.1   268.8   322.9   356.9   382.1   412.5   453.4   514.7   643.6   910.3  3969.3  19339.2
Local QPS = 19374.7 (193747 / 10.0s) - 193747.0, 0.0
#type       avg     std     min      p5     p10     p50     p67     p75     p80     p85     p90     p95     p99    p999   p9999 QPS
read      266.0   138.1    86.8   142.3   157.8   244.2   289.2   316.7   339.1   367.7   405.1   459.1   549.7   708.6  5816.5  19374.7
Local QPS = 19428.1 (194281 / 10.0s) - 194281.0, 0.0
#type       avg     std     min      p5     p10     p50     p67     p75     p80     p85     p90     p95     p99    p999   p9999 QPS
read      274.3   165.0    86.8   144.1   159.9   251.7   300.7   330.4   353.3   381.8   418.1   468.7   569.5   850.7  7956.2  19428.1
Local QPS = 19393.6 (193937 / 10.0s) - 193937.0, 0.0
#type       avg     std     min      p5     p10     p50     p67     p75     p80     p85     p90     p95     p99    p999   p9999 QPS
read      266.7   118.8    86.8   141.5   156.5   244.2   290.8   319.3   342.5   372.1   411.4   467.8   568.6   732.6  2830.4  19393.6
Local QPS = 19474.2 (194742 / 10.0s) - 194742.0, 0.0
#type       avg     std     min      p5     p10     p50     p67     p75     p80     p85     p90     p95     p99    p999   p9999 QPS
read      286.8   142.3    86.8   146.7   162.7   260.9   314.1   346.6   372.7   403.7   445.2   506.5   636.9   957.9  5617.0  19474.2
Local QPS = 19331.1 (193312 / 10.0s) - 193312.0, 0.0
#type       avg     std     min      p5     p10     p50     p67     p75     p80     p85     p90     p95     p99    p999   p9999 QPS
read      270.5   146.5    86.8   146.3   161.6   246.0   291.3   320.2   344.1   374.7   416.4   473.2   579.6   771.5  3152.9  19331.1
Local QPS = 19414.1 (194142 / 10.0s) - 194142.0, 0.0
#type       avg     std     min      p5     p10     p50     p67     p75     p80     p85     p90     p95     p99    p999   p9999 QPS
read      273.2   140.4    86.8   148.0   163.0   249.8   295.9   325.1   348.3   377.2   416.3   472.4   582.6   873.3  2716.0  19414.1
Local QPS = 19474.7 (194747 / 10.0s) - 194747.0, 0.0
#type       avg     std     min      p5     p10     p50     p67     p75     p80     p85     p90     p95     p99    p999   p9999 QPS
read      252.1   115.9    86.8   140.4   154.3   231.0   270.7   296.2   317.5   345.1   383.2   435.1   526.9   689.3  3330.8  19474.7
Local QPS = 19319.2 (193192 / 10.0s) - 193192.0, 0.0
#type       avg     std     min      p5     p10     p50     p67     p75     p80     p85     p90     p95     p99    p999   p9999 QPS
read      256.1   105.7    86.8   142.5   156.6   234.6   275.3   302.0   323.1   352.0   391.1   444.5   536.5   682.2  2464.7  19319.2
Local QPS = 19419.6 (194197 / 10.0s) - 194197.0, 0.0
#type       avg     std     min      p5     p10     p50     p67     p75     p80     p85     p90     p95     p99    p999   p9999 QPS
read      269.8   129.2    86.8   146.2   161.2   246.9   292.1   319.9   343.4   373.1   412.4   468.5   575.1   819.2  3899.7  19419.6
Local QPS = 19429.6 (194296 / 10.0s) - 194296.0, 0.0
#type       avg     std     min      p5     p10     p50     p67     p75     p80     p85     p90     p95     p99    p999   p9999 QPS
read      277.7   195.7    86.8   146.9   162.1   254.3   304.1   334.2   357.4   385.6   423.0   479.9   589.5   796.5  4718.9  19429.6
Local QPS = 19396.4 (193964 / 10.0s) - 193964.0, 0.0
