Pseudo-terminal will not be allocated because stdin is not a terminal.
Local QPS = 9648.3 (96483 / 10.0s) - 96483.0, 0.0
#type       avg     std     min      p5     p10     p50     p67     p75     p80     p85     p90     p95     p99    p999   p9999 QPS
read      347.5   289.6   160.7   217.4   230.9   306.8   346.5   372.6   394.0   422.4   465.3   547.8   851.7  4362.8 11246.8   9648.3
Local QPS = 9667.8 (96678 / 10.0s) - 96678.0, 0.0
#type       avg     std     min      p5     p10     p50     p67     p75     p80     p85     p90     p95     p99    p999   p9999 QPS
read      382.5   372.3   160.7   224.1   240.0   332.6   382.1   412.4   436.6   470.9   524.8   627.7   933.7  7290.7 11762.1   9667.8
Local QPS = 9663.8 (96638 / 10.0s) - 96638.0, 0.0
#type       avg     std     min      p5     p10     p50     p67     p75     p80     p85     p90     p95     p99    p999   p9999 QPS
read      354.8   445.8   160.7   215.8   225.9   294.7   340.0   368.7   391.2   420.8   464.8   548.1   920.7  8150.4 11016.4   9663.8
Local QPS = 9685.5 (96855 / 10.0s) - 96855.0, 0.0
#type       avg     std     min      p5     p10     p50     p67     p75     p80     p85     p90     p95     p99    p999   p9999 QPS
read      333.2   287.3   160.7   214.5   225.9   296.8   337.7   362.5   381.1   404.1   439.7   504.7   712.8  4694.7  9612.9   9685.5
Local QPS = 9644.4 (96444 / 10.0s) - 96444.0, 0.0
#type       avg     std     min      p5     p10     p50     p67     p75     p80     p85     p90     p95     p99    p999   p9999 QPS
read      331.3   315.8   173.5   217.8   228.3   298.7   336.6   360.0   376.6   397.5   426.7   476.3   629.2  5174.7 11501.9   9644.4
Local QPS = 9640.9 (96409 / 10.0s) - 96409.0, 0.0
#type       avg     std     min      p5     p10     p50     p67     p75     p80     p85     p90     p95     p99    p999   p9999 QPS
read      336.7   274.1   160.7   220.0   230.4   300.1   341.7   367.8   387.9   412.3   448.2   511.3   716.8  4640.1 10503.5   9640.9
Local QPS = 9570.5 (95705 / 10.0s) - 95705.0, 0.0
#type       avg     std     min      p5     p10     p50     p67     p75     p80     p85     p90     p95     p99    p999   p9999 QPS
read      328.0   235.4   173.5   214.0   226.1   297.5   336.4   360.2   377.7   399.9   430.9   487.4   648.5  3917.6  8563.6   9570.5
Local QPS = 9696.5 (96965 / 10.0s) - 96965.0, 0.0
#type       avg     std     min      p5     p10     p50     p67     p75     p80     p85     p90     p95     p99    p999   p9999 QPS
read      336.6   289.9   173.5   214.4   226.6   301.5   340.8   365.8   384.9   407.8   443.1   508.7   695.5  5673.9  9702.6   9696.5
Local QPS = 9669.1 (96691 / 10.0s) - 96691.0, 0.0
#type       avg     std     min      p5     p10     p50     p67     p75     p80     p85     p90     p95     p99    p999   p9999 QPS
read      342.7   240.1   173.5   221.3   234.0   311.1   350.8   375.7   395.5   420.1   454.5   514.5   705.0  4148.6  8645.1   9669.1
Local QPS = 9651.8 (96518 / 10.0s) - 96518.0, 0.0
#type       avg     std     min      p5     p10     p50     p67     p75     p80     p85     p90     p95     p99    p999   p9999 QPS
read      333.4   303.5   160.7   215.8   227.1   297.1   337.2   362.0   380.6   403.5   437.7   502.6   687.9  4246.3 11750.1   9651.8
Local QPS = 9734.8 (97348 / 10.0s) - 97348.0, 0.0
#type       avg     std     min      p5     p10     p50     p67     p75     p80     p85     p90     p95     p99    p999   p9999 QPS
read      354.8   282.7   160.7   223.7   238.2   319.9   362.3   387.8   406.1   432.4   471.1   548.0   783.2  3648.1 11739.5   9734.8
Local QPS = 9711.1 (97111 / 10.0s) - 97111.0, 0.0
#type       avg     std     min      p5     p10     p50     p67     p75     p80     p85     p90     p95     p99    p999   p9999 QPS
read      327.5   187.3   160.7   210.4   225.3   306.9   345.6   368.5   385.6   404.6   434.6   490.2   639.8  1893.8  9016.9   9711.1
Local QPS = 9674.0 (96740 / 10.0s) - 96740.0, 0.0
#type       avg     std     min      p5     p10     p50     p67     p75     p80     p85     p90     p95     p99    p999   p9999 QPS
read      320.2   187.3   160.7   209.6   224.1   299.1   336.1   357.7   373.3   394.4   423.2   472.7   617.6  2433.6  8245.3   9674.0
Local QPS = 9701.6 (97016 / 10.0s) - 97016.0, 0.0
#type       avg     std     min      p5     p10     p50     p67     p75     p80     p85     p90     p95     p99    p999   p9999 QPS
read      327.1   193.2   160.7   216.4   230.0   304.8   342.5   365.3   382.2   402.1   431.8   484.4   628.8  2375.4  8895.2   9701.6
Local QPS = 9704.7 (97047 / 10.0s) - 97047.0, 0.0
#type       avg     std     min      p5     p10     p50     p67     p75     p80     p85     p90     p95     p99    p999   p9999 QPS
read      328.9   154.8   173.5   220.0   234.1   310.2   346.6   368.9   385.7   404.5   433.1   483.6   616.4  1575.1  7060.4   9704.7
Local QPS = 9685.6 (96856 / 10.0s) - 96856.0, 0.0
#type       avg     std     min      p5     p10     p50     p67     p75     p80     p85     p90     p95     p99    p999   p9999 QPS
read      327.9   197.7   173.5   219.6   232.4   303.9   341.7   364.8   382.0   402.6   432.8   487.7   638.1  2458.5  8678.7   9685.6
Local QPS = 9719.4 (97194 / 10.0s) - 97194.0, 0.0
#type       avg     std     min      p5     p10     p50     p67     p75     p80     p85     p90     p95     p99    p999   p9999 QPS
read      327.0   180.2   160.7   213.8   228.6   307.5   344.8   367.4   384.0   402.8   431.9   480.7   615.8  1993.0  7030.2   9719.4
Local QPS = 9691.4 (96914 / 10.0s) - 96914.0, 0.0
#type       avg     std     min      p5     p10     p50     p67     p75     p80     p85     p90     p95     p99    p999   p9999 QPS
read      330.5   208.3   160.7   215.3   230.0   308.0   345.7   368.4   385.7   405.4   434.5   490.7   644.4  2504.3  8698.5   9691.4
Local QPS = 9714.8 (97148 / 10.0s) - 97148.0, 0.0
#type       avg     std     min      p5     p10     p50     p67     p75     p80     p85     p90     p95     p99    p999   p9999 QPS
read      320.6   177.4   173.5   220.9   233.0   299.8   335.4   356.5   371.5   391.7   418.4   463.9   583.4  1744.5  8165.7   9714.8
Local QPS = 9656.6 (96567 / 10.0s) - 96567.0, 0.0
#type       avg     std     min      p5     p10     p50     p67     p75     p80     p85     p90     p95     p99    p999   p9999 QPS
read      321.6   184.8   160.7   212.7   226.6   303.1   339.2   360.9   376.2   396.0   422.8   468.6   592.7  1428.5  8704.8   9656.6
Local QPS = 9671.4 (96714 / 10.0s) - 96714.0, 0.0
#type       avg     std     min      p5     p10     p50     p67     p75     p80     p85     p90     p95     p99    p999   p9999 QPS
read      329.8   196.0   160.7   216.3   230.1   307.8   346.4   369.6   386.9   406.2   435.1   487.7   633.7  2192.0  8727.8   9671.4
Local QPS = 9704.1 (97041 / 10.0s) - 97041.0, 0.0
#type       avg     std     min      p5     p10     p50     p67     p75     p80     p85     p90     p95     p99    p999   p9999 QPS
read      322.9   151.2   160.7   218.5   231.1   303.5   339.9   361.5   376.6   396.8   424.8   471.6   604.6  1642.4  7405.2   9704.1
Local QPS = 9713.7 (97137 / 10.0s) - 97137.0, 0.0
#type       avg     std     min      p5     p10     p50     p67     p75     p80     p85     p90     p95     p99    p999   p9999 QPS
read      333.4   230.1   173.5   221.9   235.9   310.4   347.8   370.1   387.0   405.8   434.3   484.0   622.1  3067.1  9454.9   9713.7
Local QPS = 9712.0 (97120 / 10.0s) - 97120.0, 0.0
#type       avg     std     min      p5     p10     p50     p67     p75     p80     p85     p90     p95     p99    p999   p9999 QPS
read      325.8   196.1   160.7   214.1   227.8   304.4   342.0   364.4   380.5   399.8   428.3   477.6   619.4  2624.9  8713.0   9712.0
Local QPS = 9678.9 (96789 / 10.0s) - 96789.0, 0.0
#type       avg     std     min      p5     p10     p50     p67     p75     p80     p85     p90     p95     p99    p999   p9999 QPS
read      318.3   202.8   160.7   212.7   226.4   296.2   332.5   354.2   369.9   390.2   417.5   465.1   590.2  2291.5  9554.5   9678.9
Local QPS = 9701.8 (97018 / 10.0s) - 97018.0, 0.0
#type       avg     std     min      p5     p10     p50     p67     p75     p80     p85     p90     p95     p99    p999   p9999 QPS
read      325.5   195.6   160.7   214.7   228.8   302.3   339.8   362.9   379.7   401.1   432.1   485.4   630.0  2158.9  8594.8   9701.8
Local QPS = 9666.1 (96661 / 10.0s) - 96661.0, 0.0
#type       avg     std     min      p5     p10     p50     p67     p75     p80     p85     p90     p95     p99    p999   p9999 QPS
read      339.0   187.2   173.5   222.5   237.7   317.0   357.0   380.4   398.0   420.5   451.2   506.0   651.9  1867.5  8746.9   9666.1
Local QPS = 9754.8 (97548 / 10.0s) - 97548.0, 0.0
#type       avg     std     min      p5     p10     p50     p67     p75     p80     p85     p90     p95     p99    p999   p9999 QPS
read      333.3   185.5   160.7   218.8   232.5   313.2   351.8   373.9   391.6   411.8   439.9   494.4   638.7  1734.4  8640.8   9754.8
Local QPS = 9726.0 (97260 / 10.0s) - 97260.0, 0.0
#type       avg     std     min      p5     p10     p50     p67     p75     p80     p85     p90     p95     p99    p999   p9999 QPS
read      342.4   225.5   173.5   221.7   237.7   319.6   358.8   381.6   398.5   420.7   450.7   502.2   639.8  2763.4 11194.6   9726.0
Local QPS = 9714.7 (97147 / 10.0s) - 97147.0, 0.0
#type       avg     std     min      p5     p10     p50     p67     p75     p80     p85     p90     p95     p99    p999   p9999 QPS
read      330.2   197.5   160.7   214.6   228.6   309.6   348.1   370.6   387.8   407.2   435.5   486.4   620.3  2802.6  8830.4   9714.7
Local QPS = 9748.1 (97481 / 10.0s) - 97481.0, 0.0
#type       avg     std     min      p5     p10     p50     p67     p75     p80     p85     p90     p95     p99    p999   p9999 QPS
read      331.4   159.6   160.7   213.3   228.8   311.0   350.3   373.0   391.0   412.0   441.2   498.1   661.8  1752.8  5495.5   9748.1
Local QPS = 9740.1 (97401 / 10.0s) - 97401.0, 0.0
#type       avg     std     min      p5     p10     p50     p67     p75     p80     p85     p90     p95     p99    p999   p9999 QPS
read      321.7   200.6   160.7   215.8   229.3   301.0   336.7   358.4   373.9   394.7   422.7   470.2   604.0  1459.4  9289.6   9740.1
Local QPS = 9723.1 (97231 / 10.0s) - 97231.0, 0.0
#type       avg     std     min      p5     p10     p50     p67     p75     p80     p85     p90     p95     p99    p999   p9999 QPS
read      334.6   183.4   160.7   216.0   230.6   313.3   352.7   375.3   393.5   415.6   446.8   501.2   643.3  2181.5  8405.9   9723.1
Local QPS = 9786.2 (97862 / 10.0s) - 97862.0, 0.0
#type       avg     std     min      p5     p10     p50     p67     p75     p80     p85     p90     p95     p99    p999   p9999 QPS
read      327.9   198.3   160.7   220.3   232.8   304.3   342.0   365.1   382.4   403.2   434.8   491.2   627.8  1817.5  8739.1   9786.2
