Pseudo-terminal will not be allocated because stdin is not a terminal.
Local QPS = 19307.6 (193076 / 10.0s) - 193076.0, 0.0
#type       avg     std     min      p5     p10     p50     p67     p75     p80     p85     p90     p95     p99    p999   p9999 QPS
read      360.3   270.7   160.7   222.6   236.4   315.8   367.8   401.7   429.0   461.7   503.9   577.3   849.3  3808.7 10205.7  19307.6
Local QPS = 19354.6 (193546 / 10.0s) - 193546.0, 0.0
#type       avg     std     min      p5     p10     p50     p67     p75     p80     p85     p90     p95     p99    p999   p9999 QPS
read      407.2   345.7   160.7   233.7   252.0   365.4   426.3   461.8   489.0   522.3   567.8   641.6   900.5  6443.7 10962.1  19354.6
Local QPS = 19342.9 (193430 / 10.0s) - 193430.0, 0.0
#type       avg     std     min      p5     p10     p50     p67     p75     p80     p85     p90     p95     p99    p999   p9999 QPS
read      385.0   448.4   160.7   226.3   240.3   327.8   384.1   418.9   445.0   475.7   515.8   578.0   841.8  8618.8 10999.3  19342.9
Local QPS = 19385.0 (193850 / 10.0s) - 193850.0, 0.0
#type       avg     std     min      p5     p10     p50     p67     p75     p80     p85     p90     p95     p99    p999   p9999 QPS
read      354.4   235.4   160.7   221.4   234.6   318.7   372.9   405.6   430.5   460.6   499.4   556.5   690.7  3306.5  8774.6  19385.0
Local QPS = 19371.1 (193712 / 10.0s) - 193712.0, 0.0
#type       avg     std     min      p5     p10     p50     p67     p75     p80     p85     p90     p95     p99    p999   p9999 QPS
read      331.4   272.5   160.7   215.6   226.5   295.1   339.8   369.3   392.9   422.3   459.5   514.2   639.4  3384.1 12865.1  19371.1
Local QPS = 19330.4 (193304 / 10.0s) - 193304.0, 0.0
#type       avg     std     min      p5     p10     p50     p67     p75     p80     p85     p90     p95     p99    p999   p9999 QPS
read      345.3   222.5   160.7   219.6   231.2   309.9   362.0   393.9   417.8   446.5   483.5   539.5   671.6  3877.4  7474.3  19330.4
Local QPS = 19397.2 (193972 / 10.0s) - 193972.0, 0.0
#type       avg     std     min      p5     p10     p50     p67     p75     p80     p85     p90     p95     p99    p999   p9999 QPS
read      329.0   188.1   160.7   215.3   226.1   293.8   339.7   371.1   396.0   426.5   464.6   522.4   647.8  2771.3  7146.3  19397.2
Local QPS = 19333.4 (193335 / 10.0s) - 193335.0, 0.0
#type       avg     std     min      p5     p10     p50     p67     p75     p80     p85     p90     p95     p99    p999   p9999 QPS
read      346.8   258.8   173.5   220.6   232.0   308.4   358.8   391.6   416.7   446.7   486.7   547.0   689.8  3645.7  9638.2  19333.4
Local QPS = 19326.5 (193265 / 10.0s) - 193265.0, 0.0
#type       avg     std     min      p5     p10     p50     p67     p75     p80     p85     p90     p95     p99    p999   p9999 QPS
read      344.3   218.3   160.7   218.1   229.3   307.7   358.8   391.4   416.1   446.2   485.5   543.6   689.2  4134.5  7804.9  19326.5
Local QPS = 19360.1 (193601 / 10.0s) - 193601.0, 0.0
#type       avg     std     min      p5     p10     p50     p67     p75     p80     p85     p90     p95     p99    p999   p9999 QPS
read      338.6   253.3   160.7   214.8   226.7   302.1   350.8   382.2   405.2   434.9   472.5   532.0   676.2  4063.0 10477.2  19360.1
Local QPS = 19378.2 (193782 / 10.0s) - 193782.0, 0.0
#type       avg     std     min      p5     p10     p50     p67     p75     p80     p85     p90     p95     p99    p999   p9999 QPS
read      364.9   268.7   160.7   224.4   239.5   329.2   382.4   414.0   437.1   466.3   504.6   570.9   761.8  3281.1 12454.1  19378.2
Local QPS = 19334.9 (193349 / 10.0s) - 193349.0, 0.0
#type       avg     std     min      p5     p10     p50     p67     p75     p80     p85     p90     p95     p99    p999   p9999 QPS
read      347.4   143.9   160.7   219.8   234.2   323.9   376.0   405.8   427.9   453.5   486.2   537.5   644.1  1089.5  5265.7  19334.9
Local QPS = 19352.2 (193522 / 10.0s) - 193522.0, 0.0
#type       avg     std     min      p5     p10     p50     p67     p75     p80     p85     p90     p95     p99    p999   p9999 QPS
read      338.8   126.1   160.7   219.7   232.7   314.3   364.6   394.9   416.7   441.6   473.2   524.9   632.1   987.4  4864.6  19352.2
Local QPS = 19344.8 (193448 / 10.0s) - 193448.0, 0.0
#type       avg     std     min      p5     p10     p50     p67     p75     p80     p85     p90     p95     p99    p999   p9999 QPS
read      345.6   120.8   160.7   220.9   235.4   321.5   374.1   404.2   426.7   452.5   485.2   535.5   639.8   939.4  4553.4  19344.8
Local QPS = 19395.9 (193959 / 10.0s) - 193959.0, 0.0
#type       avg     std     min      p5     p10     p50     p67     p75     p80     p85     p90     p95     p99    p999   p9999 QPS
read      339.8   164.8   160.7   221.5   235.7   314.2   362.9   393.0   415.4   441.7   474.9   526.8   628.3   896.3  6803.2  19395.9
Local QPS = 19395.4 (193954 / 10.0s) - 193954.0, 0.0
#type       avg     std     min      p5     p10     p50     p67     p75     p80     p85     p90     p95     p99    p999   p9999 QPS
read      336.8   148.7   160.7   218.9   231.2   311.1   361.1   391.3   413.3   439.1   472.5   523.3   624.9  1087.4  4999.0  19395.4
Local QPS = 19349.3 (193493 / 10.0s) - 193493.0, 0.0
#type       avg     std     min      p5     p10     p50     p67     p75     p80     p85     p90     p95     p99    p999   p9999 QPS
read      348.4   149.2   160.7   223.0   237.8   324.9   377.5   407.7   429.4   454.8   486.3   534.0   629.4   964.8  6367.4  19349.3
Local QPS = 19363.7 (193638 / 10.0s) - 193638.0, 0.0
#type       avg     std     min      p5     p10     p50     p67     p75     p80     p85     p90     p95     p99    p999   p9999 QPS
read      348.9   155.6   160.7   222.1   236.9   324.5   376.8   406.6   429.0   454.9   487.6   537.1   642.0  1220.3  6094.4  19363.7
Local QPS = 19431.1 (194311 / 10.0s) - 194311.0, 0.0
#type       avg     std     min      p5     p10     p50     p67     p75     p80     p85     p90     p95     p99    p999   p9999 QPS
read      335.0   129.4   148.8   223.1   236.5   309.2   354.8   385.0   407.0   434.4   468.0   518.1   617.3   960.4  5602.6  19431.1
Local QPS = 19344.5 (193446 / 10.0s) - 193446.0, 0.0
#type       avg     std     min      p5     p10     p50     p67     p75     p80     p85     p90     p95     p99    p999   p9999 QPS
read      338.0   167.8   160.7   221.9   235.8   312.8   360.4   390.5   412.5   437.7   469.7   517.5   616.5  1008.7  8491.4  19344.5
Local QPS = 19498.4 (194984 / 10.0s) - 194984.0, 0.0
#type       avg     std     min      p5     p10     p50     p67     p75     p80     p85     p90     p95     p99    p999   p9999 QPS
read      341.3   144.7   160.7   222.8   236.7   316.3   365.9   396.1   418.4   444.1   475.8   526.0   626.3   935.3  6290.3  19498.4
Local QPS = 19382.2 (193822 / 10.0s) - 193822.0, 0.0
#type       avg     std     min      p5     p10     p50     p67     p75     p80     p85     p90     p95     p99    p999   p9999 QPS
read      339.5   138.0   160.7   221.2   235.1   314.1   363.4   393.8   416.1   442.0   475.1   526.0   626.6   958.4  6178.9  19382.2
Local QPS = 19513.7 (195137 / 10.0s) - 195137.0, 0.0
#type       avg     std     min      p5     p10     p50     p67     p75     p80     p85     p90     p95     p99    p999   p9999 QPS
read      345.2   136.4   160.7   221.9   236.7   320.9   371.7   401.2   423.7   449.7   482.3   532.0   634.2  1116.3  5251.8  19513.7
Local QPS = 19327.7 (193277 / 10.0s) - 193277.0, 0.0
#type       avg     std     min      p5     p10     p50     p67     p75     p80     p85     p90     p95     p99    p999   p9999 QPS
read      351.6   169.4   160.7   222.6   237.6   325.8   378.1   408.5   431.3   458.0   492.0   544.1   665.0  1208.1  6233.6  19327.7
Local QPS = 19373.9 (193739 / 10.0s) - 193739.0, 0.0
#type       avg     std     min      p5     p10     p50     p67     p75     p80     p85     p90     p95     p99    p999   p9999 QPS
read      332.1   133.0   173.5   221.2   233.8   305.0   349.7   380.7   403.5   432.1   466.3   516.5   616.6   993.6  5418.3  19373.9
Local QPS = 19409.1 (194091 / 10.0s) - 194091.0, 0.0
#type       avg     std     min      p5     p10     p50     p67     p75     p80     p85     p90     p95     p99    p999   p9999 QPS
read      332.2   130.4   160.7   220.7   233.1   305.6   350.5   381.1   403.5   432.1   466.8   518.2   622.1   939.0  5250.3  19409.1
Local QPS = 19545.0 (195450 / 10.0s) - 195450.0, 0.0
#type       avg     std     min      p5     p10     p50     p67     p75     p80     p85     p90     p95     p99    p999   p9999 QPS
read      345.8   118.2   160.7   221.2   236.0   322.7   374.2   403.7   426.5   452.4   484.7   535.3   640.2   901.2  2962.5  19545.0
Local QPS = 19361.3 (193613 / 10.0s) - 193613.0, 0.0
#type       avg     std     min      p5     p10     p50     p67     p75     p80     p85     p90     p95     p99    p999   p9999 QPS
read      347.1   134.7   160.7   224.2   239.2   323.0   372.6   402.0   424.2   450.2   483.9   534.5   639.3  1098.8  5106.2  19361.3
Local QPS = 19436.9 (194369 / 10.0s) - 194369.0, 0.0
#type       avg     std     min      p5     p10     p50     p67     p75     p80     p85     p90     p95     p99    p999   p9999 QPS
read      346.8   139.9   160.7   226.8   241.9   321.3   370.4   399.7   422.2   448.2   480.3   530.6   636.8  1005.9  5862.5  19436.9
Local QPS = 19376.6 (193766 / 10.0s) - 193766.0, 0.0
#type       avg     std     min      p5     p10     p50     p67     p75     p80     p85     p90     p95     p99    p999   p9999 QPS
read      342.2   137.6   160.7   222.6   237.1   316.9   366.7   397.3   419.7   445.3   477.0   527.7   635.7   936.6  5384.8  19376.6
Local QPS = 19454.6 (194546 / 10.0s) - 194546.0, 0.0
#type       avg     std     min      p5     p10     p50     p67     p75     p80     p85     p90     p95     p99    p999   p9999 QPS
read      352.3   164.6   160.7   222.2   237.4   327.9   381.3   411.1   432.5   458.8   492.6   543.7   656.3  1242.3  7054.1  19454.6
Local QPS = 19483.8 (194838 / 10.0s) - 194838.0, 0.0
#type       avg     std     min      p5     p10     p50     p67     p75     p80     p85     p90     p95     p99    p999   p9999 QPS
read      338.7   134.8   160.7   224.3   238.5   312.3   357.4   387.7   410.6   437.8   472.3   525.9   633.3   969.8  6005.0  19483.8
Local QPS = 19350.7 (193507 / 10.0s) - 193507.0, 0.0
#type       avg     std     min      p5     p10     p50     p67     p75     p80     p85     p90     p95     p99    p999   p9999 QPS
read      340.7   129.2   160.7   219.8   233.4   316.9   367.0   396.4   418.3   443.9   475.7   525.9   633.2   927.2  4642.7  19350.7
Local QPS = 19490.0 (194901 / 10.0s) - 194901.0, 0.0
#type       avg     std     min      p5     p10     p50     p67     p75     p80     p85     p90     p95     p99    p999   p9999 QPS
read      340.0   148.5   173.5   223.1   237.2   313.4   360.8   391.5   414.3   440.9   474.9   530.0   636.9   934.4  6406.3  19490.0
