Pseudo-terminal will not be allocated because stdin is not a terminal.
Local QPS = 19311.1 (193111 / 10.0s) - 193111.0, 0.0
#type       avg     std     min      p5     p10     p50     p67     p75     p80     p85     p90     p95     p99    p999   p9999 QPS
read      294.1   138.9    86.8   154.1   171.5   268.1   320.3   353.4   378.7   409.6   450.9   513.6   652.6   984.4  3364.3  19311.1
Local QPS = 19275.1 (192751 / 10.0s) - 192751.0, 0.0
#type       avg     std     min      p5     p10     p50     p67     p75     p80     p85     p90     p95     p99    p999   p9999 QPS
read      263.5   118.7    86.8   143.0   158.0   241.5   285.3   313.6   336.5   365.4   402.4   457.2   546.3   727.0  3478.9  19275.1
Local QPS = 19346.3 (193464 / 10.0s) - 193464.0, 0.0
#type       avg     std     min      p5     p10     p50     p67     p75     p80     p85     p90     p95     p99    p999   p9999 QPS
read      266.0   126.3    86.8   142.5   157.5   244.3   289.5   317.5   339.9   368.1   404.5   458.8   559.0   776.5  4591.2  19346.3
Local QPS = 19300.1 (193001 / 10.0s) - 193001.0, 0.0
#type       avg     std     min      p5     p10     p50     p67     p75     p80     p85     p90     p95     p99    p999   p9999 QPS
read      266.0   111.2    86.8   144.2   159.1   244.5   289.8   318.0   340.4   368.6   404.6   458.3   550.7   764.6  3186.3  19300.1
Local QPS = 19321.4 (193214 / 10.0s) - 193214.0, 0.0
#type       avg     std     min      p5     p10     p50     p67     p75     p80     p85     p90     p95     p99    p999   p9999 QPS
read      257.9   140.8    86.8   139.8   153.7   237.0   281.0   308.6   330.0   357.0   391.7   440.0   531.2   729.3  4952.7  19321.4
Local QPS = 19325.1 (193251 / 10.0s) - 193251.0, 0.0
#type       avg     std     min      p5     p10     p50     p67     p75     p80     p85     p90     p95     p99    p999   p9999 QPS
read      268.9   131.7    86.8   139.3   154.4   245.9   294.2   324.5   347.9   376.8   415.2   470.9   586.7   802.3  3193.3  19325.1
Local QPS = 19275.6 (192756 / 10.0s) - 192756.0, 0.0
#type       avg     std     min      p5     p10     p50     p67     p75     p80     p85     p90     p95     p99    p999   p9999 QPS
read      283.8   123.8    86.8   145.0   161.7   259.7   312.9   344.5   369.5   399.5   438.6   500.4   625.0   860.9  2580.7  19275.6
Local QPS = 19394.4 (193944 / 10.0s) - 193944.0, 0.0
#type       avg     std     min      p5     p10     p50     p67     p75     p80     p85     p90     p95     p99    p999   p9999 QPS
read      257.7   485.8    80.4   138.8   152.7   236.2   279.2   306.1   327.1   353.9   390.2   443.5   536.5   711.5  2730.6  19394.4
Local QPS = 19329.1 (193291 / 10.0s) - 193291.0, 0.0
#type       avg     std     min      p5     p10     p50     p67     p75     p80     p85     p90     p95     p99    p999   p9999 QPS
read      253.0   116.0    80.4   142.9   156.9   233.0   271.7   296.3   317.3   343.7   379.0   428.1   512.9   689.6  3747.0  19329.1
Local QPS = 19391.7 (193917 / 10.0s) - 193917.0, 0.0
#type       avg     std     min      p5     p10     p50     p67     p75     p80     p85     p90     p95     p99    p999   p9999 QPS
read      276.3   138.7    86.8   147.0   162.4   254.0   301.1   329.3   350.9   378.0   414.7   468.8   617.6  1243.0  2323.1  19391.7
Local QPS = 19402.5 (194025 / 10.0s) - 194025.0, 0.0
#type       avg     std     min      p5     p10     p50     p67     p75     p80     p85     p90     p95     p99    p999   p9999 QPS
read      282.4   140.3    86.8   146.9   163.4   260.8   312.3   342.6   365.8   393.7   429.6   483.7   600.2   860.6  4168.9  19402.5
Local QPS = 19373.8 (193738 / 10.0s) - 193738.0, 0.0
#type       avg     std     min      p5     p10     p50     p67     p75     p80     p85     p90     p95     p99    p999   p9999 QPS
read      248.9   109.3    86.8   135.4   149.4   227.2   267.3   293.7   316.0   345.6   385.8   436.7   527.7   711.0  2649.3  19373.8
Local QPS = 19305.5 (193055 / 10.0s) - 193055.0, 0.0
#type       avg     std     min      p5     p10     p50     p67     p75     p80     p85     p90     p95     p99    p999   p9999 QPS
read      242.0    97.6    86.8   135.8   148.9   222.1   259.9   284.8   305.3   332.1   368.7   419.3   505.6   709.4  2272.0  19305.5
Local QPS = 19367.7 (193677 / 10.0s) - 193677.0, 0.0
#type       avg     std     min      p5     p10     p50     p67     p75     p80     p85     p90     p95     p99    p999   p9999 QPS
read      268.3   132.6    86.8   149.6   164.1   246.9   290.2   317.5   339.4   367.0   403.0   456.5   545.9   743.0  5501.7  19367.7
Local QPS = 19402.7 (194028 / 10.0s) - 194028.0, 0.0
#type       avg     std     min      p5     p10     p50     p67     p75     p80     p85     p90     p95     p99    p999   p9999 QPS
read      273.2   131.1    86.8   147.2   162.3   253.4   299.8   328.3   349.8   376.9   412.3   463.9   571.0   777.4  3657.5  19402.7
Local QPS = 19358.4 (193584 / 10.0s) - 193584.0, 0.0
#type       avg     std     min      p5     p10     p50     p67     p75     p80     p85     p90     p95     p99    p999   p9999 QPS
read      253.8   146.7    86.8   137.2   151.4   232.7   274.1   300.3   320.4   347.0   383.9   435.5   533.6   758.7  5451.4  19358.4
Local QPS = 19394.3 (193943 / 10.0s) - 193943.0, 0.0
#type       avg     std     min      p5     p10     p50     p67     p75     p80     p85     p90     p95     p99    p999   p9999 QPS
read      276.8   131.6    86.8   144.5   160.8   252.4   301.5   332.5   356.9   387.2   426.1   486.3   614.4   827.0  3388.8  19394.3
Local QPS = 19419.8 (194198 / 10.0s) - 194198.0, 0.0
#type       avg     std     min      p5     p10     p50     p67     p75     p80     p85     p90     p95     p99    p999   p9999 QPS
read      279.4   134.9    93.8   151.1   166.0   256.7   305.9   336.1   359.2   387.3   423.4   475.7   585.2   805.9  6171.6  19419.8
Local QPS = 19374.5 (193746 / 10.0s) - 193746.0, 0.0
#type       avg     std     min      p5     p10     p50     p67     p75     p80     p85     p90     p95     p99    p999   p9999 QPS
read      249.9   138.5    86.8   133.7   147.9   226.8   269.2   296.1   318.7   347.0   386.2   437.8   535.0   720.5  6610.6  19374.5
Local QPS = 19439.9 (194399 / 10.0s) - 194399.0, 0.0
#type       avg     std     min      p5     p10     p50     p67     p75     p80     p85     p90     p95     p99    p999   p9999 QPS
read      253.5   101.6    80.4   137.6   152.1   234.0   276.0   302.7   323.1   348.9   384.3   433.3   527.7   686.2  2535.4  19439.9
Local QPS = 19360.8 (193608 / 10.0s) - 193608.0, 0.0
#type       avg     std     min      p5     p10     p50     p67     p75     p80     p85     p90     p95     p99    p999   p9999 QPS
read      263.1   123.2    86.8   141.9   156.5   240.3   286.0   313.8   336.0   364.0   400.6   456.2   555.0   784.2  4442.3  19360.8
Local QPS = 19399.3 (193993 / 10.0s) - 193993.0, 0.0
#type       avg     std     min      p5     p10     p50     p67     p75     p80     p85     p90     p95     p99    p999   p9999 QPS
read      260.6   145.2    86.8   139.0   153.0   237.4   283.3   312.0   334.7   363.3   400.3   454.9   548.3   759.2  5178.3  19399.3
Local QPS = 19456.7 (194567 / 10.0s) - 194567.0, 0.0
#type       avg     std     min      p5     p10     p50     p67     p75     p80     p85     p90     p95     p99    p999   p9999 QPS
read      376.8   297.2    86.8   146.3   163.7   278.9   361.4   425.0   483.0   576.6   730.9   978.3  1531.6  2344.7  3566.6  19456.7
Local QPS = 19390.5 (193905 / 10.0s) - 193905.0, 0.0
#type       avg     std     min      p5     p10     p50     p67     p75     p80     p85     p90     p95     p99    p999   p9999 QPS
read      474.3   342.7    93.8   166.9   190.5   362.1   503.4   606.4   683.9   779.6   908.4  1120.4  1633.2  2435.6  8370.0  19390.5
Local QPS = 19428.3 (194283 / 10.0s) - 194283.0, 0.0
#type       avg     std     min      p5     p10     p50     p67     p75     p80     p85     p90     p95     p99    p999   p9999 QPS
read      490.7   344.8    93.8   175.8   200.1   372.3   512.9   622.1   708.4   812.9   949.0  1176.2  1683.3  2407.2  5047.7  19428.3
Local QPS = 19371.9 (193719 / 10.0s) - 193719.0, 0.0
#type       avg     std     min      p5     p10     p50     p67     p75     p80     p85     p90     p95     p99    p999   p9999 QPS
read      437.4   324.1    86.8   159.4   179.6   322.7   441.6   539.0   621.9   728.6   866.7  1086.5  1569.7  2284.4  6741.6  19371.9
Local QPS = 18601.8 (186018 / 10.0s) - 186018.0, 0.0
#type       avg     std     min      p5     p10     p50     p67     p75     p80     p85     p90     p95     p99    p999   p9999 QPS
read      601.1   762.6    93.8   170.7   195.4   398.5   574.2   691.6   794.9   928.9  1120.8  1453.1  4418.0  9156.7 14255.8  18601.8
Local QPS = 19408.7 (194087 / 10.0s) - 194087.0, 0.0
#type       avg     std     min      p5     p10     p50     p67     p75     p80     p85     p90     p95     p99    p999   p9999 QPS
read      687.6   707.7    93.8   200.5   233.2   476.2   668.2   831.1   955.1  1100.3  1287.5  1648.6  4540.1  6753.3  8076.9  19408.7
Local QPS = 19431.5 (194315 / 10.0s) - 194315.0, 0.0
#type       avg     std     min      p5     p10     p50     p67     p75     p80     p85     p90     p95     p99    p999   p9999 QPS
read      666.4   687.7    93.8   197.5   228.8   448.0   620.0   793.9   936.9  1098.2  1296.9  1666.1  4269.5  6568.2  8511.0  19431.5
Local QPS = 18676.9 (186769 / 10.0s) - 186769.0, 0.0
#type       avg     std     min      p5     p10     p50     p67     p75     p80     p85     p90     p95     p99    p999   p9999 QPS
read      836.5   765.1   101.3   272.5   305.3   594.6   852.2  1077.2  1221.7  1378.7  1582.7  1981.2  4710.9  6800.7  9846.4  18676.9
Local QPS = 19446.3 (194464 / 10.0s) - 194464.0, 0.0
#type       avg     std     min      p5     p10     p50     p67     p75     p80     p85     p90     p95     p99    p999   p9999 QPS
read      767.0   761.7   101.3   237.5   276.2   521.0   715.8   923.4  1094.4  1277.1  1489.6  1901.2  4604.2  7209.1  9279.2  19446.3
Local QPS = 19515.9 (195159 / 10.0s) - 195159.0, 0.0
#type       avg     std     min      p5     p10     p50     p67     p75     p80     p85     p90     p95     p99    p999   p9999 QPS
read      575.5   902.8    86.8   172.8   196.8   345.7   444.0   506.2   553.8   618.9   790.1  1303.6  5267.4  7111.0 10661.2  19515.9
Local QPS = 19415.7 (194157 / 10.0s) - 194157.0, 0.0
#type       avg     std     min      p5     p10     p50     p67     p75     p80     p85     p90     p95     p99    p999   p9999 QPS
read      575.3   853.2    86.8   176.3   202.6   359.2   456.9   517.4   563.0   627.3   783.7  1336.5  4662.9  6918.0  7480.0  19415.7
Local QPS = 19450.7 (194507 / 10.0s) - 194507.0, 0.0
#type       avg     std     min      p5     p10     p50     p67     p75     p80     p85     p90     p95     p99    p999   p9999 QPS
read      568.2   846.8    93.8   173.1   198.3   355.5   457.4   522.9   573.9   641.4   795.3  1257.0  4789.9  6918.5  8643.6  19450.7
Local QPS = 19475.2 (194752 / 10.0s) - 194752.0, 0.0
#type       avg     std     min      p5     p10     p50     p67     p75     p80     p85     p90     p95     p99    p999   p9999 QPS
read      575.9   915.8    93.8   169.6   193.1   341.1   437.5   496.7   540.3   607.0   798.3  1332.4  5351.5  7095.2  8712.9  19475.2
Local QPS = 19518.3 (195183 / 10.0s) - 195183.0, 0.0
#type       avg     std     min      p5     p10     p50     p67     p75     p80     p85     p90     p95     p99    p999   p9999 QPS
read      577.8   938.0    93.8   168.9   190.7   329.5   419.5   471.3   512.8   578.1   813.1  1580.1  5219.3  7202.1  7986.6  19518.3
Local QPS = 19487.6 (194876 / 10.0s) - 194876.0, 0.0
#type       avg     std     min      p5     p10     p50     p67     p75     p80     p85     p90     p95     p99    p999   p9999 QPS
read      578.7   892.6    93.8   174.9   199.1   351.5   451.2   509.3   552.9   616.5   770.1  1358.3  5071.9  7037.5  8205.9  19487.6
Local QPS = 19426.2 (194262 / 10.0s) - 194262.0, 0.0
#type       avg     std     min      p5     p10     p50     p67     p75     p80     p85     p90     p95     p99    p999   p9999 QPS
read      579.7   901.8    86.8   173.8   198.6   347.5   444.3   503.2   547.8   613.4   779.0  1391.9  5212.6  6956.7  7527.8  19426.2
Local QPS = 19493.9 (194939 / 10.0s) - 194939.0, 0.0
#type       avg     std     min      p5     p10     p50     p67     p75     p80     p85     p90     p95     p99    p999   p9999 QPS
read      328.6   544.2    86.8   140.8   155.0   243.0   290.3   320.7   345.9   375.7   414.8   475.9  3925.1  6466.0  7477.3  19493.9
Local QPS = 19467.8 (194678 / 10.0s) - 194678.0, 0.0
#type       avg     std     min      p5     p10     p50     p67     p75     p80     p85     p90     p95     p99    p999   p9999 QPS
read      261.3   182.0    86.8   135.4   147.7   236.9   285.0   314.0   336.4   364.1   398.4   448.5   562.1  1730.5  8312.7  19467.8
Local QPS = 19433.9 (194339 / 10.0s) - 194339.0, 0.0
#type       avg     std     min      p5     p10     p50     p67     p75     p80     p85     p90     p95     p99    p999   p9999 QPS
read      277.0   145.8    86.8   142.3   157.8   250.9   301.2   333.5   358.4   388.4   426.6   484.3   625.7  1250.1  4045.0  19433.9
Local QPS = 19468.8 (194688 / 10.0s) - 194688.0, 0.0
#type       avg     std     min      p5     p10     p50     p67     p75     p80     p85     p90     p95     p99    p999   p9999 QPS
read      231.3   124.3    86.8   131.3   143.5   211.7   247.2   270.3   289.4   315.1   350.3   397.6   472.4   664.8  3288.7  19468.8
Local QPS = 19425.0 (194250 / 10.0s) - 194250.0, 0.0
#type       avg     std     min      p5     p10     p50     p67     p75     p80     p85     p90     p95     p99    p999   p9999 QPS
read      257.3   142.4    93.8   139.9   154.0   237.9   281.0   306.5   326.4   352.4   386.8   434.9   524.6   789.1  8011.0  19425.0
Local QPS = 19467.8 (194678 / 10.0s) - 194678.0, 0.0
#type       avg     std     min      p5     p10     p50     p67     p75     p80     p85     p90     p95     p99    p999   p9999 QPS
read      250.3   120.1    80.4   134.6   148.6   228.8   270.4   296.9   318.5   346.5   384.3   436.5   535.3   736.1  3291.7  19467.8
Local QPS = 19526.1 (195261 / 10.0s) - 195261.0, 0.0
#type       avg     std     min      p5     p10     p50     p67     p75     p80     p85     p90     p95     p99    p999   p9999 QPS
read      282.2   123.8    93.8   148.7   165.1   262.7   311.9   340.8   363.1   390.1   425.1   477.8   589.8   824.4  2978.2  19526.1
Local QPS = 19427.8 (194278 / 10.0s) - 194278.0, 0.0
#type       avg     std     min      p5     p10     p50     p67     p75     p80     p85     p90     p95     p99    p999   p9999 QPS
read      246.8   119.1    86.8   139.8   154.0   225.8   262.0   286.7   308.0   337.1   376.3   427.9   507.5   673.0  2484.5  19427.8
Local QPS = 19440.7 (194407 / 10.0s) - 194407.0, 0.0
#type       avg     std     min      p5     p10     p50     p67     p75     p80     p85     p90     p95     p99    p999   p9999 QPS
read      257.8   158.7    80.4   140.1   153.9   234.2   277.0   304.8   326.7   355.5   394.2   448.9   540.0   738.8  7134.1  19440.7
Local QPS = 19512.7 (195127 / 10.0s) - 195127.0, 0.0
#type       avg     std     min      p5     p10     p50     p67     p75     p80     p85     p90     p95     p99    p999   p9999 QPS
read      259.2   135.6    93.8   143.6   158.1   237.4   279.7   306.7   328.2   356.4   394.1   446.3   538.8   692.0  2718.4  19512.7
Local QPS = 19518.9 (195189 / 10.0s) - 195189.0, 0.0
#type       avg     std     min      p5     p10     p50     p67     p75     p80     p85     p90     p95     p99    p999   p9999 QPS
read      267.9   107.4    86.8   144.3   160.5   247.2   292.7   320.7   343.5   371.8   409.4   461.9   545.6   688.2  2287.1  19518.9
Local QPS = 19581.7 (195817 / 10.0s) - 195817.0, 0.0
#type       avg     std     min      p5     p10     p50     p67     p75     p80     p85     p90     p95     p99    p999   p9999 QPS
read      283.5   140.2    86.8   151.8   167.4   262.1   311.7   341.5   364.9   392.6   427.8   479.8   584.9   856.7  5382.7  19581.7
Local QPS = 19518.4 (195184 / 10.0s) - 195184.0, 0.0
#type       avg     std     min      p5     p10     p50     p67     p75     p80     p85     p90     p95     p99    p999   p9999 QPS
read      259.0   122.0    93.8   141.5   156.2   237.1   278.6   305.7   327.8   357.1   396.2   451.0   542.4   742.0  2626.6  19518.4
Local QPS = 19585.6 (195856 / 10.0s) - 195856.0, 0.0
#type       avg     std     min      p5     p10     p50     p67     p75     p80     p85     p90     p95     p99    p999   p9999 QPS
read      271.3   150.7    86.8   143.8   158.7   246.6   293.8   323.2   346.7   377.0   417.4   477.4   586.9   793.4  6254.9  19585.6
Local QPS = 19516.3 (195163 / 10.0s) - 195163.0, 0.0
#type       avg     std     min      p5     p10     p50     p67     p75     p80     p85     p90     p95     p99    p999   p9999 QPS
read      246.2   104.0    86.8   135.4   149.1   224.9   264.0   289.4   310.6   339.5   380.0   435.5   526.5   672.7  2461.0  19516.3
Local QPS = 19519.1 (195191 / 10.0s) - 195191.0, 0.0
#type       avg     std     min      p5     p10     p50     p67     p75     p80     p85     p90     p95     p99    p999   p9999 QPS
read      255.5   116.9    86.8   138.9   152.6   235.4   278.1   304.5   325.0   351.6   387.3   436.9   529.2   705.0  4622.5  19519.1
Local QPS = 19560.4 (195604 / 10.0s) - 195604.0, 0.0
#type       avg     std     min      p5     p10     p50     p67     p75     p80     p85     p90     p95     p99    p999   p9999 QPS
read      255.8   125.6    86.8   139.4   153.4   234.9   277.8   304.5   325.2   352.1   388.1   439.2   533.6   736.3  2742.3  19560.4
Local QPS = 19464.2 (194642 / 10.0s) - 194642.0, 0.0
#type       avg     std     min      p5     p10     p50     p67     p75     p80     p85     p90     p95     p99    p999   p9999 QPS
read      265.6   133.6    86.8   144.0   158.6   245.8   292.0   318.6   339.9   366.1   399.5   450.0   542.2   745.2  2883.5  19464.2
Local QPS = 19485.0 (194850 / 10.0s) - 194850.0, 0.0
#type       avg     std     min      p5     p10     p50     p67     p75     p80     p85     p90     p95     p99    p999   p9999 QPS
read      258.6   121.8    86.8   138.2   152.0   238.5   284.3   311.3   332.1   357.9   391.7   441.0   540.6   751.9  4916.1  19485.0
Local QPS = 19574.4 (195744 / 10.0s) - 195744.0, 0.0
#type       avg     std     min      p5     p10     p50     p67     p75     p80     p85     p90     p95     p99    p999   p9999 QPS
read      239.6   105.9    80.4   131.7   144.4   219.8   258.7   283.1   302.8   329.6   367.5   420.5   506.0   666.3  2295.2  19574.4
Connection.cc(489): BEV_EVENT_ERROR for 100.96.2.9:11211 : Connection reset by peer
Connection.cc(489): BEV_EVENT_ERROR for 100.96.2.9:11211 : Connection reset by peer
Connection.cc(489): BEV_EVENT_ERROR for 100.96.2.9:11211 : Connection reset by peer

Recommendation: To check for possible causes of SSH connectivity issues and get
recommendations, rerun the ssh command with the --troubleshoot option.

gcloud compute ssh client-agent-b-5c42 --project=cca-eth-2024-group-022 --zone=europe-west3-a --ssh-key-file=/Users/JoelBucher/.ssh/cloud-computing --troubleshoot

Or, to investigate an IAP tunneling issue:

gcloud compute ssh client-agent-b-5c42 --project=cca-eth-2024-group-022 --zone=europe-west3-a --ssh-key-file=/Users/JoelBucher/.ssh/cloud-computing --troubleshoot --tunnel-through-iap

ERROR: (gcloud.compute.ssh) [/usr/bin/ssh] exited with return code [255].
