Pseudo-terminal will not be allocated because stdin is not a terminal.
Local QPS = 9641.7 (96417 / 10.0s) - 96417.0, 0.0
#type       avg     std     min      p5     p10     p50     p67     p75     p80     p85     p90     p95     p99    p999   p9999 QPS
read      288.1   171.9    86.8   150.0   167.5   266.1   313.0   340.5   363.1   390.8   426.3   483.6   633.7  1657.0  7974.2   9641.7
Local QPS = 9692.9 (96930 / 10.0s) - 96930.0, 0.0
#type       avg     std     min      p5     p10     p50     p67     p75     p80     p85     p90     p95     p99    p999   p9999 QPS
read      266.7   148.0    80.4   142.6   159.1   248.8   292.2   316.5   334.5   356.4   386.4   431.5   545.4  1570.7  6299.1   9692.9
Local QPS = 9670.5 (96705 / 10.0s) - 96705.0, 0.0
#type       avg     std     min      p5     p10     p50     p67     p75     p80     p85     p90     p95     p99    p999   p9999 QPS
read      263.7   155.9    80.4   142.6   159.1   246.2   288.4   311.9   329.1   349.6   379.1   426.2   537.3  1596.5  8174.9   9670.5
Local QPS = 9680.1 (96802 / 10.0s) - 96802.0, 0.0
#type       avg     std     min      p5     p10     p50     p67     p75     p80     p85     p90     p95     p99    p999   p9999 QPS
read      261.1   681.3    80.4   138.1   154.0   243.2   285.6   308.6   325.0   345.2   374.0   419.8   521.1  1363.1  8865.3   9680.1
Local QPS = 9686.9 (96869 / 10.0s) - 96869.0, 0.0
#type       avg     std     min      p5     p10     p50     p67     p75     p80     p85     p90     p95     p99    p999   p9999 QPS
read      247.2   163.0    80.4   133.2   147.4   228.2   269.8   293.3   310.4   330.9   359.6   405.3   508.1  1699.9  8207.1   9686.9
Local QPS = 9630.0 (96300 / 10.0s) - 96300.0, 0.0
#type       avg     std     min      p5     p10     p50     p67     p75     p80     p85     p90     p95     p99    p999   p9999 QPS
read      267.2   690.6    80.4   143.1   158.1   243.3   287.6   312.7   331.6   355.2   387.7   439.6   573.1  1515.6  7486.0   9630.0
Local QPS = 9629.5 (96295 / 10.0s) - 96295.0, 0.0
#type       avg     std     min      p5     p10     p50     p67     p75     p80     p85     p90     p95     p99    p999   p9999 QPS
read      282.7   961.6    80.4   145.5   163.1   256.7   301.5   328.0   348.1   374.9   411.8   468.4   613.8  1474.0  9533.7   9629.5
Local QPS = 9648.1 (96481 / 10.0s) - 96481.0, 0.0
#type       avg     std     min      p5     p10     p50     p67     p75     p80     p85     p90     p95     p99    p999   p9999 QPS
read      272.6  1167.7    86.8   143.5   159.8   246.4   290.3   314.7   333.0   355.7   387.2   434.8   564.0  1736.2  7415.7   9648.1
Local QPS = 9690.8 (96908 / 10.0s) - 96908.0, 0.0
#type       avg     std     min      p5     p10     p50     p67     p75     p80     p85     p90     p95     p99    p999   p9999 QPS
read      253.8   675.5    80.4   136.7   151.8   234.1   275.9   300.1   317.2   338.1   366.3   412.2   513.5  1227.4  5287.0   9690.8
Local QPS = 9687.8 (96878 / 10.0s) - 96878.0, 0.0
#type       avg     std     min      p5     p10     p50     p67     p75     p80     p85     p90     p95     p99    p999   p9999 QPS
read      262.2   178.8    80.4   140.0   154.8   235.9   277.9   301.9   319.7   343.2   376.6   439.4   686.5  2038.8  7222.2   9687.8
Local QPS = 9681.4 (96814 / 10.0s) - 96814.0, 0.0
#type       avg     std     min      p5     p10     p50     p67     p75     p80     p85     p90     p95     p99    p999   p9999 QPS
read      278.1  1505.0    86.8   141.0   157.0   244.3   289.0   314.4   333.9   358.7   394.1   453.5   603.9  1568.9 10149.5   9681.4
Local QPS = 9702.8 (97028 / 10.0s) - 97028.0, 0.0
#type       avg     std     min      p5     p10     p50     p67     p75     p80     p85     p90     p95     p99    p999   p9999 QPS
read      269.4  1637.4    80.4   137.2   152.9   239.5   282.5   306.4   322.8   343.7   371.7   417.8   510.8  1592.3  9094.4   9702.8
Local QPS = 9654.8 (96548 / 10.0s) - 96548.0, 0.0
#type       avg     std     min      p5     p10     p50     p67     p75     p80     p85     p90     p95     p99    p999   p9999 QPS
read      251.8   172.7    86.8   140.3   154.4   233.0   274.5   297.7   314.4   333.7   359.2   401.0   500.4  1413.4  8073.4   9654.8
Local QPS = 9705.1 (97051 / 10.0s) - 97051.0, 0.0
#type       avg     std     min      p5     p10     p50     p67     p75     p80     p85     p90     p95     p99    p999   p9999 QPS
read      260.1   133.8    80.4   143.0   159.8   244.3   284.7   306.7   321.7   342.1   369.4   416.3   525.5  1403.8  4699.5   9705.1
Local QPS = 9684.6 (96846 / 10.0s) - 96846.0, 0.0
#type       avg     std     min      p5     p10     p50     p67     p75     p80     p85     p90     p95     p99    p999   p9999 QPS
read      268.2   166.3    86.8   147.4   162.5   247.5   290.6   314.8   332.7   354.2   384.7   436.0   566.8  1956.5  7772.8   9684.6
Local QPS = 9721.8 (97218 / 10.0s) - 97218.0, 0.0
#type       avg     std     min      p5     p10     p50     p67     p75     p80     p85     p90     p95     p99    p999   p9999 QPS
read      262.5   168.0    80.4   140.7   157.5   245.6   287.6   310.5   326.8   345.8   372.9   419.7   529.7  1705.3  7732.5   9721.8
Local QPS = 9655.3 (96553 / 10.0s) - 96553.0, 0.0
#type       avg     std     min      p5     p10     p50     p67     p75     p80     p85     p90     p95     p99    p999   p9999 QPS
read      272.4   167.3    86.8   148.5   163.1   250.1   296.1   322.3   341.7   366.4   399.4   455.4   590.0  1413.0  8648.1   9655.3
Local QPS = 9696.3 (96963 / 10.0s) - 96963.0, 0.0
#type       avg     std     min      p5     p10     p50     p67     p75     p80     p85     p90     p95     p99    p999   p9999 QPS
read      282.2   680.7    86.8   149.1   165.8   261.0   306.6   332.0   350.5   374.2   407.0   460.7   584.7  1796.5  5794.6   9696.3
Local QPS = 9753.1 (97531 / 10.0s) - 97531.0, 0.0
#type       avg     std     min      p5     p10     p50     p67     p75     p80     p85     p90     p95     p99    p999   p9999 QPS
read      251.8   142.7    80.4   141.0   155.3   233.1   274.0   297.2   314.0   333.5   359.6   402.3   509.6  1535.7  7147.4   9753.1
Local QPS = 9714.8 (97148 / 10.0s) - 97148.0, 0.0
#type       avg     std     min      p5     p10     p50     p67     p75     p80     p85     p90     p95     p99    p999   p9999 QPS
read      261.5   170.5    80.4   142.2   158.7   242.3   283.6   307.4   324.4   344.8   374.0   424.8   549.1  1420.5  8537.8   9714.8
Local QPS = 9730.0 (97300 / 10.0s) - 97300.0, 0.0
#type       avg     std     min      p5     p10     p50     p67     p75     p80     p85     p90     p95     p99    p999   p9999 QPS
read      252.8   145.1    74.4   143.0   157.9   234.6   274.1   296.4   312.9   332.3   358.6   403.7   523.6  1413.2  7053.4   9730.0
Local QPS = 9654.0 (96540 / 10.0s) - 96540.0, 0.0
#type       avg     std     min      p5     p10     p50     p67     p75     p80     p85     p90     p95     p99    p999   p9999 QPS
read      259.7   131.8    80.4   139.1   155.6   243.0   284.8   308.4   325.2   345.1   373.2   421.4   534.4  1600.1  4880.6   9654.0
Local QPS = 9687.2 (96873 / 10.0s) - 96873.0, 0.0
#type       avg     std     min      p5     p10     p50     p67     p75     p80     p85     p90     p95     p99    p999   p9999 QPS
read      371.8   742.8    86.8   149.8   167.5   278.7   345.0   401.1   457.5   540.9   684.4   943.6  1493.4  2521.2 10796.4   9687.2
Local QPS = 9711.6 (97116 / 10.0s) - 97116.0, 0.0
#type       avg     std     min      p5     p10     p50     p67     p75     p80     p85     p90     p95     p99    p999   p9999 QPS
read      441.5   386.6    80.4   153.5   174.8   324.2   445.6   534.1   608.9   708.7   854.2  1109.1  1667.9  2667.4 11655.8   9711.6
Local QPS = 9707.6 (97076 / 10.0s) - 97076.0, 0.0
#type       avg     std     min      p5     p10     p50     p67     p75     p80     p85     p90     p95     p99    p999   p9999 QPS
read      458.3   375.5    86.8   157.0   179.9   338.5   468.1   561.7   640.6   741.6   886.3  1139.8  1727.2  2960.7  8569.9   9707.6
Local QPS = 9768.7 (97688 / 10.0s) - 97688.0, 0.0
#type       avg     std     min      p5     p10     p50     p67     p75     p80     p85     p90     p95     p99    p999   p9999 QPS
read      416.7   351.9    86.8   151.4   172.6   308.4   418.2   504.8   572.2   660.6   788.4  1015.4  1571.6  3783.4  9223.2   9768.7
Local QPS = 9153.5 (91535 / 10.0s) - 91535.0, 0.0
#type       avg     std     min      p5     p10     p50     p67     p75     p80     p85     p90     p95     p99    p999   p9999 QPS
read      592.4   794.4    80.4   153.6   177.8   374.7   552.1   669.5   774.8   927.3  1142.4  1494.7  4716.3  9285.6 12695.1   9153.5
Local QPS = 9716.1 (97161 / 10.0s) - 97161.0, 0.0
#type       avg     std     min      p5     p10     p50     p67     p75     p80     p85     p90     p95     p99    p999   p9999 QPS
read      677.4   731.1    86.8   190.8   224.7   460.4   660.5   824.4   945.1  1086.5  1271.2  1596.3  4793.1  7178.0  9451.5   9716.1
Local QPS = 9680.3 (96803 / 10.0s) - 96803.0, 0.0
#type       avg     std     min      p5     p10     p50     p67     p75     p80     p85     p90     p95     p99    p999   p9999 QPS
read      668.8   711.4    93.8   192.3   224.7   446.3   626.8   797.9   942.1  1099.9  1289.0  1660.0  4631.1  6764.0  9433.7   9680.3
Local QPS = 9036.2 (90362 / 10.0s) - 90362.0, 0.0
#type       avg     std     min      p5     p10     p50     p67     p75     p80     p85     p90     p95     p99    p999   p9999 QPS
read      867.5  1055.2    93.8   270.0   304.8   619.4   888.0  1106.2  1254.4  1413.0  1622.9  2071.2  4877.0  7259.1 11068.3   9036.2
Local QPS = 9540.1 (95401 / 10.0s) - 95401.0, 0.0
#type       avg     std     min      p5     p10     p50     p67     p75     p80     p85     p90     p95     p99    p999   p9999 QPS
read      787.6   823.4    93.8   214.2   257.7   526.6   742.0   961.6  1125.9  1311.9  1532.3  2014.8  4914.9  7941.0 10150.4   9540.1
Local QPS = 9646.2 (96462 / 10.0s) - 96462.0, 0.0
#type       avg     std     min      p5     p10     p50     p67     p75     p80     p85     p90     p95     p99    p999   p9999 QPS
read      574.3   922.7    86.8   163.7   188.3   334.9   427.4   490.7   540.5   620.3   861.9  1307.4  5005.1  6942.6  8592.4   9646.2
Local QPS = 9704.2 (97042 / 10.0s) - 97042.0, 0.0
#type       avg     std     min      p5     p10     p50     p67     p75     p80     p85     p90     p95     p99    p999   p9999 QPS
read      583.9   912.7    86.8   167.0   192.8   350.0   451.1   515.0   567.3   642.8   853.4  1350.4  4996.5  7102.7 10374.3   9704.2
Local QPS = 9721.5 (97215 / 10.0s) - 97215.0, 0.0
#type       avg     std     min      p5     p10     p50     p67     p75     p80     p85     p90     p95     p99    p999   p9999 QPS
read      565.6   872.6    80.4   168.9   195.1   345.6   435.6   499.7   550.0   629.6   842.7  1279.7  4861.9  6865.3 10291.1   9721.5
Local QPS = 9666.0 (96660 / 10.0s) - 96660.0, 0.0
#type       avg     std     min      p5     p10     p50     p67     p75     p80     p85     p90     p95     p99    p999   p9999 QPS
read      571.4   942.9    80.4   162.6   187.0   327.0   415.5   472.3   517.2   585.3   827.3  1343.3  5026.9  6959.0  8105.7   9666.0
Local QPS = 9745.1 (97451 / 10.0s) - 97451.0, 0.0
#type       avg     std     min      p5     p10     p50     p67     p75     p80     p85     p90     p95     p99    p999   p9999 QPS
read      573.6   978.9    86.8   156.7   178.6   312.4   402.8   458.6   503.1   578.8   871.8  1423.0  5028.4  7365.0 10920.4   9745.1
Local QPS = 9806.4 (98064 / 10.0s) - 98064.0, 0.0
#type       avg     std     min      p5     p10     p50     p67     p75     p80     p85     p90     p95     p99    p999   p9999 QPS
read      576.7   937.0    86.8   166.4   191.6   337.7   430.6   491.1   539.7   610.1   828.3  1342.2  5041.7  7179.9 11116.1   9806.4
Local QPS = 9761.4 (97626 / 10.0s) - 97626.0, 0.0
#type       avg     std     min      p5     p10     p50     p67     p75     p80     p85     p90     p95     p99    p999   p9999 QPS
read      577.7   931.6    86.8   166.0   191.1   334.0   427.4   489.6   539.6   614.8   862.2  1353.0  5003.7  7022.8  9359.4   9761.4
Local QPS = 9664.8 (96648 / 10.0s) - 96648.0, 0.0
#type       avg     std     min      p5     p10     p50     p67     p75     p80     p85     p90     p95     p99    p999   p9999 QPS
read      314.6   568.9    86.8   138.3   152.4   231.0   272.9   298.1   317.8   343.1   380.1   451.9  4345.0  6843.8 11401.5   9664.8
Local QPS = 9731.9 (97319 / 10.0s) - 97319.0, 0.0
#type       avg     std     min      p5     p10     p50     p67     p75     p80     p85     p90     p95     p99    p999   p9999 QPS
read      244.2   962.3    80.4   128.9   140.7   212.0   253.0   278.9   297.4   320.6   353.2   410.3   561.2  3093.4  8968.6   9731.9
Local QPS = 9727.4 (97274 / 10.0s) - 97274.0, 0.0
#type       avg     std     min      p5     p10     p50     p67     p75     p80     p85     p90     p95     p99    p999   p9999 QPS
read      256.1   198.3    86.8   140.4   154.1   227.4   267.9   292.1   310.8   334.5   369.2   434.3   633.2  2950.7  8443.6   9727.4
Local QPS = 9762.6 (97626 / 10.0s) - 97626.0, 0.0
#type       avg     std     min      p5     p10     p50     p67     p75     p80     p85     p90     p95     p99    p999   p9999 QPS
read      237.7  1636.6    80.4   128.5   141.5   208.2   242.0   263.1   277.8   295.4   318.2   356.6   460.4  1663.2  8216.4   9762.6
Local QPS = 9666.9 (96669 / 10.0s) - 96669.0, 0.0
#type       avg     std     min      p5     p10     p50     p67     p75     p80     p85     p90     p95     p99    p999   p9999 QPS
read      234.0   124.5    80.4   131.1   144.6   218.4   255.1   276.4   292.2   311.1   336.0   377.0   483.0  1021.2  4366.3   9666.9
Local QPS = 9755.5 (97555 / 10.0s) - 97555.0, 0.0
#type       avg     std     min      p5     p10     p50     p67     p75     p80     p85     p90     p95     p99    p999   p9999 QPS
read      244.9   154.9    80.4   137.7   151.4   226.1   265.8   288.5   305.3   325.3   351.1   394.5   499.5  1539.0  7988.0   9755.5
Local QPS = 9784.3 (97843 / 10.0s) - 97843.0, 0.0
#type       avg     std     min      p5     p10     p50     p67     p75     p80     p85     p90     p95     p99    p999   p9999 QPS
read      270.1   158.8    80.4   145.4   162.4   253.1   295.4   319.2   336.8   358.2   388.1   436.8   569.8  1410.1  7682.8   9784.3
Local QPS = 9764.1 (97641 / 10.0s) - 97641.0, 0.0
#type       avg     std     min      p5     p10     p50     p67     p75     p80     p85     p90     p95     p99    p999   p9999 QPS
read      251.2   181.5    74.4   140.0   155.1   232.8   271.8   293.8   310.6   330.1   354.9   397.0   504.3  1821.1  9635.0   9764.1
Local QPS = 9681.5 (96815 / 10.0s) - 96815.0, 0.0
#type       avg     std     min      p5     p10     p50     p67     p75     p80     p85     p90     p95     p99    p999   p9999 QPS
read      251.1   202.5    80.4   134.9   149.8   230.8   272.8   296.9   314.5   334.5   359.9   401.2   504.2  2002.6  8441.1   9681.5
Local QPS = 9644.2 (96456 / 10.0s) - 96456.0, 0.0
#type       avg     std     min      p5     p10     p50     p67     p75     p80     p85     p90     p95     p99    p999   p9999 QPS
read      549.4   798.0    86.8   149.8   166.9   323.6   440.5   514.8   580.8   677.6   865.8  2379.3  3871.5  8454.1 14920.9   9644.2
Local QPS = 8941.3 (89427 / 10.0s) - 89427.0, 0.0
#type       avg     std     min      p5     p10     p50     p67     p75     p80     p85     p90     p95     p99    p999   p9999 QPS
read      659.6   806.6    86.8   149.3   175.5   422.4   556.5   644.6   722.2   846.7  1211.4  2688.4  3598.0  7638.8 12324.7   8941.3
Local QPS = 9738.3 (97383 / 10.0s) - 97383.0, 0.0
#type       avg     std     min      p5     p10     p50     p67     p75     p80     p85     p90     p95     p99    p999   p9999 QPS
read      492.4   686.6    80.4   146.9   167.6   318.8   430.0   506.0   570.7   656.3   799.3  1323.1  3190.4  9463.6 13643.1   9738.3
Local QPS = 9707.4 (97074 / 10.0s) - 97074.0, 0.0
#type       avg     std     min      p5     p10     p50     p67     p75     p80     p85     p90     p95     p99    p999   p9999 QPS
read      266.5   149.0    80.4   146.2   163.0   250.4   291.5   314.3   331.0   350.3   376.4   423.2   539.9  1496.7  6348.3   9707.4
Local QPS = 9694.0 (96940 / 10.0s) - 96940.0, 0.0
#type       avg     std     min      p5     p10     p50     p67     p75     p80     p85     p90     p95     p99    p999   p9999 QPS
read      269.3   182.8    86.8   143.1   160.9   250.3   291.3   314.5   332.4   354.1   384.1   435.6   561.0  2038.8  8408.2   9694.0
Local QPS = 9709.6 (97137 / 10.0s) - 97137.0, 0.0
#type       avg     std     min      p5     p10     p50     p67     p75     p80     p85     p90     p95     p99    p999   p9999 QPS
read      254.4   143.8    80.4   136.9   153.1   235.7   278.8   303.6   320.9   341.6   368.2   414.9   514.9  1439.1  7337.0   9709.6
Local QPS = 9746.1 (97461 / 10.0s) - 97461.0, 0.0
#type       avg     std     min      p5     p10     p50     p67     p75     p80     p85     p90     p95     p99    p999   p9999 QPS
read      245.3   145.9    74.4   134.3   149.1   227.5   267.2   290.1   306.9   326.4   352.7   398.1   505.8  1346.2  7048.9   9746.1
Local QPS = 9749.3 (97494 / 10.0s) - 97494.0, 0.0
#type       avg     std     min      p5     p10     p50     p67     p75     p80     p85     p90     p95     p99    p999   p9999 QPS
read      251.5   199.4    86.8   143.9   158.7   231.9   268.9   290.3   306.1   324.5   349.6   394.1   507.6  1816.3 10139.2   9749.3
Local QPS = 9739.4 (97394 / 10.0s) - 97394.0, 0.0
#type       avg     std     min      p5     p10     p50     p67     p75     p80     p85     p90     p95     p99    p999   p9999 QPS
read      248.0   137.1    86.8   137.0   151.8   231.1   269.3   291.0   307.0   325.7   352.2   398.5   523.0  1525.5  4848.1   9739.4
Local QPS = 9813.5 (98135 / 10.0s) - 98135.0, 0.0
#type       avg     std     min      p5     p10     p50     p67     p75     p80     p85     p90     p95     p99    p999   p9999 QPS
read      253.1   199.1    80.4   138.1   152.5   231.5   271.2   293.5   310.3   330.2   357.0   402.7   554.0  2434.8  8652.3   9813.5
Local QPS = 9764.3 (97643 / 10.0s) - 97643.0, 0.0
#type       avg     std     min      p5     p10     p50     p67     p75     p80     p85     p90     p95     p99    p999   p9999 QPS
read      242.7   183.5    80.4   137.6   151.1   223.4   262.1   284.9   301.0   319.3   343.0   381.1   485.4  1771.6  9538.3   9764.3
Connection.cc(489): BEV_EVENT_ERROR for 100.96.2.9:11211 : Connection reset by peer
Connection.cc(489): BEV_EVENT_ERROR for 100.96.2.9:11211 : Connection reset by peer

Recommendation: To check for possible causes of SSH connectivity issues and get
recommendations, rerun the ssh command with the --troubleshoot option.

gcloud compute ssh client-agent-a-mq9t --project=cca-eth-2024-group-022 --zone=europe-west3-a --ssh-key-file=/Users/JoelBucher/.ssh/cloud-computing --troubleshoot

Or, to investigate an IAP tunneling issue:

gcloud compute ssh client-agent-a-mq9t --project=cca-eth-2024-group-022 --zone=europe-west3-a --ssh-key-file=/Users/JoelBucher/.ssh/cloud-computing --troubleshoot --tunnel-through-iap

ERROR: (gcloud.compute.ssh) [/usr/bin/ssh] exited with return code [255].
