Pseudo-terminal will not be allocated because stdin is not a terminal.
Local QPS = 9651.7 (96517 / 10.0s) - 96517.0, 0.0
#type       avg     std     min      p5     p10     p50     p67     p75     p80     p85     p90     p95     p99    p999   p9999 QPS
read      353.3   281.1   160.7   222.2   236.2   310.9   353.0   379.0   399.6   427.6   470.0   557.8   907.5  4245.7  9749.5   9651.7
Local QPS = 9677.7 (96777 / 10.0s) - 96777.0, 0.0
#type       avg     std     min      p5     p10     p50     p67     p75     p80     p85     p90     p95     p99    p999   p9999 QPS
read      334.1   381.9   173.5   214.2   225.2   291.9   331.2   355.9   374.0   398.6   434.7   501.8   701.3  7281.5 13362.4   9677.7
Local QPS = 9655.9 (96559 / 10.0s) - 96559.0, 0.0
#type       avg     std     min      p5     p10     p50     p67     p75     p80     p85     p90     p95     p99    p999   p9999 QPS
read      355.5   465.8   160.7   213.0   224.7   297.4   341.9   369.9   392.6   422.5   468.6   553.5   870.6  8222.8 15212.3   9655.9
Local QPS = 9709.2 (97092 / 10.0s) - 97092.0, 0.0
#type       avg     std     min      p5     p10     p50     p67     p75     p80     p85     p90     p95     p99    p999   p9999 QPS
read      331.4   365.9   160.7   213.4   224.4   289.1   328.3   353.1   371.5   395.5   428.6   490.2   720.0  6652.0 12813.6   9709.2
Local QPS = 9630.5 (96305 / 10.0s) - 96305.0, 0.0
#type       avg     std     min      p5     p10     p50     p67     p75     p80     p85     p90     p95     p99    p999   p9999 QPS
read      326.5   240.8   160.7   212.6   224.1   291.9   331.7   356.5   374.9   399.6   434.9   503.2   705.2  4236.7  7512.8   9630.5
Local QPS = 9627.3 (96273 / 10.0s) - 96273.0, 0.0
#type       avg     std     min      p5     p10     p50     p67     p75     p80     p85     p90     p95     p99    p999   p9999 QPS
read      332.3   262.7   160.7   211.9   223.8   297.5   340.3   366.2   385.7   409.0   446.3   512.2   710.1  3933.6 10655.1   9627.3
Local QPS = 9711.8 (97118 / 10.0s) - 97118.0, 0.0
#type       avg     std     min      p5     p10     p50     p67     p75     p80     p85     p90     p95     p99    p999   p9999 QPS
read      323.2   256.9   160.7   211.4   223.0   289.5   328.9   353.3   371.4   394.7   427.7   491.2   688.0  3936.2  9633.3   9711.8
Local QPS = 9728.7 (97287 / 10.0s) - 97287.0, 0.0
#type       avg     std     min      p5     p10     p50     p67     p75     p80     p85     p90     p95     p99    p999   p9999 QPS
read      338.2   237.9   160.7   215.6   227.3   305.2   348.0   373.9   394.4   420.0   458.2   532.3   729.8  3682.2 10327.2   9728.7
Local QPS = 9679.3 (96793 / 10.0s) - 96793.0, 0.0
#type       avg     std     min      p5     p10     p50     p67     p75     p80     p85     p90     p95     p99    p999   p9999 QPS
read      319.2   277.1   173.5   217.4   225.9   284.6   320.7   344.2   362.4   384.5   416.5   469.4   629.4  4279.4 11599.7   9679.3
Local QPS = 9685.0 (96850 / 10.0s) - 96850.0, 0.0
#type       avg     std     min      p5     p10     p50     p67     p75     p80     p85     p90     p95     p99    p999   p9999 QPS
read      339.1   296.0   173.5   215.3   227.2   302.9   343.8   369.2   389.2   414.1   452.2   524.6   741.0  4426.2 11101.1   9685.0
Local QPS = 9628.8 (96288 / 10.0s) - 96288.0, 0.0
#type       avg     std     min      p5     p10     p50     p67     p75     p80     p85     p90     p95     p99    p999   p9999 QPS
read      337.6   232.7   160.7   218.9   231.2   305.2   345.0   369.3   388.0   410.5   444.7   512.7   755.1  3925.7  7701.6   9628.8
Local QPS = 9743.7 (97437 / 10.0s) - 97437.0, 0.0
#type       avg     std     min      p5     p10     p50     p67     p75     p80     p85     p90     p95     p99    p999   p9999 QPS
read      320.2   194.8   160.7   212.6   226.7   298.9   335.2   356.9   372.6   393.4   421.2   470.7   619.1  1590.4  9362.8   9743.7
Local QPS = 9732.3 (97323 / 10.0s) - 97323.0, 0.0
#type       avg     std     min      p5     p10     p50     p67     p75     p80     p85     p90     p95     p99    p999   p9999 QPS
read      326.0   166.5   160.7   213.8   228.2   305.4   342.9   365.3   381.8   401.4   431.0   485.6   635.8  2068.0  6436.1   9732.3
Local QPS = 9691.7 (96924 / 10.0s) - 96924.0, 0.0
#type       avg     std     min      p5     p10     p50     p67     p75     p80     p85     p90     p95     p99    p999   p9999 QPS
read      343.4   458.1   160.7   221.8   233.9   299.7   335.4   357.7   373.8   395.1   424.0   471.9   644.4  8476.1 16061.6   9691.7
Local QPS = 9703.5 (97035 / 10.0s) - 97035.0, 0.0
#type       avg     std     min      p5     p10     p50     p67     p75     p80     p85     p90     p95     p99    p999   p9999 QPS
read      333.6   186.5   173.5   223.0   237.1   313.1   350.3   372.6   389.8   409.2   436.2   487.6   618.8  2171.2  8054.3   9703.5
Local QPS = 9690.5 (96905 / 10.0s) - 96905.0, 0.0
#type       avg     std     min      p5     p10     p50     p67     p75     p80     p85     p90     p95     p99    p999   p9999 QPS
read      321.4   179.1   160.7   217.3   230.2   301.3   336.6   357.8   372.8   392.8   419.2   465.0   585.5  2288.6  8306.2   9690.5
Local QPS = 9689.4 (96894 / 10.0s) - 96894.0, 0.0
#type       avg     std     min      p5     p10     p50     p67     p75     p80     p85     p90     p95     p99    p999   p9999 QPS
read      328.7   172.7   160.7   220.5   234.3   307.0   343.7   366.0   382.6   402.5   432.4   487.6   634.5  2132.4  7408.0   9689.4
Local QPS = 9708.2 (97082 / 10.0s) - 97082.0, 0.0
#type       avg     std     min      p5     p10     p50     p67     p75     p80     p85     p90     p95     p99    p999   p9999 QPS
read      329.6   165.8   160.7   221.5   234.6   308.6   345.8   368.0   384.7   403.7   432.6   485.6   625.4  2212.2  7580.2   9708.2
Local QPS = 9692.9 (96929 / 10.0s) - 96929.0, 0.0
#type       avg     std     min      p5     p10     p50     p67     p75     p80     p85     p90     p95     p99    p999   p9999 QPS
read      325.1   179.2   173.5   224.8   238.1   303.0   337.9   359.8   375.3   396.4   424.6   471.3   593.8  2000.0  8422.9   9692.9
Local QPS = 9745.6 (97456 / 10.0s) - 97456.0, 0.0
#type       avg     std     min      p5     p10     p50     p67     p75     p80     p85     p90     p95     p99    p999   p9999 QPS
read      324.3   156.6   160.7   219.3   231.6   303.7   340.4   362.3   377.9   397.9   426.5   478.3   629.3  1658.0  7566.9   9745.6
Local QPS = 9704.3 (97043 / 10.0s) - 97043.0, 0.0
#type       avg     std     min      p5     p10     p50     p67     p75     p80     p85     p90     p95     p99    p999   p9999 QPS
read      327.5   193.9   160.7   214.0   228.7   305.9   343.5   366.2   382.9   402.6   432.4   486.5   631.7  2176.0  9018.1   9704.3
Local QPS = 9666.5 (96665 / 10.0s) - 96665.0, 0.0
#type       avg     std     min      p5     p10     p50     p67     p75     p80     p85     p90     p95     p99    p999   p9999 QPS
read      328.8   196.3   160.7   219.0   231.6   308.2   345.4   368.2   385.0   403.7   432.6   483.2   622.7  1906.1  9848.0   9666.5
Local QPS = 9660.9 (96610 / 10.0s) - 96610.0, 0.0
#type       avg     std     min      p5     p10     p50     p67     p75     p80     p85     p90     p95     p99    p999   p9999 QPS
read      326.0   181.8   160.7   211.5   226.5   306.9   344.3   366.7   383.0   401.8   429.8   476.7   614.4  2321.7  8421.7   9660.9
Local QPS = 9682.6 (96826 / 10.0s) - 96826.0, 0.0
#type       avg     std     min      p5     p10     p50     p67     p75     p80     p85     p90     p95     p99    p999   p9999 QPS
read      324.9   182.8   160.7   211.4   226.2   304.5   343.3   366.0   382.6   401.7   429.4   477.7   617.1  1957.6  8451.5   9682.6
Local QPS = 9713.4 (97134 / 10.0s) - 97134.0, 0.0
#type       avg     std     min      p5     p10     p50     p67     p75     p80     p85     p90     p95     p99    p999   p9999 QPS
read      320.0   158.1   160.7   208.8   223.8   300.4   337.7   359.4   374.2   394.9   422.9   470.3   620.8  1996.6  5465.1   9713.4
Local QPS = 9679.6 (96796 / 10.0s) - 96796.0, 0.0
#type       avg     std     min      p5     p10     p50     p67     p75     p80     p85     p90     p95     p99    p999   p9999 QPS
read      324.9   167.1   148.8   213.3   228.0   304.5   342.4   364.9   381.1   400.4   429.0   478.4   633.9  1952.4  6939.0   9679.6
Local QPS = 9674.6 (96746 / 10.0s) - 96746.0, 0.0
#type       avg     std     min      p5     p10     p50     p67     p75     p80     p85     p90     p95     p99    p999   p9999 QPS
read      328.5   196.0   160.7   214.5   228.6   307.4   345.6   368.1   384.7   403.4   432.4   482.8   623.3  2585.6  8866.6   9674.6
Local QPS = 9711.2 (97112 / 10.0s) - 97112.0, 0.0
#type       avg     std     min      p5     p10     p50     p67     p75     p80     p85     p90     p95     p99    p999   p9999 QPS
read      316.0   208.5   160.7   216.6   228.2   293.5   327.6   348.2   364.6   384.0   410.2   460.6   584.8  2435.5  9537.4   9711.2
Local QPS = 9698.6 (96986 / 10.0s) - 96986.0, 0.0
#type       avg     std     min      p5     p10     p50     p67     p75     p80     p85     p90     p95     p99    p999   p9999 QPS
read      319.1   174.1   173.5   218.4   229.7   297.3   333.0   354.5   370.9   391.6   419.2   466.7   590.4  2250.4  7868.0   9698.6
Local QPS = 9740.5 (97405 / 10.0s) - 97405.0, 0.0
#type       avg     std     min      p5     p10     p50     p67     p75     p80     p85     p90     p95     p99    p999   p9999 QPS
read      325.6   193.2   160.7   215.4   228.5   305.3   342.4   364.2   379.8   398.7   426.5   473.1   607.9  2406.1  8502.8   9740.5
Local QPS = 9725.7 (97257 / 10.0s) - 97257.0, 0.0
#type       avg     std     min      p5     p10     p50     p67     p75     p80     p85     p90     p95     p99    p999   p9999 QPS
read      323.5   166.3   160.7   215.9   229.4   304.6   340.2   362.0   377.7   397.8   426.0   473.9   603.6  1686.1  7384.1   9725.7
Local QPS = 9763.9 (97639 / 10.0s) - 97639.0, 0.0
#type       avg     std     min      p5     p10     p50     p67     p75     p80     p85     p90     p95     p99    p999   p9999 QPS
read      320.9   180.3   160.7   216.3   227.7   297.0   336.1   359.3   375.6   397.1   425.8   475.5   617.8  2165.1  8021.0   9763.9
Local QPS = 9740.9 (97409 / 10.0s) - 97409.0, 0.0
#type       avg     std     min      p5     p10     p50     p67     p75     p80     p85     p90     p95     p99    p999   p9999 QPS
read      326.1   161.5   160.7   219.9   233.4   306.2   342.4   364.8   381.0   400.5   429.0   477.5   612.4  1917.4  8349.3   9740.9
Local QPS = 9791.2 (97912 / 10.0s) - 97912.0, 0.0
#type       avg     std     min      p5     p10     p50     p67     p75     p80     p85     p90     p95     p99    p999   p9999 QPS
read      317.5   187.4   160.7   213.1   226.1   296.5   332.5   353.6   369.4   389.4   416.2   465.4   599.1  2070.8  9652.1   9791.2
Local QPS = 9758.9 (97589 / 10.0s) - 97589.0, 0.0
#type       avg     std     min      p5     p10     p50     p67     p75     p80     p85     p90     p95     p99    p999   p9999 QPS
read      337.8   196.9   160.7   219.6   233.8   316.1   356.9   379.9   397.3   419.1   448.3   501.2   649.2  2025.7  8429.4   9758.9
Local QPS = 9691.0 (96910 / 10.0s) - 96910.0, 0.0
#type       avg     std     min      p5     p10     p50     p67     p75     p80     p85     p90     p95     p99    p999   p9999 QPS
read      331.6   189.9   160.7   219.2   233.2   310.7   348.1   370.4   387.4   406.5   435.2   488.7   639.9  2417.7  8515.0   9691.0
Local QPS = 9711.8 (97118 / 10.0s) - 97118.0, 0.0
#type       avg     std     min      p5     p10     p50     p67     p75     p80     p85     p90     p95     p99    p999   p9999 QPS
read      327.8   174.7   160.7   219.7   231.8   306.3   344.2   366.7   383.2   402.3   431.4   481.7   623.5  2654.3  7010.2   9711.8
Local QPS = 9723.1 (97231 / 10.0s) - 97231.0, 0.0
#type       avg     std     min      p5     p10     p50     p67     p75     p80     p85     p90     p95     p99    p999   p9999 QPS
read      331.8   208.8   160.7   219.3   233.1   310.9   348.2   370.4   387.1   405.3   433.4   482.8   611.3  2705.6  8557.4   9723.1
Local QPS = 9728.7 (97287 / 10.0s) - 97287.0, 0.0
#type       avg     std     min      p5     p10     p50     p67     p75     p80     p85     p90     p95     p99    p999   p9999 QPS
read      315.8   172.3   160.7   213.7   226.9   296.1   330.8   351.1   366.8   385.7   410.2   458.7   581.4  2054.3  8051.3   9728.7
Local QPS = 9680.3 (96803 / 10.0s) - 96803.0, 0.0
#type       avg     std     min      p5     p10     p50     p67     p75     p80     p85     p90     p95     p99    p999   p9999 QPS
read      329.8   216.6   160.7   221.5   234.1   305.9   342.8   365.2   381.7   401.5   431.3   485.6   638.6  2523.3  9198.1   9680.3
Local QPS = 9673.7 (96737 / 10.0s) - 96737.0, 0.0
#type       avg     std     min      p5     p10     p50     p67     p75     p80     p85     p90     p95     p99    p999   p9999 QPS
read      335.9   204.5   173.5   223.9   238.2   314.2   352.2   373.6   390.9   410.5   437.6   492.1   632.5  1879.1  8756.5   9673.7
Local QPS = 9753.8 (97538 / 10.0s) - 97538.0, 0.0
#type       avg     std     min      p5     p10     p50     p67     p75     p80     p85     p90     p95     p99    p999   p9999 QPS
read      328.6   188.1   148.8   211.2   226.0   308.4   346.9   369.8   387.2   407.0   434.7   487.6   626.4  2605.3  8446.4   9753.8
Local QPS = 9709.0 (97090 / 10.0s) - 97090.0, 0.0
#type       avg     std     min      p5     p10     p50     p67     p75     p80     p85     p90     p95     p99    p999   p9999 QPS
read      326.4   190.1   173.5   221.4   235.8   305.2   340.3   362.0   377.5   397.7   425.2   470.1   594.3  2431.0  7624.0   9709.0
Local QPS = 9730.8 (97308 / 10.0s) - 97308.0, 0.0
#type       avg     std     min      p5     p10     p50     p67     p75     p80     p85     p90     p95     p99    p999   p9999 QPS
read      327.6   217.8   160.7   224.0   237.9   306.4   340.2   361.2   375.9   395.8   422.4   466.4   587.6  2318.2 10408.1   9730.8
Local QPS = 9798.8 (97988 / 10.0s) - 97988.0, 0.0
#type       avg     std     min      p5     p10     p50     p67     p75     p80     p85     p90     p95     p99    p999   p9999 QPS
read      328.9   197.0   160.7   219.5   232.8   306.2   343.1   365.8   382.6   402.4   432.0   487.5   636.3  2231.9  7757.4   9798.8
Local QPS = 9738.6 (97386 / 10.0s) - 97386.0, 0.0
#type       avg     std     min      p5     p10     p50     p67     p75     p80     p85     p90     p95     p99    p999   p9999 QPS
read      315.1   156.7   148.8   210.2   224.4   295.5   331.2   352.5   368.6   388.7   415.4   464.1   593.5  1637.8  7693.9   9738.6
Local QPS = 9739.6 (97396 / 10.0s) - 97396.0, 0.0
#type       avg     std     min      p5     p10     p50     p67     p75     p80     p85     p90     p95     p99    p999   p9999 QPS
read      327.9   162.7   173.5   223.9   237.4   305.7   342.8   365.5   382.1   401.7   431.1   482.8   630.1  1925.2  7990.5   9739.6
Local QPS = 9731.8 (97318 / 10.0s) - 97318.0, 0.0
#type       avg     std     min      p5     p10     p50     p67     p75     p80     p85     p90     p95     p99    p999   p9999 QPS
read      322.4   231.9   160.7   215.5   227.6   298.6   335.4   357.3   372.8   393.8   422.1   468.9   600.2  3320.3  9561.4   9731.8
Local QPS = 9689.1 (96891 / 10.0s) - 96891.0, 0.0
#type       avg     std     min      p5     p10     p50     p67     p75     p80     p85     p90     p95     p99    p999   p9999 QPS
read      323.7   201.1   160.7   215.4   229.4   301.9   338.7   360.9   376.6   397.5   425.8   471.7   617.6  2003.3  8690.3   9689.1
Local QPS = 9752.9 (97529 / 10.0s) - 97529.0, 0.0
#type       avg     std     min      p5     p10     p50     p67     p75     p80     p85     p90     p95     p99    p999   p9999 QPS
read      331.1   186.0   160.7   212.7   228.0   311.0   350.6   373.5   391.3   411.9   441.1   493.6   637.8  1768.2  8504.9   9752.9
Local QPS = 9736.0 (97360 / 10.0s) - 97360.0, 0.0
#type       avg     std     min      p5     p10     p50     p67     p75     p80     p85     p90     p95     p99    p999   p9999 QPS
read      322.6   195.9   160.7   214.6   228.3   303.5   339.1   360.3   374.8   394.7   420.6   464.5   582.4  2071.6  8852.2   9736.0
Local QPS = 9755.2 (97552 / 10.0s) - 97552.0, 0.0
#type       avg     std     min      p5     p10     p50     p67     p75     p80     p85     p90     p95     p99    p999   p9999 QPS
read      317.2   168.6   160.7   216.1   227.8   294.7   331.1   353.2   369.7   390.8   419.4   468.7   594.8  1916.5  7661.3   9755.2
Local QPS = 9749.7 (97497 / 10.0s) - 97497.0, 0.0
#type       avg     std     min      p5     p10     p50     p67     p75     p80     p85     p90     p95     p99    p999   p9999 QPS
read      333.1   174.1   160.7   220.8   235.1   312.9   349.8   371.9   389.5   409.7   438.2   492.5   630.6  2052.1  7386.7   9749.7
Local QPS = 9727.4 (97274 / 10.0s) - 97274.0, 0.0
#type       avg     std     min      p5     p10     p50     p67     p75     p80     p85     p90     p95     p99    p999   p9999 QPS
read      328.2   201.6   148.8   206.6   221.7   307.7   348.5   371.3   389.0   409.0   436.6   489.6   634.4  2239.7  8417.4   9727.4
Local QPS = 9776.1 (97761 / 10.0s) - 97761.0, 0.0
#type       avg     std     min      p5     p10     p50     p67     p75     p80     p85     p90     p95     p99    p999   p9999 QPS
read      328.5   218.0   160.7   215.1   229.1   305.7   342.6   365.4   382.2   401.8   430.6   481.5   625.0  2968.7  8689.2   9776.1
Local QPS = 9722.1 (97221 / 10.0s) - 97221.0, 0.0
#type       avg     std     min      p5     p10     p50     p67     p75     p80     p85     p90     p95     p99    p999   p9999 QPS
read      326.1   204.5   160.7   219.2   232.2   303.2   339.1   361.1   376.6   397.3   426.0   475.5   617.2  2745.7  8630.1   9722.1
Local QPS = 9746.5 (97465 / 10.0s) - 97465.0, 0.0
#type       avg     std     min      p5     p10     p50     p67     p75     p80     p85     p90     p95     p99    p999   p9999 QPS
read      322.1   223.6   173.5   219.1   230.6   299.6   335.5   357.0   372.4   392.7   419.3   465.3   590.3  2233.5 11989.4   9746.5
Local QPS = 9750.4 (97504 / 10.0s) - 97504.0, 0.0
#type       avg     std     min      p5     p10     p50     p67     p75     p80     p85     p90     p95     p99    p999   p9999 QPS
read      330.3   194.8   173.5   220.2   233.7   307.7   346.1   369.0   386.2   405.4   434.4   488.3   638.8  1931.2  8532.5   9750.4
Local QPS = 9743.3 (97433 / 10.0s) - 97433.0, 0.0
#type       avg     std     min      p5     p10     p50     p67     p75     p80     p85     p90     p95     p99    p999   p9999 QPS
read      331.9   204.0   173.5   220.0   234.0   311.8   349.2   371.3   388.5   407.7   434.8   483.5   606.5  1972.1  9922.0   9743.3
Local QPS = 9782.6 (97826 / 10.0s) - 97826.0, 0.0
#type       avg     std     min      p5     p10     p50     p67     p75     p80     p85     p90     p95     p99    p999   p9999 QPS
read      330.2   212.2   160.7   220.7   235.0   306.3   343.5   366.5   383.7   403.6   434.5   488.2   629.9  2305.0  9534.8   9782.6
Local QPS = 9783.6 (97836 / 10.0s) - 97836.0, 0.0
#type       avg     std     min      p5     p10     p50     p67     p75     p80     p85     p90     p95     p99    p999   p9999 QPS
read      364.3   389.6   160.7   220.4   234.3   313.4   356.6   384.1   404.5   434.9   482.5   575.3   905.6  7287.7 10734.4   9783.6
Local QPS = 9769.4 (97695 / 10.0s) - 97695.0, 0.0
#type       avg     std     min      p5     p10     p50     p67     p75     p80     p85     p90     p95     p99    p999   p9999 QPS
read      398.5   457.7   160.7   223.3   238.3   328.1   379.7   412.8   439.3   477.0   534.4   644.2  1696.6  7432.4 10220.5   9769.4
Local QPS = 9790.3 (97903 / 10.0s) - 97903.0, 0.0
#type       avg     std     min      p5     p10     p50     p67     p75     p80     p85     p90     p95     p99    p999   p9999 QPS
read      403.8   505.7   160.7   220.6   235.4   326.7   378.6   413.4   442.7   484.5   545.0   650.2  1775.5  7780.3 11251.2   9790.3
Local QPS = 9753.9 (97539 / 10.0s) - 97539.0, 0.0
#type       avg     std     min      p5     p10     p50     p67     p75     p80     p85     p90     p95     p99    p999   p9999 QPS
read      336.3   272.6   160.7   215.7   228.0   300.3   339.4   363.5   381.4   403.4   437.2   504.2   737.9  4786.1  8393.3   9753.9
Local QPS = 9792.9 (97929 / 10.0s) - 97929.0, 0.0
#type       avg     std     min      p5     p10     p50     p67     p75     p80     p85     p90     p95     p99    p999   p9999 QPS
read      322.9   190.3   173.5   221.0   233.3   299.1   334.7   356.4   372.1   393.2   421.5   469.4   615.3  2496.2  8269.8   9792.9
Local QPS = 9694.6 (96946 / 10.0s) - 96946.0, 0.0
#type       avg     std     min      p5     p10     p50     p67     p75     p80     p85     p90     p95     p99    p999   p9999 QPS
read      330.1   223.4   160.7   209.3   225.4   308.0   345.9   368.7   385.9   405.3   434.7   489.9   639.6  2847.0  8740.0   9694.6
Local QPS = 9773.8 (97738 / 10.0s) - 97738.0, 0.0
#type       avg     std     min      p5     p10     p50     p67     p75     p80     p85     p90     p95     p99    p999   p9999 QPS
read      336.0   210.9   173.5   221.9   236.9   314.7   353.2   375.9   393.3   413.5   440.5   490.0   618.2  2349.8 10420.6   9773.8
Local QPS = 9765.7 (97657 / 10.0s) - 97657.0, 0.0
#type       avg     std     min      p5     p10     p50     p67     p75     p80     p85     p90     p95     p99    p999   p9999 QPS
read      345.3   202.2   173.5   224.2   239.4   321.2   362.6   386.0   402.5   425.8   457.8   513.3   684.5  2189.1  8662.5   9765.7
Local QPS = 9800.0 (98000 / 10.0s) - 98000.0, 0.0
#type       avg     std     min      p5     p10     p50     p67     p75     p80     p85     p90     p95     p99    p999   p9999 QPS
read      334.0   203.4   160.7   216.7   231.4   314.3   353.0   375.5   392.8   412.9   439.8   492.1   626.4  1537.0  9312.7   9800.0
Local QPS = 9744.6 (97446 / 10.0s) - 97446.0, 0.0
#type       avg     std     min      p5     p10     p50     p67     p75     p80     p85     p90     p95     p99    p999   p9999 QPS
read      326.1   195.1   173.5   223.0   236.8   304.3   340.1   362.1   377.7   397.6   424.3   467.6   586.1  2320.6  8669.1   9744.6
Local QPS = 9804.5 (98045 / 10.0s) - 98045.0, 0.0
#type       avg     std     min      p5     p10     p50     p67     p75     p80     p85     p90     p95     p99    p999   p9999 QPS
read      325.5   222.0   160.7   216.6   229.9   302.5   338.4   360.3   375.7   396.9   425.7   476.3   617.0  2563.7  9099.1   9804.5
Local QPS = 9794.3 (97945 / 10.0s) - 97945.0, 0.0
#type       avg     std     min      p5     p10     p50     p67     p75     p80     p85     p90     p95     p99    p999   p9999 QPS
read      330.3   184.2   160.7   217.3   231.4   310.8   348.6   371.0   388.2   407.5   434.4   482.3   607.4  1900.4  8165.9   9794.3
Local QPS = 9765.1 (97651 / 10.0s) - 97651.0, 0.0
#type       avg     std     min      p5     p10     p50     p67     p75     p80     p85     p90     p95     p99    p999   p9999 QPS
read      332.3   155.0   173.5   216.4   230.9   313.7   353.8   376.4   393.9   414.4   441.7   492.9   629.0  1489.1  8190.1   9765.1
Local QPS = 9768.4 (97684 / 10.0s) - 97684.0, 0.0
#type       avg     std     min      p5     p10     p50     p67     p75     p80     p85     p90     p95     p99    p999   p9999 QPS
read      320.6   178.3   160.7   214.4   227.3   299.9   336.4   358.2   373.5   394.4   422.2   469.7   600.3  2028.9  8479.8   9768.4
Local QPS = 9831.7 (98317 / 10.0s) - 98317.0, 0.0
#type       avg     std     min      p5     p10     p50     p67     p75     p80     p85     p90     p95     p99    p999   p9999 QPS
read      319.4   198.2   160.7   215.6   228.5   298.2   333.8   354.8   370.4   390.1   415.7   462.0   595.7  2152.9  8475.7   9831.7
Local QPS = 9822.9 (98229 / 10.0s) - 98229.0, 0.0
#type       avg     std     min      p5     p10     p50     p67     p75     p80     p85     p90     p95     p99    p999   p9999 QPS
read      327.8   198.5   160.7   213.9   228.2   307.7   345.1   367.7   384.2   402.8   431.0   480.1   622.5  2123.2  8893.8   9822.9
Local QPS = 9814.2 (98142 / 10.0s) - 98142.0, 0.0
#type       avg     std     min      p5     p10     p50     p67     p75     p80     p85     p90     p95     p99    p999   p9999 QPS
read      323.4   162.1   173.5   220.2   232.8   303.3   339.5   361.4   376.8   397.2   424.3   468.8   586.7  1796.1  7299.7   9814.2
Local QPS = 9819.1 (98191 / 10.0s) - 98191.0, 0.0
#type       avg     std     min      p5     p10     p50     p67     p75     p80     p85     p90     p95     p99    p999   p9999 QPS
read      321.2   195.5   160.7   209.5   223.7   300.3   338.0   360.4   376.0   396.3   423.4   468.2   603.7  2354.8  8420.3   9819.1
Local QPS = 9733.5 (97335 / 10.0s) - 97335.0, 0.0
#type       avg     std     min      p5     p10     p50     p67     p75     p80     p85     p90     p95     p99    p999   p9999 QPS
read      322.4   161.2   160.7   217.8   230.3   302.0   338.5   360.6   376.2   396.5   423.9   469.7   600.8  2011.7  6736.8   9733.5
Local QPS = 9829.6 (98296 / 10.0s) - 98296.0, 0.0
#type       avg     std     min      p5     p10     p50     p67     p75     p80     p85     p90     p95     p99    p999   p9999 QPS
read      325.3   175.4   160.7   215.5   229.3   306.6   342.9   365.1   381.2   400.4   428.7   476.7   614.5  1493.0  9515.1   9829.6
Local QPS = 9833.5 (98335 / 10.0s) - 98335.0, 0.0
#type       avg     std     min      p5     p10     p50     p67     p75     p80     p85     p90     p95     p99    p999   p9999 QPS
read      313.2   151.0   160.7   213.6   225.2   291.7   328.0   349.9   366.9   387.3   414.3   462.3   594.2  1854.9  7086.5   9833.5
Local QPS = 9757.7 (97577 / 10.0s) - 97577.0, 0.0
#type       avg     std     min      p5     p10     p50     p67     p75     p80     p85     p90     p95     p99    p999   p9999 QPS
read      320.9   236.9   160.7   215.6   228.8   298.1   333.2   354.2   370.0   389.6   415.3   461.4   592.3  2865.9 12107.7   9757.7
Local QPS = 9771.1 (97711 / 10.0s) - 97711.0, 0.0
#type       avg     std     min      p5     p10     p50     p67     p75     p80     p85     p90     p95     p99    p999   p9999 QPS
read      321.7   180.9   173.5   222.5   234.8   300.0   336.0   357.9   373.4   393.6   420.0   465.4   592.6  1972.2  7278.4   9771.1
Local QPS = 9821.0 (98210 / 10.0s) - 98210.0, 0.0
#type       avg     std     min      p5     p10     p50     p67     p75     p80     p85     p90     p95     p99    p999   p9999 QPS
read      324.6   187.5   160.7   218.7   231.0   301.9   339.2   361.9   378.1   398.7   427.6   478.8   631.0  1836.1  8821.8   9821.0
Local QPS = 9795.1 (97951 / 10.0s) - 97951.0, 0.0
#type       avg     std     min      p5     p10     p50     p67     p75     p80     p85     p90     p95     p99    p999   p9999 QPS
read      325.6   191.6   160.7   214.3   228.0   307.3   344.3   366.7   382.8   401.3   428.4   471.6   592.9  1992.3  9072.7   9795.1
Local QPS = 9815.3 (98153 / 10.0s) - 98153.0, 0.0
#type       avg     std     min      p5     p10     p50     p67     p75     p80     p85     p90     p95     p99    p999   p9999 QPS
read      315.8   161.1   160.7   215.5   227.5   295.3   332.2   353.8   369.5   389.4   415.6   462.1   590.7  1492.9  7956.7   9815.3
Local QPS = 9864.8 (98648 / 10.0s) - 98648.0, 0.0
#type       avg     std     min      p5     p10     p50     p67     p75     p80     p85     p90     p95     p99    p999   p9999 QPS
read      333.5   193.6   160.7   220.5   235.1   313.3   350.5   372.3   389.5   408.8   435.8   484.5   620.0  2450.2  8538.6   9864.8
Local QPS = 9851.3 (98513 / 10.0s) - 98513.0, 0.0
#type       avg     std     min      p5     p10     p50     p67     p75     p80     p85     p90     p95     p99    p999   p9999 QPS
read      336.8   188.5   160.7   219.9   234.1   316.7   356.0   378.9   396.0   416.9   444.7   496.8   639.0  1877.0  8992.2   9851.3
Local QPS = 9801.2 (98012 / 10.0s) - 98012.0, 0.0
#type       avg     std     min      p5     p10     p50     p67     p75     p80     p85     p90     p95     p99    p999   p9999 QPS
read      324.0   177.6   173.5   222.0   235.6   303.8   338.6   360.1   375.1   395.5   422.2   467.0   594.2  1961.2  8554.2   9801.2
Local QPS = 9782.7 (97827 / 10.0s) - 97827.0, 0.0
#type       avg     std     min      p5     p10     p50     p67     p75     p80     p85     p90     p95     p99    p999   p9999 QPS
read      327.9   195.3   173.5   219.2   231.7   305.8   342.5   364.9   381.2   400.8   430.3   483.1   627.7  2690.7  8438.4   9782.7
Local QPS = 9867.4 (98674 / 10.0s) - 98674.0, 0.0
#type       avg     std     min      p5     p10     p50     p67     p75     p80     p85     p90     p95     p99    p999   p9999 QPS
read      325.8   160.3   160.7   215.8   229.7   307.4   344.8   367.2   383.6   402.2   430.3   478.0   611.9  1605.4  8286.7   9867.4
Local QPS = 9772.1 (97721 / 10.0s) - 97721.0, 0.0
#type       avg     std     min      p5     p10     p50     p67     p75     p80     p85     p90     p95     p99    p999   p9999 QPS
read      330.2   191.5   173.5   222.4   236.4   308.9   344.9   367.1   383.5   402.6   430.5   479.5   623.6  2026.9  8545.3   9772.1
Local QPS = 9831.8 (98318 / 10.0s) - 98318.0, 0.0
#type       avg     std     min      p5     p10     p50     p67     p75     p80     p85     p90     p95     p99    p999   p9999 QPS
read      316.6   189.5   160.7   215.7   228.2   294.9   330.0   351.3   367.9   388.3   415.1   461.6   587.6  2232.7  7699.7   9831.8
Local QPS = 9811.6 (98116 / 10.0s) - 98116.0, 0.0
#type       avg     std     min      p5     p10     p50     p67     p75     p80     p85     p90     p95     p99    p999   p9999 QPS
read      325.5   184.9   173.5   219.3   232.2   304.8   340.3   362.2   377.9   398.0   426.4   475.0   613.8  1981.7  8297.5   9811.6
Local QPS = 9869.6 (98696 / 10.0s) - 98696.0, 0.0
#type       avg     std     min      p5     p10     p50     p67     p75     p80     p85     p90     p95     p99    p999   p9999 QPS
read      327.4   206.3   173.5   218.0   230.5   306.1   343.2   365.4   381.5   400.6   428.1   474.4   613.0  2676.2  8408.1   9869.6
Local QPS = 9845.3 (98453 / 10.0s) - 98453.0, 0.0
#type       avg     std     min      p5     p10     p50     p67     p75     p80     p85     p90     p95     p99    p999   p9999 QPS
read      323.3   192.2   160.7   206.8   221.7   303.3   341.5   364.2   380.8   400.6   429.0   479.8   616.9  2088.7  8385.1   9845.3
Local QPS = 9789.0 (97890 / 10.0s) - 97890.0, 0.0
#type       avg     std     min      p5     p10     p50     p67     p75     p80     p85     p90     p95     p99    p999   p9999 QPS
read      327.1   207.2   160.7   219.9   234.4   306.4   341.1   362.5   377.7   397.7   425.0   470.2   590.8  2216.0  9074.2   9789.0
Local QPS = 9867.7 (98677 / 10.0s) - 98677.0, 0.0
Connection to 34.89.151.185 closed by remote host.

Recommendation: To check for possible causes of SSH connectivity issues and get
recommendations, rerun the ssh command with the --troubleshoot option.

gcloud compute ssh client-agent-a-hs6t --project=cca-eth-2024-group-022 --zone=europe-west3-a --ssh-key-file=/home/kamiem123/.ssh/cloud-computing --troubleshoot

Or, to investigate an IAP tunneling issue:

gcloud compute ssh client-agent-a-hs6t --project=cca-eth-2024-group-022 --zone=europe-west3-a --ssh-key-file=/home/kamiem123/.ssh/cloud-computing --troubleshoot --tunnel-through-iap

ERROR: (gcloud.compute.ssh) [/usr/bin/ssh] exited with return code [255].
