Pseudo-terminal will not be allocated because stdin is not a terminal.
Local QPS = 19327.6 (193276 / 10.0s) - 193276.0, 0.0
#type       avg     std     min      p5     p10     p50     p67     p75     p80     p85     p90     p95     p99    p999   p9999 QPS
read      369.0   247.9   160.7   226.1   240.8   326.7   380.8   415.0   439.8   470.2   513.4   587.4   881.6  3527.9  9746.9  19327.6
Local QPS = 19293.9 (192939 / 10.0s) - 192939.0, 0.0
#type       avg     std     min      p5     p10     p50     p67     p75     p80     p85     p90     p95     p99    p999   p9999 QPS
read      351.1   359.5   160.7   220.2   231.7   306.1   356.5   389.8   415.3   446.1   484.6   541.3   689.2  5951.5 13990.6  19293.9
Local QPS = 19348.5 (193485 / 10.0s) - 193485.0, 0.0
#type       avg     std     min      p5     p10     p50     p67     p75     p80     p85     p90     p95     p99    p999   p9999 QPS
read      374.2   446.8   160.7   221.8   234.9   318.5   373.9   409.0   435.5   467.7   509.4   575.8   792.4  8780.1 13602.4  19348.5
Local QPS = 19265.9 (192659 / 10.0s) - 192659.0, 0.0
#type       avg     std     min      p5     p10     p50     p67     p75     p80     p85     p90     p95     p99    p999   p9999 QPS
read      353.7   381.5   160.7   219.5   230.5   307.0   359.1   392.2   417.0   446.5   484.0   541.1   721.3  5969.8 12885.5  19265.9
Local QPS = 19351.9 (193519 / 10.0s) - 193519.0, 0.0
#type       avg     std     min      p5     p10     p50     p67     p75     p80     p85     p90     p95     p99    p999   p9999 QPS
read      357.9   253.2   160.7   221.7   235.4   320.0   374.5   407.9   433.0   463.4   502.9   563.2   706.0  4176.0  9935.8  19351.9
Local QPS = 19307.8 (193079 / 10.0s) - 193079.0, 0.0
#type       avg     std     min      p5     p10     p50     p67     p75     p80     p85     p90     p95     p99    p999   p9999 QPS
read      346.6   244.5   160.7   217.3   229.0   310.6   364.5   396.9   421.3   450.3   487.1   540.6   679.1  3965.8 10624.1  19307.8
Local QPS = 19396.2 (193962 / 10.0s) - 193962.0, 0.0
#type       avg     std     min      p5     p10     p50     p67     p75     p80     p85     p90     p95     p99    p999   p9999 QPS
read      347.6   233.6   160.7   220.6   232.9   312.4   364.6   396.9   421.5   450.8   488.2   543.8   676.4  3058.9  9843.2  19396.2
Local QPS = 19449.2 (194492 / 10.0s) - 194492.0, 0.0
#type       avg     std     min      p5     p10     p50     p67     p75     p80     p85     p90     p95     p99    p999   p9999 QPS
read      359.3   205.2   160.7   222.2   236.6   326.9   381.9   414.9   439.5   468.4   506.8   567.4   713.0  2632.6  8307.5  19449.2
Local QPS = 19441.4 (194414 / 10.0s) - 194414.0, 0.0
#type       avg     std     min      p5     p10     p50     p67     p75     p80     p85     p90     p95     p99    p999   p9999 QPS
read      337.8   293.4   160.7   215.7   226.9   297.8   346.8   380.1   403.5   432.8   467.9   519.3   641.3  4264.8 12775.1  19441.4
Local QPS = 19339.2 (193392 / 10.0s) - 193392.0, 0.0
#type       avg     std     min      p5     p10     p50     p67     p75     p80     p85     p90     p95     p99    p999   p9999 QPS
read      357.1   255.3   160.7   221.5   234.5   319.2   373.8   407.4   433.0   464.6   505.2   568.9   713.7  3164.5 10092.7  19339.2
Local QPS = 19323.3 (193233 / 10.0s) - 193233.0, 0.0
#type       avg     std     min      p5     p10     p50     p67     p75     p80     p85     p90     p95     p99    p999   p9999 QPS
read      354.6   220.4   160.7   221.6   236.1   319.9   372.9   404.1   428.3   456.3   492.2   547.5   731.4  2962.0  7939.1  19323.3
Local QPS = 19403.2 (194032 / 10.0s) - 194032.0, 0.0
#type       avg     std     min      p5     p10     p50     p67     p75     p80     p85     p90     p95     p99    p999   p9999 QPS
read      339.5   160.2   160.7   221.2   235.1   313.7   362.4   393.1   415.5   441.3   473.1   524.4   631.8  1041.5  6693.5  19403.2
Local QPS = 19368.7 (193688 / 10.0s) - 193688.0, 0.0
#type       avg     std     min      p5     p10     p50     p67     p75     p80     p85     p90     p95     p99    p999   p9999 QPS
read      348.5   185.6   160.7   223.3   238.2   321.5   371.9   402.6   425.7   452.5   486.3   538.3   650.1  1167.8  6542.7  19368.7
Local QPS = 19438.2 (194382 / 10.0s) - 194382.0, 0.0
#type       avg     std     min      p5     p10     p50     p67     p75     p80     p85     p90     p95     p99    p999   p9999 QPS
read      333.6   133.0   160.7   221.0   233.9   308.4   354.4   384.0   405.2   432.0   463.7   508.6   600.2  1512.0  4488.9  19438.2
Local QPS = 19358.6 (193586 / 10.0s) - 193586.0, 0.0
#type       avg     std     min      p5     p10     p50     p67     p75     p80     p85     p90     p95     p99    p999   p9999 QPS
read      342.4   150.4   160.7   221.0   235.5   318.5   369.3   399.0   421.2   446.8   478.4   526.3   622.2   890.8  5781.8  19358.6
Local QPS = 19402.5 (194026 / 10.0s) - 194026.0, 0.0
#type       avg     std     min      p5     p10     p50     p67     p75     p80     p85     p90     p95     p99    p999   p9999 QPS
read      334.6   141.9   160.7   223.0   236.6   307.8   352.5   383.2   405.6   432.9   466.5   515.2   615.4  1207.0  5605.6  19402.5
Local QPS = 19353.4 (193534 / 10.0s) - 193534.0, 0.0
#type       avg     std     min      p5     p10     p50     p67     p75     p80     p85     p90     p95     p99    p999   p9999 QPS
read      346.3   149.7   160.7   223.1   238.6   320.7   371.1   401.0   423.7   450.0   483.2   534.4   638.7   959.8  6932.3  19353.4
Local QPS = 19447.7 (194477 / 10.0s) - 194477.0, 0.0
#type       avg     std     min      p5     p10     p50     p67     p75     p80     p85     p90     p95     p99    p999   p9999 QPS
read      345.8   128.1   160.7   222.7   237.0   321.8   373.5   403.1   425.1   450.8   483.6   533.8   634.6   972.7  5563.8  19447.7
Local QPS = 19423.8 (194238 / 10.0s) - 194238.0, 0.0
#type       avg     std     min      p5     p10     p50     p67     p75     p80     p85     p90     p95     p99    p999   p9999 QPS
read      328.7   144.4   160.7   219.2   230.4   302.3   347.2   377.6   399.8   427.3   461.2   507.4   610.8   912.6  6446.6  19423.8
Local QPS = 19446.4 (194464 / 10.0s) - 194464.0, 0.0
#type       avg     std     min      p5     p10     p50     p67     p75     p80     p85     p90     p95     p99    p999   p9999 QPS
read      344.0   155.8   160.7   221.0   235.7   318.9   369.9   399.5   422.1   448.4   481.4   531.9   636.8   933.9  7081.0  19446.4
Local QPS = 19410.7 (194107 / 10.0s) - 194107.0, 0.0
#type       avg     std     min      p5     p10     p50     p67     p75     p80     p85     p90     p95     p99    p999   p9999 QPS
read      342.0   148.6   160.7   219.6   233.7   317.2   368.3   398.4   420.6   446.1   477.2   527.4   634.5  1049.6  6433.0  19410.7
Local QPS = 19334.9 (193349 / 10.0s) - 193349.0, 0.0
#type       avg     std     min      p5     p10     p50     p67     p75     p80     p85     p90     p95     p99    p999   p9999 QPS
read      343.8   134.7   160.7   222.5   236.8   319.0   370.1   400.2   422.6   448.3   480.2   529.1   634.4   931.8  5727.3  19334.9
Local QPS = 19396.1 (193961 / 10.0s) - 193961.0, 0.0
#type       avg     std     min      p5     p10     p50     p67     p75     p80     p85     p90     p95     p99    p999   p9999 QPS
read      345.2   164.8   160.7   221.7   236.0   319.5   371.2   401.6   424.5   451.1   484.5   533.9   633.2  1161.6  6773.3  19396.1
Local QPS = 19358.2 (193582 / 10.0s) - 193582.0, 0.0
#type       avg     std     min      p5     p10     p50     p67     p75     p80     p85     p90     p95     p99    p999   p9999 QPS
read      350.8   172.3   160.7   224.9   240.2   326.2   377.2   406.8   429.1   454.9   487.1   535.9   640.3  1117.1  7849.9  19358.2
Local QPS = 19345.9 (193459 / 10.0s) - 193459.0, 0.0
#type       avg     std     min      p5     p10     p50     p67     p75     p80     p85     p90     p95     p99    p999   p9999 QPS
read      350.7   147.4   160.7   222.6   237.7   326.5   379.0   409.3   431.7   458.2   491.4   541.3   651.2  1102.5  5048.0  19345.9
Local QPS = 19404.8 (194048 / 10.0s) - 194048.0, 0.0
#type       avg     std     min      p5     p10     p50     p67     p75     p80     p85     p90     p95     p99    p999   p9999 QPS
read      348.9   147.7   160.7   219.5   233.5   324.2   378.6   409.8   432.5   459.8   494.1   544.4   650.2   899.0  6738.8  19404.8
Local QPS = 19425.0 (194250 / 10.0s) - 194250.0, 0.0
#type       avg     std     min      p5     p10     p50     p67     p75     p80     p85     p90     p95     p99    p999   p9999 QPS
read      347.7   173.4   160.7   221.3   236.4   323.4   375.0   405.0   427.4   453.3   485.8   534.7   634.4  1049.5  7085.0  19425.0
Local QPS = 19398.2 (193982 / 10.0s) - 193982.0, 0.0
#type       avg     std     min      p5     p10     p50     p67     p75     p80     p85     p90     p95     p99    p999   p9999 QPS
read      332.3   158.1   160.7   220.4   233.0   305.0   350.6   381.4   403.6   431.6   465.2   513.1   613.8   928.4  7809.2  19398.2
Local QPS = 19444.3 (194443 / 10.0s) - 194443.0, 0.0
#type       avg     std     min      p5     p10     p50     p67     p75     p80     p85     p90     p95     p99    p999   p9999 QPS
read      332.9   178.7   160.7   218.6   230.2   305.4   353.4   384.0   405.8   433.3   466.6   512.7   614.8  1329.2  8049.9  19444.3
Local QPS = 19423.3 (194233 / 10.0s) - 194233.0, 0.0
#type       avg     std     min      p5     p10     p50     p67     p75     p80     p85     p90     p95     p99    p999   p9999 QPS
read      341.1   142.2   160.7   220.1   233.5   317.0   368.6   399.2   421.7   447.4   478.8   525.7   619.7   868.5  5365.7  19423.3
Local QPS = 19394.5 (193945 / 10.0s) - 193945.0, 0.0
#type       avg     std     min      p5     p10     p50     p67     p75     p80     p85     p90     p95     p99    p999   p9999 QPS
read      342.4   121.4   160.7   223.6   238.2   317.8   367.5   397.3   419.8   446.1   478.8   527.7   630.0   902.4  4629.7  19394.5
Local QPS = 19425.7 (194257 / 10.0s) - 194257.0, 0.0
#type       avg     std     min      p5     p10     p50     p67     p75     p80     p85     p90     p95     p99    p999   p9999 QPS
read      340.5   164.6   160.7   219.6   232.7   314.8   366.6   396.9   418.9   444.2   476.2   525.3   622.6  1034.9  6851.5  19425.7
Local QPS = 19452.2 (194522 / 10.0s) - 194522.0, 0.0
#type       avg     std     min      p5     p10     p50     p67     p75     p80     p85     p90     p95     p99    p999   p9999 QPS
read      342.8   146.6   160.7   223.8   237.8   317.5   367.7   398.3   420.7   446.2   478.5   528.6   628.1   860.4  5827.3  19452.2
Local QPS = 19494.4 (194944 / 10.0s) - 194944.0, 0.0
#type       avg     std     min      p5     p10     p50     p67     p75     p80     p85     p90     p95     p99    p999   p9999 QPS
read      336.1   187.5   160.7   220.6   233.8   307.6   353.1   383.6   406.3   434.3   469.3   522.1   635.0  1189.8  7467.3  19494.4
Local QPS = 19504.4 (195044 / 10.0s) - 195044.0, 0.0
#type       avg     std     min      p5     p10     p50     p67     p75     p80     p85     p90     p95     p99    p999   p9999 QPS
read      349.0   132.1   160.7   222.6   238.1   326.1   377.9   407.4   429.4   454.8   486.6   536.0   643.7   942.0  5723.7  19504.4
Local QPS = 19484.0 (194841 / 10.0s) - 194841.0, 0.0
#type       avg     std     min      p5     p10     p50     p67     p75     p80     p85     p90     p95     p99    p999   p9999 QPS
read      349.3   184.9   160.7   217.5   231.5   324.7   378.5   409.6   431.9   458.6   491.9   542.3   650.5   997.1  8850.8  19484.0
Local QPS = 19490.3 (194903 / 10.0s) - 194903.0, 0.0
#type       avg     std     min      p5     p10     p50     p67     p75     p80     p85     p90     p95     p99    p999   p9999 QPS
read      345.1   166.6   160.7   223.5   238.2   319.5   369.1   398.5   420.5   446.2   478.4   528.8   635.5  1216.9  7839.7  19490.3
Local QPS = 19441.1 (194411 / 10.0s) - 194411.0, 0.0
#type       avg     std     min      p5     p10     p50     p67     p75     p80     p85     p90     p95     p99    p999   p9999 QPS
read      342.3   137.7   160.7   223.9   238.5   318.1   366.7   396.3   418.4   443.8   474.4   521.7   623.5   973.6  5804.1  19441.1
Local QPS = 19420.4 (194204 / 10.0s) - 194204.0, 0.0
#type       avg     std     min      p5     p10     p50     p67     p75     p80     p85     p90     p95     p99    p999   p9999 QPS
read      328.3   144.7   160.7   219.3   231.5   302.4   344.6   373.7   396.6   424.4   459.2   506.7   614.8   938.1  6757.0  19420.4
Local QPS = 19480.9 (194810 / 10.0s) - 194810.0, 0.0
#type       avg     std     min      p5     p10     p50     p67     p75     p80     p85     p90     p95     p99    p999   p9999 QPS
read      339.7   163.9   160.7   215.6   230.1   315.5   365.1   394.4   416.1   441.4   472.9   523.0   632.7  1162.0  7119.3  19480.9
Local QPS = 19474.1 (194741 / 10.0s) - 194741.0, 0.0
#type       avg     std     min      p5     p10     p50     p67     p75     p80     p85     p90     p95     p99    p999   p9999 QPS
read      337.7   114.7   160.7   220.0   233.9   314.6   363.3   392.8   414.4   439.6   471.2   520.5   622.5   853.2  4090.6  19474.1
Local QPS = 19526.9 (195269 / 10.0s) - 195269.0, 0.0
#type       avg     std     min      p5     p10     p50     p67     p75     p80     p85     p90     p95     p99    p999   p9999 QPS
read      340.3   149.5   160.7   222.3   236.7   315.7   363.7   393.0   414.4   439.0   469.9   518.7   623.4  1313.2  5523.9  19526.9
Local QPS = 19444.8 (194448 / 10.0s) - 194448.0, 0.0
#type       avg     std     min      p5     p10     p50     p67     p75     p80     p85     p90     p95     p99    p999   p9999 QPS
read      344.0   165.4   160.7   224.8   239.7   318.3   366.6   396.1   418.2   444.1   476.3   524.9   621.2  1097.6  8163.3  19444.8
Local QPS = 19450.6 (194506 / 10.0s) - 194506.0, 0.0
#type       avg     std     min      p5     p10     p50     p67     p75     p80     p85     p90     p95     p99    p999   p9999 QPS
read      338.6   142.1   160.7   223.9   238.1   313.5   358.7   388.1   409.7   436.1   469.4   516.9   615.6  1214.0  5480.2  19450.6
Local QPS = 19509.6 (195096 / 10.0s) - 195096.0, 0.0
#type       avg     std     min      p5     p10     p50     p67     p75     p80     p85     p90     p95     p99    p999   p9999 QPS
read      342.1   155.7   160.7   219.9   234.1   316.0   366.7   397.0   419.4   445.2   477.1   527.1   631.7  1313.9  6221.2  19509.6
Local QPS = 19395.1 (193951 / 10.0s) - 193951.0, 0.0
#type       avg     std     min      p5     p10     p50     p67     p75     p80     p85     p90     p95     p99    p999   p9999 QPS
read      334.9   135.7   160.7   220.0   232.6   308.9   357.3   388.0   410.4   437.1   469.7   518.8   622.8   924.5  5633.3  19395.1
Local QPS = 19506.2 (195063 / 10.0s) - 195063.0, 0.0
#type       avg     std     min      p5     p10     p50     p67     p75     p80     p85     p90     p95     p99    p999   p9999 QPS
read      337.6   198.9   148.8   217.3   230.2   311.3   360.8   390.7   412.3   437.4   469.0   515.2   623.3  1432.5  8749.1  19506.2
Local QPS = 19421.5 (194215 / 10.0s) - 194215.0, 0.0
#type       avg     std     min      p5     p10     p50     p67     p75     p80     p85     p90     p95     p99    p999   p9999 QPS
read      328.1   149.1   160.7   220.6   232.4   300.1   343.2   372.9   396.6   425.1   460.4   507.6   604.1  1160.6  6563.6  19421.5
Local QPS = 19521.5 (195215 / 10.0s) - 195215.0, 0.0
#type       avg     std     min      p5     p10     p50     p67     p75     p80     p85     p90     p95     p99    p999   p9999 QPS
read      340.5   181.7   160.7   221.2   235.2   314.2   363.4   393.5   415.5   441.0   473.1   522.7   624.4  1098.2  9340.7  19521.5
Local QPS = 19495.0 (194950 / 10.0s) - 194950.0, 0.0
#type       avg     std     min      p5     p10     p50     p67     p75     p80     p85     p90     p95     p99    p999   p9999 QPS
read      343.5   141.7   148.8   220.8   235.6   319.6   370.5   400.7   423.1   448.6   480.0   529.2   628.2   928.7  4813.1  19495.0
Local QPS = 19530.0 (195300 / 10.0s) - 195300.0, 0.0
#type       avg     std     min      p5     p10     p50     p67     p75     p80     p85     p90     p95     p99    p999   p9999 QPS
read      333.3   154.7   160.7   222.8   236.1   305.6   349.2   380.4   404.0   433.0   467.7   517.1   612.0  1141.1  6884.6  19530.0
Local QPS = 19510.9 (195109 / 10.0s) - 195109.0, 0.0
#type       avg     std     min      p5     p10     p50     p67     p75     p80     p85     p90     p95     p99    p999   p9999 QPS
read      333.6   158.0   160.7   220.3   232.5   305.3   351.0   382.7   405.6   434.0   468.1   519.1   625.4  1206.4  6611.4  19510.9
Local QPS = 19544.4 (195444 / 10.0s) - 195444.0, 0.0
#type       avg     std     min      p5     p10     p50     p67     p75     p80     p85     p90     p95     p99    p999   p9999 QPS
read      345.9   164.6   160.7   224.7   239.4   318.6   367.6   398.2   421.5   448.9   483.4   534.8   640.8  1304.8  6749.0  19544.4
Local QPS = 19511.9 (195119 / 10.0s) - 195119.0, 0.0
#type       avg     std     min      p5     p10     p50     p67     p75     p80     p85     p90     p95     p99    p999   p9999 QPS
read      355.7   194.1   160.7   224.9   240.5   331.9   384.3   413.6   434.4   460.7   493.6   542.2   641.7  1216.9  9935.0  19511.9
Local QPS = 19527.4 (195274 / 10.0s) - 195274.0, 0.0
#type       avg     std     min      p5     p10     p50     p67     p75     p80     p85     p90     p95     p99    p999   p9999 QPS
read      342.7   182.6   160.7   221.8   236.4   315.3   364.1   394.9   417.9   444.5   477.3   528.5   640.0  1373.1  8535.1  19527.4
Local QPS = 19502.2 (195022 / 10.0s) - 195022.0, 0.0
#type       avg     std     min      p5     p10     p50     p67     p75     p80     p85     p90     p95     p99    p999   p9999 QPS
read      340.5   162.6   160.7   220.5   234.3   313.9   362.7   393.3   416.1   443.0   476.0   527.0   634.8  1327.2  6531.5  19502.2
Local QPS = 19423.4 (194234 / 10.0s) - 194234.0, 0.0
#type       avg     std     min      p5     p10     p50     p67     p75     p80     p85     p90     p95     p99    p999   p9999 QPS
read      333.3   139.7   160.7   221.8   235.0   307.5   352.2   382.4   404.3   432.0   466.1   514.8   614.0   948.4  7567.9  19423.4
Local QPS = 19561.1 (195611 / 10.0s) - 195611.0, 0.0
#type       avg     std     min      p5     p10     p50     p67     p75     p80     p85     p90     p95     p99    p999   p9999 QPS
read      348.1   179.2   160.7   221.2   236.3   322.7   374.7   404.6   427.1   453.6   487.1   537.0   641.1  1116.5  7357.5  19561.1
Local QPS = 19520.6 (195206 / 10.0s) - 195206.0, 0.0
#type       avg     std     min      p5     p10     p50     p67     p75     p80     p85     p90     p95     p99    p999   p9999 QPS
read      340.8   174.4   160.7   221.7   235.7   315.3   363.9   393.5   415.6   441.5   473.8   520.8   617.0  1273.1  8012.5  19520.6
Local QPS = 19492.6 (194926 / 10.0s) - 194926.0, 0.0
#type       avg     std     min      p5     p10     p50     p67     p75     p80     p85     p90     p95     p99    p999   p9999 QPS
read      341.6   191.3   160.7   223.0   237.1   314.1   362.4   392.9   415.3   441.3   474.4   524.5   629.7  1561.0  8040.2  19492.6
Local QPS = 19498.7 (194988 / 10.0s) - 194988.0, 0.0
#type       avg     std     min      p5     p10     p50     p67     p75     p80     p85     p90     p95     p99    p999   p9999 QPS
read      377.6   389.7   160.7   221.9   236.7   323.7   381.2   416.5   442.9   475.1   520.2   594.8   885.7  6452.5 10897.6  19498.7
Local QPS = 19548.5 (195486 / 10.0s) - 195486.0, 0.0
#type       avg     std     min      p5     p10     p50     p67     p75     p80     p85     p90     p95     p99    p999   p9999 QPS
read      418.1   427.1   160.7   235.3   251.4   353.8   415.5   453.5   482.3   518.1   568.2   657.7  1439.2  6799.3  9966.9  19548.5
Local QPS = 19513.2 (195132 / 10.0s) - 195132.0, 0.0
#type       avg     std     min      p5     p10     p50     p67     p75     p80     p85     p90     p95     p99    p999   p9999 QPS
read      424.0   503.5   160.7   231.8   247.1   345.9   409.2   450.5   481.4   521.8   579.5   681.8  1633.5  8604.3 11624.0  19513.2
Local QPS = 19542.3 (195423 / 10.0s) - 195423.0, 0.0
#type       avg     std     min      p5     p10     p50     p67     p75     p80     p85     p90     p95     p99    p999   p9999 QPS
read      353.1   274.9   160.7   220.4   233.5   312.7   363.3   395.2   419.4   448.4   485.6   542.7   729.5  4554.9  8462.9  19542.3
Local QPS = 19522.3 (195223 / 10.0s) - 195223.0, 0.0
#type       avg     std     min      p5     p10     p50     p67     p75     p80     p85     p90     p95     p99    p999   p9999 QPS
read      331.4   182.0   160.7   218.1   230.0   303.2   348.8   379.4   401.9   429.4   462.9   509.3   614.0  1538.2  8099.8  19522.3
Local QPS = 19604.6 (196046 / 10.0s) - 196046.0, 0.0
#type       avg     std     min      p5     p10     p50     p67     p75     p80     p85     p90     p95     p99    p999   p9999 QPS
read      352.7   173.3   160.7   221.7   237.6   328.3   380.4   410.3   432.1   458.5   492.4   543.9   658.0  1144.2  7897.3  19604.6
Local QPS = 19592.2 (195922 / 10.0s) - 195922.0, 0.0
#type       avg     std     min      p5     p10     p50     p67     p75     p80     p85     p90     p95     p99    p999   p9999 QPS
read      347.6   176.6   148.8   220.8   234.9   322.0   373.9   403.9   426.7   453.1   486.1   535.8   640.2  1293.7  8642.2  19592.2
Local QPS = 19580.9 (195809 / 10.0s) - 195809.0, 0.0
#type       avg     std     min      p5     p10     p50     p67     p75     p80     p85     p90     p95     p99    p999   p9999 QPS
read      349.4   174.9   160.7   220.8   235.7   326.0   377.4   407.0   429.0   454.8   487.6   538.3   640.2  1025.0  6956.6  19580.9
Local QPS = 19608.3 (196083 / 10.0s) - 196083.0, 0.0
#type       avg     std     min      p5     p10     p50     p67     p75     p80     p85     p90     p95     p99    p999   p9999 QPS
read      351.1   174.2   160.7   226.2   241.5   326.3   376.5   406.3   428.6   454.4   486.9   536.8   644.3   994.2  8398.7  19608.3
Local QPS = 19552.7 (195527 / 10.0s) - 195527.0, 0.0
#type       avg     std     min      p5     p10     p50     p67     p75     p80     p85     p90     p95     p99    p999   p9999 QPS
read      334.3   125.6   160.7   222.9   237.3   310.4   352.7   381.1   402.4   429.8   463.3   510.2   603.0  1118.4  5174.7  19552.7
Local QPS = 19512.2 (195122 / 10.0s) - 195122.0, 0.0
#type       avg     std     min      p5     p10     p50     p67     p75     p80     p85     p90     p95     p99    p999   p9999 QPS
read      336.6   194.8   160.7   219.6   232.5   309.1   354.6   384.8   407.2   434.7   468.3   517.8   633.2  1495.4  7471.3  19512.2
Local QPS = 19532.6 (195327 / 10.0s) - 195327.0, 0.0
#type       avg     std     min      p5     p10     p50     p67     p75     p80     p85     p90     p95     p99    p999   p9999 QPS
read      342.0   113.2   160.7   223.3   237.7   318.4   367.9   397.6   420.1   446.0   477.6   526.7   627.7   897.4  3038.2  19532.6
Local QPS = 19548.0 (195480 / 10.0s) - 195480.0, 0.0
#type       avg     std     min      p5     p10     p50     p67     p75     p80     p85     p90     p95     p99    p999   p9999 QPS
read      345.3   181.5   160.7   221.4   235.9   319.6   370.4   400.7   423.1   448.6   480.3   530.1   635.6  1217.6  9397.2  19548.0
Local QPS = 19596.0 (195960 / 10.0s) - 195960.0, 0.0
#type       avg     std     min      p5     p10     p50     p67     p75     p80     p85     p90     p95     p99    p999   p9999 QPS
read      338.5   161.7   160.7   220.9   234.0   312.7   361.1   391.1   413.3   439.6   471.5   521.1   624.0  1197.7  7023.1  19596.0
Local QPS = 19601.5 (196015 / 10.0s) - 196015.0, 0.0
#type       avg     std     min      p5     p10     p50     p67     p75     p80     p85     p90     p95     p99    p999   p9999 QPS
read      337.5   167.1   160.7   221.8   235.9   311.3   356.9   386.8   408.6   434.7   468.4   519.1   628.1  1261.5  8398.6  19601.5
Local QPS = 19583.7 (195837 / 10.0s) - 195837.0, 0.0
#type       avg     std     min      p5     p10     p50     p67     p75     p80     p85     p90     p95     p99    p999   p9999 QPS
read      353.0   141.7   160.7   225.7   241.2   329.0   380.0   410.0   432.0   458.6   492.2   542.4   661.6  1049.0  5819.0  19583.7
Local QPS = 19577.7 (195777 / 10.0s) - 195777.0, 0.0
#type       avg     std     min      p5     p10     p50     p67     p75     p80     p85     p90     p95     p99    p999   p9999 QPS
read      337.6   164.4   160.7   220.8   233.7   310.4   359.7   391.0   414.0   441.1   473.6   523.3   621.8  1067.2  5726.5  19577.7
Local QPS = 19621.1 (196211 / 10.0s) - 196211.0, 0.0
#type       avg     std     min      p5     p10     p50     p67     p75     p80     p85     p90     p95     p99    p999   p9999 QPS
read      338.0   144.7   160.7   219.4   232.8   312.4   360.5   390.6   412.9   439.2   471.4   520.4   632.0  1262.5  6018.8  19621.1
Local QPS = 19587.3 (195873 / 10.0s) - 195873.0, 0.0
#type       avg     std     min      p5     p10     p50     p67     p75     p80     p85     p90     p95     p99    p999   p9999 QPS
read      335.7   162.0   160.7   221.1   233.9   308.1   354.8   385.3   407.5   434.6   469.0   520.4   629.3  1507.3  6876.8  19587.3
Local QPS = 19477.5 (194775 / 10.0s) - 194775.0, 0.0
#type       avg     std     min      p5     p10     p50     p67     p75     p80     p85     p90     p95     p99    p999   p9999 QPS
read      337.9   167.2   160.7   219.5   232.7   312.6   360.1   389.9   411.7   437.6   469.5   519.8   632.5  1092.3  8629.9  19477.5
Local QPS = 19611.8 (196118 / 10.0s) - 196118.0, 0.0
#type       avg     std     min      p5     p10     p50     p67     p75     p80     p85     p90     p95     p99    p999   p9999 QPS
read      338.5   170.2   160.7   218.9   232.1   312.2   360.2   390.8   413.2   438.9   470.9   522.5   639.7  1342.3  7776.2  19611.8
Local QPS = 19583.7 (195837 / 10.0s) - 195837.0, 0.0
#type       avg     std     min      p5     p10     p50     p67     p75     p80     p85     p90     p95     p99    p999   p9999 QPS
read      334.2   142.1   160.7   219.8   232.6   308.9   354.5   383.9   405.3   432.2   465.7   515.9   627.7  1110.5  7549.5  19583.7
Local QPS = 19590.6 (195906 / 10.0s) - 195906.0, 0.0
#type       avg     std     min      p5     p10     p50     p67     p75     p80     p85     p90     p95     p99    p999   p9999 QPS
read      334.6   134.6   160.7   218.3   231.6   312.8   359.8   388.1   408.5   433.3   464.2   508.7   607.9   930.5  5355.2  19590.6
Local QPS = 19601.3 (196013 / 10.0s) - 196013.0, 0.0
#type       avg     std     min      p5     p10     p50     p67     p75     p80     p85     p90     p95     p99    p999   p9999 QPS
read      350.2   187.2   160.7   221.9   236.8   325.7   375.9   405.6   427.8   453.6   486.5   538.1   654.5  1042.6  9750.5  19601.3
Local QPS = 19629.3 (196293 / 10.0s) - 196293.0, 0.0
#type       avg     std     min      p5     p10     p50     p67     p75     p80     p85     p90     p95     p99    p999   p9999 QPS
read      342.0   169.6   160.7   222.7   237.2   316.5   363.7   393.3   415.4   441.2   472.5   523.8   636.8  1186.9  7072.5  19629.3
Local QPS = 19639.2 (196392 / 10.0s) - 196392.0, 0.0
#type       avg     std     min      p5     p10     p50     p67     p75     p80     p85     p90     p95     p99    p999   p9999 QPS
read      343.9   182.1   160.7   219.3   233.4   319.4   370.3   399.6   421.2   446.1   477.2   527.1   639.7  1132.7  8523.5  19639.2
Local QPS = 19621.3 (196213 / 10.0s) - 196213.0, 0.0
#type       avg     std     min      p5     p10     p50     p67     p75     p80     p85     p90     p95     p99    p999   p9999 QPS
read      344.3   154.0   160.7   221.6   236.8   321.1   369.7   398.5   419.9   444.5   475.4   526.9   638.4   995.9  6401.7  19621.3
Local QPS = 19697.0 (196970 / 10.0s) - 196970.0, 0.0
#type       avg     std     min      p5     p10     p50     p67     p75     p80     p85     p90     p95     p99    p999   p9999 QPS
read      358.5   198.3   160.7   223.4   239.7   334.0   386.2   416.3   437.6   464.2   499.3   552.3   679.0  1125.1  9988.3  19697.0
Local QPS = 19603.8 (196038 / 10.0s) - 196038.0, 0.0
#type       avg     std     min      p5     p10     p50     p67     p75     p80     p85     p90     p95     p99    p999   p9999 QPS
read      329.6   187.8   160.7   223.0   236.1   302.8   342.7   370.2   392.7   420.4   455.6   504.6   602.9  1089.4 11190.2  19603.8
Local QPS = 19655.0 (196551 / 10.0s) - 196551.0, 0.0
#type       avg     std     min      p5     p10     p50     p67     p75     p80     p85     p90     p95     p99    p999   p9999 QPS
read      339.6   165.3   160.7   220.0   233.8   313.3   361.1   391.7   414.4   440.4   473.2   525.7   640.5  1148.4  6441.5  19655.0
Local QPS = 19534.7 (195347 / 10.0s) - 195347.0, 0.0
#type       avg     std     min      p5     p10     p50     p67     p75     p80     p85     p90     p95     p99    p999   p9999 QPS
read      336.6   168.0   160.7   220.0   233.0   310.1   358.0   388.2   410.4   436.6   470.2   521.5   631.4   938.0  7757.1  19534.7
Local QPS = 19601.9 (196019 / 10.0s) - 196019.0, 0.0
#type       avg     std     min      p5     p10     p50     p67     p75     p80     p85     p90     p95     p99    p999   p9999 QPS
read      348.7   144.6   160.7   225.2   239.7   323.6   374.6   405.5   428.2   454.4   487.4   537.6   641.8  1023.6  4735.0  19601.9
Local QPS = 19663.0 (196630 / 10.0s) - 196630.0, 0.0
#type       avg     std     min      p5     p10     p50     p67     p75     p80     p85     p90     p95     p99    p999   p9999 QPS
read      335.6   181.4   160.7   221.4   234.5   308.0   355.0   385.5   407.8   434.1   466.9   514.1   613.2  1231.7  9943.9  19663.0
Local QPS = 19667.6 (196676 / 10.0s) - 196676.0, 0.0
#type       avg     std     min      p5     p10     p50     p67     p75     p80     p85     p90     p95     p99    p999   p9999 QPS
read      331.8   161.3   160.7   219.5   232.1   304.6   348.1   377.9   400.4   428.2   462.5   510.6   624.0  1301.9  7238.4  19667.6
Local QPS = 19650.5 (196505 / 10.0s) - 196505.0, 0.0
#type       avg     std     min      p5     p10     p50     p67     p75     p80     p85     p90     p95     p99    p999   p9999 QPS
read      343.2   155.8   160.7   221.3   235.7   318.6   368.5   398.1   420.2   445.5   476.7   525.6   631.7  1086.3  5939.5  19650.5
Local QPS = 19636.5 (196365 / 10.0s) - 196365.0, 0.0
#type       avg     std     min      p5     p10     p50     p67     p75     p80     p85     p90     p95     p99    p999   p9999 QPS
read      347.2   162.4   160.7   223.9   239.1   320.4   370.0   400.7   423.7   450.2   483.3   535.9   649.1  1217.1  5495.8  19636.5
Local QPS = 19725.2 (197252 / 10.0s) - 197252.0, 0.0
#type       avg     std     min      p5     p10     p50     p67     p75     p80     p85     p90     p95     p99    p999   p9999 QPS
read      339.4   203.3   160.7   223.2   237.5   312.0   356.0   385.6   408.0   435.4   469.5   520.5   627.8  1435.4  9545.7  19725.2
Local QPS = 19733.7 (197337 / 10.0s) - 197337.0, 0.0
Connection to 34.89.132.150 closed by remote host.

Recommendation: To check for possible causes of SSH connectivity issues and get
recommendations, rerun the ssh command with the --troubleshoot option.

gcloud compute ssh client-agent-b-3m4x --project=cca-eth-2024-group-022 --zone=europe-west3-a --ssh-key-file=/home/kamiem123/.ssh/cloud-computing --troubleshoot

Or, to investigate an IAP tunneling issue:

gcloud compute ssh client-agent-b-3m4x --project=cca-eth-2024-group-022 --zone=europe-west3-a --ssh-key-file=/home/kamiem123/.ssh/cloud-computing --troubleshoot --tunnel-through-iap

ERROR: (gcloud.compute.ssh) [/usr/bin/ssh] exited with return code [255].
