Pseudo-terminal will not be allocated because stdin is not a terminal.
#type       avg     std     min      p5     p10     p50     p67     p75     p80     p85     p90     p95     p99    p999   p9999      QPS   target       ts_start         ts_end
read      372.4   325.1   160.7   225.2   239.8   324.4   376.3   410.0   435.5   468.6   515.9   596.5   945.9  4122.3 10910.3  29986.9    30000  1715430715670  1715430725850
read      356.9   480.9   160.7   219.0   229.9   304.5   353.1   385.0   409.4   441.0   482.0   544.0   739.7  8245.8 19906.0  29992.3    30005  1715430727360  1715430737503
read      382.0   584.2   160.7   219.5   231.5   314.9   368.9   403.1   430.7   464.9   510.1   585.1   894.4  9865.3 20351.7  29992.4    30010  1715430739011  1715430749129
read      358.1   515.6   160.7   218.2   228.8   303.8   353.4   385.1   408.9   438.3   477.9   540.6   775.3  8105.4 23909.0  29974.1    30015  1715430750636  1715430760748
read      356.8   336.4   160.7   219.3   231.3   313.5   365.3   398.0   423.9   455.8   498.7   567.0   747.1  4639.6 12729.0  29976.5    30020  1715430762264  1715430772383
read      349.9   306.8   160.7   215.7   227.8   309.7   361.7   393.2   417.4   447.5   487.4   546.4   724.7  4752.5 11178.0  29935.9    30025  1715430773891  1715430784005
read      347.7   312.3   160.7   218.1   229.5   307.5   357.3   388.7   412.6   442.7   483.3   545.3   713.7  4375.0 10946.1  30098.9    30030  1715430785516  1715430795632
read      361.1   277.4   160.7   220.5   233.7   322.4   375.6   408.1   433.7   465.3   507.6   578.9   772.6  3823.8 10875.0  30175.4    30035  1715430797142  1715430807261
read      339.8   345.8   160.7   216.9   227.1   296.1   343.2   373.9   397.8   427.0   463.7   518.9   672.7  5454.6 13645.5  30113.3    30040  1715430808769  1715430818893
read      360.2   341.8   160.7   220.1   232.5   316.9   369.0   401.5   427.5   460.2   504.3   575.7   761.1  4412.9 12037.6  30015.8    30045  1715430820402  1715430830522
read      357.3   287.5   160.7   221.1   235.3   318.0   368.5   399.1   423.3   452.7   492.2   556.9   786.3  4465.9  8912.8  29954.6    30050  1715430832031  1715430842144
read      339.7   214.7   160.7   219.4   232.9   311.7   357.5   386.9   408.3   435.1   470.1   528.7   660.5  1403.8  9190.4  30155.5    30055  1715430843651  1715430853774
read      347.9   221.1   160.7   220.8   235.9   318.8   366.4   395.6   418.1   445.3   481.8   540.7   678.9  2245.2  8701.8  30087.0    30060  1715430855282  1715430865396
read      342.2   295.0   160.7   221.7   234.7   308.5   352.6   381.1   402.1   429.1   462.8   513.0   633.9  4285.6 12529.2  30124.5    30065  1715430866904  1715430877020
read      345.0   189.8   160.7   222.2   236.9   319.6   367.2   395.5   416.7   442.0   475.2   528.4   641.0  1462.9  8137.9  30056.0    30070  1715430878529  1715430888644
read      336.4   209.1   160.7   221.6   235.3   308.5   351.3   379.4   400.7   427.4   461.8   513.0   626.9  2077.2  8623.3  30103.5    30075  1715430890153  1715430900268
read      347.1   216.0   160.7   222.7   237.9   318.8   366.0   394.9   417.0   443.8   479.4   537.0   667.0  1803.9  8414.5  30040.0    30080  1715430901775  1715430911891
read      346.6   195.6   160.7   222.8   237.0   319.8   367.9   396.4   417.8   443.4   478.3   534.7   657.5  1715.5  8318.3  30147.2    30085  1715430913401  1715430923519
read      333.5   202.6   160.7   221.2   233.7   305.8   348.7   377.0   398.4   425.0   459.4   509.0   626.5  1715.6  8616.7  30132.0    30090  1715430925027  1715430935143
read      344.4   217.1   160.7   220.8   235.1   316.5   363.8   392.4   413.9   440.6   476.3   534.0   667.0  1748.5  8981.7  30183.5    30095  1715430936651  1715430946762
read      344.4   220.1   160.7   218.7   232.8   316.2   364.2   393.1   414.9   441.1   475.1   532.4   667.3  2085.5  8684.0  30122.6    30100  1715430948270  1715430958386
read      345.7   219.1   160.7   221.7   236.0   318.2   366.1   394.8   416.4   442.2   476.4   531.6   659.6  1870.5  9620.2  29998.9    30105  1715430959893  1715430970011
read      345.6   223.7   160.7   219.3   233.5   318.0   366.3   395.0   416.9   443.4   478.8   534.3   656.8  2005.7 10053.0  30053.4    30110  1715430971520  1715430981639
read      349.3   228.3   160.7   220.9   236.3   321.2   370.0   398.6   420.5   446.6   481.0   535.8   668.1  2047.1 10906.3  30017.7    30115  1715430983146  1715430993266
read      348.2   211.6   160.7   218.9   233.3   319.8   368.6   398.0   420.8   448.4   484.7   541.9   686.9  1863.9  9311.2  30074.1    30120  1715430994775  1715431004900
read      348.3   208.2   148.8   218.4   232.5   319.8   370.1   399.8   423.1   451.2   488.7   546.6   684.2  1601.7  8003.7  30088.8    30125  1715431006412  1715431016526
read      347.1   211.9   160.7   219.9   234.5   320.6   369.0   397.7   419.6   445.8   480.3   535.8   661.4  1862.7  9338.9  30099.4    30130  1715431018037  1715431028154
read      333.0   207.6   160.7   219.7   232.0   303.8   346.7   375.2   397.6   425.4   461.0   513.3   630.0  1735.0  8923.3  30108.4    30135  1715431029665  1715431039783
read      335.2   224.3   160.7   219.0   230.8   305.8   350.9   380.1   401.5   429.3   464.7   517.2   636.8  2066.9  9962.8  30146.4    30140  1715431041292  1715431051412
read      342.4   212.2   160.7   219.4   232.6   315.9   363.7   392.3   413.7   439.5   473.1   526.9   640.4  1717.8  8758.5  30173.5    30145  1715431052920  1715431063039
read      341.8   171.0   160.7   221.6   236.2   316.1   362.4   391.1   412.5   438.9   473.7   528.0   645.0  1254.0  7581.0  30108.5    30150  1715431064547  1715431074664
read      339.7   203.2   160.7   219.1   231.5   311.7   360.3   389.7   411.0   436.5   471.0   526.4   640.6  1854.8  8484.4  30167.5    30155  1715431076172  1715431086287
read      342.6   191.2   160.7   222.9   237.2   316.2   362.9   391.6   413.0   438.3   472.3   528.4   642.9  1492.6  8579.6  30177.4    30160  1715431087795  1715431097922
read      336.8   236.3   160.7   219.0   231.7   306.7   350.2   378.7   400.5   428.6   465.1   521.5   646.6  2419.1 12006.2  30261.7    30165  1715431099430  1715431109549
read      351.8   214.2   160.7   222.1   237.5   325.6   374.3   402.8   424.9   450.8   484.4   539.6   679.2  1619.9  8565.0  30267.2    30170  1715431111057  1715431121171
read      349.9   218.1   160.7   218.8   233.0   322.4   371.9   401.5   424.4   451.8   488.3   545.4   684.3  1729.4  9475.2  30182.3    30175  1715431122682  1715431132800
read      345.6   213.3   160.7   222.5   236.9   317.8   364.9   393.1   414.3   440.0   474.1   531.2   661.5  2201.1  8668.0  30191.6    30180  1715431134307  1715431144425
read      344.9   226.4   160.7   222.7   237.6   318.5   364.5   392.3   413.0   437.8   470.5   522.2   639.3  1918.0  8723.1  30166.3    30185  1715431145933  1715431156059
read      329.9   193.8   160.7   218.3   230.7   303.2   344.3   371.5   393.0   419.5   455.1   506.5   624.9  1765.2  8096.1  30141.5    30190  1715431157568  1715431167682
read      343.1   230.9   160.7   218.9   232.3   315.1   361.9   390.3   411.4   437.3   471.8   529.8   666.6  2324.5 10419.4  30174.5    30195  1715431169190  1715431179307
read      342.7   187.6   160.7   221.7   236.4   317.5   364.0   391.8   412.5   437.3   471.0   526.0   641.1  1374.4  8282.3  30142.8    30200  1715431180816  1715431190929
read      342.0   192.4   148.8   219.5   233.8   316.3   362.6   390.7   411.3   435.9   468.8   523.0   645.1  2220.3  7949.6  30289.8    30205  1715431192436  1715431202554
read      344.2   222.0   160.7   224.1   239.0   316.4   361.7   389.8   410.5   436.1   470.0   523.3   634.8  2059.8  8717.1  30147.4    30210  1715431204063  1715431214181
read      341.9   233.0   160.7   224.5   238.8   313.8   356.7   384.1   404.1   430.9   465.1   516.1   630.7  2415.9  9482.2  30176.9    30215  1715431215689  1715431225806
read      345.1   236.8   160.7   220.3   234.5   315.5   363.1   392.2   414.0   440.3   475.2   531.5   662.6  2396.1 10427.7  30296.3    30220  1715431227314  1715431237441
read      334.5   194.8   148.8   217.5   230.5   307.2   352.3   381.1   402.3   430.0   464.8   518.4   637.6  1422.3  8296.8  30126.2    30225  1715431238950  1715431249067
read      341.1   235.9   148.8   220.2   233.5   312.4   359.4   387.9   408.7   434.8   468.6   521.7   652.1  2085.8 10944.3  30257.7    30230  1715431250576  1715431260685
read      332.5   249.0   160.7   219.7   231.4   302.7   344.9   372.7   394.8   421.9   456.9   507.2   620.8  2278.1 12097.5  30132.1    30235  1715431262192  1715431272309
read      341.9   249.6   160.7   220.1   234.1   312.9   359.2   387.8   408.7   434.6   468.6   523.0   642.2  2208.0 11336.6  30216.1    30240  1715431273819  1715431283943
read      345.6   217.0   148.8   219.1   233.8   319.6   367.9   396.6   418.3   444.1   477.3   532.1   655.5  1419.2 10222.2  30243.1    30245  1715431285452  1715431295569
read      335.2   214.8   160.7   220.9   234.2   307.9   350.1   377.8   399.4   426.4   461.1   510.9   618.8  1773.5  9379.5  30270.7    30250  1715431297077  1715431307189
read      334.4   217.6   160.7   219.6   231.6   304.7   348.3   377.7   400.0   427.9   463.4   516.4   633.5  2135.8  8625.7  30274.7    30255  1715431308697  1715431318821
read      348.1   219.4   160.7   223.8   238.7   319.5   366.1   395.0   417.2   444.1   479.8   536.0   663.2  1999.1  8575.4  30300.9    30260  1715431320329  1715431330453
read      353.5   252.4   148.8   219.1   234.8   326.2   375.6   403.9   426.1   452.7   488.0   542.7   677.2  2285.0 12030.8  30250.1    30265  1715431331963  1715431342082
read      344.8   246.8   160.7   220.3   234.7   315.0   361.6   390.9   412.9   439.4   474.2   531.0   666.3  2212.4 11920.3  30306.7    30270  1715431343590  1715431353707
read      342.4   224.3   160.7   220.5   234.5   313.1   358.9   387.9   409.4   436.4   471.5   528.0   656.3  2512.7  8694.2  30214.1    30275  1715431355215  1715431365333
read      334.9   211.9   160.7   221.3   234.3   307.7   350.6   378.4   399.6   426.0   460.4   511.0   623.0  1596.6  8784.9  30158.5    30280  1715431366842  1715431376955
read      348.7   231.4   160.7   221.3   236.3   320.0   368.9   397.7   419.7   446.1   481.6   537.6   668.9  1892.4  9843.4  30314.3    30285  1715431378466  1715431388582
read      343.5   223.1   160.7   221.6   236.1   316.9   363.0   390.8   411.3   436.2   469.9   521.5   634.2  2033.1 10117.5  30249.1    30290  1715431390090  1715431400208
read      344.5   244.1   160.7   222.7   237.2   314.3   360.6   389.7   411.2   437.3   472.0   527.8   652.0  2450.7 10451.3  30274.7    30295  1715431401716  1715431411830
read      385.3   505.6   160.7   221.9   236.7   323.4   377.7   412.3   438.9   473.1   522.6   606.8   974.4  7682.7 20337.5  30293.9    30300  1715431413337  1715431423448
read      425.2   557.7   160.7   230.7   247.1   348.2   409.0   447.8   477.7   516.4   571.8   675.3  1841.9  8003.7 22538.4  30317.2    30305  1715431424956  1715431435069
read      433.2   613.8   160.7   227.7   243.8   343.4   405.7   448.2   480.8   523.8   584.1   693.5  1962.4  9588.2 19653.3  30317.9    30310  1715431436577  1715431446693
read      355.5   329.2   160.7   219.5   232.3   311.7   360.0   390.8   414.4   443.8   483.7   546.2   775.2  5264.5 12560.7  30310.0    30315  1715431448202  1715431458331
read      335.9   257.6   160.7   219.6   231.9   305.0   348.6   377.1   399.1   426.1   460.5   511.0   632.1  2760.0 12313.9  30324.2    30320  1715431459840  1715431469954
read      352.3   239.1   160.7   218.6   234.3   323.9   372.7   401.8   424.5   451.7   488.2   546.2   685.5  2227.3  9474.1  30303.1    30325  1715431471462  1715431481582
read      349.5   227.8   148.8   221.6   236.5   322.3   370.8   399.1   420.8   446.5   480.5   534.4   658.2  2077.9 10678.5  30369.1    30330  1715431483093  1715431493207
read      354.1   225.7   160.7   222.4   237.8   327.7   376.3   404.4   426.7   453.2   488.3   544.4   681.4  1972.4 10615.2  30350.6    30335  1715431494716  1715431504837
read      351.6   238.7   160.7   223.3   239.1   325.0   372.4   400.6   422.4   448.1   482.1   536.9   669.7  1384.1 10960.6  30411.9    30340  1715431506347  1715431516465
read      337.8   215.5   160.7   223.4   237.8   311.2   353.1   380.1   400.5   426.7   460.3   509.3   618.6  1975.5  8774.1  30297.5    30345  1715431517973  1715431528092
read      339.5   246.7   160.7   219.3   232.5   309.8   353.7   382.1   403.3   431.2   466.4   520.3   648.2  2548.7 10778.8  30307.3    30350  1715431529600  1715431539716
read      343.5   195.3   160.7   221.8   236.6   318.5   365.1   393.0   413.9   438.6   471.1   524.1   638.0  1412.6  8471.0  30315.3    30355  1715431541227  1715431551344
read      347.1   212.8   160.7   220.4   235.1   320.6   369.0   397.7   419.3   444.7   478.2   533.7   666.6  1616.7 10895.1  30302.7    30360  1715431552852  1715431562972
read      338.8   218.9   160.7   219.6   232.4   311.2   356.5   384.9   405.6   432.7   467.4   521.0   639.8  1887.9  8778.8  30369.3    30365  1715431564483  1715431574604
read      337.6   221.1   160.7   220.4   234.0   309.7   352.7   380.5   401.2   427.6   462.1   515.1   639.4  2152.4 10353.6  30405.5    30370  1715431576112  1715431586231
read      350.3   203.0   160.7   222.0   237.6   323.8   371.5   400.1   422.2   448.8   484.2   540.8   678.5  1623.8  8606.5  30387.3    30375  1715431587741  1715431597865
read      338.5   209.5   160.7   221.0   234.2   310.9   356.8   385.5   406.4   433.0   466.9   518.7   629.4  1740.5  8530.2  30393.9    30380  1715431599375  1715431609493
read      339.3   225.3   160.7   216.3   230.2   311.4   357.3   385.9   406.5   433.2   467.2   520.6   650.4  2314.0  8721.3  30436.2    30385  1715431611003  1715431621116
read      337.3   202.5   160.7   220.5   233.5   309.0   353.5   381.9   402.8   429.7   464.8   519.2   640.1  2032.3  8239.3  30308.2    30390  1715431622625  1715431632738
read      340.1   221.5   160.7   219.0   232.4   313.5   358.6   386.6   406.8   433.2   466.9   521.2   648.1  1890.6 10163.7  30293.0    30395  1715431634249  1715431644367
read      335.8   196.5   160.7   217.5   230.0   307.9   353.4   382.6   403.9   431.2   465.7   520.8   651.9  1882.5  8323.7  30449.9    30400  1715431645876  1715431655987
read      335.8   223.3   160.7   219.2   232.1   308.0   351.1   378.7   399.5   425.9   460.0   511.8   634.5  2158.3  8907.4  30334.2    30405  1715431657496  1715431667614
read      335.9   190.9   160.7   220.3   233.6   311.2   355.8   382.9   402.5   428.0   460.3   508.8   624.7  1511.3  8209.0  30356.0    30410  1715431669124  1715431679243
read      348.6   237.9   160.7   221.1   235.7   319.7   367.6   396.6   418.7   445.4   480.9   539.3   679.2  1905.7 10361.5  30412.1    30415  1715431680751  1715431690871
read      342.6   223.1   160.7   220.6   234.8   316.2   361.6   389.4   409.9   435.3   468.4   523.0   646.9  1964.1  9947.5  30425.1    30420  1715431692381  1715431702504
read      340.8   210.0   160.7   218.8   231.8   313.9   361.3   389.9   410.9   436.2   470.3   526.0   656.2  1736.1 10032.7  30450.2    30425  1715431704012  1715431714137
read      347.4   226.8   160.7   221.7   237.1   321.0   367.3   394.8   415.5   439.9   471.9   528.8   660.2  2254.1  8885.2  30460.2    30430  1715431715646  1715431725763
read      357.5   229.8   160.7   222.6   238.6   330.7   379.6   408.3   430.3   457.3   493.8   552.3   700.2  1743.7 10933.1  30537.8    30435  1715431727272  1715431737389
read      332.5   215.4   160.7   223.1   236.6   306.0   345.5   371.8   392.7   418.2   452.0   502.5   614.6  1730.3 11428.3  30396.7    30440  1715431738896  1715431749012
read      342.3   215.5   160.7   220.1   233.9   313.7   359.4   388.3   410.0   436.4   471.6   530.6   668.8  2128.8  9536.2  30437.3    30445  1715431750521  1715431760629
read      339.4   216.7   160.7   219.3   232.7   312.3   358.1   386.2   406.7   432.9   467.3   522.6   649.6  1710.6 10218.1  30367.8    30450  1715431762137  1715431772253
read      348.1   195.1   160.7   224.7   239.3   320.9   368.3   397.5   419.6   445.9   481.0   537.3   665.1  1419.1  8454.9  30362.0    30455  1715431773759  1715431783877
read      335.4   216.2   160.7   220.2   233.0   306.3   350.5   379.4   401.3   428.2   462.8   514.9   630.6  2183.5  9959.3  30479.9    30460  1715431785386  1715431795505
read      336.9   238.7   160.7   219.9   233.0   307.9   350.7   378.6   400.0   427.3   462.5   516.7   647.2  2105.1 10548.5  30478.0    30465  1715431797017  1715431807142
read      344.7   233.2   160.7   220.6   234.7   317.1   364.0   392.1   413.1   438.0   471.3   526.7   653.4  2241.8  9872.3  30513.2    30470  1715431808651  1715431818775
read      345.4   214.6   160.7   218.6   233.6   317.6   364.6   393.8   415.9   442.4   477.6   535.6   668.1  1777.5  8775.9  30486.5    30475  1715431820283  1715431830401
read      340.7   234.0   160.7   222.6   237.4   312.9   355.3   382.8   403.5   430.4   464.8   518.0   634.1  2046.3  9953.3  30524.5    30480  1715431831908  1715431842025
Connection to 35.246.250.30 closed by remote host.

Recommendation: To check for possible causes of SSH connectivity issues and get
recommendations, rerun the ssh command with the --troubleshoot option.

gcloud compute ssh client-measure-3lhd --project=cca-eth-2024-group-022 --zone=europe-west3-a --ssh-key-file=/home/kamiem123/.ssh/cloud-computing --troubleshoot

Or, to investigate an IAP tunneling issue:

gcloud compute ssh client-measure-3lhd --project=cca-eth-2024-group-022 --zone=europe-west3-a --ssh-key-file=/home/kamiem123/.ssh/cloud-computing --troubleshoot --tunnel-through-iap

ERROR: (gcloud.compute.ssh) [/usr/bin/ssh] exited with return code [255].
