Pseudo-terminal will not be allocated because stdin is not a terminal.
Local QPS = 19370.5 (193705 / 10.0s) - 193705.0, 0.0
#type       avg     std     min      p5     p10     p50     p67     p75     p80     p85     p90     p95     p99    p999   p9999 QPS
read      510.9   824.1    86.8   155.7   177.1   319.2   401.3   457.0   499.3   549.9   630.1  1075.1  4765.6  6856.0  7490.0  19370.5
Local QPS = 19361.5 (193615 / 10.0s) - 193615.0, 0.0
#type       avg     std     min      p5     p10     p50     p67     p75     p80     p85     p90     p95     p99    p999   p9999 QPS
read      570.1   939.5    86.8   162.0   182.3   315.0   404.4   459.8   505.4   591.8   941.7  1426.1  5347.3  7289.9  8760.9  19361.5
Local QPS = 19300.6 (193006 / 10.0s) - 193006.0, 0.0
#type       avg     std     min      p5     p10     p50     p67     p75     p80     p85     p90     p95     p99    p999   p9999 QPS
read      584.9  1147.9    86.8   167.1   190.5   336.3   429.6   486.3   531.6   605.2   862.6  1455.5  5456.2  7257.1  8909.8  19300.6
Local QPS = 19360.6 (193606 / 10.0s) - 193606.0, 0.0
#type       avg     std     min      p5     p10     p50     p67     p75     p80     p85     p90     p95     p99    p999   p9999 QPS
read      579.8   881.6    93.8   175.5   200.6   357.8   457.1   515.7   560.3   625.3   792.4  1302.3  5182.0  6937.2  7515.5  19360.6
Local QPS = 19281.3 (192814 / 10.0s) - 192814.0, 0.0
#type       avg     std     min      p5     p10     p50     p67     p75     p80     p85     p90     p95     p99    p999   p9999 QPS
read      595.5   831.2    93.8   189.1   219.2   393.8   498.4   564.8   614.9   680.6   803.7  1271.9  4707.2  6870.6  7529.4  19281.3
Local QPS = 19235.2 (192352 / 10.0s) - 192352.0, 0.0
#type       avg     std     min      p5     p10     p50     p67     p75     p80     p85     p90     p95     p99    p999   p9999 QPS
read      591.0   891.7    93.8   175.0   200.7   362.0   463.3   527.9   579.4   651.8   829.5  1380.4  5102.7  7015.2  8752.0  19235.2
Local QPS = 19364.2 (193642 / 10.0s) - 193642.0, 0.0
#type       avg     std     min      p5     p10     p50     p67     p75     p80     p85     p90     p95     p99    p999   p9999 QPS
read      584.9   903.9    93.8   172.1   196.3   351.3   453.8   515.3   564.6   634.8   815.0  1344.7  5063.2  7124.6 10444.7  19364.2
Local QPS = 19387.5 (193875 / 10.0s) - 193875.0, 0.0
#type       avg     std     min      p5     p10     p50     p67     p75     p80     p85     p90     p95     p99    p999   p9999 QPS
read      594.2   832.8    93.8   185.4   215.1   391.5   499.0   568.0   622.7   695.0   835.1  1267.2  4866.8  6851.4  9560.0  19387.5
Local QPS = 19318.6 (193186 / 10.0s) - 193186.0, 0.0
#type       avg     std     min      p5     p10     p50     p67     p75     p80     p85     p90     p95     p99    p999   p9999 QPS
read      585.1   879.7    93.8   175.2   200.5   360.8   466.0   530.3   577.8   641.2   792.2  1314.8  5039.4  6929.0  7495.7  19318.6
Local QPS = 19353.3 (193533 / 10.0s) - 193533.0, 0.0
#type       avg     std     min      p5     p10     p50     p67     p75     p80     p85     p90     p95     p99    p999   p9999 QPS
read      572.4   883.1    93.8   168.9   192.8   343.4   442.8   501.9   547.0   615.7   804.0  1382.6  4968.2  6924.7  8976.4  19353.3
Local QPS = 19302.3 (193023 / 10.0s) - 193023.0, 0.0
#type       avg     std     min      p5     p10     p50     p67     p75     p80     p85     p90     p95     p99    p999   p9999 QPS
read      450.5   676.5    93.8   156.7   176.9   314.9   390.3   441.2   482.8   536.2   613.7   797.0  4165.4  6746.8  9050.3  19302.3
Local QPS = 19361.5 (193615 / 10.0s) - 193615.0, 0.0
#type       avg     std     min      p5     p10     p50     p67     p75     p80     p85     p90     p95     p99    p999   p9999 QPS
read      268.8   132.5    86.8   141.2   156.4   247.1   294.8   323.9   345.9   373.9   409.9   462.4   561.1   801.8  5307.0  19361.5
Local QPS = 19345.2 (193452 / 10.0s) - 193452.0, 0.0
#type       avg     std     min      p5     p10     p50     p67     p75     p80     p85     p90     p95     p99    p999   p9999 QPS
read      281.6   123.6    93.8   145.2   161.5   260.4   312.5   343.0   366.0   393.8   430.1   486.6   602.4   843.3  2800.1  19345.2
Local QPS = 19400.5 (194005 / 10.0s) - 194005.0, 0.0
#type       avg     std     min      p5     p10     p50     p67     p75     p80     p85     p90     p95     p99    p999   p9999 QPS
read      288.2   128.1    93.8   151.3   166.8   267.0   318.8   349.2   372.1   399.7   435.7   491.7   614.6   973.0  3098.1  19400.5
Local QPS = 19429.4 (194294 / 10.0s) - 194294.0, 0.0
#type       avg     std     min      p5     p10     p50     p67     p75     p80     p85     p90     p95     p99    p999   p9999 QPS
read      268.3   150.7    86.8   144.0   160.0   246.4   290.7   317.7   339.9   368.1   405.6   463.0   567.2   886.2  4581.5  19429.4
Local QPS = 19405.8 (194058 / 10.0s) - 194058.0, 0.0
#type       avg     std     min      p5     p10     p50     p67     p75     p80     p85     p90     p95     p99    p999   p9999 QPS
read      272.6   129.6    86.8   146.5   161.7   250.3   296.7   325.7   348.0   376.1   414.0   469.5   578.6   910.3  3399.9  19405.8
Local QPS = 19436.5 (194365 / 10.0s) - 194365.0, 0.0
#type       avg     std     min      p5     p10     p50     p67     p75     p80     p85     p90     p95     p99    p999   p9999 QPS
read      272.3   128.8    80.4   145.0   161.0   251.9   298.6   327.6   349.4   376.4   411.9   463.2   556.9   845.5  3313.0  19436.5
Local QPS = 19394.5 (193945 / 10.0s) - 193945.0, 0.0
#type       avg     std     min      p5     p10     p50     p67     p75     p80     p85     p90     p95     p99    p999   p9999 QPS
read      261.2   131.7    86.8   140.8   155.0   239.3   284.8   312.9   334.8   361.7   397.1   450.0   545.3   773.7  3933.8  19394.5
Local QPS = 19373.8 (193739 / 10.0s) - 193739.0, 0.0
#type       avg     std     min      p5     p10     p50     p67     p75     p80     p85     p90     p95     p99    p999   p9999 QPS
read      265.2   120.7    86.8   143.9   158.8   244.1   288.6   316.1   338.4   365.7   400.8   455.8   552.8   789.8  4173.6  19373.8
Local QPS = 19380.0 (193800 / 10.0s) - 193800.0, 0.0
#type       avg     std     min      p5     p10     p50     p67     p75     p80     p85     p90     p95     p99    p999   p9999 QPS
read      265.1   308.1    86.8   140.4   155.2   243.0   288.2   315.2   336.3   362.5   396.6   448.3   546.8   801.9  6081.4  19380.0
Local QPS = 19374.9 (193749 / 10.0s) - 193749.0, 0.0
#type       avg     std     min      p5     p10     p50     p67     p75     p80     p85     p90     p95     p99    p999   p9999 QPS
read      269.2   130.2    86.8   143.6   159.2   252.8   299.8   326.5   346.4   370.8   400.9   446.4   535.9   715.3  3331.8  19374.9
Local QPS = 19420.2 (194202 / 10.0s) - 194202.0, 0.0
#type       avg     std     min      p5     p10     p50     p67     p75     p80     p85     p90     p95     p99    p999   p9999 QPS
read      267.2   112.5    86.8   140.6   155.2   246.0   293.9   322.6   344.8   372.3   407.7   462.9   572.3   860.1  2495.8  19420.2
Local QPS = 19452.9 (194529 / 10.0s) - 194529.0, 0.0
#type       avg     std     min      p5     p10     p50     p67     p75     p80     p85     p90     p95     p99    p999   p9999 QPS
read      250.1   120.0    86.8   139.8   153.2   230.2   269.9   294.7   315.0   341.1   375.9   426.6   517.5   716.0  3116.2  19452.9
Local QPS = 19431.7 (194317 / 10.0s) - 194317.0, 0.0
#type       avg     std     min      p5     p10     p50     p67     p75     p80     p85     p90     p95     p99    p999   p9999 QPS
read      256.6   115.1    86.8   139.8   153.5   236.2   280.4   307.4   328.1   354.6   389.3   436.6   531.8   723.0  3379.1  19431.7
Local QPS = 19305.8 (193058 / 10.0s) - 193058.0, 0.0
#type       avg     std     min      p5     p10     p50     p67     p75     p80     p85     p90     p95     p99    p999   p9999 QPS
read      241.6   112.0    86.8   137.3   150.3   222.5   259.2   282.7   301.7   327.8   363.2   410.7   490.6   724.2  4908.1  19305.8
Local QPS = 19398.1 (193981 / 10.0s) - 193981.0, 0.0
#type       avg     std     min      p5     p10     p50     p67     p75     p80     p85     p90     p95     p99    p999   p9999 QPS
read      265.9   132.3    86.8   140.8   155.3   245.4   293.8   322.1   343.6   370.5   403.6   454.8   546.0   724.3  3184.5  19398.1
Local QPS = 19397.7 (193977 / 10.0s) - 193977.0, 0.0
#type       avg     std     min      p5     p10     p50     p67     p75     p80     p85     p90     p95     p99    p999   p9999 QPS
read      266.5   150.1    86.8   142.0   156.4   243.5   291.0   319.4   341.7   369.8   406.0   460.3   561.4   807.5  7265.3  19397.7
Local QPS = 19374.7 (193747 / 10.0s) - 193747.0, 0.0
#type       avg     std     min      p5     p10     p50     p67     p75     p80     p85     p90     p95     p99    p999   p9999 QPS
read      244.2   107.6    86.8   136.4   149.0   223.3   262.0   287.0   307.6   335.0   372.8   426.1   509.0   708.1  2936.0  19374.7
Connection.cc(491): Unexpected EOF from server.
Connection.cc(489): BEV_EVENT_ERROR for 100.96.2.6:11211 : Connection reset by peer

Recommendation: To check for possible causes of SSH connectivity issues and get
recommendations, rerun the ssh command with the --troubleshoot option.

gcloud compute ssh client-agent-b-5c42 --project=cca-eth-2024-group-022 --zone=europe-west3-a --ssh-key-file=/Users/JoelBucher/.ssh/cloud-computing --troubleshoot

Or, to investigate an IAP tunneling issue:

gcloud compute ssh client-agent-b-5c42 --project=cca-eth-2024-group-022 --zone=europe-west3-a --ssh-key-file=/Users/JoelBucher/.ssh/cloud-computing --troubleshoot --tunnel-through-iap

ERROR: (gcloud.compute.ssh) [/usr/bin/ssh] exited with return code [255].
