Pseudo-terminal will not be allocated because stdin is not a terminal.
Local QPS = 9635.9 (96359 / 10.0s) - 96359.0, 0.0
#type       avg     std     min      p5     p10     p50     p67     p75     p80     p85     p90     p95     p99    p999   p9999 QPS
read      492.3   846.1    80.4   141.9   159.6   294.1   373.0   430.0   477.7   535.5   626.0  1050.3  4720.9  6767.9  8524.0   9635.9
Local QPS = 9669.6 (96696 / 10.0s) - 96696.0, 0.0
#type       avg     std     min      p5     p10     p50     p67     p75     p80     p85     p90     p95     p99    p999   p9999 QPS
read      562.5   953.7    86.8   153.1   174.4   305.8   394.5   450.5   497.0   590.7   954.3  1350.2  4938.4  7185.3 10643.2   9669.6
Local QPS = 9706.2 (97062 / 10.0s) - 97062.0, 0.0
#type       avg     std     min      p5     p10     p50     p67     p75     p80     p85     p90     p95     p99    p999   p9999 QPS
read      584.7  2006.9    86.8   158.8   181.4   320.9   412.0   469.7   516.8   595.4   872.1  1332.5  5062.8  7284.0 11000.8   9706.2
Local QPS = 9612.3 (96123 / 10.0s) - 96123.0, 0.0
#type       avg     std     min      p5     p10     p50     p67     p75     p80     p85     p90     p95     p99    p999   p9999 QPS
read      569.6   912.6    80.4   162.3   186.8   334.5   433.5   496.4   544.3   618.4   826.8  1283.1  4844.5  6939.3  9934.5   9612.3
Local QPS = 9591.8 (95918 / 10.0s) - 95918.0, 0.0
#type       avg     std     min      p5     p10     p50     p67     p75     p80     p85     p90     p95     p99    p999   p9999 QPS
read      593.0  1149.8    86.8   179.7   209.7   378.0   476.5   543.6   599.3   676.1   827.9  1293.9  4747.5  6884.9  9950.8   9591.8
Local QPS = 9689.7 (96897 / 10.0s) - 96897.0, 0.0
#type       avg     std     min      p5     p10     p50     p67     p75     p80     p85     p90     p95     p99    p999   p9999 QPS
read      574.7   899.8    86.8   169.5   196.3   347.3   435.9   496.6   546.0   619.9   809.9  1319.9  4744.7  6892.3 10821.0   9689.7
Local QPS = 9629.3 (96293 / 10.0s) - 96293.0, 0.0
#type       avg     std     min      p5     p10     p50     p67     p75     p80     p85     p90     p95     p99    p999   p9999 QPS
read      578.7   928.7    86.8   165.2   190.7   338.5   432.7   493.9   540.9   614.9   828.2  1326.9  4811.6  7075.2 10209.5   9629.3
Local QPS = 9695.4 (96954 / 10.0s) - 96954.0, 0.0
#type       avg     std     min      p5     p10     p50     p67     p75     p80     p85     p90     p95     p99    p999   p9999 QPS
read      576.8   851.9    93.8   176.0   205.5   371.9   464.3   530.7   583.9   659.2   816.1  1255.3  4770.1  6793.3 12007.7   9695.4
Local QPS = 9686.8 (96868 / 10.0s) - 96868.0, 0.0
#type       avg     std     min      p5     p10     p50     p67     p75     p80     p85     p90     p95     p99    p999   p9999 QPS
read      572.9   912.1    86.8   165.6   192.2   341.7   435.1   497.9   546.9   619.1   795.6  1304.0  4745.5  6910.6 12487.4   9686.8
Local QPS = 9708.8 (97088 / 10.0s) - 97088.0, 0.0
#type       avg     std     min      p5     p10     p50     p67     p75     p80     p85     p90     p95     p99    p999   p9999 QPS
read      569.4   910.6    93.8   162.6   187.2   333.3   426.3   485.2   532.3   604.7   838.4  1366.3  4747.4  6909.9  9742.1   9708.8
Local QPS = 9672.2 (96722 / 10.0s) - 96722.0, 0.0
#type       avg     std     min      p5     p10     p50     p67     p75     p80     p85     p90     p95     p99    p999   p9999 QPS
read      426.2   680.9    86.8   145.0   163.5   290.2   360.5   404.4   444.5   497.3   579.1   769.8  4629.8  6562.1  8112.1   9672.2
Local QPS = 9665.6 (96656 / 10.0s) - 96656.0, 0.0
#type       avg     std     min      p5     p10     p50     p67     p75     p80     p85     p90     p95     p99    p999   p9999 QPS
read      261.8   179.7    86.8   139.6   154.3   240.3   284.3   311.2   330.8   353.1   381.4   426.4   546.6  1889.6  7474.3   9665.6
Local QPS = 9682.3 (96823 / 10.0s) - 96823.0, 0.0
#type       avg     std     min      p5     p10     p50     p67     p75     p80     p85     p90     p95     p99    p999   p9999 QPS
read      271.1   172.7    86.8   147.4   163.1   250.0   295.2   323.4   343.0   365.6   393.5   436.4   571.7  1705.0  8208.1   9682.3
Local QPS = 9669.4 (96694 / 10.0s) - 96694.0, 0.0
#type       avg     std     min      p5     p10     p50     p67     p75     p80     p85     p90     p95     p99    p999   p9999 QPS
read      279.1   162.1    86.8   149.6   164.7   255.8   304.2   333.9   354.9   378.6   409.5   460.5   607.2  2028.1  5196.9   9669.4
Local QPS = 9728.8 (97288 / 10.0s) - 97288.0, 0.0
#type       avg     std     min      p5     p10     p50     p67     p75     p80     p85     p90     p95     p99    p999   p9999 QPS
read      264.4   153.7    80.4   140.3   156.8   247.1   290.8   317.6   337.2   359.3   386.3   425.9   516.9  1577.4  7632.1   9728.8
Local QPS = 9715.1 (97151 / 10.0s) - 97151.0, 0.0
#type       avg     std     min      p5     p10     p50     p67     p75     p80     p85     p90     p95     p99    p999   p9999 QPS
read      267.9   167.2    86.8   142.2   158.5   247.7   293.2   320.8   341.3   364.5   393.1   434.9   547.4  1802.7  8449.2   9715.1
Local QPS = 9663.2 (96632 / 10.0s) - 96632.0, 0.0
#type       avg     std     min      p5     p10     p50     p67     p75     p80     p85     p90     p95     p99    p999   p9999 QPS
read      259.8   148.6    86.8   139.7   154.9   240.9   282.9   308.9   328.4   350.9   379.4   423.7   542.5  1487.1  7040.7   9663.2
Local QPS = 9668.8 (96688 / 10.0s) - 96688.0, 0.0
#type       avg     std     min      p5     p10     p50     p67     p75     p80     p85     p90     p95     p99    p999   p9999 QPS
read      248.4   137.3    80.4   136.8   151.3   229.6   269.3   292.3   310.6   333.1   362.1   405.1   513.3  1394.9  4719.7   9668.8
Local QPS = 9707.4 (97074 / 10.0s) - 97074.0, 0.0
#type       avg     std     min      p5     p10     p50     p67     p75     p80     p85     p90     p95     p99    p999   p9999 QPS
read      255.2   135.0    80.4   144.3   159.2   236.2   274.7   297.7   316.4   339.6   369.5   415.1   527.1  1385.5  5730.3   9707.4
Local QPS = 9734.4 (97344 / 10.0s) - 97344.0, 0.0
#type       avg     std     min      p5     p10     p50     p67     p75     p80     p85     p90     p95     p99    p999   p9999 QPS
read      257.5   324.2    80.4   141.5   157.2   235.6   274.5   296.7   314.7   336.9   365.6   410.2   522.3  1943.2  8977.1   9734.4
Local QPS = 9754.7 (97547 / 10.0s) - 97547.0, 0.0
#type       avg     std     min      p5     p10     p50     p67     p75     p80     p85     p90     p95     p99    p999   p9999 QPS
read      248.9   696.5    80.4   138.4   152.2   229.0   267.1   288.6   304.8   324.9   353.4   398.5   506.0  1435.6  8441.0   9754.7
Local QPS = 9673.1 (96731 / 10.0s) - 96731.0, 0.0
#type       avg     std     min      p5     p10     p50     p67     p75     p80     p85     p90     p95     p99    p999   p9999 QPS
read      256.8   168.4    80.4   143.8   159.0   236.6   275.7   297.4   315.0   337.3   367.6   416.3   539.9  1714.1  7759.1   9673.1
Local QPS = 9756.1 (97561 / 10.0s) - 97561.0, 0.0
#type       avg     std     min      p5     p10     p50     p67     p75     p80     p85     p90     p95     p99    p999   p9999 QPS
read      234.1   140.7    80.4   132.8   146.7   217.2   253.2   274.1   289.8   308.6   334.8   376.7   469.0  1264.7  6782.6   9756.1
Local QPS = 9689.7 (96897 / 10.0s) - 96897.0, 0.0
#type       avg     std     min      p5     p10     p50     p67     p75     p80     p85     p90     p95     p99    p999   p9999 QPS
read      241.2   159.2    74.4   135.7   149.5   221.1   258.9   280.9   296.6   317.3   345.8   392.8   510.0  1747.7  7274.5   9689.7
Local QPS = 9695.8 (96959 / 10.0s) - 96959.0, 0.0
#type       avg     std     min      p5     p10     p50     p67     p75     p80     p85     p90     p95     p99    p999   p9999 QPS
read      230.5   179.5    80.4   131.8   144.9   211.8   246.9   267.6   282.5   299.6   322.2   363.1   457.5  1826.3  8025.5   9695.8
Local QPS = 9669.6 (96696 / 10.0s) - 96696.0, 0.0
#type       avg     std     min      p5     p10     p50     p67     p75     p80     p85     p90     p95     p99    p999   p9999 QPS
read      243.5   130.0    80.4   135.2   149.8   226.3   265.4   287.1   303.1   323.0   352.7   398.5   501.9  1078.5  4722.9   9669.6
Local QPS = 9707.7 (97078 / 10.0s) - 97078.0, 0.0
#type       avg     std     min      p5     p10     p50     p67     p75     p80     p85     p90     p95     p99    p999   p9999 QPS
read      261.2   159.2    86.8   140.5   157.1   242.3   284.1   307.5   324.7   347.4   379.3   427.0   545.6  1745.6  7565.6   9707.7
Local QPS = 9741.9 (97419 / 10.0s) - 97419.0, 0.0
#type       avg     std     min      p5     p10     p50     p67     p75     p80     p85     p90     p95     p99    p999   p9999 QPS
read      247.5   677.2    80.4   140.8   155.2   228.5   265.7   287.2   302.8   320.5   346.2   391.1   482.3  1683.7  5396.4   9741.9
Connection.cc(491): Unexpected EOF from server.
Connection.cc(491): Unexpected EOF from server.

Recommendation: To check for possible causes of SSH connectivity issues and get
recommendations, rerun the ssh command with the --troubleshoot option.

gcloud compute ssh client-agent-a-mq9t --project=cca-eth-2024-group-022 --zone=europe-west3-a --ssh-key-file=/Users/JoelBucher/.ssh/cloud-computing --troubleshoot

Or, to investigate an IAP tunneling issue:

gcloud compute ssh client-agent-a-mq9t --project=cca-eth-2024-group-022 --zone=europe-west3-a --ssh-key-file=/Users/JoelBucher/.ssh/cloud-computing --troubleshoot --tunnel-through-iap

ERROR: (gcloud.compute.ssh) [/usr/bin/ssh] exited with return code [255].
