Pseudo-terminal will not be allocated because stdin is not a terminal.
#type       avg     std     min      p5     p10     p50     p67     p75     p80     p85     p90     p95     p99    p999   p9999      QPS   target       ts_start         ts_end
read      530.8   917.3    80.4   151.0   171.4   314.8   399.1   457.7   502.9   558.8   649.9  1224.5  4865.6  7333.9 16642.0  30000.4    30000  1714730641053  1714730651200
read      611.3  1113.1    86.8   159.9   180.7   317.9   411.2   468.3   520.6   633.6  1026.9  2824.6  5699.0 10985.5 20172.5  30035.2    30005  1714730652707  1714730662845
read      625.0  1573.9    86.8   165.0   188.7   337.1   432.8   492.4   541.1   631.5   956.8  2829.3  5765.9  8888.3 21152.1  29998.5    30010  1714730664351  1714730674463
read      613.6  1027.3    80.4   171.7   197.1   356.3   459.1   521.3   570.1   643.5   875.0  1865.9  5422.1  8019.3 20051.2  29964.4    30015  1714730675973  1714730686085
read      624.4  1037.7    86.8   187.2   217.7   394.7   501.3   570.2   623.7   694.7   849.5  1441.4  5002.1  7755.5 19045.5  29882.2    30020  1714730687594  1714730697708
read      620.0  1015.7    86.8   174.2   200.7   362.6   463.4   529.9   583.8   665.8   887.1  1835.8  5257.4  7867.2 19877.4  29922.0    30025  1714730699217  1714730709331
read      617.3  1017.0    86.8   170.7   195.8   353.1   456.6   520.4   572.4   652.0   885.7  2713.9  5248.5  7838.4 19551.6  29986.6    30030  1714730710838  1714730720968
read      620.0   956.8    93.8   183.2   213.4   390.7   497.8   568.6   625.1   704.1   867.9  1380.5  5039.4  7953.8 19713.7  30089.4    30035  1714730722474  1714730732583
read      615.6  1017.4    86.8   173.1   199.2   360.3   465.9   532.6   583.3   656.9   853.1  1616.8  5219.3  7903.5 20186.8  30008.8    30040  1714730734091  1714730744203
read      607.1  1023.7    93.8   167.6   192.1   345.6   446.4   507.2   556.4   633.9   890.5  2112.4  5263.6  8101.5 20107.1  30056.0    30045  1714730745710  1714730755824
read      461.7   764.0    86.8   153.0   173.0   309.7   384.6   435.5   478.0   534.5   617.5   841.7  4555.7  7067.5 19037.5  29973.1    30050  1714730757331  1714730767448
read      268.6   179.8    86.8   141.1   156.4   246.2   292.5   320.2   341.4   367.2   400.4   452.9   560.4  1503.0  7897.5  30022.1    30055  1714730768958  1714730779072
read      280.8   185.1    86.8   146.6   162.8   258.1   308.4   337.8   359.4   385.2   419.4   473.6   598.1  1036.9  8353.6  30035.4    30060  1714730780580  1714730790692
read      288.4   181.2    86.8   151.2   166.8   265.0   316.2   346.0   368.4   395.1   430.1   486.0   620.7  1664.3  7722.1  30066.9    30065  1714730792202  1714730802321
read      268.8   169.4    80.4   143.4   159.7   248.1   292.1   318.8   339.8   365.5   398.7   451.3   556.4  1092.4  7866.4  30143.3    30070  1714730803828  1714730813942
read      273.2   167.0    86.8   145.6   161.5   251.1   297.1   325.7   346.9   373.0   406.9   461.2   576.0  1190.0  7945.5  30140.2    30075  1714730815448  1714730825563
read      271.2   186.9    80.4   143.6   159.7   249.7   294.9   322.4   343.6   369.2   401.7   453.9   558.2  1232.7  8534.6  30104.8    30080  1714730827072  1714730837185
read      258.8   155.5    80.4   140.0   154.4   237.0   280.3   306.7   327.0   352.1   385.7   436.4   541.2  1075.1  7564.4  30065.7    30085  1714730838694  1714730848804
read      264.4   174.0    80.4   144.6   159.7   242.8   285.2   311.4   332.0   357.8   391.6   443.8   549.3  1158.5  7878.4  30080.7    30090  1714730850311  1714730860429
read      266.0   393.0    80.4   141.3   156.6   241.9   284.6   310.3   330.0   354.7   387.4   436.6   544.2  1583.1 19927.5  30123.0    30095  1714730861937  1714730872053
read      264.7   419.1    80.4   142.1   157.3   245.5   289.8   315.2   335.0   359.1   390.1   435.6   535.0   899.9  7993.3  30144.6    30100  1714730873561  1714730883675
read      265.6   161.3    80.4   142.0   157.2   243.9   288.2   314.7   335.6   361.7   396.0   450.9   567.0  1284.1  7654.3  30083.2    30105  1714730885184  1714730895298
read      246.4   149.6    80.4   138.1   151.6   227.0   265.3   288.4   306.4   329.6   362.7   412.1   508.2  1077.4  7706.3  30205.6    30110  1714730896807  1714730906930
read      253.3   165.8    74.4   139.0   152.7   232.1   273.7   298.2   317.6   342.4   375.4   425.9   528.9   994.6  8128.0  30129.8    30115  1714730908437  1714730918556
read      239.6   155.9    80.4   135.9   149.2   220.3   256.4   278.3   295.3   317.7   349.1   397.8   485.9  1151.9  7837.8  29996.8    30120  1714730920064  1714730930182
read      260.9   160.7    80.4   139.5   154.0   240.1   285.0   311.4   331.7   357.2   390.9   440.9   542.0   850.1  7882.9  30074.6    30125  1714730931691  1714730941813
read      267.1   183.0    80.4   142.0   157.4   244.6   289.7   316.2   337.2   363.7   398.4   452.0   561.2  1372.7  8233.4  30131.6    30130  1714730943322  1714730953436
read      246.8   403.8    80.4   138.3   151.5   226.3   264.3   287.8   306.1   329.6   363.5   415.1   505.3   977.7  6258.2  30120.0    30135  1714730954943  1714730965059
Connection.cc(491): Unexpected EOF from server.
Connection.cc(491): Unexpected EOF from server.
Connection.cc(489): BEV_EVENT_ERROR for 100.96.2.6:11211 : Connection reset by peer

Recommendation: To check for possible causes of SSH connectivity issues and get
recommendations, rerun the ssh command with the --troubleshoot option.

gcloud compute ssh client-measure-8w7s --project=cca-eth-2024-group-022 --zone=europe-west3-a --ssh-key-file=/Users/JoelBucher/.ssh/cloud-computing --troubleshoot

Or, to investigate an IAP tunneling issue:

gcloud compute ssh client-measure-8w7s --project=cca-eth-2024-group-022 --zone=europe-west3-a --ssh-key-file=/Users/JoelBucher/.ssh/cloud-computing --troubleshoot --tunnel-through-iap

ERROR: (gcloud.compute.ssh) [/usr/bin/ssh] exited with return code [255].
