Pseudo-terminal will not be allocated because stdin is not a terminal.
Local QPS = 9681.4 (96814 / 10.0s) - 96814.0, 0.0
#type       avg     std     min      p5     p10     p50     p67     p75     p80     p85     p90     p95     p99    p999   p9999 QPS
read      288.9   351.6    80.4   132.6   147.3   233.6   284.5   316.2   340.5   370.7   413.4   490.1  1230.9  5709.0  8346.6   9681.4
Local QPS = 9665.4 (96654 / 10.0s) - 96654.0, 0.0
#type       avg     std     min      p5     p10     p50     p67     p75     p80     p85     p90     p95     p99    p999   p9999 QPS
read      551.1   860.0    86.8   156.7   178.6   318.5   409.2   465.6   516.1   606.1  1008.4  2027.5  5449.9  7116.8  7528.4   9665.4
Local QPS = 9658.5 (96585 / 10.0s) - 96585.0, 0.0
#type       avg     std     min      p5     p10     p50     p67     p75     p80     p85     p90     p95     p99    p999   p9999 QPS
read      593.6   874.9    86.8   178.6   203.6   363.3   467.6   538.5   600.3   714.3  1034.4  1584.4  5707.1  7279.5 10619.8   9658.5
Local QPS = 9619.3 (96193 / 10.0s) - 96193.0, 0.0
#type       avg     std     min      p5     p10     p50     p67     p75     p80     p85     p90     p95     p99    p999   p9999 QPS
read      571.1   875.6    93.8   166.2   187.7   325.1   407.3   461.0   510.8   653.8  1091.3  1960.7  5409.7  7083.1 10479.5   9619.3
Local QPS = 9679.3 (96793 / 10.0s) - 96793.0, 0.0
#type       avg     std     min      p5     p10     p50     p67     p75     p80     p85     p90     p95     p99    p999   p9999 QPS
read      569.1   887.4    93.8   164.2   186.4   326.7   416.4   468.9   518.4   645.2  1071.2  1911.9  5638.7  7273.8  8923.0   9679.3
Local QPS = 9661.0 (96610 / 10.0s) - 96610.0, 0.0
#type       avg     std     min      p5     p10     p50     p67     p75     p80     p85     p90     p95     p99    p999   p9999 QPS
read      552.8   866.5    93.8   158.3   178.4   312.7   399.9   453.4   499.5   611.5  1069.9  1904.8  5598.0  7182.4  9751.0   9661.0
Local QPS = 9628.2 (96282 / 10.0s) - 96282.0, 0.0
#type       avg     std     min      p5     p10     p50     p67     p75     p80     p85     p90     p95     p99    p999   p9999 QPS
read      551.5   872.4    93.8   157.6   177.4   310.4   396.4   446.5   492.0   602.8  1063.0  1850.6  5609.7  7229.1  9840.8   9628.2
Local QPS = 9694.1 (96941 / 10.0s) - 96941.0, 0.0
#type       avg     std     min      p5     p10     p50     p67     p75     p80     p85     p90     p95     p99    p999   p9999 QPS
read      578.3   916.3    86.8   162.9   183.5   321.9   408.6   462.6   510.7   678.5  1100.0  1750.5  5428.0  7217.5 10315.7   9694.1
Local QPS = 9676.4 (96764 / 10.0s) - 96764.0, 0.0
#type       avg     std     min      p5     p10     p50     p67     p75     p80     p85     p90     p95     p99    p999   p9999 QPS
read      608.8  1012.8    93.8   173.1   194.9   337.1   431.6   492.0   548.2   747.8  1095.1  1394.4  5495.6  8674.5 14431.6   9676.4
Local QPS = 9677.2 (96772 / 10.0s) - 96772.0, 0.0
#type       avg     std     min      p5     p10     p50     p67     p75     p80     p85     p90     p95     p99    p999   p9999 QPS
read      589.4   906.8    86.8   172.0   193.3   332.1   416.9   473.2   542.1   860.5  1130.0  1404.8  5360.3  7232.9  8003.1   9677.2
Local QPS = 9684.4 (96844 / 10.0s) - 96844.0, 0.0
#type       avg     std     min      p5     p10     p50     p67     p75     p80     p85     p90     p95     p99    p999   p9999 QPS
read      612.1   996.2    93.8   166.8   188.3   321.9   403.5   462.0   531.2   854.2  1132.3  1503.5  5465.7  7315.3  9116.0   9684.4
Local QPS = 9658.7 (96587 / 10.0s) - 96587.0, 0.0
#type       avg     std     min      p5     p10     p50     p67     p75     p80     p85     p90     p95     p99    p999   p9999 QPS
read      238.9   237.6    86.8   133.0   145.5   213.6   250.2   272.9   290.0   310.5   336.8   374.6   468.1  4929.8  7863.4   9658.7
Local QPS = 9665.5 (96655 / 10.0s) - 96655.0, 0.0
#type       avg     std     min      p5     p10     p50     p67     p75     p80     p85     p90     p95     p99    p999   p9999 QPS
read      237.0   111.9    93.8   139.0   152.3   222.9   257.9   278.8   294.5   313.3   336.8   371.1   448.1   777.9  5835.1   9665.5
Local QPS = 9647.1 (96471 / 10.0s) - 96471.0, 0.0
#type       avg     std     min      p5     p10     p50     p67     p75     p80     p85     p90     p95     p99    p999   p9999 QPS
read      241.2   173.7    86.8   136.7   150.3   222.8   260.9   283.7   300.7   320.4   344.9   381.5   456.4  1400.4  8172.0   9647.1
Local QPS = 9664.6 (96646 / 10.0s) - 96646.0, 0.0
#type       avg     std     min      p5     p10     p50     p67     p75     p80     p85     p90     p95     p99    p999   p9999 QPS
read      233.4   119.0    86.8   136.4   149.7   217.3   253.6   274.8   291.4   310.5   334.5   369.6   445.5   946.1  5779.5   9664.6
Local QPS = 9675.8 (96758 / 10.0s) - 96758.0, 0.0
#type       avg     std     min      p5     p10     p50     p67     p75     p80     p85     p90     p95     p99    p999   p9999 QPS
read      233.2   153.6    80.4   130.0   143.7   214.7   252.3   275.5   293.7   314.9   340.4   374.8   449.4  1107.5  6517.0   9675.8
Local QPS = 9646.4 (96464 / 10.0s) - 96464.0, 0.0
#type       avg     std     min      p5     p10     p50     p67     p75     p80     p85     p90     p95     p99    p999   p9999 QPS
read      247.5   179.3    86.8   143.0   157.1   229.7   266.9   288.9   305.2   323.9   347.5   382.8   456.9  1879.5  8955.8   9646.4
Local QPS = 9703.6 (97036 / 10.0s) - 97036.0, 0.0
#type       avg     std     min      p5     p10     p50     p67     p75     p80     p85     p90     p95     p99    p999   p9999 QPS
read      234.9   148.2    86.8   136.0   149.6   218.4   254.7   276.2   293.0   312.3   336.3   371.5   441.7   742.5  7731.7   9703.6
Local QPS = 9671.9 (96719 / 10.0s) - 96719.0, 0.0
#type       avg     std     min      p5     p10     p50     p67     p75     p80     p85     p90     p95     p99    p999   p9999 QPS
read      220.9   145.3    80.4   121.3   133.9   203.6   239.9   262.0   278.1   297.2   320.6   359.3   439.8  1185.4  6517.7   9671.9
Local QPS = 9702.0 (97020 / 10.0s) - 97020.0, 0.0
#type       avg     std     min      p5     p10     p50     p67     p75     p80     p85     p90     p95     p99    p999   p9999 QPS
read      223.9   150.6    86.8   128.8   140.9   207.4   241.5   263.1   278.5   296.8   319.6   356.0   428.2  1235.1  7098.8   9702.0
Local QPS = 9722.9 (97229 / 10.0s) - 97229.0, 0.0
#type       avg     std     min      p5     p10     p50     p67     p75     p80     p85     p90     p95     p99    p999   p9999 QPS
read      225.0   129.6    86.8   131.0   143.3   208.6   242.6   263.7   278.9   296.8   319.8   356.2   433.6  1117.4  6755.4   9722.9
Local QPS = 9650.1 (96501 / 10.0s) - 96501.0, 0.0
#type       avg     std     min      p5     p10     p50     p67     p75     p80     p85     p90     p95     p99    p999   p9999 QPS
read      239.0   148.1    86.8   144.4   157.3   222.9   257.6   277.9   293.1   311.6   335.0   368.5   436.9   936.4  8285.7   9650.1
Local QPS = 9702.5 (97025 / 10.0s) - 97025.0, 0.0
#type       avg     std     min      p5     p10     p50     p67     p75     p80     p85     p90     p95     p99    p999   p9999 QPS
read      214.8   139.2    80.4   126.1   138.3   200.0   231.1   250.7   265.7   282.9   304.3   338.4   406.2   670.5  7122.9   9702.5
Local QPS = 9662.6 (96626 / 10.0s) - 96626.0, 0.0
#type       avg     std     min      p5     p10     p50     p67     p75     p80     p85     p90     p95     p99    p999   p9999 QPS
read      235.0   124.3    80.4   136.2   149.8   218.9   255.3   277.3   293.7   312.9   337.0   371.0   440.2   971.7  5485.0   9662.6
Local QPS = 9699.9 (96999 / 10.0s) - 96999.0, 0.0
#type       avg     std     min      p5     p10     p50     p67     p75     p80     p85     p90     p95     p99    p999   p9999 QPS
read      234.1   132.6    86.8   140.2   153.4   219.0   251.5   271.6   286.5   303.7   325.5   360.9   436.3  1202.1  6758.3   9699.9
Local QPS = 9709.4 (97094 / 10.0s) - 97094.0, 0.0
#type       avg     std     min      p5     p10     p50     p67     p75     p80     p85     p90     p95     p99    p999   p9999 QPS
read      231.3   151.2    86.8   133.6   146.7   214.2   249.2   270.5   286.6   305.5   329.4   364.6   435.6  1495.4  7795.6   9709.4
Local QPS = 9725.5 (97255 / 10.0s) - 97255.0, 0.0
#type       avg     std     min      p5     p10     p50     p67     p75     p80     p85     p90     p95     p99    p999   p9999 QPS
read      223.6   143.5    86.8   134.9   147.7   209.2   239.5   258.2   272.2   288.8   309.8   341.9   411.4   767.2  7155.9   9725.5
Local QPS = 9716.2 (97162 / 10.0s) - 97162.0, 0.0
#type       avg     std     min      p5     p10     p50     p67     p75     p80     p85     p90     p95     p99    p999   p9999 QPS
read      217.7   132.4    86.8   129.4   141.2   202.9   234.0   253.8   268.7   285.6   306.4   338.5   404.0   861.0  7004.4   9716.2
Local QPS = 9757.6 (97576 / 10.0s) - 97576.0, 0.0
#type       avg     std     min      p5     p10     p50     p67     p75     p80     p85     p90     p95     p99    p999   p9999 QPS
read      226.9   125.7    80.4   136.3   149.0   212.1   244.1   264.2   278.7   295.9   317.2   348.8   423.0  1139.5  6292.9   9757.6
Local QPS = 9728.9 (97289 / 10.0s) - 97289.0, 0.0
#type       avg     std     min      p5     p10     p50     p67     p75     p80     p85     p90     p95     p99    p999   p9999 QPS
read      224.9   127.5    86.8   133.0   146.0   211.0   242.7   262.4   276.2   293.3   314.6   345.8   419.8   954.2  6507.8   9728.9
Local QPS = 9744.8 (97448 / 10.0s) - 97448.0, 0.0
#type       avg     std     min      p5     p10     p50     p67     p75     p80     p85     p90     p95     p99    p999   p9999 QPS
read      224.4   131.3    80.4   134.9   147.8   209.3   240.3   260.4   274.9   292.7   314.1   345.0   416.0  1051.2  6043.6   9744.8
Local QPS = 9731.2 (97312 / 10.0s) - 97312.0, 0.0
#type       avg     std     min      p5     p10     p50     p67     p75     p80     p85     p90     p95     p99    p999   p9999 QPS
read      229.9   147.1    86.8   140.2   152.5   214.8   246.4   266.1   280.4   296.8   318.1   350.5   419.8  1069.0  6883.5   9731.2
Local QPS = 9733.9 (97339 / 10.0s) - 97339.0, 0.0
#type       avg     std     min      p5     p10     p50     p67     p75     p80     p85     p90     p95     p99    p999   p9999 QPS
read      215.7   134.1    80.4   127.5   139.9   200.9   232.2   251.6   266.0   282.7   303.9   336.6   405.7   822.8  7275.7   9733.9
Local QPS = 9760.0 (97600 / 10.0s) - 97600.0, 0.0
#type       avg     std     min      p5     p10     p50     p67     p75     p80     p85     p90     p95     p99    p999   p9999 QPS
read      226.5   166.8    86.8   135.0   147.9   211.7   243.0   262.4   276.1   293.2   313.9   345.1   413.8  1177.9  8088.2   9760.0
Local QPS = 9750.1 (97501 / 10.0s) - 97501.0, 0.0
#type       avg     std     min      p5     p10     p50     p67     p75     p80     p85     p90     p95     p99    p999   p9999 QPS
read      224.2   156.2    86.8   133.1   145.4   208.7   241.1   261.3   275.6   293.3   314.9   346.8   421.0   790.1  9556.8   9750.1
Local QPS = 9707.2 (97073 / 10.0s) - 97073.0, 0.0
#type       avg     std     min      p5     p10     p50     p67     p75     p80     p85     p90     p95     p99    p999   p9999 QPS
read      237.1   196.5    86.8   140.7   153.7   220.1   254.6   275.3   291.3   309.6   332.8   368.5   439.6   763.4  8177.3   9707.2
Local QPS = 9744.8 (97448 / 10.0s) - 97448.0, 0.0
#type       avg     std     min      p5     p10     p50     p67     p75     p80     p85     p90     p95     p99    p999   p9999 QPS
read      235.2   139.9    86.8   138.8   151.5   219.0   254.1   274.9   291.4   310.3   333.6   368.7   445.8   891.6  7725.4   9744.8
Local QPS = 9724.9 (97249 / 10.0s) - 97249.0, 0.0
#type       avg     std     min      p5     p10     p50     p67     p75     p80     p85     p90     p95     p99    p999   p9999 QPS
read      225.9   135.5    86.8   131.1   143.5   209.6   244.4   265.9   281.5   300.1   323.0   360.1   433.0   668.9  7272.5   9724.9
Local QPS = 9769.6 (97696 / 10.0s) - 97696.0, 0.0
#type       avg     std     min      p5     p10     p50     p67     p75     p80     p85     p90     p95     p99    p999   p9999 QPS
read      233.0   129.3    86.8   138.0   150.5   216.5   251.8   273.2   289.2   307.6   330.7   366.6   440.1  1169.8  7003.7   9769.6
Local QPS = 9757.5 (97575 / 10.0s) - 97575.0, 0.0
#type       avg     std     min      p5     p10     p50     p67     p75     p80     p85     p90     p95     p99    p999   p9999 QPS
read      230.5   149.2    86.8   133.9   147.2   214.8   249.6   270.8   286.8   305.1   327.2   361.8   429.7   755.3  7686.5   9757.5
Local QPS = 9655.8 (96558 / 10.0s) - 96558.0, 0.0
#type       avg     std     min      p5     p10     p50     p67     p75     p80     p85     p90     p95     p99    p999   p9999 QPS
read      240.8   139.6    86.8   138.4   152.1   224.3   262.0   284.9   301.3   320.1   344.5   381.1   450.3   985.3  7016.4   9655.8
Local QPS = 9696.6 (96966 / 10.0s) - 96966.0, 0.0
#type       avg     std     min      p5     p10     p50     p67     p75     p80     p85     p90     p95     p99    p999   p9999 QPS
read      231.9   148.2    86.8   134.1   147.4   216.6   251.5   272.4   287.9   305.8   328.3   363.5   436.2   909.7  7566.7   9696.6
Local QPS = 9708.3 (97083 / 10.0s) - 97083.0, 0.0
#type       avg     std     min      p5     p10     p50     p67     p75     p80     p85     p90     p95     p99    p999   p9999 QPS
read      238.8   159.1    86.8   137.6   151.0   223.1   259.0   280.0   295.2   313.3   336.6   372.5   444.7  1383.4  6925.7   9708.3
Local QPS = 9754.6 (97547 / 10.0s) - 97547.0, 0.0
#type       avg     std     min      p5     p10     p50     p67     p75     p80     p85     p90     p95     p99    p999   p9999 QPS
read      230.6   157.2    86.8   131.4   144.2   212.0   248.3   271.1   288.2   308.0   332.7   369.3   444.9  1315.0  7151.8   9754.6
Local QPS = 9713.6 (97136 / 10.0s) - 97136.0, 0.0
#type       avg     std     min      p5     p10     p50     p67     p75     p80     p85     p90     p95     p99    p999   p9999 QPS
read      239.4   180.2    86.8   132.0   146.3   220.5   259.9   284.1   301.5   321.5   346.3   383.6   460.6  1270.6  9520.7   9713.6
Local QPS = 9737.9 (97379 / 10.0s) - 97379.0, 0.0
#type       avg     std     min      p5     p10     p50     p67     p75     p80     p85     p90     p95     p99    p999   p9999 QPS
read      225.8   154.7    86.8   131.7   144.1   209.6   243.3   264.0   278.8   296.4   318.8   353.9   429.9  1247.8  6836.5   9737.9
Local QPS = 9719.0 (97190 / 10.0s) - 97190.0, 0.0
#type       avg     std     min      p5     p10     p50     p67     p75     p80     p85     p90     p95     p99    p999   p9999 QPS
read      240.4   125.1    86.8   140.4   154.3   225.4   261.4   282.3   297.2   316.0   339.6   375.3   450.8   942.0  5792.1   9719.0
Local QPS = 9727.8 (97278 / 10.0s) - 97278.0, 0.0
#type       avg     std     min      p5     p10     p50     p67     p75     p80     p85     p90     p95     p99    p999   p9999 QPS
read      235.0   153.4    80.4   138.1   151.0   218.7   253.9   274.9   290.5   308.6   331.7   366.5   434.7  1116.3  7732.0   9727.8
Local QPS = 9766.3 (97663 / 10.0s) - 97663.0, 0.0
#type       avg     std     min      p5     p10     p50     p67     p75     p80     p85     p90     p95     p99    p999   p9999 QPS
read      238.0   130.2    93.8   141.6   155.2   223.2   257.6   278.0   293.4   311.6   334.6   369.0   440.0   949.8  6521.5   9766.3
Local QPS = 9722.7 (97227 / 10.0s) - 97227.0, 0.0
#type       avg     std     min      p5     p10     p50     p67     p75     p80     p85     p90     p95     p99    p999   p9999 QPS
read      231.0   164.8    86.8   136.9   149.3   213.1   246.5   267.4   282.9   301.1   323.9   360.7   432.9  2028.3  7216.8   9722.7
Local QPS = 9708.7 (97087 / 10.0s) - 97087.0, 0.0
#type       avg     std     min      p5     p10     p50     p67     p75     p80     p85     p90     p95     p99    p999   p9999 QPS
read      243.8   131.4    86.8   139.9   154.8   229.7   266.2   287.6   303.1   320.7   344.1   378.3   455.1   859.5  6511.3   9708.7
Local QPS = 9717.9 (97180 / 10.0s) - 97180.0, 0.0
#type       avg     std     min      p5     p10     p50     p67     p75     p80     p85     p90     p95     p99    p999   p9999 QPS
read      233.8   140.2    80.4   135.7   148.6   218.6   253.8   274.4   289.8   307.4   329.7   364.9   439.6  1355.9  6885.2   9717.9
Connection.cc(491): Unexpected EOF from server.
Connection.cc(489): BEV_EVENT_ERROR for 100.96.4.2:11211 : Connection reset by peer

Recommendation: To check for possible causes of SSH connectivity issues and get
recommendations, rerun the ssh command with the --troubleshoot option.

gcloud compute ssh client-agent-a-fc98 --project=cca-eth-2024-group-022 --zone=europe-west3-a --ssh-key-file=/Users/JoelBucher/.ssh/cloud-computing --troubleshoot

Or, to investigate an IAP tunneling issue:

gcloud compute ssh client-agent-a-fc98 --project=cca-eth-2024-group-022 --zone=europe-west3-a --ssh-key-file=/Users/JoelBucher/.ssh/cloud-computing --troubleshoot --tunnel-through-iap

ERROR: (gcloud.compute.ssh) [/usr/bin/ssh] exited with return code [255].
