Pseudo-terminal will not be allocated because stdin is not a terminal.
#type       avg     std     min      p5     p10     p50     p67     p75     p80     p85     p90     p95     p99    p999   p9999      QPS   target       ts_start         ts_end
read      305.4   405.5    80.4   141.0   156.7   247.9   298.1   329.9   354.3   384.7   425.6   501.7  1301.6  5923.3 13264.1  29988.6    30000  1714660397006  1714660407176
read      572.9   984.4    86.8   157.2   177.9   310.6   400.0   456.2   507.1   615.3  1055.7  2124.2  5365.7  8067.7 20226.0  29950.2    30005  1714660408684  1714660418824
read      597.2   989.5    86.8   170.8   194.8   345.4   444.3   512.5   575.9   685.6  1030.6  1994.0  5669.3  8120.4 20265.9  29964.3    30010  1714660420332  1714660430446
read      579.1   959.6    86.8   159.1   178.9   309.5   393.6   446.4   497.7   651.8  1106.3  2178.1  5181.4  7977.5 19837.2  29917.9    30015  1714660431952  1714660442062
read      584.6  1011.0    86.8   160.7   181.5   315.1   404.4   458.9   508.0   656.2  1084.0  2022.6  5596.5  8983.1 20200.9  30014.5    30020  1714660443570  1714660453683
read      582.9  1000.6    93.8   157.6   177.7   309.4   397.0   450.0   498.4   640.1  1100.2  2045.3  5536.1  8316.8 20310.7  29972.3    30025  1714660455190  1714660465316
read      585.7   998.2    93.8   158.5   177.8   309.5   395.3   446.6   495.7   650.4  1099.2  2421.3  5539.8  8114.2 20046.3  29985.5    30030  1714660466825  1714660476939
read      596.7  1040.5    86.8   160.1   180.1   313.4   400.5   454.0   502.4   658.2  1113.3  2810.8  5456.9  9268.0 20307.6  30041.5    30035  1714660478446  1714660488561
read      611.2  1100.3    93.8   165.9   187.6   322.7   416.0   474.1   528.9   680.7  1092.4  2033.2  5704.4 12254.2 21726.4  29993.8    30040  1714660490068  1714660500181
read      592.4  1019.5    86.8   162.3   182.7   314.0   399.4   456.1   512.9   763.4  1119.7  1959.1  5407.2  9181.6 20174.9  30021.0    30045  1714660501691  1714660511808
read      619.4  1101.5    86.8   159.9   179.8   306.7   389.5   445.4   505.2   785.6  1144.6  3030.2  5640.3 10347.7 20322.3  30053.7    30050  1714660513316  1714660523428
read      244.6   258.1    86.8   132.3   144.8   214.0   254.2   281.4   302.2   327.1   358.3   400.7   489.5  4277.2  8144.5  29959.2    30055  1714660524936  1714660535053
read      239.8   179.8    86.8   135.9   149.1   217.6   256.4   282.2   301.7   325.2   354.6   396.2   471.4  1076.9  7972.9  29962.5    30060  1714660536560  1714660546681
read      238.3   197.9    86.8   131.3   144.1   214.7   255.6   282.5   302.7   326.0   354.7   395.3   469.5  1463.8  8137.9  30040.5    30065  1714660548190  1714660558308
read      239.9   185.8    80.4   134.8   148.2   217.9   257.7   283.5   303.2   326.9   356.8   398.3   471.3   854.8  8530.5  29990.3    30070  1714660559818  1714660569930
read      231.2   179.6    80.4   127.6   140.0   208.3   247.3   273.0   293.1   317.2   346.5   389.0   466.9  1180.0  7936.1  30041.2    30075  1714660571438  1714660581555
read      246.9   200.8    86.8   139.8   152.8   223.8   265.0   291.1   310.9   334.2   363.2   402.1   475.1  1176.6  9023.0  30029.5    30080  1714660583062  1714660593179
read      232.8   165.5    86.8   131.0   143.4   211.2   250.1   274.9   294.6   317.5   346.0   387.7   462.7   795.6  8104.6  30088.0    30085  1714660594688  1714660604807
read      235.0   164.0    80.4   131.3   144.4   212.7   251.1   276.6   296.7   320.2   351.0   394.4   470.8  1075.0  7617.8  30106.1    30090  1714660606316  1714660616430
read      235.0   179.3    86.8   132.0   144.3   212.2   250.5   275.7   295.7   319.2   349.8   393.4   468.4  1211.4  7997.0  30065.1    30095  1714660617938  1714660628058
read      238.1   163.9    86.8   136.9   149.4   216.5   253.7   278.4   297.4   320.8   351.7   395.5   472.0   939.9  7835.0  30081.1    30100  1714660629564  1714660639685
read      244.5   191.3    86.8   142.1   154.4   220.5   260.4   286.6   306.8   331.1   361.6   402.8   477.3   760.3  9257.2  30008.1    30105  1714660641192  1714660651310
read      232.2   199.5    80.4   132.0   144.7   210.2   245.4   269.2   287.8   310.9   341.2   385.2   462.0   879.4  8739.6  30089.4    30110  1714660652819  1714660662937
read      240.6   157.5    80.4   134.5   147.9   217.9   258.4   284.9   305.2   330.0   361.2   403.3   478.9  1019.7  7791.4  30074.5    30115  1714660664445  1714660674573
read      242.9   204.9    86.8   141.9   154.5   220.6   256.6   280.8   299.2   321.8   352.3   396.2   475.6  1267.3  8101.3  30072.8    30120  1714660676082  1714660686198
read      232.7   168.4    80.4   130.9   142.9   210.5   249.1   273.8   293.3   316.8   346.0   388.5   465.6  1193.0  7916.5  30124.0    30125  1714660687705  1714660697822
read      231.1   155.4    86.8   135.0   147.7   211.2   245.2   268.0   285.8   307.8   337.3   381.5   460.0   733.8  7770.5  30171.4    30130  1714660699329  1714660709453
read      231.1   160.3    86.8   132.8   144.8   209.6   246.0   270.3   289.2   312.3   342.5   387.0   461.7   747.5  7610.6  30150.3    30135  1714660710961  1714660721078
read      230.8   180.8    80.4   131.2   144.0   209.7   244.9   268.6   287.2   309.8   338.9   382.2   463.9  1057.3  8057.8  30104.8    30140  1714660722586  1714660732703
read      233.3   151.7    86.8   135.7   148.2   212.7   248.5   272.1   290.8   313.5   342.5   387.0   464.9   840.4  7618.5  30226.1    30145  1714660734210  1714660744342
read      228.0   167.5    80.4   130.4   142.5   206.9   242.2   266.1   284.6   307.3   336.4   379.1   458.2   809.7  7991.4  30185.1    30150  1714660745849  1714660755964
read      234.3   178.7    86.8   134.1   146.5   212.1   248.9   273.2   292.4   315.6   345.6   389.9   467.2   921.9  8311.1  30207.6    30155  1714660757472  1714660767591
read      234.0   177.9    80.4   131.2   144.5   212.8   249.2   272.7   291.9   315.4   346.2   393.7   470.6   835.9  8051.6  30193.5    30160  1714660769098  1714660779213
read      235.9   180.6    86.8   133.9   146.8   213.9   251.2   275.8   295.6   319.2   350.6   395.6   469.6   781.0  8106.0  30208.2    30165  1714660780718  1714660790837
read      238.2   151.5    86.8   133.7   146.9   216.3   254.9   280.8   300.5   324.5   356.6   401.9   484.2   787.2  7524.9  30203.0    30170  1714660792342  1714660802463
read      245.2   191.2    86.8   140.9   153.8   222.4   261.7   287.1   306.8   330.7   362.1   405.7   488.2   825.1  8480.1  30146.7    30175  1714660803971  1714660814085
read      233.4   164.5    80.4   132.3   145.0   212.7   250.0   274.2   293.6   316.5   344.9   387.4   466.0   725.6  8170.6  30180.3    30180  1714660815595  1714660825715
read      240.6   158.0    86.8   136.5   149.7   219.4   257.8   282.8   301.7   324.8   355.6   399.9   480.2   904.6  7673.0  30144.5    30185  1714660827224  1714660837341
read      246.7   178.2    86.8   139.3   152.3   224.1   264.5   290.6   310.8   335.3   367.0   411.9   496.8  1084.5  7910.3  30211.3    30190  1714660838848  1714660848968
read      232.6   178.9    86.8   133.9   146.0   210.9   247.8   272.1   291.2   313.7   342.0   383.5   460.7  1048.7  8255.1  30219.0    30195  1714660850475  1714660860602
read      244.1   189.9    86.8   138.2   150.7   221.4   262.3   288.1   307.4   330.7   360.7   401.3   478.2  1015.8  8113.0  30083.0    30200  1714660862112  1714660872224
read      245.2   228.5    86.8   138.8   152.1   222.1   261.1   286.1   305.5   329.4   360.4   403.3   487.2  1291.3  8246.0  30179.4    30205  1714660873731  1714660883902
read      264.1   247.3    86.8   140.3   154.2   231.3   275.3   304.4   326.3   354.1   390.0   443.0   637.3  3796.1  9237.7  30184.4    30210  1714660885418  1714660895666
read      250.5   279.0    86.8   136.1   148.9   217.4   258.1   285.9   307.6   333.7   366.7   417.1   601.4  3411.9 14087.2  30266.6    30215  1714660897177  1714660907450
read      250.8   200.7    86.8   139.8   153.4   227.1   268.5   294.7   315.4   340.1   371.0   416.5   499.0  1336.5  9596.2  30242.2    30220  1714660908965  1714660919174
read      242.2   179.5    80.4   138.0   150.2   218.3   257.7   283.5   303.5   328.4   361.8   408.2   495.3  1055.0  8033.6  30101.7    30225  1714660920683  1714660930803
read      245.1   157.6    80.4   140.7   153.9   224.2   263.1   287.7   306.7   330.1   360.8   402.8   481.3   889.8  7632.2  30135.6    30230  1714660932312  1714660942425
read      232.8   165.2    80.4   132.5   144.6   211.7   249.6   273.6   292.3   315.0   343.6   385.9   462.5   943.3  7812.6  30206.8    30235  1714660943931  1714660954057
read      242.0   157.8    86.8   139.0   151.9   221.4   259.6   284.2   303.1   326.5   357.4   400.4   478.6   723.7  7829.5  30216.8    30240  1714660955564  1714660965682
read      237.0   192.1    86.8   137.9   150.2   216.1   251.5   274.3   292.6   314.8   343.5   387.4   464.5  1110.5  8001.6  30193.4    30245  1714660967191  1714660977319
read      246.6   153.0    86.8   140.7   154.6   227.3   265.8   290.1   308.7   331.5   361.1   402.9   484.6   873.0  6899.3  30218.6    30250  1714660978827  1714660988954
read      240.8   166.7    80.4   138.7   151.0   218.9   257.2   281.8   300.6   323.7   354.5   398.3   475.8  1169.3  7619.2  30174.1    30255  1714660990461  1714661000574
Connection.cc(491): Unexpected EOF from server.
Connection.cc(491): Unexpected EOF from server.
Connection.cc(491): Unexpected EOF from server.
Connection.cc(491): Unexpected EOF from server.

Recommendation: To check for possible causes of SSH connectivity issues and get
recommendations, rerun the ssh command with the --troubleshoot option.

gcloud compute ssh client-measure-32l1 --project=cca-eth-2024-group-022 --zone=europe-west3-a --ssh-key-file=/Users/JoelBucher/.ssh/cloud-computing --troubleshoot

Or, to investigate an IAP tunneling issue:

gcloud compute ssh client-measure-32l1 --project=cca-eth-2024-group-022 --zone=europe-west3-a --ssh-key-file=/Users/JoelBucher/.ssh/cloud-computing --troubleshoot --tunnel-through-iap

ERROR: (gcloud.compute.ssh) [/usr/bin/ssh] exited with return code [255].
