Pseudo-terminal will not be allocated because stdin is not a terminal.
Local QPS = 19320.8 (193208 / 10.0s) - 193208.0, 0.0
#type       avg     std     min      p5     p10     p50     p67     p75     p80     p85     p90     p95     p99    p999   p9999 QPS
read      300.8   333.2    86.8   145.3   161.1   249.6   297.7   328.2   351.8   381.1   419.9   490.2  1200.8  5237.9  7310.0  19320.8
Local QPS = 19292.5 (192925 / 10.0s) - 192925.0, 0.0
#type       avg     std     min      p5     p10     p50     p67     p75     p80     p85     p90     p95     p99    p999   p9999 QPS
read      533.1   830.6    86.8   156.2   176.0   298.4   382.3   433.7   478.2   561.7   974.0  2779.6  4760.9  7167.8  7642.9  19292.5
Local QPS = 19297.6 (192976 / 10.0s) - 192976.0, 0.0
#type       avg     std     min      p5     p10     p50     p67     p75     p80     p85     p90     p95     p99    p999   p9999 QPS
read      547.5   818.1    93.8   166.0   189.2   328.5   417.7   478.1   531.8   622.7   911.2  1443.7  4715.0  7332.3  7873.0  19297.6
Local QPS = 19317.2 (193172 / 10.0s) - 193172.0, 0.0
#type       avg     std     min      p5     p10     p50     p67     p75     p80     p85     p90     p95     p99    p999   p9999 QPS
read      536.1   824.4    86.8   155.0   174.2   292.8   373.8   423.0   465.2   560.3  1036.2  2805.9  4603.3  7097.4  7614.3  19317.2
Local QPS = 19326.6 (193266 / 10.0s) - 193266.0, 0.0
#type       avg     std     min      p5     p10     p50     p67     p75     p80     p85     p90     p95     p99    p999   p9999 QPS
read      541.0   847.0    86.8   157.6   177.7   300.1   385.4   436.1   479.5   580.1  1022.8  2776.4  4842.2  7339.1  8248.1  19326.6
Local QPS = 19336.9 (193369 / 10.0s) - 193369.0, 0.0
#type       avg     std     min      p5     p10     p50     p67     p75     p80     p85     p90     p95     p99    p999   p9999 QPS
read      546.9   854.5    93.8   156.1   175.7   298.4   383.1   431.9   472.3   567.4  1032.2  2836.0  4757.7  7342.4  8472.9  19336.9
Local QPS = 19365.0 (193650 / 10.0s) - 193650.0, 0.0
#type       avg     std     min      p5     p10     p50     p67     p75     p80     p85     p90     p95     p99    p999   p9999 QPS
read      552.7   861.0    93.8   157.6   176.4   299.6   382.8   431.1   471.6   576.9  1043.1  2921.1  4788.1  7304.7  7520.9  19365.0
Local QPS = 19362.5 (193625 / 10.0s) - 193625.0, 0.0
#type       avg     std     min      p5     p10     p50     p67     p75     p80     p85     p90     p95     p99    p999   p9999 QPS
read      550.8   867.5    93.8   157.4   177.0   300.1   384.4   433.3   473.9   558.9  1018.1  2955.3  4862.6  7338.0  8282.3  19362.5
Local QPS = 19302.9 (193029 / 10.0s) - 193029.0, 0.0
#type       avg     std     min      p5     p10     p50     p67     p75     p80     p85     p90     p95     p99    p999   p9999 QPS
read      551.9   873.9    93.8   162.3   182.4   307.7   394.7   450.3   495.9   577.3   988.8  2779.1  5183.8  7404.7  7531.7  19302.9
Local QPS = 19341.7 (193417 / 10.0s) - 193417.0, 0.0
#type       avg     std     min      p5     p10     p50     p67     p75     p80     p85     p90     p95     p99    p999   p9999 QPS
read      539.6   834.4    93.8   157.5   176.8   296.4   378.3   430.2   475.9   591.3  1037.7  2215.7  4767.8  7315.9  7528.5  19341.7
Local QPS = 19362.1 (193621 / 10.0s) - 193621.0, 0.0
#type       avg     std     min      p5     p10     p50     p67     p75     p80     p85     p90     p95     p99    p999   p9999 QPS
read      561.1   914.9    86.8   155.7   174.8   290.6   368.2   418.8   464.0   584.1  1046.9  3030.3  5325.5  7380.0  9327.4  19362.1
Local QPS = 19292.1 (192921 / 10.0s) - 192921.0, 0.0
#type       avg     std     min      p5     p10     p50     p67     p75     p80     p85     p90     p95     p99    p999   p9999 QPS
read      240.8   193.6    86.8   131.3   143.5   211.1   252.2   281.9   305.3   332.8   365.6   407.6   487.8  3451.5  6491.6  19292.1
Local QPS = 19307.1 (193071 / 10.0s) - 193071.0, 0.0
#type       avg     std     min      p5     p10     p50     p67     p75     p80     p85     p90     p95     p99    p999   p9999 QPS
read      234.7   108.0    86.8   133.6   146.4   211.7   250.3   277.9   300.1   327.0   359.2   400.6   471.3   688.6  3348.2  19307.1
Local QPS = 19385.3 (193856 / 10.0s) - 193856.0, 0.0
#type       avg     std     min      p5     p10     p50     p67     p75     p80     p85     p90     p95     p99    p999   p9999 QPS
read      231.2   150.0    86.8   128.9   140.8   206.7   247.1   274.8   297.2   323.1   354.5   396.8   468.0   777.5  5897.1  19385.3
Local QPS = 19324.9 (193249 / 10.0s) - 193249.0, 0.0
#type       avg     std     min      p5     p10     p50     p67     p75     p80     p85     p90     p95     p99    p999   p9999 QPS
read      237.8   119.2    80.4   133.3   146.2   215.1   255.3   283.7   306.0   332.8   364.7   405.4   475.4   633.9  5067.3  19324.9
Local QPS = 19365.3 (193653 / 10.0s) - 193653.0, 0.0
#type       avg     std     min      p5     p10     p50     p67     p75     p80     p85     p90     p95     p99    p999   p9999 QPS
read      225.3   129.5    86.8   125.6   137.7   201.6   239.4   266.6   287.9   313.9   346.6   392.1   467.8   833.9  5723.1  19365.3
Local QPS = 19392.4 (193924 / 10.0s) - 193924.0, 0.0
#type       avg     std     min      p5     p10     p50     p67     p75     p80     p85     p90     p95     p99    p999   p9999 QPS
read      240.5   122.2    86.8   138.1   150.3   217.2   258.7   287.3   309.2   335.2   366.7   407.2   476.0   611.4  6834.1  19392.4
Local QPS = 19383.1 (193832 / 10.0s) - 193832.0, 0.0
#type       avg     std     min      p5     p10     p50     p67     p75     p80     p85     p90     p95     p99    p999   p9999 QPS
read      226.1   109.2    86.8   128.7   140.2   203.6   241.5   268.3   289.3   314.7   346.0   389.4   461.3   625.5  4978.1  19383.1
Local QPS = 19431.3 (194314 / 10.0s) - 194314.0, 0.0
#type       avg     std     min      p5     p10     p50     p67     p75     p80     p85     p90     p95     p99    p999   p9999 QPS
read      237.1   136.6    86.8   137.4   149.5   213.5   252.0   280.0   302.2   328.4   360.6   401.5   471.2   629.0  5450.9  19431.3
Local QPS = 19364.7 (193647 / 10.0s) - 193647.0, 0.0
#type       avg     std     min      p5     p10     p50     p67     p75     p80     p85     p90     p95     p99    p999   p9999 QPS
read      235.0   133.5    86.8   133.0   145.1   211.3   250.6   278.5   301.1   328.0   360.7   402.0   470.6   671.8  5508.3  19364.7
Local QPS = 19357.8 (193578 / 10.0s) - 193578.0, 0.0
#type       avg     std     min      p5     p10     p50     p67     p75     p80     p85     p90     p95     p99    p999   p9999 QPS
read      239.4   136.4    86.8   139.3   151.3   217.1   254.8   281.4   302.6   328.6   361.2   402.9   472.9   699.6  6688.7  19357.8
Local QPS = 19349.5 (193495 / 10.0s) - 193495.0, 0.0
#type       avg     std     min      p5     p10     p50     p67     p75     p80     p85     p90     p95     p99    p999   p9999 QPS
read      241.6   141.8    86.8   140.5   152.3   215.8   256.7   286.7   310.2   338.1   370.7   413.4   483.0   619.0  7601.6  19349.5
Local QPS = 19379.8 (193798 / 10.0s) - 193798.0, 0.0
#type       avg     std     min      p5     p10     p50     p67     p75     p80     p85     p90     p95     p99    p999   p9999 QPS
read      234.4   129.7    80.4   135.1   147.8   212.3   249.1   274.9   296.4   322.7   355.4   397.4   467.5   635.9  5814.2  19379.8
Local QPS = 19404.5 (194045 / 10.0s) - 194045.0, 0.0
#type       avg     std     min      p5     p10     p50     p67     p75     p80     p85     p90     p95     p99    p999   p9999 QPS
read      238.9   109.6    86.8   133.0   145.8   214.5   255.9   285.4   308.8   337.4   371.4   415.2   487.9   788.7  3064.0  19404.5
Local QPS = 19358.2 (193582 / 10.0s) - 193582.0, 0.0
#type       avg     std     min      p5     p10     p50     p67     p75     p80     p85     p90     p95     p99    p999   p9999 QPS
read      241.5   114.4    93.8   142.0   154.0   218.6   255.9   282.9   304.6   331.2   364.2   406.6   483.4   892.2  5353.6  19358.2
Local QPS = 19419.5 (194195 / 10.0s) - 194195.0, 0.0
#type       avg     std     min      p5     p10     p50     p67     p75     p80     p85     p90     p95     p99    p999   p9999 QPS
read      228.4   125.3    80.4   129.3   140.5   205.1   244.4   271.4   293.0   319.2   351.8   394.7   467.3   627.5  5373.9  19419.5
Local QPS = 19438.9 (194389 / 10.0s) - 194389.0, 0.0
#type       avg     std     min      p5     p10     p50     p67     p75     p80     p85     p90     p95     p99    p999   p9999 QPS
read      231.1   105.7    86.8   134.3   146.6   209.9   245.5   270.9   291.8   317.3   350.5   394.7   466.7   620.9  3452.9  19438.9
Local QPS = 19429.0 (194290 / 10.0s) - 194290.0, 0.0
#type       avg     std     min      p5     p10     p50     p67     p75     p80     p85     p90     p95     p99    p999   p9999 QPS
read      233.7   116.4    86.8   134.1   145.8   210.3   249.3   276.9   299.0   326.2   359.2   401.1   468.3   581.0  5343.9  19429.0
Local QPS = 19362.8 (193629 / 10.0s) - 193629.0, 0.0
#type       avg     std     min      p5     p10     p50     p67     p75     p80     p85     p90     p95     p99    p999   p9999 QPS
read      227.6   110.1    80.4   128.8   141.0   205.5   241.5   267.7   289.1   315.8   349.1   394.4   469.0   635.7  5248.0  19362.8
Local QPS = 19486.0 (194861 / 10.0s) - 194861.0, 0.0
#type       avg     std     min      p5     p10     p50     p67     p75     p80     p85     p90     p95     p99    p999   p9999 QPS
read      233.6   124.7    86.8   136.2   148.3   210.8   248.0   274.1   296.0   322.4   355.3   398.6   469.8   658.4  3465.6  19486.0
Local QPS = 19434.6 (194346 / 10.0s) - 194346.0, 0.0
#type       avg     std     min      p5     p10     p50     p67     p75     p80     p85     p90     p95     p99    p999   p9999 QPS
read      225.2   120.8    86.8   128.3   139.7   202.2   238.8   265.2   286.4   313.0   346.0   390.9   464.3   612.0  4857.4  19434.6
Local QPS = 19477.0 (194770 / 10.0s) - 194770.0, 0.0
#type       avg     std     min      p5     p10     p50     p67     p75     p80     p85     p90     p95     p99    p999   p9999 QPS
read      232.3   148.3    86.8   131.1   142.9   207.4   246.4   274.0   296.4   324.5   358.8   401.4   472.3   682.8  6291.8  19477.0
Local QPS = 19459.7 (194597 / 10.0s) - 194597.0, 0.0
#type       avg     std     min      p5     p10     p50     p67     p75     p80     p85     p90     p95     p99    p999   p9999 QPS
read      238.0   118.2    86.8   132.7   146.2   215.9   254.6   282.2   304.4   331.4   365.2   409.2   483.2   658.1  5880.7  19459.7
Local QPS = 19447.9 (194479 / 10.0s) - 194479.0, 0.0
#type       avg     std     min      p5     p10     p50     p67     p75     p80     p85     p90     p95     p99    p999   p9999 QPS
read      235.9    96.0    86.8   132.6   145.2   212.5   253.0   282.4   305.8   333.7   366.8   409.8   476.6   616.9  2224.1  19447.9
Local QPS = 19441.4 (194414 / 10.0s) - 194414.0, 0.0
#type       avg     std     min      p5     p10     p50     p67     p75     p80     p85     p90     p95     p99    p999   p9999 QPS
read      241.8   122.7    86.8   133.1   146.6   217.7   260.3   289.8   312.9   340.2   372.9   417.7   493.6   738.9  4671.5  19441.4
Local QPS = 19437.9 (194379 / 10.0s) - 194379.0, 0.0
#type       avg     std     min      p5     p10     p50     p67     p75     p80     p85     p90     p95     p99    p999   p9999 QPS
read      244.6   118.1    86.8   140.3   152.9   220.7   262.1   290.5   313.2   340.4   373.7   419.0   494.8   639.6  3854.8  19437.9
Local QPS = 19460.5 (194605 / 10.0s) - 194605.0, 0.0
#type       avg     std     min      p5     p10     p50     p67     p75     p80     p85     p90     p95     p99    p999   p9999 QPS
read      227.8   114.4    80.4   129.5   141.3   205.9   242.6   268.8   290.1   316.1   348.0   392.2   466.8   622.9  4856.3  19460.5
Local QPS = 19407.3 (194073 / 10.0s) - 194073.0, 0.0
#type       avg     std     min      p5     p10     p50     p67     p75     p80     p85     p90     p95     p99    p999   p9999 QPS
read      244.0   123.4    86.8   138.8   151.8   221.6   261.9   289.2   310.5   336.4   368.8   412.7   489.3   813.5  4696.2  19407.3
Local QPS = 19442.5 (194429 / 10.0s) - 194429.0, 0.0
#type       avg     std     min      p5     p10     p50     p67     p75     p80     p85     p90     p95     p99    p999   p9999 QPS
read      248.4   135.5    86.8   139.2   152.3   224.9   267.4   296.2   319.1   346.2   379.8   424.3   501.2   681.6  5205.2  19442.5
Local QPS = 19469.6 (194696 / 10.0s) - 194696.0, 0.0
#type       avg     std     min      p5     p10     p50     p67     p75     p80     p85     p90     p95     p99    p999   p9999 QPS
read      228.9   138.6    86.8   133.1   144.5   205.7   242.4   268.9   290.0   315.6   346.8   390.4   464.4   796.5  3850.0  19469.6
Local QPS = 19428.8 (194289 / 10.0s) - 194289.0, 0.0
#type       avg     std     min      p5     p10     p50     p67     p75     p80     p85     p90     p95     p99    p999   p9999 QPS
read      240.3   121.1    86.8   137.5   149.2   216.9   258.8   286.6   308.0   334.2   366.4   408.6   483.9   643.2  5187.6  19428.8
Local QPS = 19487.0 (194870 / 10.0s) - 194870.0, 0.0
#type       avg     std     min      p5     p10     p50     p67     p75     p80     p85     p90     p95     p99    p999   p9999 QPS
read      244.9   139.1    86.8   140.2   153.4   221.4   261.4   288.8   311.0   338.0   370.6   413.6   488.6   737.4  6127.3  19487.0
Local QPS = 19465.7 (194657 / 10.0s) - 194657.0, 0.0
#type       avg     std     min      p5     p10     p50     p67     p75     p80     p85     p90     p95     p99    p999   p9999 QPS
read      256.5   123.7    86.8   141.0   154.7   231.3   277.7   309.6   333.7   362.2   395.3   439.6   525.1   861.5  4008.5  19465.7
Local QPS = 19513.2 (195133 / 10.0s) - 195133.0, 0.0
#type       avg     std     min      p5     p10     p50     p67     p75     p80     p85     p90     p95     p99    p999   p9999 QPS
read      240.9   164.5    86.8   137.9   150.0   216.0   255.2   283.8   306.5   333.5   365.6   407.7   492.8   896.2  6782.5  19513.2
Local QPS = 19521.3 (195213 / 10.0s) - 195213.0, 0.0
#type       avg     std     min      p5     p10     p50     p67     p75     p80     p85     p90     p95     p99    p999   p9999 QPS
read      251.6   133.2    93.8   142.9   155.9   227.7   270.2   298.5   321.3   349.0   382.7   427.5   503.7   738.9  6100.5  19521.3
Local QPS = 19370.4 (193705 / 10.0s) - 193705.0, 0.0
#type       avg     std     min      p5     p10     p50     p67     p75     p80     p85     p90     p95     p99    p999   p9999 QPS
read      246.7   127.1    80.4   140.3   152.3   220.5   263.9   293.6   317.3   346.3   380.9   425.8   505.0   742.2  4988.3  19370.4
Local QPS = 19426.2 (194263 / 10.0s) - 194263.0, 0.0
#type       avg     std     min      p5     p10     p50     p67     p75     p80     p85     p90     p95     p99    p999   p9999 QPS
read      243.5   109.9    80.4   140.1   152.7   220.9   261.0   288.4   310.2   336.9   370.0   413.2   487.1   688.0  3827.7  19426.2
Local QPS = 19482.6 (194826 / 10.0s) - 194826.0, 0.0
#type       avg     std     min      p5     p10     p50     p67     p75     p80     p85     p90     p95     p99    p999   p9999 QPS
read      227.5   136.8    86.8   130.2   141.3   204.4   241.9   268.3   289.4   315.8   348.1   392.5   465.1   632.6  5182.1  19482.6
Local QPS = 19457.4 (194574 / 10.0s) - 194574.0, 0.0
#type       avg     std     min      p5     p10     p50     p67     p75     p80     p85     p90     p95     p99    p999   p9999 QPS
read      240.2   112.1    86.8   137.2   149.6   217.4   257.2   284.8   307.1   334.7   368.2   412.8   487.4   635.4  4955.3  19457.4
Local QPS = 19455.8 (194558 / 10.0s) - 194558.0, 0.0
#type       avg     std     min      p5     p10     p50     p67     p75     p80     p85     p90     p95     p99    p999   p9999 QPS
read      235.3   119.9    86.8   137.5   149.8   215.0   251.0   275.3   295.4   320.3   352.1   396.0   467.2   639.0  5240.7  19455.8
Local QPS = 19496.7 (194967 / 10.0s) - 194967.0, 0.0
#type       avg     std     min      p5     p10     p50     p67     p75     p80     p85     p90     p95     p99    p999   p9999 QPS
read      244.7   113.1    86.8   140.3   153.5   223.4   262.7   289.1   310.3   336.3   368.9   413.4   490.7   697.8  3631.3  19496.7
Local QPS = 19452.7 (194527 / 10.0s) - 194527.0, 0.0
#type       avg     std     min      p5     p10     p50     p67     p75     p80     p85     p90     p95     p99    p999   p9999 QPS
read      239.9   110.4    86.8   139.3   151.2   216.3   255.1   282.9   305.3   332.7   365.8   408.4   482.3   784.2  3680.4  19452.7
Connection.cc(491): Unexpected EOF from server.
Connection.cc(491): Unexpected EOF from server.

Recommendation: To check for possible causes of SSH connectivity issues and get
recommendations, rerun the ssh command with the --troubleshoot option.

gcloud compute ssh client-agent-b-j7r5 --project=cca-eth-2024-group-022 --zone=europe-west3-a --ssh-key-file=/Users/JoelBucher/.ssh/cloud-computing --troubleshoot

Or, to investigate an IAP tunneling issue:

gcloud compute ssh client-agent-b-j7r5 --project=cca-eth-2024-group-022 --zone=europe-west3-a --ssh-key-file=/Users/JoelBucher/.ssh/cloud-computing --troubleshoot --tunnel-through-iap

ERROR: (gcloud.compute.ssh) [/usr/bin/ssh] exited with return code [255].
