Pseudo-terminal will not be allocated because stdin is not a terminal.
Local QPS = 9633.0 (96330 / 10.0s) - 96330.0, 0.0
#type       avg     std     min      p5     p10     p50     p67     p75     p80     p85     p90     p95     p99    p999   p9999 QPS
read      348.9   286.8   173.5   221.2   233.7   308.8   350.8   377.1   397.5   424.9   466.2   548.3   802.7  4343.6  9853.1   9633.0
Local QPS = 9622.8 (96228 / 10.0s) - 96228.0, 0.0
#type       avg     std     min      p5     p10     p50     p67     p75     p80     p85     p90     p95     p99    p999   p9999 QPS
read      356.0   426.3   173.5   218.9   230.3   305.4   348.6   375.6   397.5   425.9   467.6   544.4   808.4  8080.8 11937.0   9622.8
Local QPS = 9663.5 (96635 / 10.0s) - 96635.0, 0.0
#type       avg     std     min      p5     p10     p50     p67     p75     p80     p85     p90     p95     p99    p999   p9999 QPS
read      364.1   459.7   160.7   215.7   227.1   303.8   349.0   377.9   400.9   431.8   480.5   574.3  1043.6  8365.0 13263.5   9663.5
Local QPS = 9647.4 (96474 / 10.0s) - 96474.0, 0.0
#type       avg     std     min      p5     p10     p50     p67     p75     p80     p85     p90     p95     p99    p999   p9999 QPS
read      331.7   260.4   173.5   215.2   227.5   298.4   338.5   362.9   381.0   402.9   435.8   499.4   686.6  4176.0  9260.8   9647.4
Local QPS = 9616.9 (96169 / 10.0s) - 96169.0, 0.0
#type       avg     std     min      p5     p10     p50     p67     p75     p80     p85     p90     p95     p99    p999   p9999 QPS
read      334.0   274.3   173.5   216.4   227.1   296.8   338.2   363.8   383.2   406.5   443.4   514.5   722.0  4857.1 10394.8   9616.9
Local QPS = 9686.5 (96865 / 10.0s) - 96865.0, 0.0
#type       avg     std     min      p5     p10     p50     p67     p75     p80     p85     p90     p95     p99    p999   p9999 QPS
read      330.3   303.2   160.7   214.8   226.1   293.7   333.5   358.5   376.8   401.0   435.9   500.9   685.8  4472.4 12059.1   9686.5
Local QPS = 9687.5 (96875 / 10.0s) - 96875.0, 0.0
#type       avg     std     min      p5     p10     p50     p67     p75     p80     p85     p90     p95     p99    p999   p9999 QPS
read      334.1   256.2   160.7   214.4   227.3   303.3   342.5   367.9   387.2   409.8   442.3   503.5   670.2  4128.2  9433.1   9687.5
Local QPS = 9707.3 (97073 / 10.0s) - 97073.0, 0.0
#type       avg     std     min      p5     p10     p50     p67     p75     p80     p85     p90     p95     p99    p999   p9999 QPS
read      331.0   247.6   160.7   213.4   225.2   296.1   337.5   363.1   382.3   405.6   443.6   511.0   716.5  3869.1  9125.7   9707.3
Local QPS = 9689.0 (96890 / 10.0s) - 96890.0, 0.0
#type       avg     std     min      p5     p10     p50     p67     p75     p80     p85     p90     p95     p99    p999   p9999 QPS
read      335.6   303.5   173.5   213.3   225.0   297.5   339.0   364.5   383.8   407.1   445.2   513.9   718.7  5726.4 11329.1   9689.0
Local QPS = 9711.7 (97117 / 10.0s) - 97117.0, 0.0
#type       avg     std     min      p5     p10     p50     p67     p75     p80     p85     p90     p95     p99    p999   p9999 QPS
read      324.4   282.1   160.7   211.4   223.0   289.1   327.6   350.9   368.9   391.4   422.4   477.7   657.3  4395.7  9909.7   9711.7
Local QPS = 9702.0 (97020 / 10.0s) - 97020.0, 0.0
#type       avg     std     min      p5     p10     p50     p67     p75     p80     p85     p90     p95     p99    p999   p9999 QPS
read      353.3   294.0   160.7   220.5   235.6   317.0   359.1   384.7   403.8   430.1   468.4   547.0   814.4  4830.0 10794.0   9702.0
Local QPS = 9664.1 (96641 / 10.0s) - 96641.0, 0.0
#type       avg     std     min      p5     p10     p50     p67     p75     p80     p85     p90     p95     p99    p999   p9999 QPS
read      325.5   163.9   160.7   217.7   230.0   305.2   342.5   365.1   381.5   400.8   429.9   482.0   622.8  1839.8  7797.7   9664.1
Local QPS = 9641.9 (96420 / 10.0s) - 96420.0, 0.0
#type       avg     std     min      p5     p10     p50     p67     p75     p80     p85     p90     p95     p99    p999   p9999 QPS
read      325.5   195.6   173.5   221.1   233.6   302.2   338.7   360.9   376.7   397.4   426.7   480.5   622.3  2530.4  8656.6   9641.9
Local QPS = 9675.6 (96756 / 10.0s) - 96756.0, 0.0
#type       avg     std     min      p5     p10     p50     p67     p75     p80     p85     p90     p95     p99    p999   p9999 QPS
read      316.5   177.0   160.7   218.8   229.7   296.1   331.1   352.0   368.2   387.8   413.1   458.2   574.4  2001.4  9335.1   9675.6
Local QPS = 9672.3 (96723 / 10.0s) - 96723.0, 0.0
#type       avg     std     min      p5     p10     p50     p67     p75     p80     p85     p90     p95     p99    p999   p9999 QPS
read      318.0   163.2   160.7   214.9   227.5   296.8   332.9   354.5   370.7   391.4   419.2   468.3   601.0  1776.0  7140.4   9672.3
Local QPS = 9679.5 (96795 / 10.0s) - 96795.0, 0.0
#type       avg     std     min      p5     p10     p50     p67     p75     p80     p85     p90     p95     p99    p999   p9999 QPS
read      326.5   208.6   160.7   210.6   225.1   304.6   342.9   366.3   383.3   402.5   431.3   482.1   617.5  2793.3  8572.2   9679.5
Local QPS = 9692.9 (96929 / 10.0s) - 96929.0, 0.0
#type       avg     std     min      p5     p10     p50     p67     p75     p80     p85     p90     p95     p99    p999   p9999 QPS
read      327.6   197.9   173.5   220.5   233.5   306.2   342.7   365.2   381.7   401.3   430.3   481.7   612.6  2220.7  9726.7   9692.9
Local QPS = 9681.3 (96813 / 10.0s) - 96813.0, 0.0
#type       avg     std     min      p5     p10     p50     p67     p75     p80     p85     p90     p95     p99    p999   p9999 QPS
read      319.3   167.5   160.7   217.7   230.2   297.6   333.4   354.5   370.5   390.8   418.0   466.0   595.2  1997.7  7472.9   9681.3
Local QPS = 9690.4 (96904 / 10.0s) - 96904.0, 0.0
#type       avg     std     min      p5     p10     p50     p67     p75     p80     p85     p90     p95     p99    p999   p9999 QPS
read      320.1   187.0   160.7   214.4   227.6   299.1   334.9   356.4   372.4   393.4   421.3   469.1   593.5  2119.9  7722.9   9690.4
Local QPS = 9674.1 (96741 / 10.0s) - 96741.0, 0.0
#type       avg     std     min      p5     p10     p50     p67     p75     p80     p85     p90     p95     p99    p999   p9999 QPS
read      326.1   190.2   160.7   217.6   229.6   303.4   341.8   364.5   381.1   401.5   432.2   487.6   647.2  1891.5  8634.6   9674.1
Local QPS = 9679.6 (96796 / 10.0s) - 96796.0, 0.0
#type       avg     std     min      p5     p10     p50     p67     p75     p80     p85     p90     p95     p99    p999   p9999 QPS
read      321.4   145.3   160.7   217.6   229.2   299.1   337.6   360.5   376.7   397.9   427.8   482.0   636.9  1472.2  5831.9   9679.6
Local QPS = 9711.3 (97113 / 10.0s) - 97113.0, 0.0
#type       avg     std     min      p5     p10     p50     p67     p75     p80     p85     p90     p95     p99    p999   p9999 QPS
read      331.8   151.6   173.5   222.5   236.6   311.4   348.9   371.0   388.2   407.7   436.8   492.6   631.3  1777.2  6376.0   9711.3
Local QPS = 9752.7 (97527 / 10.0s) - 97527.0, 0.0
#type       avg     std     min      p5     p10     p50     p67     p75     p80     p85     p90     p95     p99    p999   p9999 QPS
read      318.5   189.7   160.7   213.8   227.2   295.2   331.5   353.6   369.9   391.3   420.4   470.2   614.1  2261.9  8627.3   9752.7
Local QPS = 9717.4 (97174 / 10.0s) - 97174.0, 0.0
#type       avg     std     min      p5     p10     p50     p67     p75     p80     p85     p90     p95     p99    p999   p9999 QPS
read      322.4   163.7   160.7   218.4   230.6   302.1   338.4   360.4   375.8   396.6   424.9   471.5   594.7  1935.0  7030.6   9717.4
