Pseudo-terminal will not be allocated because stdin is not a terminal.
Local QPS = 19370.5 (193706 / 10.0s) - 193706.0, 0.0
#type       avg     std     min      p5     p10     p50     p67     p75     p80     p85     p90     p95     p99    p999   p9999 QPS
read      365.6   230.3   160.7   224.0   238.9   327.4   382.4   416.1   440.8   470.8   511.5   580.6   783.5  4063.4  7734.4  19370.5
Local QPS = 19275.7 (192757 / 10.0s) - 192757.0, 0.0
#type       avg     std     min      p5     p10     p50     p67     p75     p80     p85     p90     p95     p99    p999   p9999 QPS
read      370.9   403.3   160.7   222.3   235.4   319.0   374.4   409.0   435.1   466.9   508.1   574.4   787.2  7822.5 12719.9  19275.7
Local QPS = 19305.9 (193059 / 10.0s) - 193059.0, 0.0
#type       avg     std     min      p5     p10     p50     p67     p75     p80     p85     p90     p95     p99    p999   p9999 QPS
read      388.5   479.4   160.7   223.8   238.0   328.2   386.4   422.0   449.2   482.4   528.1   601.9   939.8  8422.0 14784.1  19305.9
Local QPS = 19339.6 (193396 / 10.0s) - 193396.0, 0.0
#type       avg     std     min      p5     p10     p50     p67     p75     p80     p85     p90     p95     p99    p999   p9999 QPS
read      353.0   232.4   173.5   222.8   236.7   317.3   369.5   401.7   427.0   457.0   496.4   554.7   688.8  2787.8  9746.2  19339.6
Local QPS = 19355.2 (193552 / 10.0s) - 193552.0, 0.0
#type       avg     std     min      p5     p10     p50     p67     p75     p80     p85     p90     p95     p99    p999   p9999 QPS
read      351.9   231.7   160.7   216.7   229.3   315.7   370.1   402.5   428.0   458.5   497.4   556.7   701.1  3765.9  9355.5  19355.2
Local QPS = 19312.3 (193123 / 10.0s) - 193123.0, 0.0
#type       avg     std     min      p5     p10     p50     p67     p75     p80     p85     p90     p95     p99    p999   p9999 QPS
read      345.0   254.3   160.7   219.0   230.0   307.4   359.8   392.4   416.8   446.0   484.2   541.2   674.4  3875.4 10028.8  19312.3
Local QPS = 19263.1 (192632 / 10.0s) - 192632.0, 0.0
#type       avg     std     min      p5     p10     p50     p67     p75     p80     p85     p90     p95     p99    p999   p9999 QPS
read      344.1   236.0   160.7   220.3   231.7   307.6   358.4   391.1   416.3   446.9   486.2   543.7   671.7  2877.2 11114.0  19263.1
Local QPS = 19398.8 (193988 / 10.0s) - 193988.0, 0.0
#type       avg     std     min      p5     p10     p50     p67     p75     p80     p85     p90     p95     p99    p999   p9999 QPS
read      353.3   229.2   160.7   221.4   234.2   315.8   369.7   402.6   428.2   458.2   497.3   557.5   719.1  3361.7  8678.7  19398.8
Local QPS = 19386.0 (193860 / 10.0s) - 193860.0, 0.0
#type       avg     std     min      p5     p10     p50     p67     p75     p80     p85     p90     p95     p99    p999   p9999 QPS
read      348.3   288.4   160.7   214.4   226.8   308.3   361.8   394.9   419.5   449.4   489.2   548.5   694.6  4521.8 11203.2  19386.0
Local QPS = 19370.5 (193705 / 10.0s) - 193705.0, 0.0
#type       avg     std     min      p5     p10     p50     p67     p75     p80     p85     p90     p95     p99    p999   p9999 QPS
read      337.8   258.7   160.7   219.0   229.3   299.2   345.4   376.9   401.1   430.9   467.5   522.1   641.6  4295.5 10026.4  19370.5
Local QPS = 19411.1 (194111 / 10.0s) - 194111.0, 0.0
#type       avg     std     min      p5     p10     p50     p67     p75     p80     p85     p90     p95     p99    p999   p9999 QPS
read      368.2   278.4   160.7   223.7   238.7   330.5   386.2   418.6   442.5   470.7   509.8   579.6   800.8  4433.3 11603.1  19411.1
Local QPS = 19415.9 (194159 / 10.0s) - 194159.0, 0.0
#type       avg     std     min      p5     p10     p50     p67     p75     p80     p85     p90     p95     p99    p999   p9999 QPS
read      348.1   141.8   160.7   221.5   236.7   324.4   376.0   406.6   428.9   454.9   487.6   537.6   640.9   941.4  4835.1  19415.9
Local QPS = 19323.2 (193232 / 10.0s) - 193232.0, 0.0
#type       avg     std     min      p5     p10     p50     p67     p75     p80     p85     p90     p95     p99    p999   p9999 QPS
read      339.7   179.8   160.7   221.2   234.4   312.3   360.9   391.6   414.3   441.1   474.5   526.6   636.6  1173.0  6961.3  19323.2
Local QPS = 19418.1 (194181 / 10.0s) - 194181.0, 0.0
#type       avg     std     min      p5     p10     p50     p67     p75     p80     p85     p90     p95     p99    p999   p9999 QPS
read      323.5   147.2   160.7   215.8   227.4   295.9   339.7   369.7   392.9   420.6   455.5   504.8   610.2   885.8  7568.1  19418.1
Local QPS = 19384.5 (193845 / 10.0s) - 193845.0, 0.0
#type       avg     std     min      p5     p10     p50     p67     p75     p80     p85     p90     p95     p99    p999   p9999 QPS
read      336.8   156.5   160.7   219.5   232.3   311.1   359.0   389.6   411.9   437.3   470.2   522.3   632.6  1007.3  6949.6  19384.5
Local QPS = 19358.6 (193586 / 10.0s) - 193586.0, 0.0
#type       avg     std     min      p5     p10     p50     p67     p75     p80     p85     p90     p95     p99    p999   p9999 QPS
read      339.3   160.2   160.7   219.5   233.3   313.6   362.1   392.4   415.1   441.4   473.7   526.2   639.0  1064.5  6176.2  19358.6
Local QPS = 19456.2 (194562 / 10.0s) - 194562.0, 0.0
#type       avg     std     min      p5     p10     p50     p67     p75     p80     p85     p90     p95     p99    p999   p9999 QPS
read      341.8   158.1   160.7   223.5   237.4   314.9   363.5   394.0   416.7   443.3   477.0   530.4   634.4  1144.0  7618.2  19456.2
Local QPS = 19427.1 (194271 / 10.0s) - 194271.0, 0.0
#type       avg     std     min      p5     p10     p50     p67     p75     p80     p85     p90     p95     p99    p999   p9999 QPS
read      333.5   129.4   160.7   221.1   234.0   308.0   352.6   382.2   404.2   431.8   465.7   514.6   622.7  1197.1  5803.3  19427.1
Local QPS = 19357.1 (193571 / 10.0s) - 193571.0, 0.0
#type       avg     std     min      p5     p10     p50     p67     p75     p80     p85     p90     p95     p99    p999   p9999 QPS
read      333.2   138.5   160.7   219.5   231.4   305.4   351.0   381.6   404.4   433.1   469.0   524.1   633.1  1327.5  5782.1  19357.1
Local QPS = 19414.3 (194143 / 10.0s) - 194143.0, 0.0
#type       avg     std     min      p5     p10     p50     p67     p75     p80     p85     p90     p95     p99    p999   p9999 QPS
read      347.2   141.9   160.7   218.0   232.0   322.3   375.6   406.2   429.3   456.2   490.5   543.1   661.8  1078.5  5261.7  19414.3
Local QPS = 19435.8 (194358 / 10.0s) - 194358.0, 0.0
#type       avg     std     min      p5     p10     p50     p67     p75     p80     p85     p90     p95     p99    p999   p9999 QPS
read      344.4   143.8   160.7   215.5   230.3   320.2   373.7   404.0   426.8   452.7   484.9   535.3   640.2  1015.7  6070.2  19435.8
Local QPS = 19392.6 (193927 / 10.0s) - 193927.0, 0.0
#type       avg     std     min      p5     p10     p50     p67     p75     p80     p85     p90     p95     p99    p999   p9999 QPS
read      341.8   145.3   160.7   218.9   231.9   317.7   369.3   399.0   421.3   447.0   479.1   528.9   634.7  1092.9  5348.9  19392.6
Local QPS = 19314.1 (193141 / 10.0s) - 193141.0, 0.0
#type       avg     std     min      p5     p10     p50     p67     p75     p80     p85     p90     p95     p99    p999   p9999 QPS
read      337.6   137.7   160.7   221.1   234.3   310.9   359.6   390.6   413.3   439.7   472.1   523.9   634.6  1397.5  4347.1  19314.1
Local QPS = 19396.3 (193963 / 10.0s) - 193963.0, 0.0
#type       avg     std     min      p5     p10     p50     p67     p75     p80     p85     p90     p95     p99    p999   p9999 QPS
read      336.4   163.1   160.7   220.9   233.8   309.6   356.1   386.6   409.0   435.9   469.2   520.1   628.7  1248.0  6653.4  19396.3
