Pseudo-terminal will not be allocated because stdin is not a terminal.
Local QPS = 19305.6 (193056 / 10.0s) - 193056.0, 0.0
#type       avg     std     min      p5     p10     p50     p67     p75     p80     p85     p90     p95     p99    p999   p9999 QPS
read      520.0   600.4   173.5   252.7   276.1   414.3   488.1   535.7   574.5   624.8   701.8   915.8  2914.7  8761.9 13201.1  19305.6
Local QPS = 19327.6 (193276 / 10.0s) - 193276.0, 0.0
#type       avg     std     min      p5     p10     p50     p67     p75     p80     p85     p90     p95     p99    p999   p9999 QPS
read      412.6   477.4   173.5   235.9   252.6   356.1   412.8   445.3   469.4   500.8   541.8   612.7  1187.1  9602.2 14222.3  19327.6
Local QPS = 19334.5 (193346 / 10.0s) - 193346.0, 0.0
#type       avg     std     min      p5     p10     p50     p67     p75     p80     p85     p90     p95     p99    p999   p9999 QPS
read      388.0   459.8   173.5   230.6   245.6   335.8   388.0   420.1   445.0   475.8   518.1   581.0   804.0  8032.9 14555.2  19334.5
Local QPS = 19369.7 (193697 / 10.0s) - 193697.0, 0.0
#type       avg     std     min      p5     p10     p50     p67     p75     p80     p85     p90     p95     p99    p999   p9999 QPS
read      364.7   281.4   160.7   229.0   243.6   327.6   375.4   404.1   427.7   456.8   496.3   555.4   719.9  4466.8 12084.9  19369.7
Local QPS = 19370.9 (193709 / 10.0s) - 193709.0, 0.0
#type       avg     std     min      p5     p10     p50     p67     p75     p80     p85     p90     p95     p99    p999   p9999 QPS
read      382.8   272.0   160.7   237.9   254.4   348.5   401.5   432.5   456.4   485.2   524.0   582.7   734.4  4307.9 10565.9  19370.9
Local QPS = 19341.3 (193413 / 10.0s) - 193413.0, 0.0
#type       avg     std     min      p5     p10     p50     p67     p75     p80     p85     p90     p95     p99    p999   p9999 QPS
read      358.1   287.7   173.5   229.6   243.7   322.1   366.9   394.6   416.4   444.2   484.0   542.4   668.8  4366.4 10862.4  19341.3
Local QPS = 19340.6 (193406 / 10.0s) - 193406.0, 0.0
#type       avg     std     min      p5     p10     p50     p67     p75     p80     p85     p90     p95     p99    p999   p9999 QPS
read      382.4   264.6   160.7   239.1   255.4   349.0   401.3   432.5   456.3   485.1   523.9   582.1   727.4  4495.8 11121.9  19340.6
Local QPS = 19369.8 (193698 / 10.0s) - 193698.0, 0.0
#type       avg     std     min      p5     p10     p50     p67     p75     p80     p85     p90     p95     p99    p999   p9999 QPS
read      363.5   222.8   173.5   236.6   250.2   331.6   379.2   407.8   430.5   458.8   496.6   552.3   678.2  3633.6  8530.5  19369.8
Local QPS = 19316.1 (193161 / 10.0s) - 193161.0, 0.0
#type       avg     std     min      p5     p10     p50     p67     p75     p80     p85     p90     p95     p99    p999   p9999 QPS
read      367.5   268.3   160.7   227.8   243.4   334.0   383.7   413.3   435.2   463.7   501.4   558.6   694.3  4321.2  9965.9  19316.1
Local QPS = 19380.5 (193805 / 10.0s) - 193805.0, 0.0
#type       avg     std     min      p5     p10     p50     p67     p75     p80     p85     p90     p95     p99    p999   p9999 QPS
read      369.8   270.0   173.5   234.8   248.9   334.1   383.1   413.2   435.8   465.1   504.0   563.2   696.4  4280.0 10078.2  19380.5
Local QPS = 19377.0 (193770 / 10.0s) - 193770.0, 0.0
#type       avg     std     min      p5     p10     p50     p67     p75     p80     p85     p90     p95     p99    p999   p9999 QPS
read      386.6   358.1   173.5   238.8   254.8   343.2   394.1   424.6   447.6   474.8   512.9   576.4   853.2  6500.9 12727.6  19377.0
Local QPS = 19322.9 (193229 / 10.0s) - 193229.0, 0.0
#type       avg     std     min      p5     p10     p50     p67     p75     p80     p85     p90     p95     p99    p999   p9999 QPS
read      338.3   161.5   160.7   226.5   240.9   314.9   354.3   379.5   399.8   427.3   463.9   518.4   617.8  1203.8  6737.9  19322.9
Local QPS = 19346.3 (193463 / 10.0s) - 193463.0, 0.0
#type       avg     std     min      p5     p10     p50     p67     p75     p80     p85     p90     p95     p99    p999   p9999 QPS
read      365.1   167.4   173.5   232.8   249.0   345.0   396.5   425.9   446.9   470.4   502.4   546.4   636.8  1047.7  6837.6  19346.3
Local QPS = 19379.3 (193794 / 10.0s) - 193794.0, 0.0
#type       avg     std     min      p5     p10     p50     p67     p75     p80     p85     p90     p95     p99    p999   p9999 QPS
read      364.8   187.8   173.5   232.7   249.4   343.0   392.8   421.4   441.7   466.5   499.1   544.3   635.7  1939.7  8035.2  19379.3
Local QPS = 19331.9 (193319 / 10.0s) - 193319.0, 0.0
#type       avg     std     min      p5     p10     p50     p67     p75     p80     p85     p90     p95     p99    p999   p9999 QPS
read      363.1   155.7   173.5   235.6   251.1   341.4   391.4   420.1   440.6   465.9   498.2   544.5   636.5  1586.0  6294.0  19331.9
Local QPS = 19460.7 (194607 / 10.0s) - 194607.0, 0.0
#type       avg     std     min      p5     p10     p50     p67     p75     p80     p85     p90     p95     p99    p999   p9999 QPS
read      349.4   166.2   160.7   230.4   245.2   327.5   372.1   399.3   420.6   446.0   478.8   525.9   617.4  1116.5  7450.5  19460.7
Local QPS = 19315.0 (193150 / 10.0s) - 193150.0, 0.0
#type       avg     std     min      p5     p10     p50     p67     p75     p80     p85     p90     p95     p99    p999   p9999 QPS
read      349.4   139.5   160.7   230.9   246.0   329.1   372.8   398.8   419.3   443.8   475.0   522.3   612.3  1457.5  5523.2  19315.0
Local QPS = 19369.5 (193695 / 10.0s) - 193695.0, 0.0
#type       avg     std     min      p5     p10     p50     p67     p75     p80     p85     p90     p95     p99    p999   p9999 QPS
read      350.6   139.4   160.7   231.6   246.6   330.3   375.2   402.3   423.1   447.6   479.7   528.4   615.9   998.6  5906.7  19369.5
Local QPS = 19373.2 (193732 / 10.0s) - 193732.0, 0.0
#type       avg     std     min      p5     p10     p50     p67     p75     p80     p85     p90     p95     p99    p999   p9999 QPS
read      363.8   162.9   160.7   234.6   250.5   343.3   393.0   420.8   440.5   465.7   498.2   543.9   637.5  1344.3  7725.2  19373.2
Local QPS = 19338.2 (193382 / 10.0s) - 193382.0, 0.0
#type       avg     std     min      p5     p10     p50     p67     p75     p80     p85     p90     p95     p99    p999   p9999 QPS
read      348.2   143.9   160.7   232.5   246.9   327.5   370.5   396.4   416.2   439.7   472.2   521.0   605.0  1228.2  6274.6  19338.2
Local QPS = 19457.9 (194579 / 10.0s) - 194579.0, 0.0
#type       avg     std     min      p5     p10     p50     p67     p75     p80     p85     p90     p95     p99    p999   p9999 QPS
read      361.7   156.1   173.5   236.3   251.6   340.9   389.7   417.7   437.3   463.0   495.6   542.2   633.2  1126.4  7373.5  19457.9
Local QPS = 19376.4 (193764 / 10.0s) - 193764.0, 0.0
#type       avg     std     min      p5     p10     p50     p67     p75     p80     p85     p90     p95     p99    p999   p9999 QPS
read      359.1   160.9   160.7   233.4   248.9   337.7   385.5   412.5   432.4   457.7   490.4   537.8   632.1  1837.4  7094.1  19376.4
Local QPS = 19332.1 (193321 / 10.0s) - 193321.0, 0.0
#type       avg     std     min      p5     p10     p50     p67     p75     p80     p85     p90     p95     p99    p999   p9999 QPS
read      354.0   142.4   173.5   231.5   247.3   335.4   381.7   407.5   427.5   451.7   483.1   530.0   617.6   923.4  6229.1  19332.1
Local QPS = 19404.7 (194047 / 10.0s) - 194047.0, 0.0
#type       avg     std     min      p5     p10     p50     p67     p75     p80     p85     p90     p95     p99    p999   p9999 QPS
read      352.4   153.4   160.7   228.3   244.8   333.5   378.7   404.0   424.4   448.3   479.3   527.6   619.9  1307.4  7325.1  19404.7
Local QPS = 19384.8 (193849 / 10.0s) - 193849.0, 0.0
#type       avg     std     min      p5     p10     p50     p67     p75     p80     p85     p90     p95     p99    p999   p9999 QPS
read      361.5   164.0   173.5   234.3   250.2   340.9   389.8   417.4   436.7   462.2   494.5   540.3   629.0  1446.5  6620.1  19384.8
Local QPS = 19406.6 (194066 / 10.0s) - 194066.0, 0.0
#type       avg     std     min      p5     p10     p50     p67     p75     p80     p85     p90     p95     p99    p999   p9999 QPS
read      349.0   164.4   173.5   229.3   244.5   328.0   372.9   399.4   419.8   443.9   475.2   525.5   619.5  1170.6  6770.7  19406.6
Local QPS = 19462.0 (194620 / 10.0s) - 194620.0, 0.0
#type       avg     std     min      p5     p10     p50     p67     p75     p80     p85     p90     p95     p99    p999   p9999 QPS
read      358.5   185.5   160.7   232.1   247.8   337.4   385.1   412.0   432.0   456.6   488.1   535.0   626.1  1458.5  8945.8  19462.0
Local QPS = 19427.9 (194280 / 10.0s) - 194280.0, 0.0
#type       avg     std     min      p5     p10     p50     p67     p75     p80     p85     p90     p95     p99    p999   p9999 QPS
read      350.4   127.9   160.7   227.6   243.6   331.3   376.9   402.9   423.4   447.3   478.4   527.6   624.0  1162.1  4898.4  19427.9
Local QPS = 19441.9 (194419 / 10.0s) - 194419.0, 0.0
#type       avg     std     min      p5     p10     p50     p67     p75     p80     p85     p90     p95     p99    p999   p9999 QPS
read      362.8   152.4   160.7   233.5   249.9   342.8   391.6   419.2   438.6   463.3   495.9   542.1   635.7  1565.6  5677.5  19441.9
Local QPS = 19430.8 (194308 / 10.0s) - 194308.0, 0.0
#type       avg     std     min      p5     p10     p50     p67     p75     p80     p85     p90     p95     p99    p999   p9999 QPS
read      367.1   152.6   160.7   235.7   253.1   347.9   396.4   424.1   443.9   467.4   499.7   545.2   639.5  1391.7  6650.8  19430.8
Local QPS = 19478.1 (194781 / 10.0s) - 194781.0, 0.0
#type       avg     std     min      p5     p10     p50     p67     p75     p80     p85     p90     p95     p99    p999   p9999 QPS
read      351.1   133.5   160.7   226.4   241.9   332.8   380.0   406.4   426.8   450.5   480.4   527.1   620.2  1211.0  3848.7  19478.1
Local QPS = 19390.2 (193902 / 10.0s) - 193902.0, 0.0
#type       avg     std     min      p5     p10     p50     p67     p75     p80     p85     p90     p95     p99    p999   p9999 QPS
read      337.6   182.1   173.5   227.3   241.9   315.9   354.6   378.5   397.7   421.6   452.9   499.7   591.6  1497.9  8401.2  19390.2
Local QPS = 19493.0 (194930 / 10.0s) - 194930.0, 0.0
#type       avg     std     min      p5     p10     p50     p67     p75     p80     p85     p90     p95     p99    p999   p9999 QPS
read      332.7   176.9   160.7   224.6   238.8   310.2   347.7   372.5   393.0   418.0   451.7   502.1   595.4  1154.6  6959.8  19493.0
Local QPS = 19480.3 (194803 / 10.0s) - 194803.0, 0.0
#type       avg     std     min      p5     p10     p50     p67     p75     p80     p85     p90     p95     p99    p999   p9999 QPS
read      347.8   157.4   160.7   229.5   244.6   327.4   370.7   396.4   415.9   438.8   469.8   519.3   606.1  1415.8  6659.4  19480.3
Local QPS = 19468.9 (194689 / 10.0s) - 194689.0, 0.0
#type       avg     std     min      p5     p10     p50     p67     p75     p80     p85     p90     p95     p99    p999   p9999 QPS
read      356.5   172.4   160.7   235.1   249.8   335.8   381.4   407.6   428.0   452.2   483.0   530.7   620.4  1325.5  7126.3  19468.9
Local QPS = 19435.4 (194354 / 10.0s) - 194354.0, 0.0
#type       avg     std     min      p5     p10     p50     p67     p75     p80     p85     p90     p95     p99    p999   p9999 QPS
read      360.7   162.7   160.7   230.8   247.3   341.3   390.1   418.0   437.3   462.3   493.9   540.1   634.3  1364.6  5963.2  19435.4
Local QPS = 19418.5 (194185 / 10.0s) - 194185.0, 0.0
#type       avg     std     min      p5     p10     p50     p67     p75     p80     p85     p90     p95     p99    p999   p9999 QPS
read      356.9   160.8   160.7   231.1   246.8   336.8   384.3   411.0   430.9   455.2   486.1   533.8   630.2  1487.0  6491.2  19418.5
Local QPS = 19427.2 (194272 / 10.0s) - 194272.0, 0.0
#type       avg     std     min      p5     p10     p50     p67     p75     p80     p85     p90     p95     p99    p999   p9999 QPS
read      351.0   156.6   160.7   232.8   247.5   330.0   373.6   400.2   421.1   445.6   476.7   526.6   617.1  1064.9  6889.4  19427.2
Local QPS = 19469.1 (194691 / 10.0s) - 194691.0, 0.0
#type       avg     std     min      p5     p10     p50     p67     p75     p80     p85     p90     p95     p99    p999   p9999 QPS
read      345.5   166.4   160.7   226.8   242.2   326.5   370.6   396.4   415.8   438.1   468.0   510.7   592.6  1139.9  7076.8  19469.1
Local QPS = 19515.1 (195151 / 10.0s) - 195151.0, 0.0
#type       avg     std     min      p5     p10     p50     p67     p75     p80     p85     p90     p95     p99    p999   p9999 QPS
read      358.5   162.6   160.7   227.6   243.8   339.2   388.3   415.9   435.3   460.1   491.6   537.9   630.9  1400.9  6718.9  19515.1
Local QPS = 19509.9 (195099 / 10.0s) - 195099.0, 0.0
#type       avg     std     min      p5     p10     p50     p67     p75     p80     p85     p90     p95     p99    p999   p9999 QPS
read      354.4   141.6   160.7   235.0   249.4   333.6   378.7   405.3   426.5   451.6   484.6   534.3   622.9  1099.3  6686.6  19509.9
Local QPS = 19401.1 (194012 / 10.0s) - 194012.0, 0.0
#type       avg     std     min      p5     p10     p50     p67     p75     p80     p85     p90     p95     p99    p999   p9999 QPS
read      388.7   270.8   160.7   235.8   252.1   353.3   405.8   436.7   460.9   490.4   530.1   592.6   847.1  4467.5  8930.9  19401.1
Local QPS = 19460.6 (194606 / 10.0s) - 194606.0, 0.0
#type       avg     std     min      p5     p10     p50     p67     p75     p80     p85     p90     p95     p99    p999   p9999 QPS
read      385.1   446.2   173.5   229.4   244.6   338.8   389.3   419.8   442.7   471.0   510.3   576.1   810.6  6786.4 13778.8  19460.6
Local QPS = 19338.9 (193389 / 10.0s) - 193389.0, 0.0
#type       avg     std     min      p5     p10     p50     p67     p75     p80     p85     p90     p95     p99    p999   p9999 QPS
read      641.0 15376.7   173.5   255.4   279.7   447.7   533.0   578.7   610.8   647.3   696.2   776.8  1093.1  7520.4 16485.3  19338.9
Local QPS = 19512.5 (195125 / 10.0s) - 195125.0, 0.0
#type       avg     std     min      p5     p10     p50     p67     p75     p80     p85     p90     p95     p99    p999   p9999 QPS
read      377.2   261.4   160.7   231.1   246.5   338.2   389.2   420.1   443.4   471.5   510.7   579.2   946.6  4175.4  8345.6  19512.5
Local QPS = 19525.4 (195254 / 10.0s) - 195254.0, 0.0
#type       avg     std     min      p5     p10     p50     p67     p75     p80     p85     p90     p95     p99    p999   p9999 QPS
read      370.8   235.0   160.7   229.7   245.1   339.5   389.6   418.8   440.2   466.7   502.5   562.4   733.2  3956.0  7511.8  19525.4
Local QPS = 19499.8 (194998 / 10.0s) - 194998.0, 0.0
#type       avg     std     min      p5     p10     p50     p67     p75     p80     p85     p90     p95     p99    p999   p9999 QPS
read      376.1   303.2   173.5   233.2   248.2   338.6   388.0   417.0   438.1   465.9   502.7   562.2   750.1  5047.6 10158.1  19499.8
Local QPS = 19536.5 (195365 / 10.0s) - 195365.0, 0.0
#type       avg     std     min      p5     p10     p50     p67     p75     p80     p85     p90     p95     p99    p999   p9999 QPS
read      622.9 18141.5   173.5   252.6   275.8   435.2   514.0   554.3   583.2   616.9   659.7   728.8   880.9  1945.5 10348.0  19536.5
Local QPS = 19509.2 (195092 / 10.0s) - 195092.0, 0.0
#type       avg     std     min      p5     p10     p50     p67     p75     p80     p85     p90     p95     p99    p999   p9999 QPS
read      379.9   263.0   173.5   229.8   247.3   350.6   402.7   432.7   455.3   481.5   516.0   573.4   759.2  4333.9  9357.8  19509.2
Local QPS = 19507.4 (195074 / 10.0s) - 195074.0, 0.0
#type       avg     std     min      p5     p10     p50     p67     p75     p80     p85     p90     p95     p99    p999   p9999 QPS
read      394.2   285.5   160.7   236.6   252.8   356.6   411.4   443.3   466.9   497.2   537.0   602.4   868.9  5004.4  8619.2  19507.4
Local QPS = 19473.8 (194738 / 10.0s) - 194738.0, 0.0
#type       avg     std     min      p5     p10     p50     p67     p75     p80     p85     p90     p95     p99    p999   p9999 QPS
read      368.9   231.1   160.7   230.2   245.5   339.1   389.4   418.8   440.4   466.9   502.6   557.5   687.9  4108.9  7257.8  19473.8
Local QPS = 16963.6 (169636 / 10.0s) - 169636.0, 0.0
#type       avg     std     min      p5     p10     p50     p67     p75     p80     p85     p90     p95     p99    p999   p9999 QPS
read      714.1 23907.5   173.5   236.5   257.5   407.3   499.5   545.7   577.2   613.0   659.0   736.6  1007.1  8006.1 128421.3  16963.6
Local QPS = 19502.9 (195030 / 10.0s) - 195030.0, 0.0
#type       avg     std     min      p5     p10     p50     p67     p75     p80     p85     p90     p95     p99    p999   p9999 QPS
read      368.1   228.5   160.7   229.7   245.9   338.5   387.3   416.0   437.0   463.9   498.3   550.3   744.1  3463.4  8518.9  19502.9
Local QPS = 19447.8 (194478 / 10.0s) - 194478.0, 0.0
#type       avg     std     min      p5     p10     p50     p67     p75     p80     p85     p90     p95     p99    p999   p9999 QPS
read      350.2   136.0   160.7   229.0   243.9   329.7   375.6   402.6   424.0   448.9   480.8   528.7   617.2  1239.1  5620.9  19447.8
Local QPS = 19510.0 (195100 / 10.0s) - 195100.0, 0.0
#type       avg     std     min      p5     p10     p50     p67     p75     p80     p85     p90     p95     p99    p999   p9999 QPS
read      355.3   155.7   160.7   228.5   244.3   337.2   384.3   410.6   430.7   455.4   486.2   531.6   622.0  1111.6  7104.4  19510.0
Local QPS = 19520.3 (195203 / 10.0s) - 195203.0, 0.0
#type       avg     std     min      p5     p10     p50     p67     p75     p80     p85     p90     p95     p99    p999   p9999 QPS
read      383.9   268.8   160.7   231.1   247.9   346.8   398.2   429.1   452.9   481.7   522.1   590.3   883.8  4707.5  8044.2  19520.3
Local QPS = 19488.2 (194882 / 10.0s) - 194882.0, 0.0
#type       avg     std     min      p5     p10     p50     p67     p75     p80     p85     p90     p95     p99    p999   p9999 QPS
read      374.7   327.1   173.5   231.0   245.8   337.9   387.8   417.0   438.1   465.3   501.1   559.4   727.5  6170.9 10445.0  19488.2
Local QPS = 14401.8 (144018 / 10.0s) - 144018.0, 0.0
#type       avg     std     min      p5     p10     p50     p67     p75     p80     p85     p90     p95     p99    p999   p9999 QPS
read      426.4   769.9   160.7   232.4   250.1   364.3   424.2   459.6   487.0   521.8   571.8   659.5   983.4  9565.2 48225.2  14401.8
Local QPS = 19580.6 (195806 / 10.0s) - 195806.0, 0.0
#type       avg     std     min      p5     p10     p50     p67     p75     p80     p85     p90     p95     p99    p999   p9999 QPS
read      361.1   169.3   160.7   230.9   246.7   337.6   384.9   412.6   433.6   460.1   493.8   544.3   676.0  2067.4  7007.3  19580.6
Local QPS = 19584.2 (195842 / 10.0s) - 195842.0, 0.0
#type       avg     std     min      p5     p10     p50     p67     p75     p80     p85     p90     p95     p99    p999   p9999 QPS
read      361.9   162.3   160.7   228.7   244.8   342.5   392.1   420.1   440.3   465.4   498.2   545.2   640.6  1387.3  7055.4  19584.2
Local QPS = 19520.2 (195202 / 10.0s) - 195202.0, 0.0
#type       avg     std     min      p5     p10     p50     p67     p75     p80     p85     p90     p95     p99    p999   p9999 QPS
read      347.9   138.7   160.7   229.2   244.0   327.6   372.1   398.6   419.0   442.9   473.8   521.3   608.6  1318.7  5503.8  19520.2
Local QPS = 19481.6 (194816 / 10.0s) - 194816.0, 0.0
#type       avg     std     min      p5     p10     p50     p67     p75     p80     p85     p90     p95     p99    p999   p9999 QPS
read      336.6   156.4   160.7   225.2   240.0   316.5   355.9   379.2   397.6   421.8   454.3   501.1   593.8  1310.4  6044.5  19481.6
Local QPS = 19554.7 (195547 / 10.0s) - 195547.0, 0.0
#type       avg     std     min      p5     p10     p50     p67     p75     p80     p85     p90     p95     p99    p999   p9999 QPS
read      355.2   189.2   160.7   228.8   244.7   334.8   380.7   406.9   427.8   452.4   483.2   529.5   627.5  1598.9  8284.1  19554.7
Local QPS = 19489.8 (194898 / 10.0s) - 194898.0, 0.0
#type       avg     std     min      p5     p10     p50     p67     p75     p80     p85     p90     p95     p99    p999   p9999 QPS
read      347.2   126.0   160.7   227.0   242.5   328.5   373.0   399.7   420.4   444.7   475.3   521.8   613.2   942.0  5386.5  19489.8
Local QPS = 19581.2 (195812 / 10.0s) - 195812.0, 0.0
#type       avg     std     min      p5     p10     p50     p67     p75     p80     p85     p90     p95     p99    p999   p9999 QPS
read      346.7   152.8   160.7   225.4   241.0   326.7   371.1   397.1   417.5   441.9   472.9   520.2   617.3  1308.7  7007.2  19581.2
Local QPS = 19588.7 (195888 / 10.0s) - 195888.0, 0.0
#type       avg     std     min      p5     p10     p50     p67     p75     p80     p85     p90     p95     p99    p999   p9999 QPS
read      355.0   239.5   160.7   226.9   241.2   321.1   364.5   390.7   410.5   436.1   471.4   531.5   734.5  3893.8  7819.9  19588.7
Local QPS = 19529.0 (195290 / 10.0s) - 195290.0, 0.0
#type       avg     std     min      p5     p10     p50     p67     p75     p80     p85     p90     p95     p99    p999   p9999 QPS
read      381.8   226.8   173.5   229.1   245.9   352.3   407.2   439.6   463.7   492.8   529.9   586.7   753.7  3705.1  8732.9  19529.0
Local QPS = 18804.1 (188041 / 10.0s) - 188041.0, 0.0
#type       avg     std     min      p5     p10     p50     p67     p75     p80     p85     p90     p95     p99    p999   p9999 QPS
read      694.7 21852.0   160.7   251.3   275.6   459.3   543.1   582.9   610.9   641.5   685.9   754.6   985.1  7062.1 31961.3  18804.1
Local QPS = 19646.6 (196466 / 10.0s) - 196466.0, 0.0
#type       avg     std     min      p5     p10     p50     p67     p75     p80     p85     p90     p95     p99    p999   p9999 QPS
read      350.0   183.7   173.5   229.6   244.3   322.9   364.6   389.9   408.8   434.3   469.0   523.0   681.8  3060.9  5878.3  19646.6
Local QPS = 19470.8 (194708 / 10.0s) - 194708.0, 0.0
#type       avg     std     min      p5     p10     p50     p67     p75     p80     p85     p90     p95     p99    p999   p9999 QPS
read      345.0   168.5   173.5   233.7   247.5   322.2   362.5   386.9   404.5   430.7   464.7   516.4   612.7  1595.3  7100.0  19470.8
Local QPS = 19551.3 (195514 / 10.0s) - 195514.0, 0.0
#type       avg     std     min      p5     p10     p50     p67     p75     p80     p85     p90     p95     p99    p999   p9999 QPS
read      367.3   158.9   173.5   239.8   256.5   347.4   395.4   423.2   443.4   467.4   499.7   544.3   635.4  1213.6  6378.6  19551.3
Local QPS = 19615.0 (196150 / 10.0s) - 196150.0, 0.0
#type       avg     std     min      p5     p10     p50     p67     p75     p80     p85     p90     p95     p99    p999   p9999 QPS
read      356.4   144.1   160.7   235.0   250.4   337.1   382.4   408.7   429.0   454.0   485.8   532.3   625.4  1115.2  6752.7  19615.0
Local QPS = 19572.4 (195724 / 10.0s) - 195724.0, 0.0
#type       avg     std     min      p5     p10     p50     p67     p75     p80     p85     p90     p95     p99    p999   p9999 QPS
read      352.3   168.0   160.7   233.6   248.4   332.5   375.9   401.0   420.6   443.4   473.9   521.8   611.0  1285.6  7679.7  19572.4
Local QPS = 19574.9 (195749 / 10.0s) - 195749.0, 0.0
#type       avg     std     min      p5     p10     p50     p67     p75     p80     p85     p90     p95     p99    p999   p9999 QPS
read      354.6   147.7   173.5   232.2   247.5   335.6   381.3   406.7   427.1   451.4   482.3   528.5   620.3  1322.0  6785.9  19574.9
Local QPS = 19549.5 (195495 / 10.0s) - 195495.0, 0.0
#type       avg     std     min      p5     p10     p50     p67     p75     p80     p85     p90     p95     p99    p999   p9999 QPS
read      366.9   159.5   160.7   235.5   251.8   347.5   397.7   426.0   446.5   469.9   501.3   545.2   636.1  1464.0  5958.2  19549.5
Local QPS = 19604.0 (196040 / 10.0s) - 196040.0, 0.0
#type       avg     std     min      p5     p10     p50     p67     p75     p80     p85     p90     p95     p99    p999   p9999 QPS
read      357.4   161.6   160.7   228.9   245.0   337.4   385.4   412.8   433.1   458.9   491.2   537.4   632.9  1275.5  7595.9  19604.0
Local QPS = 19655.8 (196558 / 10.0s) - 196558.0, 0.0
#type       avg     std     min      p5     p10     p50     p67     p75     p80     p85     p90     p95     p99    p999   p9999 QPS
read      358.2   160.1   173.5   231.3   246.8   338.9   386.6   412.8   432.3   457.4   489.5   536.5   630.3  1324.8  5877.7  19655.8
Local QPS = 19635.1 (196351 / 10.0s) - 196351.0, 0.0
#type       avg     std     min      p5     p10     p50     p67     p75     p80     p85     p90     p95     p99    p999   p9999 QPS
read      359.0   145.8   160.7   229.7   245.1   339.0   388.5   416.1   435.9   462.0   495.1   541.8   635.0  1410.8  6144.2  19635.1
Local QPS = 19501.5 (195015 / 10.0s) - 195015.0, 0.0
#type       avg     std     min      p5     p10     p50     p67     p75     p80     p85     p90     p95     p99    p999   p9999 QPS
read      341.4   145.4   173.5   228.2   242.8   321.8   363.0   387.1   403.9   427.9   459.6   506.3   592.7  1334.8  6784.0  19501.5
Local QPS = 19578.3 (195783 / 10.0s) - 195783.0, 0.0
#type       avg     std     min      p5     p10     p50     p67     p75     p80     p85     p90     p95     p99    p999   p9999 QPS
read      342.2   141.5   160.7   227.7   242.7   322.2   364.1   388.7   406.4   430.9   463.9   511.2   604.1  1126.9  5673.5  19578.3
Local QPS = 19548.4 (195485 / 10.0s) - 195485.0, 0.0
#type       avg     std     min      p5     p10     p50     p67     p75     p80     p85     p90     p95     p99    p999   p9999 QPS
read      360.4   138.0   160.7   230.8   246.9   341.4   390.6   418.5   438.2   464.1   496.1   541.5   634.8  1118.9  5311.7  19548.4
Local QPS = 19590.7 (195907 / 10.0s) - 195907.0, 0.0
#type       avg     std     min      p5     p10     p50     p67     p75     p80     p85     p90     p95     p99    p999   p9999 QPS
read      376.1   246.4   160.7   234.4   250.5   343.3   391.5   420.0   440.9   468.1   504.2   565.7   809.8  3733.6  9564.9  19590.7
Local QPS = 19644.3 (196444 / 10.0s) - 196444.0, 0.0
#type       avg     std     min      p5     p10     p50     p67     p75     p80     p85     p90     p95     p99    p999   p9999 QPS
read      361.2   278.3   173.5   229.7   244.4   328.3   373.2   400.1   421.5   448.0   484.2   538.0   680.9  4413.4 11816.4  19644.3
Local QPS = 19512.2 (195122 / 10.0s) - 195122.0, 0.0
#type       avg     std     min      p5     p10     p50     p67     p75     p80     p85     p90     p95     p99    p999   p9999 QPS
read      376.7   335.6   160.7   225.0   240.5   336.7   387.1   416.6   438.4   466.9   504.0   563.2   816.5  4781.6 12154.3  19512.2
Local QPS = 18311.8 (183118 / 10.0s) - 183118.0, 0.0
#type       avg     std     min      p5     p10     p50     p67     p75     p80     p85     p90     p95     p99    p999   p9999 QPS
read      864.2 35437.7   173.5   299.8   332.0   522.8   596.4   634.3   662.2   692.3   735.0   799.8   952.6  1902.2 11703.1  18311.8
Local QPS = 19612.9 (196129 / 10.0s) - 196129.0, 0.0
#type       avg     std     min      p5     p10     p50     p67     p75     p80     p85     p90     p95     p99    p999   p9999 QPS
read      378.6   280.1   160.7   230.5   247.5   348.9   399.1   428.6   451.4   478.4   512.8   570.9   754.4  4473.8 12530.0  19612.9
Local QPS = 19554.0 (195540 / 10.0s) - 195540.0, 0.0
#type       avg     std     min      p5     p10     p50     p67     p75     p80     p85     p90     p95     p99    p999   p9999 QPS
read      347.9   146.7   173.5   227.2   242.2   328.2   373.4   399.7   419.9   443.4   474.4   522.2   610.7  1204.1  6059.4  19554.0
Local QPS = 19591.9 (195920 / 10.0s) - 195920.0, 0.0
#type       avg     std     min      p5     p10     p50     p67     p75     p80     p85     p90     p95     p99    p999   p9999 QPS
read      358.6   124.2   160.7   231.0   247.4   341.1   389.7   416.8   435.7   460.8   491.7   535.7   623.5  1005.1  4840.6  19591.9
Local QPS = 19696.5 (196965 / 10.0s) - 196965.0, 0.0
#type       avg     std     min      p5     p10     p50     p67     p75     p80     p85     p90     p95     p99    p999   p9999 QPS
read      339.8   170.7   160.7   224.4   238.9   319.8   361.7   386.4   403.7   427.4   458.7   504.0   591.3  1663.4  7868.2  19696.5
Local QPS = 19625.3 (196253 / 10.0s) - 196253.0, 0.0
#type       avg     std     min      p5     p10     p50     p67     p75     p80     p85     p90     p95     p99    p999   p9999 QPS
read      349.8   177.2   173.5   225.7   241.3   329.9   375.0   401.1   421.4   445.4   477.4   524.8   618.9  1192.4  7143.7  19625.3
Local QPS = 19689.5 (196895 / 10.0s) - 196895.0, 0.0
#type       avg     std     min      p5     p10     p50     p67     p75     p80     p85     p90     p95     p99    p999   p9999 QPS
read      344.4   142.6   160.7   225.5   240.9   325.8   369.0   394.3   413.1   435.6   467.4   512.0   603.9  1240.6  5938.5  19689.5
Local QPS = 19686.2 (196863 / 10.0s) - 196863.0, 0.0
#type       avg     std     min      p5     p10     p50     p67     p75     p80     p85     p90     p95     p99    p999   p9999 QPS
read      349.8   141.1   160.7   226.6   242.0   330.9   377.0   402.9   423.7   447.9   479.0   524.5   613.8  1306.5  5597.6  19686.2
Local QPS = 19673.9 (196739 / 10.0s) - 196739.0, 0.0
#type       avg     std     min      p5     p10     p50     p67     p75     p80     p85     p90     p95     p99    p999   p9999 QPS
read      342.1   145.2   160.7   228.7   242.9   319.5   361.5   387.6   407.1   432.9   468.8   520.9   615.0  1115.4  5324.0  19673.9
Local QPS = 19577.8 (195778 / 10.0s) - 195778.0, 0.0
#type       avg     std     min      p5     p10     p50     p67     p75     p80     p85     p90     p95     p99    p999   p9999 QPS
read      353.3   149.3   160.7   226.4   242.2   335.3   382.2   407.5   427.3   451.3   482.5   528.4   623.5  1398.5  6079.8  19577.8
Local QPS = 19587.5 (195875 / 10.0s) - 195875.0, 0.0
#type       avg     std     min      p5     p10     p50     p67     p75     p80     p85     p90     p95     p99    p999   p9999 QPS
read      336.6   144.6   160.7   224.8   239.4   316.2   356.2   380.1   398.8   423.1   456.7   507.0   600.1  1186.6  6829.4  19587.5
Local QPS = 19680.2 (196802 / 10.0s) - 196802.0, 0.0
#type       avg     std     min      p5     p10     p50     p67     p75     p80     p85     p90     p95     p99    p999   p9999 QPS
read      342.9   163.8   160.7   223.1   237.8   323.3   368.0   393.4   412.1   435.0   466.9   511.5   605.1  1279.5  6747.1  19680.2
Local QPS = 19685.5 (196918 / 10.0s) - 196918.0, 0.0
#type       avg     std     min      p5     p10     p50     p67     p75     p80     p85     p90     p95     p99    p999   p9999 QPS
read      351.9   142.6   160.7   223.3   238.8   333.9   381.8   408.6   429.2   454.1   485.8   532.0   628.8  1004.3  6775.9  19685.5
Local QPS = 19638.2 (196382 / 10.0s) - 196382.0, 0.0
#type       avg     std     min      p5     p10     p50     p67     p75     p80     p85     p90     p95     p99    p999   p9999 QPS
read      349.8   142.2   160.7   226.6   242.6   332.0   377.4   403.0   422.7   445.4   475.2   520.7   606.9  1285.7  5473.9  19638.2
Local QPS = 19718.8 (197188 / 10.0s) - 197188.0, 0.0
#type       avg     std     min      p5     p10     p50     p67     p75     p80     p85     p90     p95     p99    p999   p9999 QPS
read      346.2   141.0   160.7   225.4   240.9   328.0   372.3   397.7   416.9   438.8   469.5   514.5   604.8  1294.5  6186.9  19718.8
Local QPS = 19671.9 (196719 / 10.0s) - 196719.0, 0.0
#type       avg     std     min      p5     p10     p50     p67     p75     p80     p85     p90     p95     p99    p999   p9999 QPS
read      337.2   138.5   160.7   227.8   242.0   317.1   356.8   380.6   398.8   423.2   456.4   505.6   594.2   978.2  5438.2  19671.9
Local QPS = 19580.6 (195806 / 10.0s) - 195806.0, 0.0
#type       avg     std     min      p5     p10     p50     p67     p75     p80     p85     p90     p95     p99    p999   p9999 QPS
read      344.9   147.9   160.7   225.8   240.9   326.8   370.8   396.0   414.7   436.3   467.1   511.0   597.4  1150.0  6552.8  19580.6
Local QPS = 19253.3 (192534 / 10.0s) - 192534.0, 0.0
#type       avg     std     min      p5     p10     p50     p67     p75     p80     p85     p90     p95     p99    p999   p9999 QPS
read      364.1   166.8   160.7   235.7   250.2   341.1   389.5   417.2   436.7   462.8   496.5   544.7   674.3  2042.8  6440.9  19253.3
Local QPS = 19350.8 (193508 / 10.0s) - 193508.0, 0.0
#type       avg     std     min      p5     p10     p50     p67     p75     p80     p85     p90     p95     p99    p999   p9999 QPS
read      362.4   173.0   173.5   230.4   245.9   339.9   389.6   417.8   437.6   463.5   497.8   546.7   657.2  1964.8  5977.8  19350.8
Local QPS = 19319.3 (193193 / 10.0s) - 193193.0, 0.0
#type       avg     std     min      p5     p10     p50     p67     p75     p80     p85     p90     p95     p99    p999   p9999 QPS
read      395.6   285.8   173.5   236.3   253.7   353.9   407.1   439.3   464.2   495.5   537.6   616.0   996.2  4665.3  8764.3  19319.3
Local QPS = 19322.5 (193225 / 10.0s) - 193225.0, 0.0
#type       avg     std     min      p5     p10     p50     p67     p75     p80     p85     p90     p95     p99    p999   p9999 QPS
read      364.8   185.6   160.7   231.6   247.0   338.5   387.0   415.2   435.7   462.6   497.5   547.9   710.9  2591.0  7444.0  19322.5
Local QPS = 19274.2 (192742 / 10.0s) - 192742.0, 0.0
#type       avg     std     min      p5     p10     p50     p67     p75     p80     p85     p90     p95     p99    p999   p9999 QPS
read      382.4   368.3   173.5   236.1   250.5   342.0   391.3   419.8   440.9   468.4   505.9   562.9   793.6  6113.9 12605.0  19274.2
Local QPS = 19354.9 (193551 / 10.0s) - 193551.0, 0.0
#type       avg     std     min      p5     p10     p50     p67     p75     p80     p85     p90     p95     p99    p999   p9999 QPS
read      406.3   389.0   160.7   239.4   256.6   363.2   420.0   452.9   476.8   506.9   546.4   614.0   867.9  7209.7 12074.1  19354.9
Local QPS = 19411.0 (194110 / 10.0s) - 194110.0, 0.0
#type       avg     std     min      p5     p10     p50     p67     p75     p80     p85     p90     p95     p99    p999   p9999 QPS
read      433.5   482.4   173.5   237.5   253.3   352.5   409.8   446.7   475.1   512.7   565.2   680.6  2526.5  6822.9 10793.4  19411.0
Local QPS = 19360.1 (193601 / 10.0s) - 193601.0, 0.0
#type       avg     std     min      p5     p10     p50     p67     p75     p80     p85     p90     p95     p99    p999   p9999 QPS
read      367.8   270.3   160.7   236.1   250.2   338.5   386.0   413.0   433.0   459.1   494.1   545.9   670.9  3899.1 13385.7  19360.1
Local QPS = 19322.4 (193224 / 10.0s) - 193224.0, 0.0
#type       avg     std     min      p5     p10     p50     p67     p75     p80     p85     p90     p95     p99    p999   p9999 QPS
read      367.7   292.4   160.7   234.4   249.0   335.6   382.6   410.0   431.1   458.3   494.8   546.5   677.2  4236.3 11863.9  19322.4
Local QPS = 19344.3 (193443 / 10.0s) - 193443.0, 0.0
#type       avg     std     min      p5     p10     p50     p67     p75     p80     p85     p90     p95     p99    p999   p9999 QPS
read      357.1   315.3   160.7   229.5   243.5   319.9   361.9   387.7   406.6   432.6   468.0   524.1   671.2  5287.0 10883.1  19344.3
Local QPS = 19375.3 (193753 / 10.0s) - 193753.0, 0.0
#type       avg     std     min      p5     p10     p50     p67     p75     p80     p85     p90     p95     p99    p999   p9999 QPS
read      367.4   278.7   173.5   229.4   244.6   333.8   381.7   409.6   431.3   458.5   494.8   548.4   708.4  4364.0 10544.8  19375.3
Local QPS = 19387.2 (193872 / 10.0s) - 193872.0, 0.0
#type       avg     std     min      p5     p10     p50     p67     p75     p80     p85     p90     p95     p99    p999   p9999 QPS
read      358.4   271.2   173.5   232.0   246.3   330.1   373.8   399.7   419.6   442.8   475.4   527.0   638.6  4648.5  9837.8  19387.2
Local QPS = 19372.6 (193727 / 10.0s) - 193727.0, 0.0
#type       avg     std     min      p5     p10     p50     p67     p75     p80     p85     p90     p95     p99    p999   p9999 QPS
read      408.7   363.6   160.7   240.7   258.9   364.7   418.8   450.8   474.0   505.3   546.9   619.2   941.2  5764.7 11064.5  19372.6
Local QPS = 19341.6 (193416 / 10.0s) - 193416.0, 0.0
#type       avg     std     min      p5     p10     p50     p67     p75     p80     p85     p90     p95     p99    p999   p9999 QPS
read      381.1   212.6   160.7   238.9   256.2   350.4   399.9   429.8   453.0   481.5   521.0   582.7   802.9  3381.4  7030.5  19341.6
Local QPS = 19363.5 (193636 / 10.0s) - 193636.0, 0.0
#type       avg     std     min      p5     p10     p50     p67     p75     p80     p85     p90     p95     p99    p999   p9999 QPS
read      366.9   168.9   160.7   231.2   248.4   346.8   396.5   425.5   447.0   471.8   507.0   555.8   657.8  1013.5  8064.4  19363.5
Local QPS = 19419.3 (194193 / 10.0s) - 194193.0, 0.0
#type       avg     std     min      p5     p10     p50     p67     p75     p80     p85     p90     p95     p99    p999   p9999 QPS
read      357.3   175.6   173.5   234.6   249.2   335.4   381.1   407.6   428.4   453.8   487.4   536.8   631.7  1519.5  7606.3  19419.3
Local QPS = 19341.0 (193410 / 10.0s) - 193410.0, 0.0
#type       avg     std     min      p5     p10     p50     p67     p75     p80     p85     p90     p95     p99    p999   p9999 QPS
read      362.6   172.0   173.5   234.9   250.5   341.5   389.9   417.6   437.1   463.2   496.8   544.2   637.2  1186.2  7101.7  19341.0
Local QPS = 19424.2 (194242 / 10.0s) - 194242.0, 0.0
#type       avg     std     min      p5     p10     p50     p67     p75     p80     p85     p90     p95     p99    p999   p9999 QPS
read      352.7   170.1   160.7   230.5   245.8   332.0   377.3   403.2   423.9   448.2   480.3   529.1   616.9  1419.2  7283.9  19424.2
Local QPS = 19394.2 (193942 / 10.0s) - 193942.0, 0.0
#type       avg     std     min      p5     p10     p50     p67     p75     p80     p85     p90     p95     p99    p999   p9999 QPS
read      366.9   180.0   160.7   236.5   253.0   347.9   396.1   423.5   443.4   467.4   500.6   546.3   636.0  1168.5  8059.9  19394.2
Local QPS = 19384.2 (193843 / 10.0s) - 193843.0, 0.0
#type       avg     std     min      p5     p10     p50     p67     p75     p80     p85     p90     p95     p99    p999   p9999 QPS
read      346.6   156.8   160.7   226.0   241.4   326.9   371.3   396.9   416.1   438.4   469.8   519.0   609.3  1365.2  6567.2  19384.2
Local QPS = 19382.7 (193827 / 10.0s) - 193827.0, 0.0
#type       avg     std     min      p5     p10     p50     p67     p75     p80     p85     p90     p95     p99    p999   p9999 QPS
read      347.9   141.0   160.7   231.0   246.0   327.9   370.4   395.7   414.8   437.2   469.4   520.0   611.8  1466.8  5963.7  19382.7
Local QPS = 19389.3 (193893 / 10.0s) - 193893.0, 0.0
#type       avg     std     min      p5     p10     p50     p67     p75     p80     p85     p90     p95     p99    p999   p9999 QPS
read      352.0   146.4   173.5   229.8   245.4   333.0   378.3   403.9   424.2   448.0   479.4   527.6   617.3  1126.9  6434.5  19389.3
Local QPS = 19486.5 (194866 / 10.0s) - 194866.0, 0.0
#type       avg     std     min      p5     p10     p50     p67     p75     p80     p85     p90     p95     p99    p999   p9999 QPS
read      346.6   157.5   160.7   227.1   242.5   326.9   370.8   396.0   414.9   436.8   468.7   518.5   611.1  1253.6  6356.1  19486.5
Local QPS = 19442.5 (194425 / 10.0s) - 194425.0, 0.0
#type       avg     std     min      p5     p10     p50     p67     p75     p80     p85     p90     p95     p99    p999   p9999 QPS
read      360.4   150.4   160.7   229.6   246.3   340.7   389.2   416.7   436.2   462.3   495.7   542.5   639.3  1208.5  5802.1  19442.5
Local QPS = 19438.6 (194386 / 10.0s) - 194386.0, 0.0
#type       avg     std     min      p5     p10     p50     p67     p75     p80     p85     p90     p95     p99    p999   p9999 QPS
read      366.3   154.3   173.5   237.5   253.6   346.9   395.2   422.8   442.9   467.6   502.0   548.5   640.7  1225.8  6195.6  19438.6
Local QPS = 19441.6 (194416 / 10.0s) - 194416.0, 0.0
#type       avg     std     min      p5     p10     p50     p67     p75     p80     p85     p90     p95     p99    p999   p9999 QPS
read      359.0   149.8   173.5   237.8   253.2   338.3   383.2   409.4   429.9   455.2   488.3   537.8   633.6  1375.8  6767.7  19441.6
Local QPS = 19481.3 (194813 / 10.0s) - 194813.0, 0.0
#type       avg     std     min      p5     p10     p50     p67     p75     p80     p85     p90     p95     p99    p999   p9999 QPS
read      351.8   149.8   160.7   230.4   246.2   332.4   376.1   402.0   422.3   446.1   478.0   528.5   624.7  1088.0  6505.8  19481.3
Local QPS = 19390.5 (193905 / 10.0s) - 193905.0, 0.0
#type       avg     std     min      p5     p10     p50     p67     p75     p80     p85     p90     p95     p99    p999   p9999 QPS
read      373.5   208.6   173.5   239.6   256.1   341.6   387.6   415.8   437.3   466.6   506.3   571.0   820.8  2899.8  6440.4  19390.5
Local QPS = 19401.7 (194018 / 10.0s) - 194018.0, 0.0
#type       avg     std     min      p5     p10     p50     p67     p75     p80     p85     p90     p95     p99    p999   p9999 QPS
read      359.4   165.4   160.7   230.1   246.7   339.9   387.0   413.8   433.6   459.1   492.1   539.8   633.1  1319.7  6874.2  19401.7
Local QPS = 19337.4 (193374 / 10.0s) - 193374.0, 0.0
#type       avg     std     min      p5     p10     p50     p67     p75     p80     p85     p90     p95     p99    p999   p9999 QPS
read      355.5   146.1   173.5   231.9   247.3   336.3   381.8   407.4   427.8   452.5   485.2   534.4   626.7  1394.8  6333.1  19337.4
Local QPS = 19441.7 (194417 / 10.0s) - 194417.0, 0.0
#type       avg     std     min      p5     p10     p50     p67     p75     p80     p85     p90     p95     p99    p999   p9999 QPS
read      363.4   187.0   160.7   231.4   248.2   342.4   391.4   419.4   439.5   465.2   498.9   545.8   639.6  1389.8  9338.2  19441.7
Local QPS = 19433.4 (194334 / 10.0s) - 194334.0, 0.0
#type       avg     std     min      p5     p10     p50     p67     p75     p80     p85     p90     p95     p99    p999   p9999 QPS
read      358.2   152.5   173.5   236.2   252.4   338.6   383.1   408.4   428.7   453.5   485.8   534.5   628.3  1091.1  6072.9  19433.4
Local QPS = 19401.7 (194018 / 10.0s) - 194018.0, 0.0
#type       avg     std     min      p5     p10     p50     p67     p75     p80     p85     p90     p95     p99    p999   p9999 QPS
read      355.3   150.4   173.5   236.8   252.2   334.8   378.4   403.6   424.5   449.3   482.2   533.1   626.9  1022.1  6736.5  19401.7
Local QPS = 19459.7 (194598 / 10.0s) - 194598.0, 0.0
#type       avg     std     min      p5     p10     p50     p67     p75     p80     p85     p90     p95     p99    p999   p9999 QPS
read      358.2   162.6   160.7   236.4   251.5   337.3   382.5   408.6   428.9   454.4   488.1   537.7   632.2  1231.3  7383.7  19459.7
Local QPS = 19442.3 (194424 / 10.0s) - 194424.0, 0.0
#type       avg     std     min      p5     p10     p50     p67     p75     p80     p85     p90     p95     p99    p999   p9999 QPS
read      349.7   157.4   173.5   235.6   249.6   329.5   371.1   396.2   415.4   437.9   469.8   519.8   606.0  1486.6  6723.8  19442.3
Local QPS = 19499.6 (194996 / 10.0s) - 194996.0, 0.0
#type       avg     std     min      p5     p10     p50     p67     p75     p80     p85     p90     p95     p99    p999   p9999 QPS
read      359.2   183.0   160.7   236.0   251.5   337.2   382.7   409.3   429.7   454.9   488.3   537.7   634.5  1367.6  8007.3  19499.6
Local QPS = 19459.4 (194594 / 10.0s) - 194594.0, 0.0
#type       avg     std     min      p5     p10     p50     p67     p75     p80     p85     p90     p95     p99    p999   p9999 QPS
read      331.5   163.8   173.5   227.6   241.5   310.9   345.3   367.9   385.6   407.2   441.5   496.4   587.6  1493.5  6859.3  19459.4
Local QPS = 19403.6 (194036 / 10.0s) - 194036.0, 0.0
#type       avg     std     min      p5     p10     p50     p67     p75     p80     p85     p90     p95     p99    p999   p9999 QPS
read      354.2   140.1   173.5   238.5   253.9   333.8   375.7   400.9   421.1   445.1   478.4   529.1   620.9  1279.6  5794.0  19403.6
Local QPS = 19290.3 (192903 / 10.0s) - 192903.0, 0.0
#type       avg     std     min      p5     p10     p50     p67     p75     p80     p85     p90     p95     p99    p999   p9999 QPS
read      365.6   151.1   173.5   237.5   253.9   344.5   393.3   421.4   441.7   467.3   501.5   548.7   642.1  1520.7  5939.6  19290.3
Local QPS = 19494.7 (194947 / 10.0s) - 194947.0, 0.0
#type       avg     std     min      p5     p10     p50     p67     p75     p80     p85     p90     p95     p99    p999   p9999 QPS
read      361.6   171.9   173.5   236.3   252.9   342.5   388.3   414.6   433.8   458.8   491.3   539.6   633.2   955.6  7665.9  19494.7
Local QPS = 19517.2 (195173 / 10.0s) - 195173.0, 0.0
#type       avg     std     min      p5     p10     p50     p67     p75     p80     p85     p90     p95     p99    p999   p9999 QPS
read      357.8   162.8   160.7   237.9   253.5   336.9   381.0   406.7   427.1   451.9   485.2   536.1   628.6  1353.0  6444.6  19517.2
Local QPS = 19524.6 (195246 / 10.0s) - 195246.0, 0.0
#type       avg     std     min      p5     p10     p50     p67     p75     p80     p85     p90     p95     p99    p999   p9999 QPS
read      348.1   157.8   160.7   232.7   247.7   328.3   370.1   394.9   413.3   435.0   466.3   513.6   601.0  1494.8  7379.7  19524.6
Local QPS = 19405.6 (194056 / 10.0s) - 194056.0, 0.0
#type       avg     std     min      p5     p10     p50     p67     p75     p80     p85     p90     p95     p99    p999   p9999 QPS
read      366.9   151.2   160.7   235.1   251.1   347.0   396.7   424.9   445.6   470.1   504.8   552.8   654.6  1095.0  6505.0  19405.6
Local QPS = 19470.7 (194707 / 10.0s) - 194707.0, 0.0
#type       avg     std     min      p5     p10     p50     p67     p75     p80     p85     p90     p95     p99    p999   p9999 QPS
read      351.5   169.9   160.7   229.5   244.7   330.5   374.7   400.6   420.9   444.8   477.5   528.8   624.7  1381.7  7125.8  19470.7
Local QPS = 19479.7 (194798 / 10.0s) - 194798.0, 0.0
#type       avg     std     min      p5     p10     p50     p67     p75     p80     p85     p90     p95     p99    p999   p9999 QPS
read      359.9   177.2   160.7   237.4   253.7   340.1   385.8   412.1   431.5   456.2   488.2   536.2   626.7  1078.9  6868.7  19479.7
Local QPS = 19409.0 (194091 / 10.0s) - 194091.0, 0.0
#type       avg     std     min      p5     p10     p50     p67     p75     p80     p85     p90     p95     p99    p999   p9999 QPS
read      351.8   147.4   160.7   234.1   249.1   332.0   374.4   400.6   420.9   445.0   478.2   528.4   620.3  1112.4  6613.8  19409.0
Local QPS = 19516.7 (195167 / 10.0s) - 195167.0, 0.0
#type       avg     std     min      p5     p10     p50     p67     p75     p80     p85     p90     p95     p99    p999   p9999 QPS
read      384.1   393.7   160.7   235.6   251.5   337.6   383.0   409.7   431.1   459.0   497.6   561.2  1054.1  6201.4 15363.0  19516.7
Connection to 34.107.82.140 closed by remote host.

Recommendation: To check for possible causes of SSH connectivity issues and get
recommendations, rerun the ssh command with the --troubleshoot option.

gcloud compute ssh client-agent-b-74h3 --project=cca-eth-2024-group-022 --zone=europe-west3-a --ssh-key-file=/home/kamiem123/.ssh/cloud-computing --troubleshoot

Or, to investigate an IAP tunneling issue:

gcloud compute ssh client-agent-b-74h3 --project=cca-eth-2024-group-022 --zone=europe-west3-a --ssh-key-file=/home/kamiem123/.ssh/cloud-computing --troubleshoot --tunnel-through-iap

ERROR: (gcloud.compute.ssh) [/usr/bin/ssh] exited with return code [255].
