Pseudo-terminal will not be allocated because stdin is not a terminal.
Local QPS = 9687.4 (96874 / 10.0s) - 96874.0, 0.0
#type       avg     std     min      p5     p10     p50     p67     p75     p80     p85     p90     p95     p99    p999   p9999 QPS
read      528.4   613.1   173.5   255.6   279.7   419.1   493.2   541.0   580.5   633.1   715.6   931.6  3031.3  9078.7 13154.8   9687.4
Local QPS = 9635.6 (96356 / 10.0s) - 96356.0, 0.0
#type       avg     std     min      p5     p10     p50     p67     p75     p80     p85     p90     p95     p99    p999   p9999 QPS
read      432.5   614.4   173.5   238.6   256.8   359.4   409.6   439.6   464.1   496.2   542.5   634.3  1794.0 10236.1 15876.0   9635.6
Local QPS = 9621.7 (96217 / 10.0s) - 96217.0, 0.0
#type       avg     std     min      p5     p10     p50     p67     p75     p80     p85     p90     p95     p99    p999   p9999 QPS
read      396.2   471.2   173.5   234.0   250.4   349.0   395.1   422.7   443.8   470.8   510.5   579.6   840.4  8615.7 14324.9   9621.7
Local QPS = 9679.4 (96794 / 10.0s) - 96794.0, 0.0
#type       avg     std     min      p5     p10     p50     p67     p75     p80     p85     p90     p95     p99    p999   p9999 QPS
read      375.3   271.8   173.5   237.8   253.9   346.0   389.7   414.1   432.4   457.1   491.4   549.1   735.2  4390.7  9997.9   9679.4
Local QPS = 9711.9 (97119 / 10.0s) - 97119.0, 0.0
#type       avg     std     min      p5     p10     p50     p67     p75     p80     p85     p90     p95     p99    p999   p9999 QPS
read      377.0   257.3   173.5   234.4   251.5   350.4   395.2   420.7   439.1   464.5   499.8   560.9   745.9  4320.7  9789.6   9711.9
Local QPS = 9681.2 (96812 / 10.0s) - 96812.0, 0.0
#type       avg     std     min      p5     p10     p50     p67     p75     p80     p85     p90     p95     p99    p999   p9999 QPS
read      371.0   294.1   173.5   239.1   254.9   341.3   382.5   404.6   423.7   445.8   476.6   531.7   684.9  5083.2 10425.9   9681.2
Local QPS = 9648.4 (96484 / 10.0s) - 96484.0, 0.0
#type       avg     std     min      p5     p10     p50     p67     p75     p80     p85     p90     p95     p99    p999   p9999 QPS
read      385.6   298.1   160.7   235.9   253.7   356.0   400.9   427.5   448.0   472.6   509.7   575.8   769.2  4745.1 11501.6   9648.4
Local QPS = 9687.6 (96876 / 10.0s) - 96876.0, 0.0
#type       avg     std     min      p5     p10     p50     p67     p75     p80     p85     p90     p95     p99    p999   p9999 QPS
read      359.8   238.5   173.5   230.5   246.5   335.6   376.8   400.2   418.4   438.8   469.5   524.6   662.5  4107.9  8572.4   9687.6
Local QPS = 9691.9 (96919 / 10.0s) - 96919.0, 0.0
#type       avg     std     min      p5     p10     p50     p67     p75     p80     p85     p90     p95     p99    p999   p9999 QPS
read      367.5   263.1   160.7   230.4   246.5   338.9   382.5   406.2   426.2   450.6   484.7   543.0   715.4  4265.8  9721.9   9691.9
Local QPS = 9666.7 (96667 / 10.0s) - 96667.0, 0.0
#type       avg     std     min      p5     p10     p50     p67     p75     p80     p85     p90     p95     p99    p999   p9999 QPS
read      368.9   285.6   173.5   229.3   245.9   338.9   383.0   407.1   426.5   450.1   483.1   541.6   704.8  5069.4  9344.3   9666.7
Local QPS = 9704.6 (97046 / 10.0s) - 97046.0, 0.0
#type       avg     std     min      p5     p10     p50     p67     p75     p80     p85     p90     p95     p99    p999   p9999 QPS
read      390.3   359.3   160.7   238.4   256.0   351.3   396.9   424.2   444.9   470.6   508.4   576.2   873.4  6379.5 12372.2   9704.6
Local QPS = 9667.1 (96671 / 10.0s) - 96671.0, 0.0
#type       avg     std     min      p5     p10     p50     p67     p75     p80     p85     p90     p95     p99    p999   p9999 QPS
read      349.4   158.7   173.5   233.9   249.0   331.4   371.0   394.1   410.9   431.7   461.2   506.5   607.6  1800.5  6840.2   9667.1
Local QPS = 9724.0 (97240 / 10.0s) - 97240.0, 0.0
#type       avg     std     min      p5     p10     p50     p67     p75     p80     p85     p90     p95     p99    p999   p9999 QPS
read      376.7   170.2   173.5   238.0   256.6   361.5   407.1   432.4   452.1   474.0   504.2   548.6   661.1  1641.5  7732.3   9724.0
Local QPS = 9670.4 (96704 / 10.0s) - 96704.0, 0.0
#type       avg     std     min      p5     p10     p50     p67     p75     p80     p85     p90     p95     p99    p999   p9999 QPS
read      376.0   178.8   173.5   242.7   260.7   359.1   403.4   428.4   446.4   467.4   496.6   540.8   663.7  2497.0  7585.9   9670.4
Local QPS = 9657.6 (96576 / 10.0s) - 96576.0, 0.0
#type       avg     std     min      p5     p10     p50     p67     p75     p80     p85     p90     p95     p99    p999   p9999 QPS
read      366.2   183.9   160.7   233.5   251.8   349.8   394.0   418.9   436.1   459.6   489.1   534.3   641.7  2065.8  8870.6   9657.6
Local QPS = 9720.1 (97201 / 10.0s) - 97201.0, 0.0
#type       avg     std     min      p5     p10     p50     p67     p75     p80     p85     p90     p95     p99    p999   p9999 QPS
read      363.5   160.1   160.7   233.5   250.0   347.4   392.2   417.5   435.3   458.6   487.5   532.2   632.8  1637.6  6791.9   9720.1
Local QPS = 9693.8 (96943 / 10.0s) - 96943.0, 0.0
#type       avg     std     min      p5     p10     p50     p67     p75     p80     p85     p90     p95     p99    p999   p9999 QPS
read      364.7   223.3   173.5   237.8   254.5   344.0   388.0   412.8   431.4   454.3   483.1   530.1   635.9  2168.1  9570.9   9693.8
Local QPS = 9621.3 (96213 / 10.0s) - 96213.0, 0.0
#type       avg     std     min      p5     p10     p50     p67     p75     p80     p85     p90     p95     p99    p999   p9999 QPS
read      370.1   179.5   173.5   238.4   256.6   353.8   399.2   425.6   444.6   466.4   496.3   541.0   637.9  1112.0  9347.9   9621.3
Local QPS = 9712.3 (97123 / 10.0s) - 97123.0, 0.0
#type       avg     std     min      p5     p10     p50     p67     p75     p80     p85     p90     p95     p99    p999   p9999 QPS
read      382.6   211.4   173.5   244.4   262.7   364.9   411.7   437.1   456.6   477.9   505.5   548.7   678.2  2060.6  9602.8   9712.3
Local QPS = 9711.2 (97112 / 10.0s) - 97112.0, 0.0
#type       avg     std     min      p5     p10     p50     p67     p75     p80     p85     p90     p95     p99    p999   p9999 QPS
read      364.1   167.4   173.5   239.3   256.4   346.4   390.6   416.0   434.8   458.0   486.6   530.0   625.8  1280.0  7781.5   9711.2
Local QPS = 9672.6 (96726 / 10.0s) - 96726.0, 0.0
#type       avg     std     min      p5     p10     p50     p67     p75     p80     p85     p90     p95     p99    p999   p9999 QPS
read      374.2   187.6   173.5   239.8   257.6   357.5   403.0   429.4   448.6   469.9   499.3   543.5   646.4  1924.1  7803.0   9672.6
Local QPS = 9694.0 (96940 / 10.0s) - 96940.0, 0.0
#type       avg     std     min      p5     p10     p50     p67     p75     p80     p85     p90     p95     p99    p999   p9999 QPS
read      371.1   180.2   173.5   236.1   253.6   354.7   400.5   426.2   444.5   466.4   495.6   539.0   646.1  2230.0  8159.1   9694.0
Local QPS = 9728.1 (97281 / 10.0s) - 97281.0, 0.0
#type       avg     std     min      p5     p10     p50     p67     p75     p80     p85     p90     p95     p99    p999   p9999 QPS
read      363.5   153.3   160.7   233.9   251.7   346.9   391.3   416.6   434.8   458.6   488.7   535.6   653.0  1206.6  6531.4   9728.1
Local QPS = 9681.2 (96812 / 10.0s) - 96812.0, 0.0
#type       avg     std     min      p5     p10     p50     p67     p75     p80     p85     p90     p95     p99    p999   p9999 QPS
read      379.5   208.5   173.5   243.0   260.7   360.5   407.1   433.4   453.2   474.8   504.7   550.4   668.0  2568.6  8536.3   9681.2
Local QPS = 9671.8 (96718 / 10.0s) - 96718.0, 0.0
#type       avg     std     min      p5     p10     p50     p67     p75     p80     p85     p90     p95     p99    p999   p9999 QPS
read      370.3   200.6   160.7   232.7   251.3   354.6   400.4   426.0   444.2   465.8   495.0   539.2   641.2  1865.9  8681.4   9671.8
Local QPS = 9695.2 (96952 / 10.0s) - 96952.0, 0.0
#type       avg     std     min      p5     p10     p50     p67     p75     p80     p85     p90     p95     p99    p999   p9999 QPS
read      368.0   171.4   173.5   236.2   253.2   350.0   395.5   421.5   440.1   464.1   495.3   541.6   646.4  1901.8  8260.5   9695.2
Local QPS = 9687.8 (96891 / 10.0s) - 96891.0, 0.0
#type       avg     std     min      p5     p10     p50     p67     p75     p80     p85     p90     p95     p99    p999   p9999 QPS
read      377.0   193.7   173.5   239.8   258.7   358.3   403.7   430.5   450.3   472.1   502.4   548.0   671.5  2191.7  8515.3   9687.8
Local QPS = 9713.7 (97137 / 10.0s) - 97137.0, 0.0
#type       avg     std     min      p5     p10     p50     p67     p75     p80     p85     p90     p95     p99    p999   p9999 QPS
read      364.2   161.7   160.7   233.1   250.6   346.1   391.0   416.7   435.2   459.8   491.7   542.0   661.1  1339.8  8201.3   9713.7
Local QPS = 9721.8 (97218 / 10.0s) - 97218.0, 0.0
#type       avg     std     min      p5     p10     p50     p67     p75     p80     p85     p90     p95     p99    p999   p9999 QPS
read      381.0   188.5   173.5   241.1   260.3   362.2   408.2   434.0   454.0   476.1   506.3   554.6   684.8  2743.3  7469.1   9721.8
Local QPS = 9728.3 (97283 / 10.0s) - 97283.0, 0.0
#type       avg     std     min      p5     p10     p50     p67     p75     p80     p85     p90     p95     p99    p999   p9999 QPS
read      383.1   180.2   173.5   242.0   261.4   368.1   413.9   438.6   458.5   480.7   507.8   552.2   673.0  2092.2  7214.7   9728.3
Local QPS = 9482.7 (94840 / 10.0s) - 94840.0, 0.0
#type       avg     std     min      p5     p10     p50     p67     p75     p80     p85     p90     p95     p99    p999   p9999 QPS
read      557.9   571.3   160.7   240.5   262.7   409.4   491.4   546.3   594.1   664.4   781.1  1230.7  3281.4  4031.2  8850.8   9482.7
Local QPS = 9500.2 (95004 / 10.0s) - 95004.0, 0.0
#type       avg     std     min      p5     p10     p50     p67     p75     p80     p85     p90     p95     p99    p999   p9999 QPS
read      691.6   798.5   160.7   238.8   262.2   462.4   567.5   638.1   704.5   806.2  1031.6  2793.7  3948.8  6795.5 11885.2   9500.2
Local QPS = 9720.8 (97208 / 10.0s) - 97208.0, 0.0
#type       avg     std     min      p5     p10     p50     p67     p75     p80     p85     p90     p95     p99    p999   p9999 QPS
read      552.2   718.0   173.5   239.0   260.4   399.6   478.4   535.4   584.6   658.7   799.9  1346.2  2895.8  9863.4 20795.4   9720.8
Local QPS = 9745.8 (97458 / 10.0s) - 97458.0, 0.0
#type       avg     std     min      p5     p10     p50     p67     p75     p80     p85     p90     p95     p99    p999   p9999 QPS
read      370.0   211.4   160.7   238.6   255.7   348.5   394.5   420.4   438.6   462.3   492.4   539.1   657.9  2911.9  8641.3   9745.8
Local QPS = 9682.8 (96828 / 10.0s) - 96828.0, 0.0
#type       avg     std     min      p5     p10     p50     p67     p75     p80     p85     p90     p95     p99    p999   p9999 QPS
read      373.2   166.7   173.5   241.2   258.6   356.9   402.1   428.0   446.8   468.2   496.9   538.5   636.5  2166.0  7037.0   9682.8
Local QPS = 9723.6 (97236 / 10.0s) - 97236.0, 0.0
#type       avg     std     min      p5     p10     p50     p67     p75     p80     p85     p90     p95     p99    p999   p9999 QPS
read      381.1   220.9   173.5   240.7   259.1   362.5   409.4   435.0   454.9   476.9   506.3   554.4   688.7  2244.0 10602.0   9723.6
Local QPS = 9682.1 (96822 / 10.0s) - 96822.0, 0.0
#type       avg     std     min      p5     p10     p50     p67     p75     p80     p85     p90     p95     p99    p999   p9999 QPS
read      374.2   233.3   173.5   240.6   257.8   353.6   397.5   422.8   440.6   463.4   492.9   539.5   670.4  2961.7  8690.7   9682.1
Local QPS = 9739.6 (97396 / 10.0s) - 97396.0, 0.0
#type       avg     std     min      p5     p10     p50     p67     p75     p80     p85     p90     p95     p99    p999   p9999 QPS
read      368.4   185.6   160.7   236.3   253.6   349.5   395.5   421.8   440.2   463.7   494.2   540.3   651.2  2144.4  8027.7   9739.6
Local QPS = 9698.8 (96988 / 10.0s) - 96988.0, 0.0
#type       avg     std     min      p5     p10     p50     p67     p75     p80     p85     p90     p95     p99    p999   p9999 QPS
read      361.3   148.8   173.5   238.3   255.1   343.9   387.2   411.4   429.8   452.4   480.7   526.0   631.7  1654.1  5954.4   9698.8
Local QPS = 9761.6 (97616 / 10.0s) - 97616.0, 0.0
#type       avg     std     min      p5     p10     p50     p67     p75     p80     p85     p90     p95     p99    p999   p9999 QPS
read      374.8   207.5   173.5   240.2   258.3   355.9   400.4   426.0   444.4   466.6   497.3   545.8   678.3  2138.8  8818.2   9761.6
Local QPS = 9735.0 (97350 / 10.0s) - 97350.0, 0.0
#type       avg     std     min      p5     p10     p50     p67     p75     p80     p85     p90     p95     p99    p999   p9999 QPS
read      363.7   168.3   160.7   232.8   250.5   347.0   391.6   416.7   434.8   458.6   488.5   534.9   632.2  1412.4  8302.7   9735.0
Local QPS = 9764.5 (97645 / 10.0s) - 97645.0, 0.0
#type       avg     std     min      p5     p10     p50     p67     p75     p80     p85     p90     p95     p99    p999   p9999 QPS
read      403.3   297.4   173.5   243.5   261.8   365.5   417.0   448.6   472.2   504.2   546.9   626.0   903.6  4623.4  9918.0   9764.5
Local QPS = 9667.8 (96678 / 10.0s) - 96678.0, 0.0
#type       avg     std     min      p5     p10     p50     p67     p75     p80     p85     p90     p95     p99    p999   p9999 QPS
read      404.9   462.5   173.5   236.4   254.2   357.3   407.4   439.0   464.8   496.9   538.6   604.9   899.9  7230.8 13805.5   9667.8
Local QPS = 9473.8 (94738 / 10.0s) - 94738.0, 0.0
#type       avg     std     min      p5     p10     p50     p67     p75     p80     p85     p90     p95     p99    p999   p9999 QPS
read      670.5 15537.1   173.5   263.5   291.7   471.4   558.3   604.0   636.2   675.3   725.5   805.5  1325.1  8089.3 15006.3   9473.8
Local QPS = 9706.6 (97066 / 10.0s) - 97066.0, 0.0
#type       avg     std     min      p5     p10     p50     p67     p75     p80     p85     p90     p95     p99    p999   p9999 QPS
read      389.1   285.9   173.5   233.1   251.3   352.2   400.3   429.3   451.8   479.0   516.8   586.6   990.6  4607.6  8713.6   9706.6
Local QPS = 9760.4 (97604 / 10.0s) - 97604.0, 0.0
#type       avg     std     min      p5     p10     p50     p67     p75     p80     p85     p90     p95     p99    p999   p9999 QPS
read      381.3   234.3   173.5   233.9   251.3   349.6   397.1   426.3   449.4   478.5   520.5   586.7   785.0  4024.3  7572.4   9760.4
Local QPS = 9703.6 (97036 / 10.0s) - 97036.0, 0.0
#type       avg     std     min      p5     p10     p50     p67     p75     p80     p85     p90     p95     p99    p999   p9999 QPS
read      388.1   305.6   173.5   237.4   254.1   352.4   399.7   428.6   451.2   478.7   516.8   577.5   799.4  5030.0  9347.3   9703.6
Local QPS = 9725.0 (97250 / 10.0s) - 97250.0, 0.0
#type       avg     std     min      p5     p10     p50     p67     p75     p80     p85     p90     p95     p99    p999   p9999 QPS
read      629.2 18211.2   173.5   254.4   279.7   435.8   512.6   553.2   581.9   615.2   657.9   730.7   895.0  4617.2 10719.5   9725.0
Local QPS = 9754.8 (97548 / 10.0s) - 97548.0, 0.0
#type       avg     std     min      p5     p10     p50     p67     p75     p80     p85     p90     p95     p99    p999   p9999 QPS
read      391.3   286.3   160.7   236.3   255.9   360.9   407.0   434.6   456.8   483.2   519.8   586.3   818.9  5268.0  9273.5   9754.8
Local QPS = 9733.2 (97332 / 10.0s) - 97332.0, 0.0
#type       avg     std     min      p5     p10     p50     p67     p75     p80     p85     p90     p95     p99    p999   p9999 QPS
read      407.7   294.8   173.5   242.0   260.9   369.2   421.1   452.5   475.9   506.9   549.6   627.2   937.1  5124.4  8607.6   9733.2
Local QPS = 9707.2 (97072 / 10.0s) - 97072.0, 0.0
#type       avg     std     min      p5     p10     p50     p67     p75     p80     p85     p90     p95     p99    p999   p9999 QPS
read      383.2   272.7   160.7   234.5   251.6   351.6   399.0   428.0   450.6   478.2   516.5   575.4   763.9  4453.9  8824.6   9707.2
Local QPS = 8199.3 (81993 / 10.0s) - 81993.0, 0.0
#type       avg     std     min      p5     p10     p50     p67     p75     p80     p85     p90     p95     p99    p999   p9999 QPS
read      756.9 24318.7   173.5   255.3   279.3   445.6   536.2   578.1   606.9   639.3   685.4   764.9  1179.3  8314.6 128048.7   8199.3
Local QPS = 9739.7 (97397 / 10.0s) - 97397.0, 0.0
#type       avg     std     min      p5     p10     p50     p67     p75     p80     p85     p90     p95     p99    p999   p9999 QPS
read      381.5   238.7   173.5   236.6   254.4   352.0   398.1   425.8   446.9   472.6   509.5   577.8   801.4  3744.3  8584.5   9739.7
Local QPS = 9783.0 (97830 / 10.0s) - 97830.0, 0.0
#type       avg     std     min      p5     p10     p50     p67     p75     p80     p85     p90     p95     p99    p999   p9999 QPS
read      371.5   163.0   173.5   237.3   255.3   354.4   400.4   427.2   446.6   468.4   499.0   544.5   661.4  1862.8  6846.4   9783.0
Local QPS = 9789.9 (97899 / 10.0s) - 97899.0, 0.0
#type       avg     std     min      p5     p10     p50     p67     p75     p80     p85     p90     p95     p99    p999   p9999 QPS
read      376.7   181.7   173.5   242.9   260.4   357.8   402.9   429.4   449.0   471.1   502.8   549.0   679.9  2025.5  8811.4   9789.9
Local QPS = 9726.5 (97265 / 10.0s) - 97265.0, 0.0
#type       avg     std     min      p5     p10     p50     p67     p75     p80     p85     p90     p95     p99    p999   p9999 QPS
read      398.9   304.8   173.5   237.2   255.9   360.5   409.7   439.3   463.4   494.7   538.8   619.3   929.0  5125.0 10089.1   9726.5
Local QPS = 9707.5 (97075 / 10.0s) - 97075.0, 0.0
#type       avg     std     min      p5     p10     p50     p67     p75     p80     p85     p90     p95     p99    p999   p9999 QPS
read      381.5   333.2   160.7   234.4   250.3   342.5   388.6   416.8   439.0   469.2   512.0   581.6   789.9  6457.1 10605.1   9707.5
Local QPS = 7267.5 (72675 / 10.0s) - 72675.0, 0.0
#type       avg     std     min      p5     p10     p50     p67     p75     p80     p85     p90     p95     p99    p999   p9999 QPS
read      438.4   783.4   173.5   239.5   259.2   373.4   431.0   468.4   500.5   539.7   592.7   685.6  1021.8  8735.3 48722.2   7267.5
Local QPS = 9752.7 (97527 / 10.0s) - 97527.0, 0.0
#type       avg     std     min      p5     p10     p50     p67     p75     p80     p85     p90     p95     p99    p999   p9999 QPS
read      381.8   207.2   173.5   240.0   258.3   358.4   404.4   431.9   453.4   478.7   513.1   571.7   739.7  2931.5  8403.5   9752.7
Local QPS = 9769.6 (97696 / 10.0s) - 97696.0, 0.0
#type       avg     std     min      p5     p10     p50     p67     p75     p80     p85     p90     p95     p99    p999   p9999 QPS
read      372.4   212.7   160.7   240.4   258.1   353.2   396.1   420.7   437.9   462.0   493.8   545.0   684.8  2000.3 10915.4   9769.6
Local QPS = 9789.9 (97899 / 10.0s) - 97899.0, 0.0
#type       avg     std     min      p5     p10     p50     p67     p75     p80     p85     p90     p95     p99    p999   p9999 QPS
read      363.2   179.0   160.7   233.0   250.1   344.8   389.4   414.1   432.1   455.6   485.6   533.1   642.2  2119.7  8071.1   9789.9
Local QPS = 9758.3 (97583 / 10.0s) - 97583.0, 0.0
#type       avg     std     min      p5     p10     p50     p67     p75     p80     p85     p90     p95     p99    p999   p9999 QPS
read      353.7   159.4   173.5   234.3   249.6   334.5   375.6   400.1   419.2   441.3   471.1   522.4   630.6  1705.3  6492.4   9758.3
Local QPS = 9777.4 (97774 / 10.0s) - 97774.0, 0.0
#type       avg     std     min      p5     p10     p50     p67     p75     p80     p85     p90     p95     p99    p999   p9999 QPS
read      375.0   188.0   173.5   241.7   259.5   356.2   401.0   427.0   446.0   468.0   498.7   545.7   668.1  2443.9  8521.6   9777.4
Local QPS = 9748.1 (97481 / 10.0s) - 97481.0, 0.0
#type       avg     std     min      p5     p10     p50     p67     p75     p80     p85     p90     p95     p99    p999   p9999 QPS
read      361.1   164.9   173.5   232.3   249.9   342.7   386.3   411.0   430.3   454.3   485.2   534.2   655.1  1622.1  7274.7   9748.1
Local QPS = 9813.6 (98136 / 10.0s) - 98136.0, 0.0
#type       avg     std     min      p5     p10     p50     p67     p75     p80     p85     p90     p95     p99    p999   p9999 QPS
read      366.1   193.9   160.7   232.5   250.3   346.3   391.4   417.1   435.5   459.9   491.6   542.0   659.9  2260.9  8169.5   9813.6
Local QPS = 9807.0 (98070 / 10.0s) - 98070.0, 0.0
#type       avg     std     min      p5     p10     p50     p67     p75     p80     p85     p90     p95     p99    p999   p9999 QPS
read      374.4   231.2   160.7   235.1   251.0   341.4   387.0   414.0   434.8   463.5   502.5   564.0   794.0  3893.0  6626.2   9807.0
Local QPS = 9790.0 (97900 / 10.0s) - 97900.0, 0.0
#type       avg     std     min      p5     p10     p50     p67     p75     p80     p85     p90     p95     p99    p999   p9999 QPS
read      402.0   258.1   173.5   240.7   259.4   368.0   421.9   455.0   480.9   514.5   557.8   624.9   803.8  4208.7  8673.7   9790.0
Local QPS = 9401.9 (94019 / 10.0s) - 94019.0, 0.0
#type       avg     std     min      p5     p10     p50     p67     p75     p80     p85     p90     p95     p99    p999   p9999 QPS
read      700.6 21857.6   173.5   257.9   284.9   466.1   546.3   584.8   612.7   643.5   687.0   758.1   990.4  6901.7 31679.9   9401.9
Local QPS = 9806.9 (98069 / 10.0s) - 98069.0, 0.0
#type       avg     std     min      p5     p10     p50     p67     p75     p80     p85     p90     p95     p99    p999   p9999 QPS
read      367.5   194.3   173.5   237.4   253.7   341.5   386.0   411.2   430.5   454.9   487.3   540.4   721.6  3175.8  6988.8   9806.9
Local QPS = 9788.9 (97889 / 10.0s) - 97889.0, 0.0
#type       avg     std     min      p5     p10     p50     p67     p75     p80     p85     p90     p95     p99    p999   p9999 QPS
read      362.7   190.8   173.5   237.8   254.9   343.1   386.2   410.3   428.8   451.5   480.4   526.8   631.7  2487.4  8299.1   9788.9
Local QPS = 9816.5 (98165 / 10.0s) - 98165.0, 0.0
#type       avg     std     min      p5     p10     p50     p67     p75     p80     p85     p90     p95     p99    p999   p9999 QPS
read      379.0   169.0   173.5   241.5   260.6   363.8   409.8   435.4   455.2   476.8   505.3   548.7   657.3  1862.9  7591.6   9816.5
Local QPS = 9748.5 (97490 / 10.0s) - 97490.0, 0.0
#type       avg     std     min      p5     p10     p50     p67     p75     p80     p85     p90     p95     p99    p999   p9999 QPS
read      369.3   163.6   173.5   238.4   256.0   353.2   397.8   423.2   441.0   463.3   493.4   540.3   659.7  1414.0  7611.9   9748.5
Local QPS = 9774.4 (97744 / 10.0s) - 97744.0, 0.0
#type       avg     std     min      p5     p10     p50     p67     p75     p80     p85     p90     p95     p99    p999   p9999 QPS
read      361.9   184.8   173.5   240.8   257.9   343.4   384.4   407.2   425.6   446.9   474.0   520.0   634.2  1875.5  9803.8   9774.4
Local QPS = 9757.2 (97572 / 10.0s) - 97572.0, 0.0
#type       avg     std     min      p5     p10     p50     p67     p75     p80     p85     p90     p95     p99    p999   p9999 QPS
read      374.6   215.5   173.5   240.4   258.2   353.7   398.4   424.4   443.1   465.6   497.1   546.5   679.8  2595.1  8484.5   9757.2
Local QPS = 9759.2 (97592 / 10.0s) - 97592.0, 0.0
#type       avg     std     min      p5     p10     p50     p67     p75     p80     p85     p90     p95     p99    p999   p9999 QPS
read      376.2   215.0   160.7   230.4   250.1   359.0   404.8   431.9   452.0   474.2   504.0   548.7   676.8  2582.6  9729.1   9759.2
Local QPS = 9778.4 (97785 / 10.0s) - 97785.0, 0.0
#type       avg     std     min      p5     p10     p50     p67     p75     p80     p85     p90     p95     p99    p999   p9999 QPS
read      369.3   164.3   160.7   233.0   251.1   350.7   396.0   422.5   442.0   466.3   499.7   550.2   682.6  1894.1  6776.8   9778.4
Local QPS = 9789.2 (97892 / 10.0s) - 97892.0, 0.0
#type       avg     std     min      p5     p10     p50     p67     p75     p80     p85     p90     p95     p99    p999   p9999 QPS
read      374.8   206.4   160.7   240.1   258.3   356.0   399.2   424.8   443.4   466.5   498.6   549.3   689.6  2202.5  7779.6   9789.2
Local QPS = 9772.1 (97721 / 10.0s) - 97721.0, 0.0
#type       avg     std     min      p5     p10     p50     p67     p75     p80     p85     p90     p95     p99    p999   p9999 QPS
read      371.0   186.1   160.7   238.3   257.0   352.0   395.8   420.9   438.4   461.9   492.8   542.1   682.2  2466.1  7394.9   9772.1
Local QPS = 9825.9 (98259 / 10.0s) - 98259.0, 0.0
#type       avg     std     min      p5     p10     p50     p67     p75     p80     p85     p90     p95     p99    p999   p9999 QPS
read      362.9   182.4   173.5   239.9   256.3   342.4   385.1   409.3   428.2   451.1   480.2   529.0   649.4  2174.1  8327.0   9825.9
Local QPS = 9847.5 (98475 / 10.0s) - 98475.0, 0.0
#type       avg     std     min      p5     p10     p50     p67     p75     p80     p85     p90     p95     p99    p999   p9999 QPS
read      353.7   156.2   173.5   231.1   247.5   335.5   377.6   401.7   421.0   443.3   472.4   521.4   633.0  1457.9  7721.6   9847.5
Local QPS = 9810.6 (98106 / 10.0s) - 98106.0, 0.0
#type       avg     std     min      p5     p10     p50     p67     p75     p80     p85     p90     p95     p99    p999   p9999 QPS
read      372.8   198.1   160.7   230.3   249.5   355.6   401.6   427.9   447.3   469.7   501.1   547.5   682.8  2073.2  9351.0   9810.6
Local QPS = 9829.8 (98298 / 10.0s) - 98298.0, 0.0
#type       avg     std     min      p5     p10     p50     p67     p75     p80     p85     p90     p95     p99    p999   p9999 QPS
read      391.3   277.3   173.5   240.7   259.1   356.5   403.1   431.4   453.6   480.5   519.1   591.4   866.9  4170.8  9837.5   9829.8
Local QPS = 9873.7 (98737 / 10.0s) - 98737.0, 0.0
#type       avg     std     min      p5     p10     p50     p67     p75     p80     p85     p90     p95     p99    p999   p9999 QPS
read      379.3   288.3   173.5   237.1   254.0   346.2   392.6   420.1   440.5   468.4   506.3   564.3   718.5  4732.1 11129.2   9873.7
Local QPS = 9769.9 (97699 / 10.0s) - 97699.0, 0.0
#type       avg     std     min      p5     p10     p50     p67     p75     p80     p85     p90     p95     p99    p999   p9999 QPS
read      400.6   347.2   173.5   236.8   254.2   357.5   408.6   440.3   465.7   497.8   539.0   605.7   904.6  5043.6 11141.2   9769.9
Local QPS = 8715.2 (87152 / 10.0s) - 87152.0, 0.0
#type       avg     std     min      p5     p10     p50     p67     p75     p80     p85     p90     p95     p99    p999   p9999 QPS
read      917.7 36332.0   187.4   312.3   351.0   561.8   631.7   669.6   694.9   729.4   773.0   843.7  1022.8  2892.9 10144.4   8715.2
Local QPS = 9796.6 (97966 / 10.0s) - 97966.0, 0.0
#type       avg     std     min      p5     p10     p50     p67     p75     p80     p85     p90     p95     p99    p999   p9999 QPS
read      397.1   305.9   173.5   238.3   257.0   364.8   414.1   442.5   464.8   493.6   533.0   597.6   806.4  4984.9 11133.3   9796.6
Local QPS = 9878.4 (98784 / 10.0s) - 98784.0, 0.0
#type       avg     std     min      p5     p10     p50     p67     p75     p80     p85     p90     p95     p99    p999   p9999 QPS
read      363.2   150.8   173.5   232.9   250.1   345.9   391.2   416.6   434.8   459.2   490.2   537.9   645.1  1766.9  5449.3   9878.4
Local QPS = 9769.5 (97695 / 10.0s) - 97695.0, 0.0
#type       avg     std     min      p5     p10     p50     p67     p75     p80     p85     p90     p95     p99    p999   p9999 QPS
read      374.8   183.5   160.7   232.1   251.4   357.7   403.5   430.3   450.0   471.7   502.7   549.8   678.9  2467.4  7278.6   9769.5
Local QPS = 9796.1 (97961 / 10.0s) - 97961.0, 0.0
#type       avg     std     min      p5     p10     p50     p67     p75     p80     p85     p90     p95     p99    p999   p9999 QPS
read      369.6   212.0   160.7   239.3   256.5   348.2   394.0   420.0   438.2   461.2   490.7   536.3   648.1  3199.3  8838.1   9796.1
Local QPS = 9824.9 (98249 / 10.0s) - 98249.0, 0.0
#type       avg     std     min      p5     p10     p50     p67     p75     p80     p85     p90     p95     p99    p999   p9999 QPS
read      371.3   183.4   160.7   235.9   253.8   352.7   399.3   426.0   445.4   468.1   500.7   548.9   665.2  1728.3  8280.8   9824.9
Local QPS = 9792.3 (97923 / 10.0s) - 97923.0, 0.0
#type       avg     std     min      p5     p10     p50     p67     p75     p80     p85     p90     p95     p99    p999   p9999 QPS
read      367.9   168.4   160.7   238.7   256.6   348.8   393.6   418.9   436.7   461.2   492.6   541.1   666.1  1566.9  7202.7   9792.3
Local QPS = 9841.0 (98410 / 10.0s) - 98410.0, 0.0
#type       avg     std     min      p5     p10     p50     p67     p75     p80     p85     p90     p95     p99    p999   p9999 QPS
read      365.7   159.9   160.7   233.8   251.6   348.1   393.1   418.7   436.5   460.8   492.0   541.3   659.7  1952.2  7632.1   9841.0
Local QPS = 9863.5 (98635 / 10.0s) - 98635.0, 0.0
#type       avg     std     min      p5     p10     p50     p67     p75     p80     p85     p90     p95     p99    p999   p9999 QPS
read      349.3   178.6   160.7   224.7   241.4   331.7   373.3   396.7   414.2   434.6   464.0   509.0   619.8  2097.7  8009.0   9863.5
Local QPS = 9824.7 (98247 / 10.0s) - 98247.0, 0.0
#type       avg     std     min      p5     p10     p50     p67     p75     p80     p85     p90     p95     p99    p999   p9999 QPS
read      365.5   192.2   160.7   237.2   254.7   345.9   389.0   413.3   431.5   454.7   484.7   535.0   679.3  2084.4 10273.5   9824.7
Local QPS = 9866.8 (98668 / 10.0s) - 98668.0, 0.0
#type       avg     std     min      p5     p10     p50     p67     p75     p80     p85     p90     p95     p99    p999   p9999 QPS
read      358.9   153.4   173.5   235.4   250.8   340.9   385.6   409.9   428.9   451.9   481.2   528.0   631.6  1460.1  6996.6   9866.8
Local QPS = 9854.6 (98546 / 10.0s) - 98546.0, 0.0
#type       avg     std     min      p5     p10     p50     p67     p75     p80     p85     p90     p95     p99    p999   p9999 QPS
read      369.6   226.6   173.5   237.7   254.7   347.6   392.8   418.8   437.1   461.4   492.9   542.3   665.8  3008.3  9232.7   9854.6
Local QPS = 9869.1 (98691 / 10.0s) - 98691.0, 0.0
#type       avg     std     min      p5     p10     p50     p67     p75     p80     p85     p90     p95     p99    p999   p9999 QPS
read      373.7   186.6   173.5   235.3   253.0   354.8   400.9   427.8   448.0   471.4   505.4   560.2   686.2  1590.0  8147.7   9869.1
Local QPS = 9796.1 (97961 / 10.0s) - 97961.0, 0.0
#type       avg     std     min      p5     p10     p50     p67     p75     p80     p85     p90     p95     p99    p999   p9999 QPS
read      363.7   143.4   173.5   236.6   254.3   345.7   389.8   415.1   433.7   458.1   489.9   540.1   657.9  1261.9  6513.8   9796.1
Local QPS = 9827.4 (98274 / 10.0s) - 98274.0, 0.0
#type       avg     std     min      p5     p10     p50     p67     p75     p80     p85     p90     p95     p99    p999   p9999 QPS
read      363.9   169.8   173.5   237.0   253.7   344.4   388.1   412.5   430.8   454.4   485.2   535.6   661.2  2153.3  7798.2   9827.4
Local QPS = 9819.6 (98196 / 10.0s) - 98196.0, 0.0
#type       avg     std     min      p5     p10     p50     p67     p75     p80     p85     p90     p95     p99    p999   p9999 QPS
read      346.0   158.2   160.7   226.8   242.9   328.6   369.1   392.5   409.3   431.2   461.1   507.1   613.8  1384.4  7273.9   9819.6
Local QPS = 9917.7 (99177 / 10.0s) - 99177.0, 0.0
#type       avg     std     min      p5     p10     p50     p67     p75     p80     p85     p90     p95     p99    p999   p9999 QPS
read      361.6   177.6   173.5   236.3   252.7   341.0   385.1   409.9   429.2   453.0   483.8   534.7   655.9  1970.2  7472.2   9917.7
Local QPS = 9676.2 (96762 / 10.0s) - 96762.0, 0.0
#type       avg     std     min      p5     p10     p50     p67     p75     p80     p85     p90     p95     p99    p999   p9999 QPS
read      373.7   213.1   160.7   229.8   249.0   355.6   400.3   426.3   445.2   466.9   496.6   542.7   690.9  2543.5  8608.4   9676.2
Local QPS = 9677.2 (96772 / 10.0s) - 96772.0, 0.0
#type       avg     std     min      p5     p10     p50     p67     p75     p80     p85     p90     p95     p99    p999   p9999 QPS
read      369.8   201.7   160.7   231.5   249.8   349.0   394.2   419.9   438.0   462.0   493.3   543.7   704.9  2856.3  8328.2   9677.2
Local QPS = 9727.5 (97275 / 10.0s) - 97275.0, 0.0
#type       avg     std     min      p5     p10     p50     p67     p75     p80     p85     p90     p95     p99    p999   p9999 QPS
read      404.4   311.1   160.7   235.0   254.2   365.8   415.8   445.2   467.2   497.1   540.2   628.3  1013.0  5109.7  9545.3   9727.5
Local QPS = 9673.9 (96739 / 10.0s) - 96739.0, 0.0
#type       avg     std     min      p5     p10     p50     p67     p75     p80     p85     p90     p95     p99    p999   p9999 QPS
read      375.0   214.9   173.5   239.4   256.9   350.2   394.3   419.2   436.4   460.8   493.6   548.0   768.5  2943.8  8351.5   9673.9
Local QPS = 9627.5 (96275 / 10.0s) - 96275.0, 0.0
#type       avg     std     min      p5     p10     p50     p67     p75     p80     p85     p90     p95     p99    p999   p9999 QPS
read      378.6   369.2   173.5   229.1   245.6   337.1   382.1   408.5   430.0   458.1   497.6   566.1   844.5  6328.2 11700.5   9627.5
Local QPS = 9658.1 (96581 / 10.0s) - 96581.0, 0.0
#type       avg     std     min      p5     p10     p50     p67     p75     p80     p85     p90     p95     p99    p999   p9999 QPS
read      411.6   380.8   173.5   238.9   258.0   370.0   423.8   457.2   482.8   513.4   553.3   625.2   886.4  7254.1 11591.9   9658.1
Local QPS = 9673.6 (96736 / 10.0s) - 96736.0, 0.0
#type       avg     std     min      p5     p10     p50     p67     p75     p80     p85     p90     p95     p99    p999   p9999 QPS
read      439.1   481.8   173.5   234.7   252.5   361.6   416.1   450.6   478.0   514.0   568.5   690.0  2650.7  7018.8 10160.7   9673.6
Local QPS = 9711.6 (97116 / 10.0s) - 97116.0, 0.0
#type       avg     std     min      p5     p10     p50     p67     p75     p80     p85     p90     p95     p99    p999   p9999 QPS
read      373.7   277.7   160.7   230.4   247.3   343.7   389.3   416.1   435.9   462.7   498.7   557.1   745.5  4092.8 12948.9   9711.6
Local QPS = 9713.6 (97136 / 10.0s) - 97136.0, 0.0
#type       avg     std     min      p5     p10     p50     p67     p75     p80     p85     p90     p95     p99    p999   p9999 QPS
read      381.8   292.0   173.5   237.8   254.8   352.9   399.7   427.1   447.4   470.8   504.0   555.3   709.6  4504.3 10749.3   9713.6
Local QPS = 9642.5 (96425 / 10.0s) - 96425.0, 0.0
#type       avg     std     min      p5     p10     p50     p67     p75     p80     p85     p90     p95     p99    p999   p9999 QPS
read      367.1   314.8   173.5   230.1   245.4   333.1   377.2   402.2   422.7   446.5   476.6   528.2   692.2  5309.8 10906.5   9642.5
Local QPS = 9742.3 (97423 / 10.0s) - 97423.0, 0.0
#type       avg     std     min      p5     p10     p50     p67     p75     p80     p85     p90     p95     p99    p999   p9999 QPS
read      376.7   296.2   173.5   227.9   244.9   343.1   390.8   418.5   439.1   466.5   503.5   561.8   759.3  4671.3 10602.2   9742.3
Local QPS = 9690.5 (96905 / 10.0s) - 96905.0, 0.0
#type       avg     std     min      p5     p10     p50     p67     p75     p80     p85     p90     p95     p99    p999   p9999 QPS
read      375.2   368.3   173.5   237.4   253.6   346.3   391.8   417.4   435.7   460.5   492.3   543.2   695.3  4965.1 10645.8   9690.5
Local QPS = 9665.3 (96653 / 10.0s) - 96653.0, 0.0
#type       avg     std     min      p5     p10     p50     p67     p75     p80     p85     p90     p95     p99    p999   p9999 QPS
read      425.9   382.8   173.5   246.7   266.3   377.4   430.7   463.5   490.3   524.4   571.6   657.8  1041.2  6586.0 11044.5   9665.3
Local QPS = 9693.1 (96931 / 10.0s) - 96931.0, 0.0
#type       avg     std     min      p5     p10     p50     p67     p75     p80     p85     p90     p95     p99    p999   p9999 QPS
read      394.6   220.8   160.7   241.5   261.3   367.0   415.1   442.7   463.7   490.8   528.3   595.4   859.8  3641.0  7439.5   9693.1
Local QPS = 9710.6 (97106 / 10.0s) - 97106.0, 0.0
#type       avg     std     min      p5     p10     p50     p67     p75     p80     p85     p90     p95     p99    p999   p9999 QPS
read      377.1   217.4   173.5   232.3   251.0   358.8   404.3   430.9   450.8   473.0   505.1   558.4   693.4  2643.6  8993.8   9710.6
Local QPS = 9736.5 (97365 / 10.0s) - 97365.0, 0.0
#type       avg     std     min      p5     p10     p50     p67     p75     p80     p85     p90     p95     p99    p999   p9999 QPS
read      367.4   183.3   160.7   234.0   251.8   350.9   395.8   420.8   437.9   460.3   489.4   535.5   648.3  1954.5  8710.4   9736.5
Local QPS = 9739.8 (97398 / 10.0s) - 97398.0, 0.0
#type       avg     std     min      p5     p10     p50     p67     p75     p80     p85     p90     p95     p99    p999   p9999 QPS
read      371.0   208.4   160.7   234.0   251.9   352.9   398.1   423.6   441.7   464.5   495.2   542.6   658.5  2540.6  8687.3   9739.8
Local QPS = 9713.6 (97136 / 10.0s) - 97136.0, 0.0
#type       avg     std     min      p5     p10     p50     p67     p75     p80     p85     p90     p95     p99    p999   p9999 QPS
read      363.1   199.1   160.7   234.0   250.7   344.2   388.2   412.4   430.2   452.6   481.2   528.7   639.1  2764.1  8454.0   9713.6
Local QPS = 9683.5 (96835 / 10.0s) - 96835.0, 0.0
#type       avg     std     min      p5     p10     p50     p67     p75     p80     p85     p90     p95     p99    p999   p9999 QPS
read      375.7   197.4   160.7   237.2   256.9   358.8   404.1   430.0   449.0   470.2   500.7   546.9   673.4  2001.2  8749.8   9683.5
Local QPS = 9650.0 (96500 / 10.0s) - 96500.0, 0.0
#type       avg     std     min      p5     p10     p50     p67     p75     p80     p85     p90     p95     p99    p999   p9999 QPS
read      369.0   175.4   173.5   237.2   254.9   351.0   396.0   421.8   440.1   463.0   493.6   541.5   658.3  2047.0  7747.3   9650.0
Local QPS = 9717.3 (97173 / 10.0s) - 97173.0, 0.0
#type       avg     std     min      p5     p10     p50     p67     p75     p80     p85     p90     p95     p99    p999   p9999 QPS
read      359.7   191.9   173.5   233.6   249.4   340.5   384.3   407.6   426.4   448.4   476.1   523.1   639.8  2493.7  8169.8   9717.3
Local QPS = 9730.8 (97308 / 10.0s) - 97308.0, 0.0
#type       avg     std     min      p5     p10     p50     p67     p75     p80     p85     p90     p95     p99    p999   p9999 QPS
read      369.9   184.1   160.7   237.2   255.0   349.1   394.6   420.6   438.9   462.5   494.9   548.3   692.6  2191.4  7878.3   9730.8
Local QPS = 9751.2 (97512 / 10.0s) - 97512.0, 0.0
#type       avg     std     min      p5     p10     p50     p67     p75     p80     p85     p90     p95     p99    p999   p9999 QPS
read      367.7   217.8   173.5   236.9   254.0   346.4   390.7   415.7   434.0   458.0   488.6   537.4   665.8  2881.4  8702.6   9751.2
Local QPS = 9724.8 (97248 / 10.0s) - 97248.0, 0.0
#type       avg     std     min      p5     p10     p50     p67     p75     p80     p85     p90     p95     p99    p999   p9999 QPS
read      377.9   171.0   173.5   234.3   252.7   357.6   403.9   431.6   453.1   478.5   513.6   574.8   737.1  2012.6  6391.7   9724.8
Local QPS = 9731.5 (97315 / 10.0s) - 97315.0, 0.0
#type       avg     std     min      p5     p10     p50     p67     p75     p80     p85     p90     p95     p99    p999   p9999 QPS
read      379.8   186.6   173.5   238.8   257.8   362.7   407.8   433.0   452.9   475.1   506.2   557.9   687.0  2174.1  7428.9   9731.5
Local QPS = 9685.3 (96853 / 10.0s) - 96853.0, 0.0
#type       avg     std     min      p5     p10     p50     p67     p75     p80     p85     p90     p95     p99    p999   p9999 QPS
read      371.1   202.0   160.7   236.6   254.0   355.3   399.4   424.4   442.0   464.0   493.3   538.7   654.3  2008.9 11212.6   9685.3
Local QPS = 9744.2 (97442 / 10.0s) - 97442.0, 0.0
#type       avg     std     min      p5     p10     p50     p67     p75     p80     p85     p90     p95     p99    p999   p9999 QPS
read      371.0   185.3   173.5   236.4   253.8   353.7   399.0   424.4   442.6   465.5   497.2   546.5   676.4  1696.8  9231.8   9744.2
Local QPS = 9670.7 (96707 / 10.0s) - 96707.0, 0.0
#type       avg     std     min      p5     p10     p50     p67     p75     p80     p85     p90     p95     p99    p999   p9999 QPS
read      384.8   223.0   160.7   237.6   255.8   355.4   402.7   430.4   451.5   476.4   513.4   582.8   871.9  3277.0  7734.8   9670.7
Local QPS = 9703.8 (97038 / 10.0s) - 97038.0, 0.0
#type       avg     std     min      p5     p10     p50     p67     p75     p80     p85     p90     p95     p99    p999   p9999 QPS
read      365.9   178.2   173.5   233.6   251.5   348.3   392.3   416.8   434.4   458.3   489.7   541.0   668.8  1763.0  7666.5   9703.8
Local QPS = 9748.1 (97481 / 10.0s) - 97481.0, 0.0
#type       avg     std     min      p5     p10     p50     p67     p75     p80     p85     p90     p95     p99    p999   p9999 QPS
read      375.5   217.2   173.5   238.2   256.3   354.8   400.0   426.0   445.0   468.0   500.3   552.8   697.8  2720.1  9362.0   9748.1
Local QPS = 9653.9 (96539 / 10.0s) - 96539.0, 0.0
#type       avg     std     min      p5     p10     p50     p67     p75     p80     p85     p90     p95     p99    p999   p9999 QPS
read      374.4   172.8   160.7   232.3   252.1   357.5   403.8   430.2   449.9   471.8   505.1   557.0   686.4  1608.8  7588.4   9653.9
Local QPS = 9728.0 (97280 / 10.0s) - 97280.0, 0.0
#type       avg     std     min      p5     p10     p50     p67     p75     p80     p85     p90     p95     p99    p999   p9999 QPS
read      374.4   181.5   173.5   241.0   259.4   357.0   400.3   425.1   443.0   465.6   496.8   545.2   673.1  2017.5  8346.2   9728.0
Local QPS = 9719.3 (97200 / 10.0s) - 97200.0, 0.0
#type       avg     std     min      p5     p10     p50     p67     p75     p80     p85     p90     p95     p99    p999   p9999 QPS
read      360.3   178.6   160.7   229.8   248.0   345.3   389.2   412.8   430.2   452.1   479.7   524.6   624.3  1563.8  8169.5   9719.3
Local QPS = 9638.6 (96386 / 10.0s) - 96386.0, 0.0
#type       avg     std     min      p5     p10     p50     p67     p75     p80     p85     p90     p95     p99    p999   p9999 QPS
read      373.1   181.8   173.5   241.7   259.5   356.4   400.0   424.8   442.2   464.2   493.9   540.4   664.7  1804.8  8575.5   9638.6
Local QPS = 9721.0 (97210 / 10.0s) - 97210.0, 0.0
#type       avg     std     min      p5     p10     p50     p67     p75     p80     p85     p90     p95     p99    p999   p9999 QPS
read      353.8   192.4   160.7   228.5   244.7   336.9   379.7   402.4   420.3   439.9   467.3   511.0   622.2  2220.8  8184.6   9721.0
Local QPS = 9778.8 (97788 / 10.0s) - 97788.0, 0.0
#type       avg     std     min      p5     p10     p50     p67     p75     p80     p85     p90     p95     p99    p999   p9999 QPS
read      369.8   203.7   173.5   235.9   253.1   351.8   396.6   421.7   439.3   462.5   492.8   540.0   660.7  2392.2  9802.7   9778.8
Local QPS = 9765.2 (97652 / 10.0s) - 97652.0, 0.0
#type       avg     std     min      p5     p10     p50     p67     p75     p80     p85     p90     p95     p99    p999   p9999 QPS
read      353.5   169.1   173.5   239.7   255.3   335.4   375.1   397.9   414.6   433.5   459.7   500.2   607.5  2341.9  6879.1   9765.2
Local QPS = 9732.0 (97320 / 10.0s) - 97320.0, 0.0
#type       avg     std     min      p5     p10     p50     p67     p75     p80     p85     p90     p95     p99    p999   p9999 QPS
read      363.5   182.6   173.5   236.5   252.9   346.8   390.9   415.3   432.4   454.3   481.7   526.8   636.3  1569.9  8482.2   9732.0
Local QPS = 9702.8 (97028 / 10.0s) - 97028.0, 0.0
#type       avg     std     min      p5     p10     p50     p67     p75     p80     p85     p90     p95     p99    p999   p9999 QPS
read      371.0   185.6   160.7   232.5   251.4   353.2   399.1   425.1   444.0   467.2   498.4   546.1   677.0  2469.9  8631.9   9702.8
Local QPS = 9727.0 (97270 / 10.0s) - 97270.0, 0.0
#type       avg     std     min      p5     p10     p50     p67     p75     p80     p85     p90     p95     p99    p999   p9999 QPS
read      375.6   144.9   173.5   243.5   261.4   359.1   403.2   428.9   447.9   469.4   501.4   551.7   681.0  1223.1  6656.9   9727.0
Local QPS = 9734.8 (97348 / 10.0s) - 97348.0, 0.0
#type       avg     std     min      p5     p10     p50     p67     p75     p80     p85     p90     p95     p99    p999   p9999 QPS
read      367.0   190.0   173.5   238.0   255.6   350.1   392.9   417.1   434.2   456.7   484.6   529.2   635.2  2499.7  8370.6   9734.8
Local QPS = 9755.5 (97555 / 10.0s) - 97555.0, 0.0
#type       avg     std     min      p5     p10     p50     p67     p75     p80     p85     p90     p95     p99    p999   p9999 QPS
read      360.3   168.9   173.5   238.8   255.7   343.6   385.3   407.5   425.1   445.4   471.0   517.4   631.8  2174.4  8341.7   9755.5
Local QPS = 9767.3 (97673 / 10.0s) - 97673.0, 0.0
#type       avg     std     min      p5     p10     p50     p67     p75     p80     p85     p90     p95     p99    p999   p9999 QPS
read      372.8   197.6   160.7   231.9   249.8   353.7   399.3   425.7   445.0   468.2   501.5   556.2   710.1  2063.5  8539.9   9767.3
Local QPS = 9724.6 (97246 / 10.0s) - 97246.0, 0.0
#type       avg     std     min      p5     p10     p50     p67     p75     p80     p85     p90     p95     p99    p999   p9999 QPS
read      367.0   186.0   173.5   235.9   252.4   349.5   393.7   418.7   436.1   459.6   489.2   536.5   659.0  2094.0  7398.0   9724.6
Local QPS = 9772.1 (97721 / 10.0s) - 97721.0, 0.0
#type       avg     std     min      p5     p10     p50     p67     p75     p80     p85     p90     p95     p99    p999   p9999 QPS
read      364.1   182.0   173.5   232.6   249.8   346.9   391.3   415.6   433.1   455.6   484.6   534.4   649.0  2060.0  8188.6   9772.1
Local QPS = 9660.6 (96606 / 10.0s) - 96606.0, 0.0
#type       avg     std     min      p5     p10     p50     p67     p75     p80     p85     p90     p95     p99    p999   p9999 QPS
read      366.1   186.6   173.5   237.7   255.1   348.4   392.8   417.4   434.7   458.0   487.7   535.5   642.2  1529.0  8458.6   9660.6
Local QPS = 9761.0 (97610 / 10.0s) - 97610.0, 0.0
#type       avg     std     min      p5     p10     p50     p67     p75     p80     p85     p90     p95     p99    p999   p9999 QPS
read      411.8   523.6   173.5   235.3   252.5   348.1   394.2   421.2   440.9   466.7   503.6   577.7  1750.9  8313.5 14624.9   9761.0
Connection to 34.89.157.45 closed by remote host.

Recommendation: To check for possible causes of SSH connectivity issues and get
recommendations, rerun the ssh command with the --troubleshoot option.

gcloud compute ssh client-agent-a-t0l8 --project=cca-eth-2024-group-022 --zone=europe-west3-a --ssh-key-file=/home/kamiem123/.ssh/cloud-computing --troubleshoot

Or, to investigate an IAP tunneling issue:

gcloud compute ssh client-agent-a-t0l8 --project=cca-eth-2024-group-022 --zone=europe-west3-a --ssh-key-file=/home/kamiem123/.ssh/cloud-computing --troubleshoot --tunnel-through-iap

ERROR: (gcloud.compute.ssh) [/usr/bin/ssh] exited with return code [255].
